Tue Sep 02 2025 17:38:15 [SERVER-NAME] info: [34mReceived webhook event: customer.created [evt_1S2sXXB5u2A30G2QZzQakbfC][39m
Tue Sep 02 2025 17:38:15 [SERVER-NAME] warn: [33mUnhandled event type: customer.created[39m
Tue Sep 02 2025 17:38:15 [SERVER-NAME] info: [32mSuccessfully processed webhook event: customer.created [evt_1S2sXXB5u2A30G2QZzQakbfC][39m
Tue Sep 02 2025 17:39:23 [SERVER-NAME] info: [34mReceived webhook event: payment_method.attached [evt_1S2sYdB5u2A30G2QV6bR2WtU][39m
Tue Sep 02 2025 17:39:23 [SERVER-NAME] warn: [33mUnhandled event type: payment_method.attached[39m
Tue Sep 02 2025 17:39:23 [SERVER-NAME] info: [32mSuccessfully processed webhook event: payment_method.attached [evt_1S2sYdB5u2A30G2QV6bR2WtU][39m
Tue Sep 02 2025 17:39:23 [SERVER-NAME] info: [34mReceived webhook event: setup_intent.succeeded [evt_1S2sYdB5u2A30G2QsxgNiPpF][39m
Tue Sep 02 2025 17:39:23 [SERVER-NAME] warn: [33mUnhandled event type: setup_intent.succeeded[39m
Tue Sep 02 2025 17:39:23 [SERVER-NAME] info: [32mSuccessfully processed webhook event: setup_intent.succeeded [evt_1S2sYdB5u2A30G2QsxgNiPpF][39m
Tue Sep 02 2025 17:39:23 [SERVER-NAME] info: [34mReceived webhook event: setup_intent.created [evt_1S2sYdB5u2A30G2QBA23gmFE][39m
Tue Sep 02 2025 17:39:23 [SERVER-NAME] warn: [33mUnhandled event type: setup_intent.created[39m
Tue Sep 02 2025 17:39:23 [SERVER-NAME] info: [32mSuccessfully processed webhook event: setup_intent.created [evt_1S2sYdB5u2A30G2QBA23gmFE][39m
Tue Sep 02 2025 17:39:26 [SERVER-NAME] info: [34mReceived webhook event: checkout.session.completed [evt_1S2sYgB5u2A30G2Q8wyVKIlR][39m
Tue Sep 02 2025 17:39:26 [SERVER-NAME] warn: [33mUnhandled event type: checkout.session.completed[39m
Tue Sep 02 2025 17:39:26 [SERVER-NAME] info: [32mSuccessfully processed webhook event: checkout.session.completed [evt_1S2sYgB5u2A30G2Q8wyVKIlR][39m
Tue Sep 02 2025 17:39:27 [SERVER-NAME] info: [34mReceived webhook event: customer.updated [evt_1S2sYgB5u2A30G2QdgY9Xb40][39m
Tue Sep 02 2025 17:39:27 [SERVER-NAME] warn: [33mUnhandled event type: customer.updated[39m
Tue Sep 02 2025 17:39:27 [SERVER-NAME] info: [32mSuccessfully processed webhook event: customer.updated [evt_1S2sYgB5u2A30G2QdgY9Xb40][39m
Tue Sep 02 2025 17:39:27 [SERVER-NAME] info: [34mReceived webhook event: invoice.created [evt_1S2sYhB5u2A30G2QGF7WOBP8][39m
Tue Sep 02 2025 17:39:27 [SERVER-NAME] warn: [33mUnhandled event type: invoice.created[39m
Tue Sep 02 2025 17:39:27 [SERVER-NAME] info: [32mSuccessfully processed webhook event: invoice.created [evt_1S2sYhB5u2A30G2QGF7WOBP8][39m
Tue Sep 02 2025 17:39:27 [SERVER-NAME] info: [34mReceived webhook event: invoice.finalized [evt_1S2sYhB5u2A30G2Q9scn9fRm][39m
Tue Sep 02 2025 17:39:27 [SERVER-NAME] warn: [33mUnhandled event type: invoice.finalized[39m
Tue Sep 02 2025 17:39:27 [SERVER-NAME] info: [32mSuccessfully processed webhook event: invoice.finalized [evt_1S2sYhB5u2A30G2Q9scn9fRm][39m
Tue Sep 02 2025 17:39:27 [SERVER-NAME] info: [34mReceived webhook event: invoice.paid [evt_1S2sYhB5u2A30G2QjDzDjJvH][39m
Tue Sep 02 2025 17:39:27 [SERVER-NAME] warn: [33mUnhandled event type: invoice.paid[39m
Tue Sep 02 2025 17:39:27 [SERVER-NAME] info: [32mSuccessfully processed webhook event: invoice.paid [evt_1S2sYhB5u2A30G2QjDzDjJvH][39m
Tue Sep 02 2025 17:39:27 [SERVER-NAME] info: [34mReceived webhook event: invoice.payment_succeeded [evt_1S2sYhB5u2A30G2QId9BXFRy][39m
Tue Sep 02 2025 17:39:27 [SERVER-NAME] warn: [33mUnhandled event type: invoice.payment_succeeded[39m
Tue Sep 02 2025 17:39:27 [SERVER-NAME] info: [32mSuccessfully processed webhook event: invoice.payment_succeeded [evt_1S2sYhB5u2A30G2QId9BXFRy][39m
Tue Sep 02 2025 17:39:27 [SERVER-NAME] info: [34mReceived webhook event: customer.subscription.created [evt_1S2sYhB5u2A30G2Q0yn6mXKC][39m
Tue Sep 02 2025 17:39:29 [SERVER-NAME] error: [31mError handling event customer.subscription.created: Error: Error in handleSubscriptionCreated: User not found for email: mehdi01@gmail.com[39m
Tue Sep 02 2025 17:40:17 [SERVER-NAME] info: [34mReceived webhook event: invoice.upcoming [evt_1S2sZVB5u2A30G2Qv82O4rdy][39m
Tue Sep 02 2025 17:40:17 [SERVER-NAME] warn: [33mUnhandled event type: invoice.upcoming[39m
Tue Sep 02 2025 17:40:17 [SERVER-NAME] info: [32mSuccessfully processed webhook event: invoice.upcoming [evt_1S2sZVB5u2A30G2Qv82O4rdy][39m
Tue Sep 02 2025 17:47:44 [SERVER-NAME] info: [34mReceived webhook event: product.updated [evt_1S2sgiB5u2A30G2QhjJXWcak][39m
Tue Sep 02 2025 17:47:44 [SERVER-NAME] warn: [33mUnhandled event type: product.updated[39m
Tue Sep 02 2025 17:47:44 [SERVER-NAME] info: [32mSuccessfully processed webhook event: product.updated [evt_1S2sgiB5u2A30G2QhjJXWcak][39m
Tue Sep 02 2025 17:47:45 [SERVER-NAME] info: [34mReceived webhook event: plan.created [evt_1S2sgiB5u2A30G2Qp487NJPZ][39m
Tue Sep 02 2025 17:47:45 [SERVER-NAME] warn: [33mUnhandled event type: plan.created[39m
Tue Sep 02 2025 17:47:45 [SERVER-NAME] info: [32mSuccessfully processed webhook event: plan.created [evt_1S2sgiB5u2A30G2Qp487NJPZ][39m
Tue Sep 02 2025 17:47:45 [SERVER-NAME] info: [34mReceived webhook event: price.created [evt_1S2sgiB5u2A30G2QUeWw88JB][39m
Tue Sep 02 2025 17:47:45 [SERVER-NAME] warn: [33mUnhandled event type: price.created[39m
Tue Sep 02 2025 17:47:45 [SERVER-NAME] info: [32mSuccessfully processed webhook event: price.created [evt_1S2sgiB5u2A30G2QUeWw88JB][39m
Tue Sep 02 2025 17:48:3 [SERVER-NAME] info: [34mReceived webhook event: product.updated [evt_1S2sgwB5u2A30G2QbvdfMO8j][39m
Tue Sep 02 2025 17:48:3 [SERVER-NAME] warn: [33mUnhandled event type: product.updated[39m
Tue Sep 02 2025 17:48:3 [SERVER-NAME] info: [32mSuccessfully processed webhook event: product.updated [evt_1S2sgwB5u2A30G2QbvdfMO8j][39m
Tue Sep 02 2025 17:48:3 [SERVER-NAME] info: [34mReceived webhook event: plan.created [evt_1S2sgxB5u2A30G2QBUxmioUB][39m
Tue Sep 02 2025 17:48:3 [SERVER-NAME] warn: [33mUnhandled event type: plan.created[39m
Tue Sep 02 2025 17:48:3 [SERVER-NAME] info: [32mSuccessfully processed webhook event: plan.created [evt_1S2sgxB5u2A30G2QBUxmioUB][39m
Tue Sep 02 2025 17:48:3 [SERVER-NAME] info: [34mReceived webhook event: price.created [evt_1S2sgxB5u2A30G2QLBITLWEb][39m
Tue Sep 02 2025 17:48:3 [SERVER-NAME] warn: [33mUnhandled event type: price.created[39m
Tue Sep 02 2025 17:48:3 [SERVER-NAME] info: [32mSuccessfully processed webhook event: price.created [evt_1S2sgxB5u2A30G2QLBITLWEb][39m
Tue Sep 02 2025 17:48:20 [SERVER-NAME] info: [34mReceived webhook event: product.updated [evt_1S2shEB5u2A30G2Q5E2PAyC6][39m
Tue Sep 02 2025 17:48:20 [SERVER-NAME] warn: [33mUnhandled event type: product.updated[39m
Tue Sep 02 2025 17:48:20 [SERVER-NAME] info: [32mSuccessfully processed webhook event: product.updated [evt_1S2shEB5u2A30G2Q5E2PAyC6][39m
Tue Sep 02 2025 17:48:21 [SERVER-NAME] info: [34mReceived webhook event: plan.created [evt_1S2shEB5u2A30G2QmIZLQv5k][39m
Tue Sep 02 2025 17:48:21 [SERVER-NAME] warn: [33mUnhandled event type: plan.created[39m
Tue Sep 02 2025 17:48:21 [SERVER-NAME] info: [32mSuccessfully processed webhook event: plan.created [evt_1S2shEB5u2A30G2QmIZLQv5k][39m
Tue Sep 02 2025 17:48:21 [SERVER-NAME] info: [34mReceived webhook event: price.created [evt_1S2shFB5u2A30G2QIi04VMSd][39m
Tue Sep 02 2025 17:48:21 [SERVER-NAME] warn: [33mUnhandled event type: price.created[39m
Tue Sep 02 2025 17:48:21 [SERVER-NAME] info: [32mSuccessfully processed webhook event: price.created [evt_1S2shFB5u2A30G2QIi04VMSd][39m
Tue Sep 02 2025 17:48:42 [SERVER-NAME] info: [34mReceived webhook event: product.updated [evt_1S2shaB5u2A30G2QiMt6JIUY][39m
Tue Sep 02 2025 17:48:42 [SERVER-NAME] warn: [33mUnhandled event type: product.updated[39m
Tue Sep 02 2025 17:48:42 [SERVER-NAME] info: [32mSuccessfully processed webhook event: product.updated [evt_1S2shaB5u2A30G2QiMt6JIUY][39m
Tue Sep 02 2025 17:48:43 [SERVER-NAME] info: [34mReceived webhook event: plan.created [evt_1S2shaB5u2A30G2QBWzyO2HS][39m
Tue Sep 02 2025 17:48:43 [SERVER-NAME] warn: [33mUnhandled event type: plan.created[39m
Tue Sep 02 2025 17:48:43 [SERVER-NAME] info: [32mSuccessfully processed webhook event: plan.created [evt_1S2shaB5u2A30G2QBWzyO2HS][39m
Tue Sep 02 2025 17:48:43 [SERVER-NAME] info: [34mReceived webhook event: price.created [evt_1S2shaB5u2A30G2QYoWFPpFo][39m
Tue Sep 02 2025 17:48:43 [SERVER-NAME] warn: [33mUnhandled event type: price.created[39m
Tue Sep 02 2025 17:48:43 [SERVER-NAME] info: [32mSuccessfully processed webhook event: price.created [evt_1S2shaB5u2A30G2QYoWFPpFo][39m
