Tue Sep 02 2025 19:8:13 [SERVER-NAME] info: [34mMaster 78984 is running[39m
Tue Sep 02 2025 19:8:13 [SERVER-NAME] info: [34mStarting 12 workers...[39m
Tue Sep 02 2025 19:8:18 [SERVER-NAME] info: [34mWorker 46412 started[39m
Tue Sep 02 2025 19:8:18 [SERVER-NAME] info: [32mConfig validation successful.[39m
Tue Sep 02 2025 19:8:18 [SERVER-NAME] info: [34mWorker 55596 started[39m
Tue Sep 02 2025 19:8:18 [SERVER-NAME] info: [32mConfig validation successful.[39m
Tue Sep 02 2025 19:8:18 [SERVER-NAME] info: [34mWorker 78768 started[39m
Tue Sep 02 2025 19:8:18 [SERVER-NAME] info: [32mConfig validation successful.[39m
Tue Sep 02 2025 19:8:18 [SERVER-NAME] info: [34mWorker 75196 started[39m
Tue Sep 02 2025 19:8:18 [SERVER-NAME] info: [32mConfig validation successful.[39m
Tue Sep 02 2025 19:8:18 [SERVER-NAME] info: [34mWorker 66332 started[39m
Tue Sep 02 2025 19:8:18 [SERVER-NAME] info: [32mConfig validation successful.[39m
Tue Sep 02 2025 19:8:18 [SERVER-NAME] info: [34mWorker 78512 started[39m
Tue Sep 02 2025 19:8:18 [SERVER-NAME] info: [32mConfig validation successful.[39m
Tue Sep 02 2025 19:8:18 [SERVER-NAME] info: [34mWorker 76016 started[39m
Tue Sep 02 2025 19:8:18 [SERVER-NAME] info: [32mConfig validation successful.[39m
Tue Sep 02 2025 19:8:18 [SERVER-NAME] info: [34mWorker 23896 started[39m
Tue Sep 02 2025 19:8:18 [SERVER-NAME] info: [32mConfig validation successful.[39m
Tue Sep 02 2025 19:8:18 [SERVER-NAME] info: [32m🚀 Database connected successfully[39m
Tue Sep 02 2025 19:8:18 [SERVER-NAME] info: [34mWorker 72028 started[39m
Tue Sep 02 2025 19:8:18 [SERVER-NAME] info: [32mConfig validation successful.[39m
Tue Sep 02 2025 19:8:18 [SERVER-NAME] info: [34mWorker 8400 started[39m
Tue Sep 02 2025 19:8:18 [SERVER-NAME] info: [32mConfig validation successful.[39m
Tue Sep 02 2025 19:8:18 [SERVER-NAME] info: [32m🚀 Database connected successfully[39m
Tue Sep 02 2025 19:8:18 [SERVER-NAME] info: [32m🚀 Database connected successfully[39m
Tue Sep 02 2025 19:8:18 [SERVER-NAME] info: [32mWorker 55596 is ready to accept connections[39m
Tue Sep 02 2025 19:8:18 [SERVER-NAME] info: [32mWorker 66332 is ready to accept connections[39m
Tue Sep 02 2025 19:8:18 [SERVER-NAME] info: [32mWorker 78768 is ready to accept connections[39m
Tue Sep 02 2025 19:8:18 [SERVER-NAME] info: [33m♻️  Socket is listening on same port 7000[39m
Tue Sep 02 2025 19:8:18 [SERVER-NAME] info: [33m♻️  Socket is listening on same port 7000[39m
Tue Sep 02 2025 19:8:18 [SERVER-NAME] info: [33m♻️  Socket is listening on same port 7000[39m
Tue Sep 02 2025 19:8:18 [SERVER-NAME] info: [32m🚀 Database connected successfully[39m
Tue Sep 02 2025 19:8:18 [SERVER-NAME] info: [32mWorker 76016 is ready to accept connections[39m
Tue Sep 02 2025 19:8:18 [SERVER-NAME] info: [32m🚀 Database connected successfully[39m
Tue Sep 02 2025 19:8:18 [SERVER-NAME] info: [33m♻️  Socket is listening on same port 7000[39m
Tue Sep 02 2025 19:8:18 [SERVER-NAME] info: [32m🚀 Database connected successfully[39m
Tue Sep 02 2025 19:8:18 [SERVER-NAME] info: [32mWorker 23896 is ready to accept connections[39m
Tue Sep 02 2025 19:8:18 [SERVER-NAME] info: [32mWorker 78512 is ready to accept connections[39m
Tue Sep 02 2025 19:8:18 [SERVER-NAME] info: [32m🚀 Database connected successfully[39m
Tue Sep 02 2025 19:8:18 [SERVER-NAME] info: [33m♻️  Socket is listening on same port 7000[39m
Tue Sep 02 2025 19:8:18 [SERVER-NAME] info: [32mWorker 75196 is ready to accept connections[39m
Tue Sep 02 2025 19:8:18 [SERVER-NAME] info: [33m♻️  Socket is listening on same port 7000[39m
Tue Sep 02 2025 19:8:18 [SERVER-NAME] info: [32m🚀 Database connected successfully[39m
Tue Sep 02 2025 19:8:18 [SERVER-NAME] info: [32mWorker 46412 is ready to accept connections[39m
Tue Sep 02 2025 19:8:18 [SERVER-NAME] info: [33m♻️  Socket is listening on same port 7000[39m
Tue Sep 02 2025 19:8:18 [SERVER-NAME] info: [33m♻️  Socket is listening on same port 7000[39m
Tue Sep 02 2025 19:8:19 [SERVER-NAME] info: [32m🚀 Database connected successfully[39m
Tue Sep 02 2025 19:8:19 [SERVER-NAME] info: [32mWorker 72028 is ready to accept connections[39m
Tue Sep 02 2025 19:8:19 [SERVER-NAME] info: [33m♻️  Socket is listening on same port 7000[39m
Tue Sep 02 2025 19:8:19 [SERVER-NAME] info: [32m🚀 Database connected successfully[39m
Tue Sep 02 2025 19:8:19 [SERVER-NAME] info: [32mWorker 8400 is ready to accept connections[39m
Tue Sep 02 2025 19:8:19 [SERVER-NAME] info: [33m♻️  Socket is listening on same port 7000[39m
Tue Sep 02 2025 19:8:18 [SERVER-NAME] info: [34mWorker 36192 started[39m
Tue Sep 02 2025 19:8:18 [SERVER-NAME] info: [32mConfig validation successful.[39m
Tue Sep 02 2025 19:8:18 [SERVER-NAME] info: [34mWorker 78372 started[39m
Tue Sep 02 2025 19:8:18 [SERVER-NAME] info: [32mConfig validation successful.[39m
Tue Sep 02 2025 19:8:19 [SERVER-NAME] info: [32m🚀 Database connected successfully[39m
Tue Sep 02 2025 19:8:19 [SERVER-NAME] info: [32mWorker 36192 is ready to accept connections[39m
Tue Sep 02 2025 19:8:19 [SERVER-NAME] info: [33m♻️  Socket is listening on same port 7000[39m
Tue Sep 02 2025 19:8:19 [SERVER-NAME] info: [32m🚀 Database connected successfully[39m
Tue Sep 02 2025 19:8:19 [SERVER-NAME] info: [32mWorker 78372 is ready to accept connections[39m
Tue Sep 02 2025 19:8:19 [SERVER-NAME] info: [33m♻️  Socket is listening on same port 7000[39m
Tue Sep 02 2025 19:8:19 [SERVER-NAME] warn: [33mWorker 78768 exited with error code: 1[39m
Tue Sep 02 2025 19:8:19 [SERVER-NAME] info: [34mRestarting worker 78768 in 5000ms (attempt 1)[39m
Tue Sep 02 2025 19:8:19 [SERVER-NAME] warn: [33mWorker 55596 exited with error code: 1[39m
Tue Sep 02 2025 19:8:19 [SERVER-NAME] info: [34mRestarting worker 55596 in 5000ms (attempt 1)[39m
Tue Sep 02 2025 19:8:19 [SERVER-NAME] warn: [33mWorker 66332 exited with error code: 1[39m
Tue Sep 02 2025 19:8:19 [SERVER-NAME] info: [34mRestarting worker 66332 in 5000ms (attempt 1)[39m
Tue Sep 02 2025 19:8:20 [SERVER-NAME] warn: [33mWorker 76016 exited with error code: 1[39m
Tue Sep 02 2025 19:8:20 [SERVER-NAME] info: [34mRestarting worker 76016 in 5000ms (attempt 1)[39m
Tue Sep 02 2025 19:8:20 [SERVER-NAME] warn: [33mWorker 78512 exited with error code: 1[39m
Tue Sep 02 2025 19:8:20 [SERVER-NAME] info: [34mRestarting worker 78512 in 5000ms (attempt 1)[39m
Tue Sep 02 2025 19:8:20 [SERVER-NAME] warn: [33mWorker 75196 exited with error code: 1[39m
Tue Sep 02 2025 19:8:20 [SERVER-NAME] info: [34mRestarting worker 75196 in 5000ms (attempt 1)[39m
Tue Sep 02 2025 19:8:20 [SERVER-NAME] warn: [33mWorker 23896 exited with error code: 1[39m
Tue Sep 02 2025 19:8:20 [SERVER-NAME] info: [34mRestarting worker 23896 in 5000ms (attempt 1)[39m
Tue Sep 02 2025 19:8:20 [SERVER-NAME] warn: [33mWorker 46412 exited with error code: 1[39m
Tue Sep 02 2025 19:8:20 [SERVER-NAME] info: [34mRestarting worker 46412 in 5000ms (attempt 1)[39m
Tue Sep 02 2025 19:8:20 [SERVER-NAME] warn: [33mWorker 72028 exited with error code: 1[39m
Tue Sep 02 2025 19:8:20 [SERVER-NAME] info: [34mRestarting worker 72028 in 5000ms (attempt 1)[39m
Tue Sep 02 2025 19:8:20 [SERVER-NAME] warn: [33mWorker 8400 exited with error code: 1[39m
Tue Sep 02 2025 19:8:20 [SERVER-NAME] info: [34mRestarting worker 8400 in 5000ms (attempt 1)[39m
Tue Sep 02 2025 19:8:20 [SERVER-NAME] warn: [33mWorker 36192 exited with error code: 1[39m
Tue Sep 02 2025 19:8:20 [SERVER-NAME] info: [34mRestarting worker 36192 in 5000ms (attempt 1)[39m
Tue Sep 02 2025 19:8:20 [SERVER-NAME] warn: [33mWorker 78372 exited with error code: 1[39m
Tue Sep 02 2025 19:8:20 [SERVER-NAME] info: [34mRestarting worker 78372 in 5000ms (attempt 1)[39m
Tue Sep 02 2025 19:8:27 [SERVER-NAME] info: [34mWorker 40268 started[39m
Tue Sep 02 2025 19:8:27 [SERVER-NAME] info: [32mConfig validation successful.[39m
Tue Sep 02 2025 19:8:27 [SERVER-NAME] info: [34mWorker 39572 started[39m
Tue Sep 02 2025 19:8:27 [SERVER-NAME] info: [32mConfig validation successful.[39m
Tue Sep 02 2025 19:8:27 [SERVER-NAME] info: [34mWorker 77712 started[39m
Tue Sep 02 2025 19:8:27 [SERVER-NAME] info: [32mConfig validation successful.[39m
Tue Sep 02 2025 19:8:27 [SERVER-NAME] info: [34mWorker 75816 started[39m
Tue Sep 02 2025 19:8:27 [SERVER-NAME] info: [32mConfig validation successful.[39m
Tue Sep 02 2025 19:8:27 [SERVER-NAME] info: [34mWorker 56452 started[39m
Tue Sep 02 2025 19:8:27 [SERVER-NAME] info: [32mConfig validation successful.[39m
Tue Sep 02 2025 19:8:27 [SERVER-NAME] info: [34mWorker 68192 started[39m
Tue Sep 02 2025 19:8:27 [SERVER-NAME] info: [32mConfig validation successful.[39m
Tue Sep 02 2025 19:8:27 [SERVER-NAME] info: [34mWorker 69868 started[39m
Tue Sep 02 2025 19:8:27 [SERVER-NAME] info: [32mConfig validation successful.[39m
Tue Sep 02 2025 19:8:27 [SERVER-NAME] info: [32m🚀 Database connected successfully[39m
Tue Sep 02 2025 19:8:27 [SERVER-NAME] info: [33m♻️  Socket is listening on same port 7000[39m
Tue Sep 02 2025 19:8:27 [SERVER-NAME] info: [32m🚀 Database connected successfully[39m
Tue Sep 02 2025 19:8:27 [SERVER-NAME] info: [33m♻️  Socket is listening on same port 7000[39m
Tue Sep 02 2025 19:8:27 [SERVER-NAME] info: [34mWorker 33732 started[39m
Tue Sep 02 2025 19:8:27 [SERVER-NAME] info: [32mConfig validation successful.[39m
Tue Sep 02 2025 19:8:27 [SERVER-NAME] info: [34mWorker 55012 started[39m
Tue Sep 02 2025 19:8:27 [SERVER-NAME] info: [32mConfig validation successful.[39m
Tue Sep 02 2025 19:8:27 [SERVER-NAME] info: [32m🚀 Database connected successfully[39m
Tue Sep 02 2025 19:8:27 [SERVER-NAME] info: [32m🚀 Database connected successfully[39m
Tue Sep 02 2025 19:8:27 [SERVER-NAME] info: [32m🚀 Database connected successfully[39m
Tue Sep 02 2025 19:8:27 [SERVER-NAME] info: [33m♻️  Socket is listening on same port 7000[39m
Tue Sep 02 2025 19:8:27 [SERVER-NAME] info: [32m🚀 Database connected successfully[39m
Tue Sep 02 2025 19:8:27 [SERVER-NAME] info: [33m♻️  Socket is listening on same port 7000[39m
Tue Sep 02 2025 19:8:27 [SERVER-NAME] info: [33m♻️  Socket is listening on same port 7000[39m
Tue Sep 02 2025 19:8:27 [SERVER-NAME] info: [33m♻️  Socket is listening on same port 7000[39m
Tue Sep 02 2025 19:8:28 [SERVER-NAME] info: [32m🚀 Database connected successfully[39m
Tue Sep 02 2025 19:8:28 [SERVER-NAME] info: [33m♻️  Socket is listening on same port 7000[39m
Tue Sep 02 2025 19:8:27 [SERVER-NAME] info: [34mWorker 73232 started[39m
Tue Sep 02 2025 19:8:27 [SERVER-NAME] info: [32mConfig validation successful.[39m
Tue Sep 02 2025 19:8:28 [SERVER-NAME] info: [32m🚀 Database connected successfully[39m
Tue Sep 02 2025 19:8:28 [SERVER-NAME] info: [32m🚀 Database connected successfully[39m
Tue Sep 02 2025 19:8:28 [SERVER-NAME] info: [33m♻️  Socket is listening on same port 7000[39m
Tue Sep 02 2025 19:8:28 [SERVER-NAME] info: [33m♻️  Socket is listening on same port 7000[39m
Tue Sep 02 2025 19:8:28 [SERVER-NAME] info: [32m🚀 Database connected successfully[39m
Tue Sep 02 2025 19:8:28 [SERVER-NAME] info: [33m♻️  Socket is listening on same port 7000[39m
Tue Sep 02 2025 19:8:28 [SERVER-NAME] info: [34mWorker 14208 started[39m
Tue Sep 02 2025 19:8:28 [SERVER-NAME] info: [32mConfig validation successful.[39m
Tue Sep 02 2025 19:8:28 [SERVER-NAME] info: [32m🚀 Database connected successfully[39m
Tue Sep 02 2025 19:8:28 [SERVER-NAME] info: [33m♻️  Socket is listening on same port 7000[39m
Tue Sep 02 2025 19:8:28 [SERVER-NAME] info: [34mWorker 79640 started[39m
Tue Sep 02 2025 19:8:28 [SERVER-NAME] info: [32mConfig validation successful.[39m
Tue Sep 02 2025 19:8:28 [SERVER-NAME] info: [32m🚀 Database connected successfully[39m
Tue Sep 02 2025 19:8:28 [SERVER-NAME] info: [33m♻️  Socket is listening on same port 7000[39m
Tue Sep 02 2025 19:8:28 [SERVER-NAME] info: [32mWorker 77712 is ready to accept connections[39m
Tue Sep 02 2025 19:8:28 [SERVER-NAME] info: [32mWorker 33732 is ready to accept connections[39m
Tue Sep 02 2025 19:8:28 [SERVER-NAME] info: [32mWorker 68192 is ready to accept connections[39m
Tue Sep 02 2025 19:8:28 [SERVER-NAME] info: [32mWorker 56452 is ready to accept connections[39m
Tue Sep 02 2025 19:8:28 [SERVER-NAME] info: [32mWorker 73232 is ready to accept connections[39m
Tue Sep 02 2025 19:8:28 [SERVER-NAME] info: [32mWorker 40268 is ready to accept connections[39m
Tue Sep 02 2025 19:8:28 [SERVER-NAME] info: [32mWorker 39572 is ready to accept connections[39m
Tue Sep 02 2025 19:8:28 [SERVER-NAME] info: [32mWorker 69868 is ready to accept connections[39m
Tue Sep 02 2025 19:8:29 [SERVER-NAME] info: [32mWorker 75816 is ready to accept connections[39m
Tue Sep 02 2025 19:8:29 [SERVER-NAME] info: [32mWorker 55012 is ready to accept connections[39m
Tue Sep 02 2025 19:8:29 [SERVER-NAME] info: [32mWorker 14208 is ready to accept connections[39m
Tue Sep 02 2025 19:8:29 [SERVER-NAME] info: [32mWorker 79640 is ready to accept connections[39m
Tue Sep 02 2025 19:8:29 [SERVER-NAME] warn: [33mWorker 77712 exited with error code: 1[39m
Tue Sep 02 2025 19:8:29 [SERVER-NAME] info: [34mRestarting worker 77712 in 10000ms (attempt 2)[39m
Tue Sep 02 2025 19:8:29 [SERVER-NAME] warn: [33mWorker 33732 exited with error code: 1[39m
Tue Sep 02 2025 19:8:29 [SERVER-NAME] info: [34mRestarting worker 33732 in 10000ms (attempt 2)[39m
Tue Sep 02 2025 19:8:29 [SERVER-NAME] warn: [33mWorker 68192 exited with error code: 1[39m
Tue Sep 02 2025 19:8:29 [SERVER-NAME] info: [34mRestarting worker 68192 in 10000ms (attempt 2)[39m
Tue Sep 02 2025 19:8:29 [SERVER-NAME] warn: [33mWorker 56452 exited with error code: 1[39m
Tue Sep 02 2025 19:8:29 [SERVER-NAME] info: [34mRestarting worker 56452 in 10000ms (attempt 2)[39m
Tue Sep 02 2025 19:8:29 [SERVER-NAME] warn: [33mWorker 40268 exited with error code: 1[39m
Tue Sep 02 2025 19:8:29 [SERVER-NAME] info: [34mRestarting worker 40268 in 10000ms (attempt 2)[39m
Tue Sep 02 2025 19:8:29 [SERVER-NAME] warn: [33mWorker 73232 exited with error code: 1[39m
Tue Sep 02 2025 19:8:29 [SERVER-NAME] info: [34mRestarting worker 73232 in 10000ms (attempt 2)[39m
Tue Sep 02 2025 19:8:30 [SERVER-NAME] warn: [33mWorker 69868 exited with error code: 1[39m
Tue Sep 02 2025 19:8:30 [SERVER-NAME] info: [34mRestarting worker 69868 in 10000ms (attempt 2)[39m
Tue Sep 02 2025 19:8:30 [SERVER-NAME] warn: [33mWorker 39572 exited with error code: 1[39m
Tue Sep 02 2025 19:8:30 [SERVER-NAME] info: [34mRestarting worker 39572 in 10000ms (attempt 2)[39m
Tue Sep 02 2025 19:8:30 [SERVER-NAME] warn: [33mWorker 75816 exited with error code: 1[39m
Tue Sep 02 2025 19:8:30 [SERVER-NAME] info: [34mRestarting worker 75816 in 10000ms (attempt 2)[39m
Tue Sep 02 2025 19:8:30 [SERVER-NAME] warn: [33mWorker 55012 exited with error code: 1[39m
Tue Sep 02 2025 19:8:30 [SERVER-NAME] info: [34mRestarting worker 55012 in 10000ms (attempt 2)[39m
Tue Sep 02 2025 19:8:30 [SERVER-NAME] warn: [33mWorker 14208 exited with error code: 1[39m
Tue Sep 02 2025 19:8:30 [SERVER-NAME] info: [34mRestarting worker 14208 in 10000ms (attempt 2)[39m
Tue Sep 02 2025 19:8:30 [SERVER-NAME] warn: [33mWorker 79640 exited with error code: 1[39m
Tue Sep 02 2025 19:8:30 [SERVER-NAME] info: [34mRestarting worker 79640 in 10000ms (attempt 2)[39m
Tue Sep 02 2025 19:8:43 [SERVER-NAME] info: [34mWorker 35764 started[39m
Tue Sep 02 2025 19:8:43 [SERVER-NAME] info: [32mConfig validation successful.[39m
Tue Sep 02 2025 19:8:43 [SERVER-NAME] info: [32m🚀 Database connected successfully[39m
Tue Sep 02 2025 19:8:43 [SERVER-NAME] info: [33m♻️  Socket is listening on same port 7000[39m
Tue Sep 02 2025 19:8:43 [SERVER-NAME] info: [34mWorker 25808 started[39m
Tue Sep 02 2025 19:8:43 [SERVER-NAME] info: [32mConfig validation successful.[39m
Tue Sep 02 2025 19:8:43 [SERVER-NAME] info: [34mWorker 49544 started[39m
Tue Sep 02 2025 19:8:43 [SERVER-NAME] info: [32mConfig validation successful.[39m
Tue Sep 02 2025 19:8:43 [SERVER-NAME] info: [34mWorker 47464 started[39m
Tue Sep 02 2025 19:8:43 [SERVER-NAME] info: [32mConfig validation successful.[39m
Tue Sep 02 2025 19:8:44 [SERVER-NAME] info: [34mWorker 62740 started[39m
Tue Sep 02 2025 19:8:44 [SERVER-NAME] info: [32mConfig validation successful.[39m
Tue Sep 02 2025 19:8:44 [SERVER-NAME] info: [32m🚀 Database connected successfully[39m
Tue Sep 02 2025 19:8:44 [SERVER-NAME] info: [32m🚀 Database connected successfully[39m
Tue Sep 02 2025 19:8:44 [SERVER-NAME] info: [33m♻️  Socket is listening on same port 7000[39m
Tue Sep 02 2025 19:8:44 [SERVER-NAME] info: [33m♻️  Socket is listening on same port 7000[39m
Tue Sep 02 2025 19:8:44 [SERVER-NAME] info: [34mWorker 56288 started[39m
Tue Sep 02 2025 19:8:44 [SERVER-NAME] info: [32mConfig validation successful.[39m
Tue Sep 02 2025 19:8:44 [SERVER-NAME] info: [32m🚀 Database connected successfully[39m
Tue Sep 02 2025 19:8:44 [SERVER-NAME] info: [32m🚀 Database connected successfully[39m
Tue Sep 02 2025 19:8:44 [SERVER-NAME] info: [33m♻️  Socket is listening on same port 7000[39m
Tue Sep 02 2025 19:8:44 [SERVER-NAME] info: [34mWorker 39448 started[39m
Tue Sep 02 2025 19:8:44 [SERVER-NAME] info: [32mConfig validation successful.[39m
Tue Sep 02 2025 19:8:44 [SERVER-NAME] info: [33m♻️  Socket is listening on same port 7000[39m
Tue Sep 02 2025 19:8:44 [SERVER-NAME] info: [32m🚀 Database connected successfully[39m
Tue Sep 02 2025 19:8:44 [SERVER-NAME] info: [33m♻️  Socket is listening on same port 7000[39m
Tue Sep 02 2025 19:8:44 [SERVER-NAME] info: [34mWorker 49156 started[39m
Tue Sep 02 2025 19:8:44 [SERVER-NAME] info: [32mConfig validation successful.[39m
Tue Sep 02 2025 19:8:44 [SERVER-NAME] info: [32mWorker 47464 is ready to accept connections[39m
Tue Sep 02 2025 19:8:44 [SERVER-NAME] info: [32m🚀 Database connected successfully[39m
Tue Sep 02 2025 19:8:44 [SERVER-NAME] info: [34mWorker 14732 started[39m
Tue Sep 02 2025 19:8:44 [SERVER-NAME] info: [32mConfig validation successful.[39m
Tue Sep 02 2025 19:8:44 [SERVER-NAME] info: [33m♻️  Socket is listening on same port 7000[39m
Tue Sep 02 2025 19:8:44 [SERVER-NAME] info: [32m🚀 Database connected successfully[39m
Tue Sep 02 2025 19:8:44 [SERVER-NAME] info: [33m♻️  Socket is listening on same port 7000[39m
Tue Sep 02 2025 19:8:44 [SERVER-NAME] info: [34mWorker 7160 started[39m
Tue Sep 02 2025 19:8:44 [SERVER-NAME] info: [32mConfig validation successful.[39m
Tue Sep 02 2025 19:8:44 [SERVER-NAME] info: [32m🚀 Database connected successfully[39m
Tue Sep 02 2025 19:8:44 [SERVER-NAME] info: [33m♻️  Socket is listening on same port 7000[39m
Tue Sep 02 2025 19:8:44 [SERVER-NAME] info: [32mWorker 35764 is ready to accept connections[39m
Tue Sep 02 2025 19:8:44 [SERVER-NAME] info: [34mWorker 73292 started[39m
Tue Sep 02 2025 19:8:44 [SERVER-NAME] info: [32mConfig validation successful.[39m
Tue Sep 02 2025 19:8:44 [SERVER-NAME] info: [32mWorker 49544 is ready to accept connections[39m
Tue Sep 02 2025 19:8:44 [SERVER-NAME] info: [32m🚀 Database connected successfully[39m
Tue Sep 02 2025 19:8:44 [SERVER-NAME] info: [32mWorker 56288 is ready to accept connections[39m
Tue Sep 02 2025 19:8:44 [SERVER-NAME] info: [33m♻️  Socket is listening on same port 7000[39m
Tue Sep 02 2025 19:8:44 [SERVER-NAME] info: [32mWorker 39448 is ready to accept connections[39m
Tue Sep 02 2025 19:8:44 [SERVER-NAME] info: [32m🚀 Database connected successfully[39m
Tue Sep 02 2025 19:8:44 [SERVER-NAME] info: [33m♻️  Socket is listening on same port 7000[39m
Tue Sep 02 2025 19:8:45 [SERVER-NAME] info: [32mWorker 49156 is ready to accept connections[39m
Tue Sep 02 2025 19:8:45 [SERVER-NAME] info: [32mWorker 62740 is ready to accept connections[39m
Tue Sep 02 2025 19:8:44 [SERVER-NAME] info: [34mWorker 33356 started[39m
Tue Sep 02 2025 19:8:44 [SERVER-NAME] info: [32mConfig validation successful.[39m
Tue Sep 02 2025 19:8:45 [SERVER-NAME] info: [32mWorker 25808 is ready to accept connections[39m
Tue Sep 02 2025 19:8:45 [SERVER-NAME] info: [32mWorker 14732 is ready to accept connections[39m
Tue Sep 02 2025 19:8:45 [SERVER-NAME] info: [32m🚀 Database connected successfully[39m
Tue Sep 02 2025 19:8:45 [SERVER-NAME] info: [33m♻️  Socket is listening on same port 7000[39m
Tue Sep 02 2025 19:8:45 [SERVER-NAME] info: [32mWorker 7160 is ready to accept connections[39m
Tue Sep 02 2025 19:8:45 [SERVER-NAME] info: [32mWorker 73292 is ready to accept connections[39m
Tue Sep 02 2025 19:8:45 [SERVER-NAME] info: [32mWorker 33356 is ready to accept connections[39m
Tue Sep 02 2025 19:8:45 [SERVER-NAME] warn: [33mWorker 47464 exited with error code: 1[39m
Tue Sep 02 2025 19:8:45 [SERVER-NAME] info: [34mRestarting worker 47464 in 20000ms (attempt 3)[39m
Tue Sep 02 2025 19:8:45 [SERVER-NAME] warn: [33mWorker 35764 exited with error code: 1[39m
Tue Sep 02 2025 19:8:45 [SERVER-NAME] info: [34mRestarting worker 35764 in 20000ms (attempt 3)[39m
Tue Sep 02 2025 19:8:45 [SERVER-NAME] warn: [33mWorker 49544 exited with error code: 1[39m
Tue Sep 02 2025 19:8:45 [SERVER-NAME] info: [34mRestarting worker 49544 in 20000ms (attempt 3)[39m
Tue Sep 02 2025 19:8:45 [SERVER-NAME] warn: [33mWorker 56288 exited with error code: 1[39m
Tue Sep 02 2025 19:8:45 [SERVER-NAME] info: [34mRestarting worker 56288 in 20000ms (attempt 3)[39m
Tue Sep 02 2025 19:8:45 [SERVER-NAME] warn: [33mWorker 39448 exited with error code: 1[39m
Tue Sep 02 2025 19:8:45 [SERVER-NAME] info: [34mRestarting worker 39448 in 20000ms (attempt 3)[39m
Tue Sep 02 2025 19:8:46 [SERVER-NAME] warn: [33mWorker 62740 exited with error code: 1[39m
Tue Sep 02 2025 19:8:46 [SERVER-NAME] info: [34mRestarting worker 62740 in 20000ms (attempt 3)[39m
Tue Sep 02 2025 19:8:46 [SERVER-NAME] warn: [33mWorker 49156 exited with error code: 1[39m
Tue Sep 02 2025 19:8:46 [SERVER-NAME] info: [34mRestarting worker 49156 in 20000ms (attempt 3)[39m
Tue Sep 02 2025 19:8:46 [SERVER-NAME] warn: [33mWorker 25808 exited with error code: 1[39m
Tue Sep 02 2025 19:8:46 [SERVER-NAME] info: [34mRestarting worker 25808 in 20000ms (attempt 3)[39m
Tue Sep 02 2025 19:8:46 [SERVER-NAME] warn: [33mWorker 14732 exited with error code: 1[39m
Tue Sep 02 2025 19:8:46 [SERVER-NAME] info: [34mRestarting worker 14732 in 20000ms (attempt 3)[39m
Tue Sep 02 2025 19:8:46 [SERVER-NAME] warn: [33mWorker 7160 exited with error code: 1[39m
Tue Sep 02 2025 19:8:46 [SERVER-NAME] info: [34mRestarting worker 7160 in 20000ms (attempt 3)[39m
Tue Sep 02 2025 19:8:46 [SERVER-NAME] warn: [33mWorker 73292 exited with error code: 1[39m
Tue Sep 02 2025 19:8:46 [SERVER-NAME] info: [34mRestarting worker 73292 in 20000ms (attempt 3)[39m
Tue Sep 02 2025 19:8:46 [SERVER-NAME] warn: [33mWorker 33356 exited with error code: 1[39m
Tue Sep 02 2025 19:8:46 [SERVER-NAME] info: [34mRestarting worker 33356 in 20000ms (attempt 3)[39m
