Tue Jul 08 2025 10:8:44 [SERVER-NAME] info: OPTIONS /api/v1/auth/login 204 - 0.915 ms
Tue Jul 08 2025 10:8:45 [SERVER-NAME] info: POST /api/v1/auth/login 200 - 274.644 ms
Tue Jul 08 2025 10:8:45 [SERVER-NAME] info: OPTIONS /api/v1/users/profile 204 - 0.358 ms
Tue Jul 08 2025 10:8:45 [SERVER-NAME] info: OPTIONS /api/v1/admin/dashboard/statistics 204 - 0.096 ms
Tue Jul 08 2025 10:8:45 [SERVER-NAME] info: GET /api/v1/users/profile 200 - 7.409 ms
Tue Jul 08 2025 10:8:45 [SERVER-NAME] info: GET /api/v1/admin/dashboard/statistics 200 - 12.058 ms
Tue Jul 08 2025 10:8:45 [SERVER-NAME] info: OPTIONS /api/v1/admin/dashboard/revenue 204 - 0.221 ms
Tue Jul 08 2025 10:8:45 [SERVER-NAME] info: OPTIONS /api/v1/admin/dashboard/resent-users 204 - 0.040 ms
Tue Jul 08 2025 10:8:45 [SERVER-NAME] info: GET /api/v1/admin/dashboard/resent-users 200 - 8.441 ms
Tue Jul 08 2025 10:8:45 [SERVER-NAME] info: GET /api/v1/admin/dashboard/revenue 200 - 13.225 ms
Tue Jul 08 2025 10:9:26 [SERVER-NAME] info: OPTIONS /api/v1/admin/challenge 204 - 0.602 ms
Tue Jul 08 2025 10:9:26 [SERVER-NAME] info: OPTIONS /api/v1/admin/challenge 204 - 0.059 ms
Tue Jul 08 2025 10:9:26 [SERVER-NAME] info: GET /api/v1/admin/challenge 304 - 6.803 ms
Tue Jul 08 2025 10:9:26 [SERVER-NAME] info: GET /api/v1/admin/challenge 304 - 4.878 ms
Tue Jul 08 2025 10:9:58 [SERVER-NAME] info: OPTIONS /api/v1/admin/category 204 - 0.081 ms
Tue Jul 08 2025 10:9:58 [SERVER-NAME] info: OPTIONS /api/v1/admin/videos/managment/videos?page=1&limit=10 204 - 0.135 ms
Tue Jul 08 2025 10:9:58 [SERVER-NAME] info: GET /api/v1/admin/category 200 - 19.494 ms
Tue Jul 08 2025 10:9:58 [SERVER-NAME] info: GET /api/v1/admin/videos/managment/videos?page=1&limit=10 304 - 25.433 ms
Tue Jul 08 2025 10:11:3 [SERVER-NAME] info: OPTIONS /api/v1/admin/challenge 204 - 0.306 ms
Tue Jul 08 2025 10:11:3 [SERVER-NAME] info: OPTIONS /api/v1/admin/challenge 204 - 0.063 ms
Tue Jul 08 2025 10:11:3 [SERVER-NAME] info: GET /api/v1/admin/challenge 304 - 6.765 ms
Tue Jul 08 2025 10:11:3 [SERVER-NAME] info: GET /api/v1/admin/challenge 304 - 6.311 ms
Tue Jul 08 2025 10:11:23 [SERVER-NAME] info: OPTIONS /api/v1/admin/dailyInspiration 204 - 0.242 ms
Tue Jul 08 2025 10:11:23 [SERVER-NAME] info: OPTIONS /api/v1/admin/dailyInspiration/library?category=Daily+Inspiration 204 - 0.034 ms
Tue Jul 08 2025 10:11:23 [SERVER-NAME] info: OPTIONS /api/v1/admin/dailyInspiration/scheduled 204 - 0.076 ms
Tue Jul 08 2025 10:11:23 [SERVER-NAME] info: GET /api/v1/admin/dailyInspiration 200 - 12.322 ms
Tue Jul 08 2025 10:40:39 [SERVER-NAME] info: OPTIONS /api/v1/admin/category 204 - 0.140 ms
Tue Jul 08 2025 10:40:39 [SERVER-NAME] info: GET /api/v1/admin/category 304 - 8.000 ms
Tue Jul 08 2025 10:40:39 [SERVER-NAME] info: GET //thumbnail/woman-yoga-video-laptop-on-260nw-2518833075-1751798188490.jpg 304 - 1.180 ms
Tue Jul 08 2025 10:41:14 [SERVER-NAME] info: OPTIONS /api/v1/admin/subcategory 204 - 0.061 ms
Tue Jul 08 2025 10:41:14 [SERVER-NAME] info: OPTIONS /api/v1/admin/category/single/686a51ac9382c57a0019bf60 204 - 0.033 ms
Tue Jul 08 2025 10:41:14 [SERVER-NAME] info: GET /api/v1/admin/subcategory 200 - 11.098 ms
Tue Jul 08 2025 10:41:14 [SERVER-NAME] info: GET /api/v1/admin/category/single/686a51ac9382c57a0019bf60 200 - 16.377 ms
Tue Jul 08 2025 10:42:56 [SERVER-NAME] info: OPTIONS /api/v1/admin/category 204 - 0.191 ms
Tue Jul 08 2025 10:42:56 [SERVER-NAME] info: GET /api/v1/admin/category 304 - 5.379 ms
Tue Jul 08 2025 10:42:56 [SERVER-NAME] info: GET //thumbnail/woman-yoga-video-laptop-on-260nw-2518833075-1751798188490.jpg 304 - 0.391 ms
Tue Jul 08 2025 10:44:44 [SERVER-NAME] info: OPTIONS /api/v1/admin/category 204 - 0.114 ms
Tue Jul 08 2025 10:44:44 [SERVER-NAME] info: OPTIONS /api/v1/admin/videos/managment/videos?page=1&limit=10 204 - 0.060 ms
Tue Jul 08 2025 10:44:44 [SERVER-NAME] info: GET /api/v1/admin/category 304 - 10.727 ms
Tue Jul 08 2025 10:44:44 [SERVER-NAME] info: GET /api/v1/admin/videos/managment/videos?page=1&limit=10 304 - 12.179 ms
Tue Jul 08 2025 10:55:54 [SERVER-NAME] info: [32mConfig validation successful.[39m
Tue Jul 08 2025 10:55:54 [SERVER-NAME] info: [32m🚀 Database connected successfully[39m
Tue Jul 08 2025 10:55:54 [SERVER-NAME] info: [33m♻️  Socket is listening on same port 7000[39m
Tue Jul 08 2025 10:55:54 [SERVER-NAME] info: [46m♻️  Application listening on http://10.10.7.37:7000[49m
Tue Jul 08 2025 10:56:33 [SERVER-NAME] info: [32mConfig validation successful.[39m
Tue Jul 08 2025 10:56:34 [SERVER-NAME] info: [32m🚀 Database connected successfully[39m
Tue Jul 08 2025 10:56:34 [SERVER-NAME] info: [33m♻️  Socket is listening on same port 7000[39m
Tue Jul 08 2025 10:56:34 [SERVER-NAME] info: [46m♻️  Application listening on http://10.10.7.37:7000[49m
Tue Jul 08 2025 10:56:36 [SERVER-NAME] info: [32mConfig validation successful.[39m
Tue Jul 08 2025 10:56:36 [SERVER-NAME] info: [32m🚀 Database connected successfully[39m
Tue Jul 08 2025 10:56:36 [SERVER-NAME] info: [33m♻️  Socket is listening on same port 7000[39m
Tue Jul 08 2025 10:56:36 [SERVER-NAME] info: [46m♻️  Application listening on http://10.10.7.37:7000[49m
Tue Jul 08 2025 10:56:40 [SERVER-NAME] info: [32mConfig validation successful.[39m
Tue Jul 08 2025 10:56:40 [SERVER-NAME] info: [32m🚀 Database connected successfully[39m
Tue Jul 08 2025 10:56:40 [SERVER-NAME] info: [33m♻️  Socket is listening on same port 7000[39m
Tue Jul 08 2025 10:56:40 [SERVER-NAME] info: [46m♻️  Application listening on http://10.10.7.37:7000[49m
Tue Jul 08 2025 10:56:43 [SERVER-NAME] info: [32mConfig validation successful.[39m
Tue Jul 08 2025 10:56:43 [SERVER-NAME] info: [32m🚀 Database connected successfully[39m
Tue Jul 08 2025 10:56:43 [SERVER-NAME] info: [33m♻️  Socket is listening on same port 7000[39m
Tue Jul 08 2025 10:56:43 [SERVER-NAME] info: [46m♻️  Application listening on http://10.10.7.37:7000[49m
Tue Jul 08 2025 10:56:53 [SERVER-NAME] info: [32mConfig validation successful.[39m
Tue Jul 08 2025 10:56:53 [SERVER-NAME] info: [32m🚀 Database connected successfully[39m
Tue Jul 08 2025 10:56:53 [SERVER-NAME] info: [33m♻️  Socket is listening on same port 7000[39m
Tue Jul 08 2025 10:56:53 [SERVER-NAME] info: [46m♻️  Application listening on http://10.10.7.37:7000[49m
Tue Jul 08 2025 10:56:55 [SERVER-NAME] info: [32mConfig validation successful.[39m
Tue Jul 08 2025 10:56:55 [SERVER-NAME] info: [32m🚀 Database connected successfully[39m
Tue Jul 08 2025 10:56:55 [SERVER-NAME] info: [33m♻️  Socket is listening on same port 7000[39m
Tue Jul 08 2025 10:56:55 [SERVER-NAME] info: [46m♻️  Application listening on http://10.10.7.37:7000[49m
Tue Jul 08 2025 10:57:1 [SERVER-NAME] info: [32mConfig validation successful.[39m
Tue Jul 08 2025 10:57:1 [SERVER-NAME] info: [32m🚀 Database connected successfully[39m
Tue Jul 08 2025 10:57:1 [SERVER-NAME] info: [33m♻️  Socket is listening on same port 7000[39m
Tue Jul 08 2025 10:57:1 [SERVER-NAME] info: [46m♻️  Application listening on http://10.10.7.37:7000[49m
Tue Jul 08 2025 10:57:41 [SERVER-NAME] info: [32mConfig validation successful.[39m
Tue Jul 08 2025 10:57:41 [SERVER-NAME] info: [32m🚀 Database connected successfully[39m
Tue Jul 08 2025 10:57:41 [SERVER-NAME] info: [33m♻️  Socket is listening on same port 7000[39m
Tue Jul 08 2025 10:57:41 [SERVER-NAME] info: [46m♻️  Application listening on http://10.10.7.37:7000[49m
Tue Jul 08 2025 10:58:23 [SERVER-NAME] info: GET //thumbnail/woman-yoga-video-laptop-on-260nw-2518833075-1751798188490.jpg 304 - 2.734 ms
Tue Jul 08 2025 10:58:25 [SERVER-NAME] info: OPTIONS /api/v1/admin/category/single/686a51ac9382c57a0019bf60 204 - 0.365 ms
Tue Jul 08 2025 10:58:25 [SERVER-NAME] info: OPTIONS /api/v1/admin/subcategory 204 - 0.119 ms
Tue Jul 08 2025 10:58:25 [SERVER-NAME] info: GET /api/v1/admin/subcategory 304 - 32.581 ms
Tue Jul 08 2025 10:58:25 [SERVER-NAME] info: GET /api/v1/admin/category/single/686a51ac9382c57a0019bf60 304 - 35.493 ms
