Tue Aug 12 2025 17:9:30 [SERVER-NAME] info: 10.10.7.48 - OPTIONS /api/v1/users/profile 204 - 1.798 ms
Tue Aug 12 2025 17:9:30 [SERVER-NAME] info: 10.10.7.48 - OPTIONS /api/v1/notifications?page=1&limit=30 204 - 0.037 ms
Tue Aug 12 2025 17:9:30 [SERVER-NAME] info: 10.10.7.48 - OPTIONS /api/v1/community/leaderboard 204 - 0.034 ms
Tue Aug 12 2025 17:9:30 [SERVER-NAME] info: 10.10.7.48 - OPTIONS /api/v1/community?page=1&limit=10 204 - 0.030 ms
Tue Aug 12 2025 17:9:30 [SERVER-NAME] info: 10.10.7.48 - GET /api/v1/users/profile 304 - 17.779 ms
Tue Aug 12 2025 17:9:30 [SERVER-NAME] info: 10.10.7.48 - GET /api/v1/community/leaderboard 304 - 24.491 ms
Tue Aug 12 2025 17:9:30 [SERVER-NAME] info: 10.10.7.48 - GET /api/v1/community?page=1&limit=10 304 - 32.717 ms
Tue Aug 12 2025 17:9:30 [SERVER-NAME] info: 10.10.7.48 - GET /api/v1/notifications?page=1&limit=30 304 - 27.996 ms
Tue Aug 12 2025 17:9:30 [SERVER-NAME] info: 10.10.7.48 - OPTIONS /api/v1/post/letest 204 - 0.060 ms
Tue Aug 12 2025 17:9:30 [SERVER-NAME] info: 10.10.7.48 - GET /api/v1/post/letest 304 - 4.746 ms
Tue Aug 12 2025 17:10:1 [SERVER-NAME] info: 10.10.7.48 - OPTIONS /api/v1/notifications?page=1&limit=30 204 - 0.064 ms
Tue Aug 12 2025 17:10:1 [SERVER-NAME] info: 10.10.7.48 - OPTIONS /api/v1/community/leaderboard 204 - 0.044 ms
Tue Aug 12 2025 17:10:1 [SERVER-NAME] info: 10.10.7.48 - OPTIONS /api/v1/users/profile 204 - 0.037 ms
Tue Aug 12 2025 17:10:1 [SERVER-NAME] info: 10.10.7.48 - OPTIONS /api/v1/community?page=1&limit=10 204 - 0.028 ms
Tue Aug 12 2025 17:10:1 [SERVER-NAME] info: 10.10.7.48 - GET /api/v1/community/leaderboard 304 - 19.976 ms
Tue Aug 12 2025 17:10:1 [SERVER-NAME] info: 10.10.7.48 - GET /api/v1/users/profile 304 - 19.713 ms
Tue Aug 12 2025 17:10:1 [SERVER-NAME] info: 10.10.7.48 - GET /api/v1/community?page=1&limit=10 304 - 24.382 ms
Tue Aug 12 2025 17:10:1 [SERVER-NAME] info: 10.10.7.48 - GET /api/v1/notifications?page=1&limit=30 304 - 29.247 ms
Tue Aug 12 2025 17:13:54 [SERVER-NAME] info: 10.10.7.48 - OPTIONS /api/v1/post/letest 204 - 0.071 ms
Tue Aug 12 2025 17:13:54 [SERVER-NAME] info: 10.10.7.48 - GET /api/v1/post/letest 304 - 3.855 ms
Tue Aug 12 2025 17:13:58 [SERVER-NAME] info: 10.10.7.48 - OPTIONS /api/v1/quotation 204 - 0.056 ms
Tue Aug 12 2025 17:13:58 [SERVER-NAME] info: 10.10.7.48 - OPTIONS /api/v1/today 204 - 0.084 ms
Tue Aug 12 2025 17:13:58 [SERVER-NAME] info: 10.10.7.48 - OPTIONS /api/v1/comingSoon/latest 204 - 0.241 ms
Tue Aug 12 2025 17:13:58 [SERVER-NAME] info: 10.10.7.48 - OPTIONS /api/v1/dailyInspiration/letest 204 - 0.041 ms
Tue Aug 12 2025 17:13:58 [SERVER-NAME] info: 10.10.7.48 - OPTIONS /api/v1/category 204 - 0.073 ms
Tue Aug 12 2025 17:13:58 [SERVER-NAME] info: 10.10.7.48 - OPTIONS /api/v1/admin/challenge-category/get-all-challenge-category-for-user 204 - 0.123 ms
Tue Aug 12 2025 17:13:58 [SERVER-NAME] info: 10.10.7.48 - GET /api/v1/quotation 200 - 16.182 ms
Tue Aug 12 2025 17:13:58 [SERVER-NAME] info: 10.10.7.48 - GET /api/v1/today 304 - 17.127 ms
Tue Aug 12 2025 17:13:58 [SERVER-NAME] info: 10.10.7.48 - GET /api/v1/dailyInspiration/letest 304 - 17.966 ms
Tue Aug 12 2025 17:13:58 [SERVER-NAME] info: 10.10.7.48 - GET /api/v1/comingSoon/latest 200 - 24.770 ms
Tue Aug 12 2025 17:13:58 [SERVER-NAME] info: 10.10.7.48 - GET /api/v1/admin/challenge-category/get-all-challenge-category-for-user 304 - 23.002 ms
Tue Aug 12 2025 17:13:58 [SERVER-NAME] info: 10.10.7.48 - GET /api/v1/category 304 - 24.115 ms
Tue Aug 12 2025 17:23:58 [SERVER-NAME] info: [34mMaster 27640 is running[39m
Tue Aug 12 2025 17:23:58 [SERVER-NAME] info: [34mStarting 12 workers...[39m
Tue Aug 12 2025 17:24:1 [SERVER-NAME] info: [34mWorker 41280 started[39m
Tue Aug 12 2025 17:24:1 [SERVER-NAME] info: [32mConfig validation successful.[39m
Tue Aug 12 2025 17:24:1 [SERVER-NAME] info: [34mWorker 39216 started[39m
Tue Aug 12 2025 17:24:1 [SERVER-NAME] info: [32mConfig validation successful.[39m
Tue Aug 12 2025 17:24:1 [SERVER-NAME] info: [34mWorker 1760 started[39m
Tue Aug 12 2025 17:24:1 [SERVER-NAME] info: [32mConfig validation successful.[39m
Tue Aug 12 2025 17:24:1 [SERVER-NAME] info: [34mWorker 29780 started[39m
Tue Aug 12 2025 17:24:1 [SERVER-NAME] info: [32mConfig validation successful.[39m
Tue Aug 12 2025 17:24:1 [SERVER-NAME] info: [34mWorker 3148 started[39m
Tue Aug 12 2025 17:24:1 [SERVER-NAME] info: [32mConfig validation successful.[39m
Tue Aug 12 2025 17:24:1 [SERVER-NAME] info: [34mWorker 32388 started[39m
Tue Aug 12 2025 17:24:1 [SERVER-NAME] info: [32mConfig validation successful.[39m
Tue Aug 12 2025 17:24:1 [SERVER-NAME] info: [34mWorker 37364 started[39m
Tue Aug 12 2025 17:24:1 [SERVER-NAME] info: [32mConfig validation successful.[39m
Tue Aug 12 2025 17:24:1 [SERVER-NAME] info: [32m🚀 Database connected successfully[39m
Tue Aug 12 2025 17:24:1 [SERVER-NAME] info: [32m🚀 Database connected successfully[39m
Tue Aug 12 2025 17:24:1 [SERVER-NAME] info: [32mWorker 29780 is ready to accept connections[39m
Tue Aug 12 2025 17:24:1 [SERVER-NAME] info: [32mWorker 3148 is ready to accept connections[39m
Tue Aug 12 2025 17:24:1 [SERVER-NAME] info: [32m🚀 Database connected successfully[39m
Tue Aug 12 2025 17:24:1 [SERVER-NAME] info: [32m🚀 Database connected successfully[39m
Tue Aug 12 2025 17:24:1 [SERVER-NAME] info: [33m♻️  Socket is listening on same port 7000[39m
Tue Aug 12 2025 17:24:1 [SERVER-NAME] info: [32m🚀 Database connected successfully[39m
Tue Aug 12 2025 17:24:1 [SERVER-NAME] info: [32m🚀 Database connected successfully[39m
Tue Aug 12 2025 17:24:1 [SERVER-NAME] info: [32mWorker 37364 is ready to accept connections[39m
Tue Aug 12 2025 17:24:1 [SERVER-NAME] info: [32mWorker 1760 is ready to accept connections[39m
Tue Aug 12 2025 17:24:1 [SERVER-NAME] info: [32mWorker 41280 is ready to accept connections[39m
Tue Aug 12 2025 17:24:1 [SERVER-NAME] info: [33m♻️  Socket is listening on same port 7000[39m
Tue Aug 12 2025 17:24:1 [SERVER-NAME] info: [32mWorker 39216 is ready to accept connections[39m
Tue Aug 12 2025 17:24:1 [SERVER-NAME] info: [33m♻️  Socket is listening on same port 7000[39m
Tue Aug 12 2025 17:24:1 [SERVER-NAME] info: [33m♻️  Socket is listening on same port 7000[39m
Tue Aug 12 2025 17:24:1 [SERVER-NAME] info: [33m♻️  Socket is listening on same port 7000[39m
Tue Aug 12 2025 17:24:1 [SERVER-NAME] info: [33m♻️  Socket is listening on same port 7000[39m
Tue Aug 12 2025 17:24:1 [SERVER-NAME] info: [34mWorker 2168 started[39m
Tue Aug 12 2025 17:24:1 [SERVER-NAME] info: [32mConfig validation successful.[39m
Tue Aug 12 2025 17:24:1 [SERVER-NAME] info: [34mWorker 29864 started[39m
Tue Aug 12 2025 17:24:1 [SERVER-NAME] info: [32mConfig validation successful.[39m
Tue Aug 12 2025 17:24:1 [SERVER-NAME] info: [32m🚀 Database connected successfully[39m
Tue Aug 12 2025 17:24:1 [SERVER-NAME] info: [32m🚀 Database connected successfully[39m
Tue Aug 12 2025 17:24:1 [SERVER-NAME] info: [34mWorker 30736 started[39m
Tue Aug 12 2025 17:24:1 [SERVER-NAME] info: [32mConfig validation successful.[39m
Tue Aug 12 2025 17:24:1 [SERVER-NAME] info: [32mWorker 29864 is ready to accept connections[39m
Tue Aug 12 2025 17:24:1 [SERVER-NAME] info: [32m🚀 Database connected successfully[39m
Tue Aug 12 2025 17:24:1 [SERVER-NAME] info: [33m♻️  Socket is listening on same port 7000[39m
Tue Aug 12 2025 17:24:1 [SERVER-NAME] info: [34mWorker 11172 started[39m
Tue Aug 12 2025 17:24:1 [SERVER-NAME] info: [32mConfig validation successful.[39m
Tue Aug 12 2025 17:24:1 [SERVER-NAME] info: [32m🚀 Database connected successfully[39m
Tue Aug 12 2025 17:24:1 [SERVER-NAME] info: [32mWorker 30736 is ready to accept connections[39m
Tue Aug 12 2025 17:24:1 [SERVER-NAME] info: [32mWorker 2168 is ready to accept connections[39m
Tue Aug 12 2025 17:24:1 [SERVER-NAME] info: [32mWorker 32388 is ready to accept connections[39m
Tue Aug 12 2025 17:24:1 [SERVER-NAME] info: [33m♻️  Socket is listening on same port 7000[39m
Tue Aug 12 2025 17:24:1 [SERVER-NAME] info: [33m♻️  Socket is listening on same port 7000[39m
Tue Aug 12 2025 17:24:1 [SERVER-NAME] info: [33m♻️  Socket is listening on same port 7000[39m
Tue Aug 12 2025 17:24:1 [SERVER-NAME] info: [32m🚀 Database connected successfully[39m
Tue Aug 12 2025 17:24:1 [SERVER-NAME] info: [34mWorker 8288 started[39m
Tue Aug 12 2025 17:24:1 [SERVER-NAME] info: [32mConfig validation successful.[39m
Tue Aug 12 2025 17:24:1 [SERVER-NAME] info: [32mWorker 11172 is ready to accept connections[39m
Tue Aug 12 2025 17:24:1 [SERVER-NAME] info: [33m♻️  Socket is listening on same port 7000[39m
Tue Aug 12 2025 17:24:1 [SERVER-NAME] info: [32m🚀 Database connected successfully[39m
Tue Aug 12 2025 17:24:1 [SERVER-NAME] info: [32mWorker 8288 is ready to accept connections[39m
Tue Aug 12 2025 17:24:1 [SERVER-NAME] info: [33m♻️  Socket is listening on same port 7000[39m
Tue Aug 12 2025 17:24:2 [SERVER-NAME] warn: [33mWorker 3148 exited with error code: 1[39m
Tue Aug 12 2025 17:24:2 [SERVER-NAME] info: [34mRestarting worker 3148 in 5000ms (attempt 1)[39m
Tue Aug 12 2025 17:24:2 [SERVER-NAME] warn: [33mWorker 37364 exited with error code: 1[39m
Tue Aug 12 2025 17:24:2 [SERVER-NAME] info: [34mRestarting worker 37364 in 5000ms (attempt 1)[39m
Tue Aug 12 2025 17:24:2 [SERVER-NAME] warn: [33mWorker 39216 exited with error code: 1[39m
Tue Aug 12 2025 17:24:2 [SERVER-NAME] info: [34mRestarting worker 39216 in 5000ms (attempt 1)[39m
Tue Aug 12 2025 17:24:2 [SERVER-NAME] warn: [33mWorker 29780 exited with error code: 1[39m
Tue Aug 12 2025 17:24:2 [SERVER-NAME] info: [34mRestarting worker 29780 in 5000ms (attempt 1)[39m
Tue Aug 12 2025 17:24:2 [SERVER-NAME] warn: [33mWorker 1760 exited with error code: 1[39m
Tue Aug 12 2025 17:24:2 [SERVER-NAME] info: [34mRestarting worker 1760 in 5000ms (attempt 1)[39m
Tue Aug 12 2025 17:24:2 [SERVER-NAME] warn: [33mWorker 41280 exited with error code: 1[39m
Tue Aug 12 2025 17:24:2 [SERVER-NAME] info: [34mRestarting worker 41280 in 5000ms (attempt 1)[39m
Tue Aug 12 2025 17:24:2 [SERVER-NAME] warn: [33mWorker 29864 exited with error code: 1[39m
Tue Aug 12 2025 17:24:2 [SERVER-NAME] info: [34mRestarting worker 29864 in 5000ms (attempt 1)[39m
Tue Aug 12 2025 17:24:2 [SERVER-NAME] warn: [33mWorker 32388 exited with error code: 1[39m
Tue Aug 12 2025 17:24:2 [SERVER-NAME] info: [34mRestarting worker 32388 in 5000ms (attempt 1)[39m
Tue Aug 12 2025 17:24:2 [SERVER-NAME] warn: [33mWorker 30736 exited with error code: 1[39m
Tue Aug 12 2025 17:24:2 [SERVER-NAME] info: [34mRestarting worker 30736 in 5000ms (attempt 1)[39m
Tue Aug 12 2025 17:24:2 [SERVER-NAME] warn: [33mWorker 2168 exited with error code: 1[39m
Tue Aug 12 2025 17:24:2 [SERVER-NAME] info: [34mRestarting worker 2168 in 5000ms (attempt 1)[39m
Tue Aug 12 2025 17:24:2 [SERVER-NAME] warn: [33mWorker 11172 exited with error code: 1[39m
Tue Aug 12 2025 17:24:2 [SERVER-NAME] info: [34mRestarting worker 11172 in 5000ms (attempt 1)[39m
Tue Aug 12 2025 17:24:2 [SERVER-NAME] warn: [33mWorker 8288 exited with error code: 1[39m
Tue Aug 12 2025 17:24:2 [SERVER-NAME] info: [34mRestarting worker 8288 in 5000ms (attempt 1)[39m
Tue Aug 12 2025 17:24:10 [SERVER-NAME] info: [34mWorker 13632 started[39m
Tue Aug 12 2025 17:24:10 [SERVER-NAME] info: [32mConfig validation successful.[39m
Tue Aug 12 2025 17:24:10 [SERVER-NAME] info: [34mWorker 47964 started[39m
Tue Aug 12 2025 17:24:10 [SERVER-NAME] info: [32mConfig validation successful.[39m
Tue Aug 12 2025 17:24:10 [SERVER-NAME] info: [32m🚀 Database connected successfully[39m
Tue Aug 12 2025 17:24:10 [SERVER-NAME] info: [32m🚀 Database connected successfully[39m
Tue Aug 12 2025 17:24:10 [SERVER-NAME] info: [34mWorker 31228 started[39m
Tue Aug 12 2025 17:24:10 [SERVER-NAME] info: [32mConfig validation successful.[39m
Tue Aug 12 2025 17:24:10 [SERVER-NAME] info: [33m♻️  Socket is listening on same port 7000[39m
Tue Aug 12 2025 17:24:10 [SERVER-NAME] info: [34mWorker 48680 started[39m
Tue Aug 12 2025 17:24:10 [SERVER-NAME] info: [32mConfig validation successful.[39m
Tue Aug 12 2025 17:24:10 [SERVER-NAME] info: [33m♻️  Socket is listening on same port 7000[39m
Tue Aug 12 2025 17:24:10 [SERVER-NAME] info: [32m🚀 Database connected successfully[39m
Tue Aug 12 2025 17:24:10 [SERVER-NAME] info: [34mWorker 48488 started[39m
Tue Aug 12 2025 17:24:10 [SERVER-NAME] info: [32mConfig validation successful.[39m
Tue Aug 12 2025 17:24:10 [SERVER-NAME] info: [33m♻️  Socket is listening on same port 7000[39m
Tue Aug 12 2025 17:24:10 [SERVER-NAME] info: [32m🚀 Database connected successfully[39m
Tue Aug 12 2025 17:24:10 [SERVER-NAME] info: [33m♻️  Socket is listening on same port 7000[39m
Tue Aug 12 2025 17:24:10 [SERVER-NAME] info: [32m🚀 Database connected successfully[39m
Tue Aug 12 2025 17:24:10 [SERVER-NAME] info: [33m♻️  Socket is listening on same port 7000[39m
Tue Aug 12 2025 17:24:10 [SERVER-NAME] info: [34mWorker 42352 started[39m
Tue Aug 12 2025 17:24:10 [SERVER-NAME] info: [32mConfig validation successful.[39m
Tue Aug 12 2025 17:24:10 [SERVER-NAME] info: [34mWorker 29904 started[39m
Tue Aug 12 2025 17:24:10 [SERVER-NAME] info: [32mConfig validation successful.[39m
Tue Aug 12 2025 17:24:10 [SERVER-NAME] info: [32m🚀 Database connected successfully[39m
Tue Aug 12 2025 17:24:10 [SERVER-NAME] info: [33m♻️  Socket is listening on same port 7000[39m
Tue Aug 12 2025 17:24:10 [SERVER-NAME] info: [34mWorker 26732 started[39m
Tue Aug 12 2025 17:24:10 [SERVER-NAME] info: [32mConfig validation successful.[39m
Tue Aug 12 2025 17:24:10 [SERVER-NAME] info: [32m🚀 Database connected successfully[39m
Tue Aug 12 2025 17:24:10 [SERVER-NAME] info: [33m♻️  Socket is listening on same port 7000[39m
Tue Aug 12 2025 17:24:10 [SERVER-NAME] info: [34mWorker 44148 started[39m
Tue Aug 12 2025 17:24:10 [SERVER-NAME] info: [32mConfig validation successful.[39m
Tue Aug 12 2025 17:24:10 [SERVER-NAME] info: [32m🚀 Database connected successfully[39m
Tue Aug 12 2025 17:24:10 [SERVER-NAME] info: [34mWorker 4816 started[39m
Tue Aug 12 2025 17:24:10 [SERVER-NAME] info: [32mConfig validation successful.[39m
Tue Aug 12 2025 17:24:10 [SERVER-NAME] info: [33m♻️  Socket is listening on same port 7000[39m
Tue Aug 12 2025 17:24:10 [SERVER-NAME] info: [32m🚀 Database connected successfully[39m
Tue Aug 12 2025 17:24:10 [SERVER-NAME] info: [32m🚀 Database connected successfully[39m
Tue Aug 12 2025 17:24:10 [SERVER-NAME] info: [33m♻️  Socket is listening on same port 7000[39m
Tue Aug 12 2025 17:24:10 [SERVER-NAME] info: [33m♻️  Socket is listening on same port 7000[39m
Tue Aug 12 2025 17:24:10 [SERVER-NAME] info: [34mWorker 36988 started[39m
Tue Aug 12 2025 17:24:10 [SERVER-NAME] info: [32mConfig validation successful.[39m
Tue Aug 12 2025 17:24:11 [SERVER-NAME] info: [32m🚀 Database connected successfully[39m
Tue Aug 12 2025 17:24:11 [SERVER-NAME] info: [33m♻️  Socket is listening on same port 7000[39m
Tue Aug 12 2025 17:24:11 [SERVER-NAME] info: [34mWorker 44576 started[39m
Tue Aug 12 2025 17:24:11 [SERVER-NAME] info: [32mConfig validation successful.[39m
Tue Aug 12 2025 17:24:11 [SERVER-NAME] info: [32m🚀 Database connected successfully[39m
Tue Aug 12 2025 17:24:11 [SERVER-NAME] info: [33m♻️  Socket is listening on same port 7000[39m
Tue Aug 12 2025 17:24:11 [SERVER-NAME] info: [32mWorker 47964 is ready to accept connections[39m
Tue Aug 12 2025 17:24:11 [SERVER-NAME] info: [32mWorker 13632 is ready to accept connections[39m
Tue Aug 12 2025 17:24:11 [SERVER-NAME] info: [32mWorker 48680 is ready to accept connections[39m
Tue Aug 12 2025 17:24:11 [SERVER-NAME] info: [32mWorker 29904 is ready to accept connections[39m
Tue Aug 12 2025 17:24:11 [SERVER-NAME] info: [32mWorker 31228 is ready to accept connections[39m
Tue Aug 12 2025 17:24:11 [SERVER-NAME] info: [32mWorker 42352 is ready to accept connections[39m
Tue Aug 12 2025 17:24:11 [SERVER-NAME] info: [32mWorker 26732 is ready to accept connections[39m
Tue Aug 12 2025 17:24:11 [SERVER-NAME] info: [32mWorker 48488 is ready to accept connections[39m
Tue Aug 12 2025 17:24:11 [SERVER-NAME] info: [32mWorker 44148 is ready to accept connections[39m
Tue Aug 12 2025 17:24:11 [SERVER-NAME] info: [32mWorker 4816 is ready to accept connections[39m
Tue Aug 12 2025 17:24:11 [SERVER-NAME] info: [32mWorker 44576 is ready to accept connections[39m
Tue Aug 12 2025 17:24:11 [SERVER-NAME] info: [32mWorker 36988 is ready to accept connections[39m
Tue Aug 12 2025 17:24:12 [SERVER-NAME] warn: [33mWorker 47964 exited with error code: 1[39m
Tue Aug 12 2025 17:24:12 [SERVER-NAME] info: [34mRestarting worker 47964 in 10000ms (attempt 2)[39m
Tue Aug 12 2025 17:24:12 [SERVER-NAME] warn: [33mWorker 13632 exited with error code: 1[39m
Tue Aug 12 2025 17:24:12 [SERVER-NAME] info: [34mRestarting worker 13632 in 10000ms (attempt 2)[39m
Tue Aug 12 2025 17:24:12 [SERVER-NAME] warn: [33mWorker 48680 exited with error code: 1[39m
Tue Aug 12 2025 17:24:12 [SERVER-NAME] info: [34mRestarting worker 48680 in 10000ms (attempt 2)[39m
Tue Aug 12 2025 17:24:12 [SERVER-NAME] warn: [33mWorker 29904 exited with error code: 1[39m
Tue Aug 12 2025 17:24:12 [SERVER-NAME] info: [34mRestarting worker 29904 in 10000ms (attempt 2)[39m
Tue Aug 12 2025 17:24:12 [SERVER-NAME] warn: [33mWorker 26732 exited with error code: 1[39m
Tue Aug 12 2025 17:24:12 [SERVER-NAME] info: [34mRestarting worker 26732 in 10000ms (attempt 2)[39m
Tue Aug 12 2025 17:24:12 [SERVER-NAME] warn: [33mWorker 42352 exited with error code: 1[39m
Tue Aug 12 2025 17:24:12 [SERVER-NAME] info: [34mRestarting worker 42352 in 10000ms (attempt 2)[39m
Tue Aug 12 2025 17:24:12 [SERVER-NAME] warn: [33mWorker 31228 exited with error code: 1[39m
Tue Aug 12 2025 17:24:12 [SERVER-NAME] info: [34mRestarting worker 31228 in 10000ms (attempt 2)[39m
Tue Aug 12 2025 17:24:12 [SERVER-NAME] warn: [33mWorker 48488 exited with error code: 1[39m
Tue Aug 12 2025 17:24:12 [SERVER-NAME] info: [34mRestarting worker 48488 in 10000ms (attempt 2)[39m
Tue Aug 12 2025 17:24:12 [SERVER-NAME] warn: [33mWorker 44148 exited with error code: 1[39m
Tue Aug 12 2025 17:24:12 [SERVER-NAME] info: [34mRestarting worker 44148 in 10000ms (attempt 2)[39m
Tue Aug 12 2025 17:24:12 [SERVER-NAME] warn: [33mWorker 44576 exited with error code: 1[39m
Tue Aug 12 2025 17:24:12 [SERVER-NAME] info: [34mRestarting worker 44576 in 10000ms (attempt 2)[39m
Tue Aug 12 2025 17:24:12 [SERVER-NAME] warn: [33mWorker 36988 exited with error code: 1[39m
Tue Aug 12 2025 17:24:12 [SERVER-NAME] info: [34mRestarting worker 36988 in 10000ms (attempt 2)[39m
Tue Aug 12 2025 17:24:12 [SERVER-NAME] warn: [33mWorker 4816 exited with error code: 1[39m
Tue Aug 12 2025 17:24:12 [SERVER-NAME] info: [34mRestarting worker 4816 in 10000ms (attempt 2)[39m
Tue Aug 12 2025 17:24:24 [SERVER-NAME] info: [34mWorker 49548 started[39m
Tue Aug 12 2025 17:24:24 [SERVER-NAME] info: [32mConfig validation successful.[39m
Tue Aug 12 2025 17:24:24 [SERVER-NAME] info: [32m🚀 Database connected successfully[39m
Tue Aug 12 2025 17:24:24 [SERVER-NAME] info: [34mWorker 11804 started[39m
Tue Aug 12 2025 17:24:24 [SERVER-NAME] info: [32mConfig validation successful.[39m
Tue Aug 12 2025 17:24:24 [SERVER-NAME] info: [33m♻️  Socket is listening on same port 7000[39m
Tue Aug 12 2025 17:24:24 [SERVER-NAME] info: [32m🚀 Database connected successfully[39m
Tue Aug 12 2025 17:24:24 [SERVER-NAME] info: [34mWorker 24452 started[39m
Tue Aug 12 2025 17:24:24 [SERVER-NAME] info: [32mConfig validation successful.[39m
Tue Aug 12 2025 17:24:24 [SERVER-NAME] info: [33m♻️  Socket is listening on same port 7000[39m
Tue Aug 12 2025 17:24:24 [SERVER-NAME] info: [34mWorker 41376 started[39m
Tue Aug 12 2025 17:24:24 [SERVER-NAME] info: [32mConfig validation successful.[39m
Tue Aug 12 2025 17:24:24 [SERVER-NAME] info: [32m🚀 Database connected successfully[39m
Tue Aug 12 2025 17:24:24 [SERVER-NAME] info: [32m🚀 Database connected successfully[39m
Tue Aug 12 2025 17:24:24 [SERVER-NAME] info: [33m♻️  Socket is listening on same port 7000[39m
Tue Aug 12 2025 17:24:24 [SERVER-NAME] info: [33m♻️  Socket is listening on same port 7000[39m
Tue Aug 12 2025 17:24:24 [SERVER-NAME] info: [34mWorker 46576 started[39m
Tue Aug 12 2025 17:24:24 [SERVER-NAME] info: [32mConfig validation successful.[39m
Tue Aug 12 2025 17:24:24 [SERVER-NAME] info: [32m🚀 Database connected successfully[39m
Tue Aug 12 2025 17:24:24 [SERVER-NAME] info: [34mWorker 40216 started[39m
Tue Aug 12 2025 17:24:24 [SERVER-NAME] info: [32mConfig validation successful.[39m
Tue Aug 12 2025 17:24:24 [SERVER-NAME] info: [34mWorker 38516 started[39m
Tue Aug 12 2025 17:24:24 [SERVER-NAME] info: [32mConfig validation successful.[39m
Tue Aug 12 2025 17:24:24 [SERVER-NAME] info: [34mWorker 44064 started[39m
Tue Aug 12 2025 17:24:24 [SERVER-NAME] info: [32mConfig validation successful.[39m
Tue Aug 12 2025 17:24:24 [SERVER-NAME] info: [33m♻️  Socket is listening on same port 7000[39m
Tue Aug 12 2025 17:24:25 [SERVER-NAME] info: [32m🚀 Database connected successfully[39m
Tue Aug 12 2025 17:24:25 [SERVER-NAME] info: [32m🚀 Database connected successfully[39m
Tue Aug 12 2025 17:24:25 [SERVER-NAME] info: [32m🚀 Database connected successfully[39m
Tue Aug 12 2025 17:24:25 [SERVER-NAME] info: [33m♻️  Socket is listening on same port 7000[39m
Tue Aug 12 2025 17:24:24 [SERVER-NAME] info: [34mWorker 49140 started[39m
Tue Aug 12 2025 17:24:24 [SERVER-NAME] info: [32mConfig validation successful.[39m
Tue Aug 12 2025 17:24:24 [SERVER-NAME] info: [34mWorker 47500 started[39m
Tue Aug 12 2025 17:24:24 [SERVER-NAME] info: [32mConfig validation successful.[39m
Tue Aug 12 2025 17:24:25 [SERVER-NAME] info: [33m♻️  Socket is listening on same port 7000[39m
Tue Aug 12 2025 17:24:25 [SERVER-NAME] info: [32m🚀 Database connected successfully[39m
Tue Aug 12 2025 17:24:25 [SERVER-NAME] info: [33m♻️  Socket is listening on same port 7000[39m
Tue Aug 12 2025 17:24:25 [SERVER-NAME] info: [32m🚀 Database connected successfully[39m
Tue Aug 12 2025 17:24:25 [SERVER-NAME] info: [33m♻️  Socket is listening on same port 7000[39m
Tue Aug 12 2025 17:24:25 [SERVER-NAME] info: [33m♻️  Socket is listening on same port 7000[39m
Tue Aug 12 2025 17:24:25 [SERVER-NAME] info: [34mWorker 26308 started[39m
Tue Aug 12 2025 17:24:25 [SERVER-NAME] info: [32mConfig validation successful.[39m
Tue Aug 12 2025 17:24:25 [SERVER-NAME] info: [34mWorker 25764 started[39m
Tue Aug 12 2025 17:24:25 [SERVER-NAME] info: [32mConfig validation successful.[39m
Tue Aug 12 2025 17:24:25 [SERVER-NAME] info: [32m🚀 Database connected successfully[39m
Tue Aug 12 2025 17:24:25 [SERVER-NAME] info: [32m🚀 Database connected successfully[39m
Tue Aug 12 2025 17:24:25 [SERVER-NAME] info: [33m♻️  Socket is listening on same port 7000[39m
Tue Aug 12 2025 17:24:25 [SERVER-NAME] info: [33m♻️  Socket is listening on same port 7000[39m
Tue Aug 12 2025 17:24:25 [SERVER-NAME] info: [32mWorker 49548 is ready to accept connections[39m
Tue Aug 12 2025 17:24:25 [SERVER-NAME] info: [32mWorker 11804 is ready to accept connections[39m
Tue Aug 12 2025 17:24:25 [SERVER-NAME] info: [32mWorker 41376 is ready to accept connections[39m
Tue Aug 12 2025 17:24:25 [SERVER-NAME] info: [32mWorker 44064 is ready to accept connections[39m
Tue Aug 12 2025 17:24:25 [SERVER-NAME] info: [32mWorker 46576 is ready to accept connections[39m
Tue Aug 12 2025 17:24:25 [SERVER-NAME] info: [32mWorker 40216 is ready to accept connections[39m
Tue Aug 12 2025 17:24:25 [SERVER-NAME] info: [32mWorker 24452 is ready to accept connections[39m
Tue Aug 12 2025 17:24:25 [SERVER-NAME] info: [32mWorker 49140 is ready to accept connections[39m
Tue Aug 12 2025 17:24:25 [SERVER-NAME] info: [32mWorker 47500 is ready to accept connections[39m
Tue Aug 12 2025 17:24:25 [SERVER-NAME] info: [32mWorker 25764 is ready to accept connections[39m
Tue Aug 12 2025 17:24:25 [SERVER-NAME] info: [32mWorker 38516 is ready to accept connections[39m
Tue Aug 12 2025 17:24:25 [SERVER-NAME] info: [32mWorker 26308 is ready to accept connections[39m
Tue Aug 12 2025 17:24:26 [SERVER-NAME] warn: [33mWorker 49548 exited with error code: 1[39m
Tue Aug 12 2025 17:24:26 [SERVER-NAME] info: [34mRestarting worker 49548 in 20000ms (attempt 3)[39m
Tue Aug 12 2025 17:24:26 [SERVER-NAME] warn: [33mWorker 11804 exited with error code: 1[39m
Tue Aug 12 2025 17:24:26 [SERVER-NAME] info: [34mRestarting worker 11804 in 20000ms (attempt 3)[39m
Tue Aug 12 2025 17:24:26 [SERVER-NAME] warn: [33mWorker 41376 exited with error code: 1[39m
Tue Aug 12 2025 17:24:26 [SERVER-NAME] info: [34mRestarting worker 41376 in 20000ms (attempt 3)[39m
Tue Aug 12 2025 17:24:26 [SERVER-NAME] warn: [33mWorker 44064 exited with error code: 1[39m
Tue Aug 12 2025 17:24:26 [SERVER-NAME] info: [34mRestarting worker 44064 in 20000ms (attempt 3)[39m
Tue Aug 12 2025 17:24:26 [SERVER-NAME] warn: [33mWorker 40216 exited with error code: 1[39m
Tue Aug 12 2025 17:24:26 [SERVER-NAME] info: [34mRestarting worker 40216 in 20000ms (attempt 3)[39m
Tue Aug 12 2025 17:24:26 [SERVER-NAME] warn: [33mWorker 46576 exited with error code: 1[39m
Tue Aug 12 2025 17:24:26 [SERVER-NAME] info: [34mRestarting worker 46576 in 20000ms (attempt 3)[39m
Tue Aug 12 2025 17:24:26 [SERVER-NAME] warn: [33mWorker 47500 exited with error code: 1[39m
Tue Aug 12 2025 17:24:26 [SERVER-NAME] info: [34mRestarting worker 47500 in 20000ms (attempt 3)[39m
Tue Aug 12 2025 17:24:26 [SERVER-NAME] warn: [33mWorker 49140 exited with error code: 1[39m
Tue Aug 12 2025 17:24:26 [SERVER-NAME] info: [34mRestarting worker 49140 in 20000ms (attempt 3)[39m
Tue Aug 12 2025 17:24:26 [SERVER-NAME] warn: [33mWorker 38516 exited with error code: 1[39m
Tue Aug 12 2025 17:24:26 [SERVER-NAME] info: [34mRestarting worker 38516 in 20000ms (attempt 3)[39m
Tue Aug 12 2025 17:24:26 [SERVER-NAME] warn: [33mWorker 25764 exited with error code: 1[39m
Tue Aug 12 2025 17:24:26 [SERVER-NAME] info: [34mRestarting worker 25764 in 20000ms (attempt 3)[39m
Tue Aug 12 2025 17:24:26 [SERVER-NAME] warn: [33mWorker 26308 exited with error code: 1[39m
Tue Aug 12 2025 17:24:26 [SERVER-NAME] info: [34mRestarting worker 26308 in 20000ms (attempt 3)[39m
Tue Aug 12 2025 17:24:26 [SERVER-NAME] warn: [33mWorker 24452 exited with error code: 1[39m
Tue Aug 12 2025 17:24:26 [SERVER-NAME] info: [34mRestarting worker 24452 in 20000ms (attempt 3)[39m
Tue Aug 12 2025 17:24:49 [SERVER-NAME] info: [34mWorker 27932 started[39m
Tue Aug 12 2025 17:24:49 [SERVER-NAME] info: [32mConfig validation successful.[39m
Tue Aug 12 2025 17:24:49 [SERVER-NAME] info: [34mWorker 45804 started[39m
Tue Aug 12 2025 17:24:49 [SERVER-NAME] info: [32mConfig validation successful.[39m
Tue Aug 12 2025 17:24:49 [SERVER-NAME] info: [32m🚀 Database connected successfully[39m
Tue Aug 12 2025 17:24:49 [SERVER-NAME] info: [32m🚀 Database connected successfully[39m
Tue Aug 12 2025 17:24:49 [SERVER-NAME] info: [33m♻️  Socket is listening on same port 7000[39m
Tue Aug 12 2025 17:24:49 [SERVER-NAME] info: [33m♻️  Socket is listening on same port 7000[39m
Tue Aug 12 2025 17:24:49 [SERVER-NAME] info: [34mWorker 29676 started[39m
Tue Aug 12 2025 17:24:49 [SERVER-NAME] info: [32mConfig validation successful.[39m
Tue Aug 12 2025 17:24:49 [SERVER-NAME] info: [32m🚀 Database connected successfully[39m
Tue Aug 12 2025 17:24:49 [SERVER-NAME] info: [34mWorker 2652 started[39m
Tue Aug 12 2025 17:24:49 [SERVER-NAME] info: [32mConfig validation successful.[39m
Tue Aug 12 2025 17:24:49 [SERVER-NAME] info: [33m♻️  Socket is listening on same port 7000[39m
Tue Aug 12 2025 17:24:49 [SERVER-NAME] info: [34mWorker 49084 started[39m
Tue Aug 12 2025 17:24:49 [SERVER-NAME] info: [32mConfig validation successful.[39m
Tue Aug 12 2025 17:24:49 [SERVER-NAME] info: [32m🚀 Database connected successfully[39m
Tue Aug 12 2025 17:24:49 [SERVER-NAME] info: [33m♻️  Socket is listening on same port 7000[39m
Tue Aug 12 2025 17:24:49 [SERVER-NAME] info: [32m🚀 Database connected successfully[39m
Tue Aug 12 2025 17:24:49 [SERVER-NAME] info: [34mWorker 28616 started[39m
Tue Aug 12 2025 17:24:49 [SERVER-NAME] info: [32mConfig validation successful.[39m
Tue Aug 12 2025 17:24:49 [SERVER-NAME] info: [34mWorker 32272 started[39m
Tue Aug 12 2025 17:24:49 [SERVER-NAME] info: [32mConfig validation successful.[39m
Tue Aug 12 2025 17:24:49 [SERVER-NAME] info: [32m🚀 Database connected successfully[39m
Tue Aug 12 2025 17:24:49 [SERVER-NAME] info: [33m♻️  Socket is listening on same port 7000[39m
Tue Aug 12 2025 17:24:49 [SERVER-NAME] info: [34mWorker 23968 started[39m
Tue Aug 12 2025 17:24:49 [SERVER-NAME] info: [32mConfig validation successful.[39m
Tue Aug 12 2025 17:24:49 [SERVER-NAME] info: [34mWorker 44512 started[39m
Tue Aug 12 2025 17:24:49 [SERVER-NAME] info: [32mConfig validation successful.[39m
Tue Aug 12 2025 17:24:49 [SERVER-NAME] info: [34mWorker 29032 started[39m
Tue Aug 12 2025 17:24:49 [SERVER-NAME] info: [32mConfig validation successful.[39m
Tue Aug 12 2025 17:24:49 [SERVER-NAME] info: [33m♻️  Socket is listening on same port 7000[39m
Tue Aug 12 2025 17:24:49 [SERVER-NAME] info: [32m🚀 Database connected successfully[39m
Tue Aug 12 2025 17:24:49 [SERVER-NAME] info: [32m🚀 Database connected successfully[39m
Tue Aug 12 2025 17:24:49 [SERVER-NAME] info: [32m🚀 Database connected successfully[39m
Tue Aug 12 2025 17:24:49 [SERVER-NAME] info: [32m🚀 Database connected successfully[39m
Tue Aug 12 2025 17:24:49 [SERVER-NAME] info: [33m♻️  Socket is listening on same port 7000[39m
Tue Aug 12 2025 17:24:49 [SERVER-NAME] info: [34mWorker 17092 started[39m
Tue Aug 12 2025 17:24:49 [SERVER-NAME] info: [32mConfig validation successful.[39m
Tue Aug 12 2025 17:24:49 [SERVER-NAME] info: [33m♻️  Socket is listening on same port 7000[39m
Tue Aug 12 2025 17:24:49 [SERVER-NAME] info: [33m♻️  Socket is listening on same port 7000[39m
Tue Aug 12 2025 17:24:49 [SERVER-NAME] info: [33m♻️  Socket is listening on same port 7000[39m
Tue Aug 12 2025 17:24:49 [SERVER-NAME] info: [32m🚀 Database connected successfully[39m
Tue Aug 12 2025 17:24:49 [SERVER-NAME] info: [33m♻️  Socket is listening on same port 7000[39m
Tue Aug 12 2025 17:24:49 [SERVER-NAME] info: [34mWorker 43316 started[39m
Tue Aug 12 2025 17:24:49 [SERVER-NAME] info: [32mConfig validation successful.[39m
Tue Aug 12 2025 17:24:49 [SERVER-NAME] info: [32m🚀 Database connected successfully[39m
Tue Aug 12 2025 17:24:49 [SERVER-NAME] info: [33m♻️  Socket is listening on same port 7000[39m
Tue Aug 12 2025 17:24:50 [SERVER-NAME] info: [32mWorker 29676 is ready to accept connections[39m
Tue Aug 12 2025 17:24:50 [SERVER-NAME] info: [32mWorker 45804 is ready to accept connections[39m
Tue Aug 12 2025 17:24:50 [SERVER-NAME] info: [32mWorker 27932 is ready to accept connections[39m
Tue Aug 12 2025 17:24:50 [SERVER-NAME] info: [32mWorker 49084 is ready to accept connections[39m
Tue Aug 12 2025 17:24:50 [SERVER-NAME] info: [32mWorker 2652 is ready to accept connections[39m
Tue Aug 12 2025 17:24:50 [SERVER-NAME] info: [32mWorker 28616 is ready to accept connections[39m
Tue Aug 12 2025 17:24:50 [SERVER-NAME] info: [32mWorker 23968 is ready to accept connections[39m
Tue Aug 12 2025 17:24:50 [SERVER-NAME] info: [32mWorker 32272 is ready to accept connections[39m
Tue Aug 12 2025 17:24:50 [SERVER-NAME] info: [32mWorker 29032 is ready to accept connections[39m
Tue Aug 12 2025 17:24:50 [SERVER-NAME] info: [32mWorker 43316 is ready to accept connections[39m
Tue Aug 12 2025 17:24:50 [SERVER-NAME] info: [32mWorker 44512 is ready to accept connections[39m
Tue Aug 12 2025 17:24:50 [SERVER-NAME] info: [32mWorker 17092 is ready to accept connections[39m
Tue Aug 12 2025 17:24:51 [SERVER-NAME] warn: [33mWorker 29676 exited with error code: 1[39m
Tue Aug 12 2025 17:24:51 [SERVER-NAME] info: [34mRestarting worker 29676 in 40000ms (attempt 4)[39m
Tue Aug 12 2025 17:24:51 [SERVER-NAME] warn: [33mWorker 49084 exited with error code: 1[39m
Tue Aug 12 2025 17:24:51 [SERVER-NAME] info: [34mRestarting worker 49084 in 40000ms (attempt 4)[39m
Tue Aug 12 2025 17:24:51 [SERVER-NAME] warn: [33mWorker 45804 exited with error code: 1[39m
Tue Aug 12 2025 17:24:51 [SERVER-NAME] info: [34mRestarting worker 45804 in 40000ms (attempt 4)[39m
Tue Aug 12 2025 17:24:51 [SERVER-NAME] warn: [33mWorker 27932 exited with error code: 1[39m
Tue Aug 12 2025 17:24:51 [SERVER-NAME] info: [34mRestarting worker 27932 in 40000ms (attempt 4)[39m
Tue Aug 12 2025 17:24:51 [SERVER-NAME] warn: [33mWorker 2652 exited with error code: 1[39m
Tue Aug 12 2025 17:24:51 [SERVER-NAME] info: [34mRestarting worker 2652 in 40000ms (attempt 4)[39m
Tue Aug 12 2025 17:24:51 [SERVER-NAME] warn: [33mWorker 32272 exited with error code: 1[39m
Tue Aug 12 2025 17:24:51 [SERVER-NAME] info: [34mRestarting worker 32272 in 40000ms (attempt 4)[39m
Tue Aug 12 2025 17:24:51 [SERVER-NAME] warn: [33mWorker 17092 exited with error code: 1[39m
Tue Aug 12 2025 17:24:51 [SERVER-NAME] info: [34mRestarting worker 17092 in 40000ms (attempt 4)[39m
Tue Aug 12 2025 17:24:51 [SERVER-NAME] warn: [33mWorker 44512 exited with error code: 1[39m
Tue Aug 12 2025 17:24:51 [SERVER-NAME] info: [34mRestarting worker 44512 in 40000ms (attempt 4)[39m
Tue Aug 12 2025 17:24:51 [SERVER-NAME] warn: [33mWorker 28616 exited with error code: 1[39m
Tue Aug 12 2025 17:24:51 [SERVER-NAME] info: [34mRestarting worker 28616 in 40000ms (attempt 4)[39m
Tue Aug 12 2025 17:24:51 [SERVER-NAME] warn: [33mWorker 43316 exited with error code: 1[39m
Tue Aug 12 2025 17:24:51 [SERVER-NAME] info: [34mRestarting worker 43316 in 40000ms (attempt 4)[39m
Tue Aug 12 2025 17:24:51 [SERVER-NAME] warn: [33mWorker 29032 exited with error code: 1[39m
Tue Aug 12 2025 17:24:51 [SERVER-NAME] info: [34mRestarting worker 29032 in 40000ms (attempt 4)[39m
Tue Aug 12 2025 17:24:51 [SERVER-NAME] warn: [33mWorker 23968 exited with error code: 1[39m
Tue Aug 12 2025 17:24:51 [SERVER-NAME] info: [34mRestarting worker 23968 in 40000ms (attempt 4)[39m
Tue Aug 12 2025 17:25:34 [SERVER-NAME] info: [34mWorker 1244 started[39m
Tue Aug 12 2025 17:25:34 [SERVER-NAME] info: [32mConfig validation successful.[39m
Tue Aug 12 2025 17:25:34 [SERVER-NAME] info: [34mWorker 43976 started[39m
Tue Aug 12 2025 17:25:34 [SERVER-NAME] info: [32mConfig validation successful.[39m
Tue Aug 12 2025 17:25:34 [SERVER-NAME] info: [34mWorker 27836 started[39m
Tue Aug 12 2025 17:25:34 [SERVER-NAME] info: [32mConfig validation successful.[39m
Tue Aug 12 2025 17:25:34 [SERVER-NAME] info: [34mWorker 46876 started[39m
Tue Aug 12 2025 17:25:34 [SERVER-NAME] info: [32mConfig validation successful.[39m
Tue Aug 12 2025 17:25:34 [SERVER-NAME] info: [32m🚀 Database connected successfully[39m
Tue Aug 12 2025 17:25:34 [SERVER-NAME] info: [32m🚀 Database connected successfully[39m
Tue Aug 12 2025 17:25:34 [SERVER-NAME] info: [34mWorker 7012 started[39m
Tue Aug 12 2025 17:25:34 [SERVER-NAME] info: [32mConfig validation successful.[39m
Tue Aug 12 2025 17:25:34 [SERVER-NAME] info: [34mWorker 42500 started[39m
Tue Aug 12 2025 17:25:34 [SERVER-NAME] info: [32mConfig validation successful.[39m
Tue Aug 12 2025 17:25:34 [SERVER-NAME] info: [33m♻️  Socket is listening on same port 7000[39m
Tue Aug 12 2025 17:25:34 [SERVER-NAME] info: [32m🚀 Database connected successfully[39m
Tue Aug 12 2025 17:25:34 [SERVER-NAME] info: [32m🚀 Database connected successfully[39m
Tue Aug 12 2025 17:25:34 [SERVER-NAME] info: [34mWorker 46944 started[39m
Tue Aug 12 2025 17:25:34 [SERVER-NAME] info: [32mConfig validation successful.[39m
Tue Aug 12 2025 17:25:34 [SERVER-NAME] info: [34mWorker 47412 started[39m
Tue Aug 12 2025 17:25:34 [SERVER-NAME] info: [32mConfig validation successful.[39m
Tue Aug 12 2025 17:25:34 [SERVER-NAME] info: [32m🚀 Database connected successfully[39m
Tue Aug 12 2025 17:25:34 [SERVER-NAME] info: [32m🚀 Database connected successfully[39m
Tue Aug 12 2025 17:25:34 [SERVER-NAME] info: [33m♻️  Socket is listening on same port 7000[39m
Tue Aug 12 2025 17:25:34 [SERVER-NAME] info: [32m🚀 Database connected successfully[39m
Tue Aug 12 2025 17:25:34 [SERVER-NAME] info: [32m🚀 Database connected successfully[39m
Tue Aug 12 2025 17:25:34 [SERVER-NAME] info: [33m♻️  Socket is listening on same port 7000[39m
Tue Aug 12 2025 17:25:34 [SERVER-NAME] info: [34mWorker 45704 started[39m
Tue Aug 12 2025 17:25:34 [SERVER-NAME] info: [32mConfig validation successful.[39m
Tue Aug 12 2025 17:25:34 [SERVER-NAME] info: [33m♻️  Socket is listening on same port 7000[39m
Tue Aug 12 2025 17:25:34 [SERVER-NAME] info: [33m♻️  Socket is listening on same port 7000[39m
Tue Aug 12 2025 17:25:34 [SERVER-NAME] info: [33m♻️  Socket is listening on same port 7000[39m
Tue Aug 12 2025 17:25:34 [SERVER-NAME] info: [33m♻️  Socket is listening on same port 7000[39m
Tue Aug 12 2025 17:25:34 [SERVER-NAME] info: [32m🚀 Database connected successfully[39m
Tue Aug 12 2025 17:25:34 [SERVER-NAME] info: [34mWorker 39356 started[39m
Tue Aug 12 2025 17:25:34 [SERVER-NAME] info: [32mConfig validation successful.[39m
Tue Aug 12 2025 17:25:34 [SERVER-NAME] info: [33m♻️  Socket is listening on same port 7000[39m
Tue Aug 12 2025 17:25:34 [SERVER-NAME] info: [33m♻️  Socket is listening on same port 7000[39m
Tue Aug 12 2025 17:25:34 [SERVER-NAME] info: [32m🚀 Database connected successfully[39m
Tue Aug 12 2025 17:25:34 [SERVER-NAME] info: [34mWorker 32128 started[39m
Tue Aug 12 2025 17:25:34 [SERVER-NAME] info: [32mConfig validation successful.[39m
Tue Aug 12 2025 17:25:34 [SERVER-NAME] info: [33m♻️  Socket is listening on same port 7000[39m
Tue Aug 12 2025 17:25:34 [SERVER-NAME] info: [32m🚀 Database connected successfully[39m
Tue Aug 12 2025 17:25:34 [SERVER-NAME] info: [33m♻️  Socket is listening on same port 7000[39m
Tue Aug 12 2025 17:25:34 [SERVER-NAME] info: [34mWorker 12664 started[39m
Tue Aug 12 2025 17:25:34 [SERVER-NAME] info: [32mConfig validation successful.[39m
Tue Aug 12 2025 17:25:34 [SERVER-NAME] info: [32m🚀 Database connected successfully[39m
Tue Aug 12 2025 17:25:34 [SERVER-NAME] info: [33m♻️  Socket is listening on same port 7000[39m
Tue Aug 12 2025 17:25:34 [SERVER-NAME] info: [32mWorker 7012 is ready to accept connections[39m
Tue Aug 12 2025 17:25:35 [SERVER-NAME] info: [32mWorker 27836 is ready to accept connections[39m
Tue Aug 12 2025 17:25:35 [SERVER-NAME] info: [32mWorker 42500 is ready to accept connections[39m
Tue Aug 12 2025 17:25:35 [SERVER-NAME] info: [32mWorker 43976 is ready to accept connections[39m
Tue Aug 12 2025 17:25:35 [SERVER-NAME] info: [32mWorker 39356 is ready to accept connections[39m
Tue Aug 12 2025 17:25:35 [SERVER-NAME] info: [32mWorker 46944 is ready to accept connections[39m
Tue Aug 12 2025 17:25:35 [SERVER-NAME] info: [32mWorker 45704 is ready to accept connections[39m
Tue Aug 12 2025 17:25:35 [SERVER-NAME] info: [32mWorker 46876 is ready to accept connections[39m
Tue Aug 12 2025 17:25:35 [SERVER-NAME] info: [32mWorker 32128 is ready to accept connections[39m
Tue Aug 12 2025 17:25:35 [SERVER-NAME] info: [32mWorker 1244 is ready to accept connections[39m
Tue Aug 12 2025 17:25:35 [SERVER-NAME] info: [32mWorker 47412 is ready to accept connections[39m
Tue Aug 12 2025 17:25:35 [SERVER-NAME] info: [32mWorker 12664 is ready to accept connections[39m
Tue Aug 12 2025 17:25:36 [SERVER-NAME] warn: [33mWorker 7012 exited with error code: 1[39m
Tue Aug 12 2025 17:25:36 [SERVER-NAME] info: [34mRestarting worker 7012 in 60000ms (attempt 5)[39m
Tue Aug 12 2025 17:25:36 [SERVER-NAME] warn: [33mWorker 27836 exited with error code: 1[39m
Tue Aug 12 2025 17:25:36 [SERVER-NAME] info: [34mRestarting worker 27836 in 60000ms (attempt 5)[39m
Tue Aug 12 2025 17:25:36 [SERVER-NAME] warn: [33mWorker 46876 exited with error code: 1[39m
Tue Aug 12 2025 17:25:36 [SERVER-NAME] info: [34mRestarting worker 46876 in 60000ms (attempt 5)[39m
Tue Aug 12 2025 17:25:36 [SERVER-NAME] warn: [33mWorker 47412 exited with error code: 1[39m
Tue Aug 12 2025 17:25:36 [SERVER-NAME] info: [34mRestarting worker 47412 in 60000ms (attempt 5)[39m
Tue Aug 12 2025 17:25:36 [SERVER-NAME] warn: [33mWorker 39356 exited with error code: 1[39m
Tue Aug 12 2025 17:25:36 [SERVER-NAME] info: [34mRestarting worker 39356 in 60000ms (attempt 5)[39m
Tue Aug 12 2025 17:25:36 [SERVER-NAME] warn: [33mWorker 45704 exited with error code: 1[39m
Tue Aug 12 2025 17:25:36 [SERVER-NAME] info: [34mRestarting worker 45704 in 60000ms (attempt 5)[39m
Tue Aug 12 2025 17:25:36 [SERVER-NAME] warn: [33mWorker 1244 exited with error code: 1[39m
Tue Aug 12 2025 17:25:36 [SERVER-NAME] info: [34mRestarting worker 1244 in 60000ms (attempt 5)[39m
Tue Aug 12 2025 17:25:36 [SERVER-NAME] warn: [33mWorker 32128 exited with error code: 1[39m
Tue Aug 12 2025 17:25:36 [SERVER-NAME] info: [34mRestarting worker 32128 in 60000ms (attempt 5)[39m
Tue Aug 12 2025 17:25:36 [SERVER-NAME] warn: [33mWorker 46944 exited with error code: 1[39m
Tue Aug 12 2025 17:25:36 [SERVER-NAME] info: [34mRestarting worker 46944 in 60000ms (attempt 5)[39m
Tue Aug 12 2025 17:25:36 [SERVER-NAME] warn: [33mWorker 43976 exited with error code: 1[39m
Tue Aug 12 2025 17:25:36 [SERVER-NAME] info: [34mRestarting worker 43976 in 60000ms (attempt 5)[39m
Tue Aug 12 2025 17:25:36 [SERVER-NAME] warn: [33mWorker 42500 exited with error code: 1[39m
Tue Aug 12 2025 17:25:36 [SERVER-NAME] info: [34mRestarting worker 42500 in 60000ms (attempt 5)[39m
Tue Aug 12 2025 17:25:36 [SERVER-NAME] warn: [33mWorker 12664 exited with error code: 1[39m
Tue Aug 12 2025 17:25:36 [SERVER-NAME] info: [34mRestarting worker 12664 in 60000ms (attempt 5)[39m
Tue Aug 12 2025 17:26:38 [SERVER-NAME] info: [34mWorker 34172 started[39m
Tue Aug 12 2025 17:26:38 [SERVER-NAME] info: [32mConfig validation successful.[39m
Tue Aug 12 2025 17:26:38 [SERVER-NAME] info: [34mWorker 21544 started[39m
Tue Aug 12 2025 17:26:38 [SERVER-NAME] info: [32mConfig validation successful.[39m
Tue Aug 12 2025 17:26:38 [SERVER-NAME] info: [34mWorker 37184 started[39m
Tue Aug 12 2025 17:26:38 [SERVER-NAME] info: [32mConfig validation successful.[39m
Tue Aug 12 2025 17:26:38 [SERVER-NAME] info: [34mWorker 21488 started[39m
Tue Aug 12 2025 17:26:38 [SERVER-NAME] info: [32mConfig validation successful.[39m
Tue Aug 12 2025 17:26:38 [SERVER-NAME] info: [32m🚀 Database connected successfully[39m
Tue Aug 12 2025 17:26:38 [SERVER-NAME] info: [34mWorker 31880 started[39m
Tue Aug 12 2025 17:26:38 [SERVER-NAME] info: [32mConfig validation successful.[39m
Tue Aug 12 2025 17:26:38 [SERVER-NAME] info: [33m♻️  Socket is listening on same port 7000[39m
Tue Aug 12 2025 17:26:38 [SERVER-NAME] info: [32m🚀 Database connected successfully[39m
Tue Aug 12 2025 17:26:38 [SERVER-NAME] info: [34mWorker 15592 started[39m
Tue Aug 12 2025 17:26:38 [SERVER-NAME] info: [32mConfig validation successful.[39m
Tue Aug 12 2025 17:26:38 [SERVER-NAME] info: [32m🚀 Database connected successfully[39m
Tue Aug 12 2025 17:26:38 [SERVER-NAME] info: [33m♻️  Socket is listening on same port 7000[39m
Tue Aug 12 2025 17:26:38 [SERVER-NAME] info: [32m🚀 Database connected successfully[39m
Tue Aug 12 2025 17:26:38 [SERVER-NAME] info: [32m🚀 Database connected successfully[39m
Tue Aug 12 2025 17:26:38 [SERVER-NAME] info: [34mWorker 48520 started[39m
Tue Aug 12 2025 17:26:38 [SERVER-NAME] info: [32mConfig validation successful.[39m
Tue Aug 12 2025 17:26:38 [SERVER-NAME] info: [32m🚀 Database connected successfully[39m
Tue Aug 12 2025 17:26:38 [SERVER-NAME] info: [33m♻️  Socket is listening on same port 7000[39m
Tue Aug 12 2025 17:26:39 [SERVER-NAME] info: [32m🚀 Database connected successfully[39m
Tue Aug 12 2025 17:26:38 [SERVER-NAME] info: [33m♻️  Socket is listening on same port 7000[39m
Tue Aug 12 2025 17:26:38 [SERVER-NAME] info: [33m♻️  Socket is listening on same port 7000[39m
Tue Aug 12 2025 17:26:39 [SERVER-NAME] info: [33m♻️  Socket is listening on same port 7000[39m
Tue Aug 12 2025 17:26:39 [SERVER-NAME] info: [33m♻️  Socket is listening on same port 7000[39m
Tue Aug 12 2025 17:26:38 [SERVER-NAME] info: [34mWorker 27360 started[39m
Tue Aug 12 2025 17:26:38 [SERVER-NAME] info: [32mConfig validation successful.[39m
Tue Aug 12 2025 17:26:39 [SERVER-NAME] info: [32m🚀 Database connected successfully[39m
Tue Aug 12 2025 17:26:39 [SERVER-NAME] info: [33m♻️  Socket is listening on same port 7000[39m
Tue Aug 12 2025 17:26:39 [SERVER-NAME] info: [34mWorker 24564 started[39m
Tue Aug 12 2025 17:26:39 [SERVER-NAME] info: [32mConfig validation successful.[39m
Tue Aug 12 2025 17:26:39 [SERVER-NAME] info: [34mWorker 16248 started[39m
Tue Aug 12 2025 17:26:39 [SERVER-NAME] info: [32mConfig validation successful.[39m
Tue Aug 12 2025 17:26:39 [SERVER-NAME] info: [32m🚀 Database connected successfully[39m
Tue Aug 12 2025 17:26:39 [SERVER-NAME] info: [32m🚀 Database connected successfully[39m
Tue Aug 12 2025 17:26:39 [SERVER-NAME] info: [33m♻️  Socket is listening on same port 7000[39m
Tue Aug 12 2025 17:26:39 [SERVER-NAME] info: [34mWorker 46148 started[39m
Tue Aug 12 2025 17:26:39 [SERVER-NAME] info: [32mConfig validation successful.[39m
Tue Aug 12 2025 17:26:39 [SERVER-NAME] info: [34mWorker 33868 started[39m
Tue Aug 12 2025 17:26:39 [SERVER-NAME] info: [32mConfig validation successful.[39m
Tue Aug 12 2025 17:26:39 [SERVER-NAME] info: [33m♻️  Socket is listening on same port 7000[39m
Tue Aug 12 2025 17:26:39 [SERVER-NAME] info: [32m🚀 Database connected successfully[39m
Tue Aug 12 2025 17:26:39 [SERVER-NAME] info: [32m🚀 Database connected successfully[39m
Tue Aug 12 2025 17:26:39 [SERVER-NAME] info: [33m♻️  Socket is listening on same port 7000[39m
Tue Aug 12 2025 17:26:39 [SERVER-NAME] info: [33m♻️  Socket is listening on same port 7000[39m
Tue Aug 12 2025 17:26:40 [SERVER-NAME] info: [32mWorker 31880 is ready to accept connections[39m
Tue Aug 12 2025 17:26:40 [SERVER-NAME] info: [32mWorker 37184 is ready to accept connections[39m
Tue Aug 12 2025 17:26:40 [SERVER-NAME] info: [32mWorker 27360 is ready to accept connections[39m
Tue Aug 12 2025 17:26:40 [SERVER-NAME] info: [32mWorker 21544 is ready to accept connections[39m
Tue Aug 12 2025 17:26:40 [SERVER-NAME] info: [32mWorker 21488 is ready to accept connections[39m
Tue Aug 12 2025 17:26:40 [SERVER-NAME] info: [32mWorker 46148 is ready to accept connections[39m
Tue Aug 12 2025 17:26:40 [SERVER-NAME] info: [32mWorker 48520 is ready to accept connections[39m
Tue Aug 12 2025 17:26:40 [SERVER-NAME] info: [32mWorker 15592 is ready to accept connections[39m
Tue Aug 12 2025 17:26:40 [SERVER-NAME] info: [32mWorker 16248 is ready to accept connections[39m
Tue Aug 12 2025 17:26:40 [SERVER-NAME] info: [32mWorker 34172 is ready to accept connections[39m
Tue Aug 12 2025 17:26:40 [SERVER-NAME] info: [32mWorker 24564 is ready to accept connections[39m
Tue Aug 12 2025 17:26:40 [SERVER-NAME] info: [32mWorker 33868 is ready to accept connections[39m
Tue Aug 12 2025 17:26:41 [SERVER-NAME] warn: [33mWorker 31880 exited with error code: 1[39m
Tue Aug 12 2025 17:26:41 [SERVER-NAME] error: [31mWorker 31880 failed to restart after 5 attempts[39m
Tue Aug 12 2025 17:26:41 [SERVER-NAME] warn: [33mWorker 48520 exited with error code: 1[39m
Tue Aug 12 2025 17:26:41 [SERVER-NAME] error: [31mWorker 48520 failed to restart after 5 attempts[39m
Tue Aug 12 2025 17:26:41 [SERVER-NAME] warn: [33mWorker 46148 exited with error code: 1[39m
Tue Aug 12 2025 17:26:41 [SERVER-NAME] error: [31mWorker 46148 failed to restart after 5 attempts[39m
Tue Aug 12 2025 17:26:41 [SERVER-NAME] warn: [33mWorker 21544 exited with error code: 1[39m
Tue Aug 12 2025 17:26:41 [SERVER-NAME] error: [31mWorker 21544 failed to restart after 5 attempts[39m
Tue Aug 12 2025 17:26:41 [SERVER-NAME] warn: [33mWorker 21488 exited with error code: 1[39m
Tue Aug 12 2025 17:26:41 [SERVER-NAME] error: [31mWorker 21488 failed to restart after 5 attempts[39m
Tue Aug 12 2025 17:26:41 [SERVER-NAME] warn: [33mWorker 37184 exited with error code: 1[39m
Tue Aug 12 2025 17:26:41 [SERVER-NAME] error: [31mWorker 37184 failed to restart after 5 attempts[39m
Tue Aug 12 2025 17:26:41 [SERVER-NAME] warn: [33mWorker 27360 exited with error code: 1[39m
Tue Aug 12 2025 17:26:41 [SERVER-NAME] error: [31mWorker 27360 failed to restart after 5 attempts[39m
Tue Aug 12 2025 17:26:41 [SERVER-NAME] warn: [33mWorker 34172 exited with error code: 1[39m
Tue Aug 12 2025 17:26:41 [SERVER-NAME] error: [31mWorker 34172 failed to restart after 5 attempts[39m
Tue Aug 12 2025 17:26:41 [SERVER-NAME] warn: [33mWorker 16248 exited with error code: 1[39m
Tue Aug 12 2025 17:26:41 [SERVER-NAME] error: [31mWorker 16248 failed to restart after 5 attempts[39m
Tue Aug 12 2025 17:26:41 [SERVER-NAME] warn: [33mWorker 15592 exited with error code: 1[39m
Tue Aug 12 2025 17:26:41 [SERVER-NAME] error: [31mWorker 15592 failed to restart after 5 attempts[39m
Tue Aug 12 2025 17:26:41 [SERVER-NAME] warn: [33mWorker 33868 exited with error code: 1[39m
Tue Aug 12 2025 17:26:41 [SERVER-NAME] error: [31mWorker 33868 failed to restart after 5 attempts[39m
Tue Aug 12 2025 17:26:41 [SERVER-NAME] warn: [33mWorker 24564 exited with error code: 1[39m
Tue Aug 12 2025 17:26:41 [SERVER-NAME] error: [31mWorker 24564 failed to restart after 5 attempts[39m
