Sat Jun 14 2025 15:14:5 [SERVER-NAME] info: [32mConfig validation successful.[39m
Sat Jun 14 2025 15:14:5 [SERVER-NAME] info: [32m🚀 Database connected successfully[39m
Sat Jun 14 2025 15:14:5 [SERVER-NAME] info: [33m♻️  Socket is listening on 69.62.67.86:6002[39m
Sat Jun 14 2025 15:14:6 [SERVER-NAME] info: [34mA user connected[39m
Sat Jun 14 2025 15:14:14 [SERVER-NAME] info: [34mSIGINT received. Shutting down gracefully...[39m
Sat Jun 14 2025 15:14:20 [SERVER-NAME] info: [32mConfig validation successful.[39m
Sat Jun 14 2025 15:14:20 [SERVER-NAME] info: [32m🚀 Database connected successfully[39m
Sat Jun 14 2025 15:14:20 [SERVER-NAME] info: [33m♻️  Socket is listening on 10.0.60.126:6002[39m
Sat Jun 14 2025 15:14:20 [SERVER-NAME] info: [33m♻️  Application listening on http://10.0.60.126:7000[39m
Sat Jun 14 2025 15:14:22 [SERVER-NAME] info: [34mA user connected[39m
Sat Jun 14 2025 15:14:38 [SERVER-NAME] info: [31mA user disconnect[39m
Sat Jun 14 2025 15:14:39 [SERVER-NAME] info: [34mA user connected[39m
Sat Jun 14 2025 15:14:50 [SERVER-NAME] info: [31mA user disconnect[39m
Sat Jun 14 2025 15:15:6 [SERVER-NAME] info: [34mA user connected[39m
Sat Jun 14 2025 15:17:2 [SERVER-NAME] info: [34mA user connected[39m
Sat Jun 14 2025 15:17:47 [SERVER-NAME] info: 10.0.60.126 - POST /api/v1/auth/login 200 - 617.622 ms
Sat Jun 14 2025 15:19:31 [SERVER-NAME] info: 10.0.60.126 - POST /api/v1/auth/login 200 - 260.419 ms
Sat Jun 14 2025 15:19:34 [SERVER-NAME] info: [34mA user connected[39m
Sat Jun 14 2025 15:19:39 [SERVER-NAME] info: 10.0.60.126 - POST /api/v1/auth/login 200 - 267.797 ms
Sat Jun 14 2025 15:20:4 [SERVER-NAME] info: 10.0.60.126 - POST /api/v1/auth/login 200 - 248.471 ms
Sat Jun 14 2025 15:20:17 [SERVER-NAME] info: [31mA user disconnect[39m
Sat Jun 14 2025 15:22:32 [SERVER-NAME] info: [31mA user disconnect[39m
Sat Jun 14 2025 15:22:32 [SERVER-NAME] info: [34mA user connected[39m
Sat Jun 14 2025 15:23:25 [SERVER-NAME] info: [31mA user disconnect[39m
Sat Jun 14 2025 15:23:25 [SERVER-NAME] info: [34mA user connected[39m
Sat Jun 14 2025 15:23:28 [SERVER-NAME] info: [31mA user disconnect[39m
Sat Jun 14 2025 15:23:28 [SERVER-NAME] info: [34mA user connected[39m
Sat Jun 14 2025 15:23:29 [SERVER-NAME] info: [31mA user disconnect[39m
Sat Jun 14 2025 15:23:32 [SERVER-NAME] info: [34mA user connected[39m
Sat Jun 14 2025 15:23:40 [SERVER-NAME] info: [31mA user disconnect[39m
Sat Jun 14 2025 15:23:41 [SERVER-NAME] info: [34mA user connected[39m
Sat Jun 14 2025 15:24:0 [SERVER-NAME] info: [31mA user disconnect[39m
Sat Jun 14 2025 15:24:0 [SERVER-NAME] info: [34mA user connected[39m
Sat Jun 14 2025 15:24:4 [SERVER-NAME] info: [31mA user disconnect[39m
Sat Jun 14 2025 15:24:4 [SERVER-NAME] info: [34mA user connected[39m
Sat Jun 14 2025 15:24:6 [SERVER-NAME] info: [31mA user disconnect[39m
Sat Jun 14 2025 15:24:6 [SERVER-NAME] info: [34mA user connected[39m
Sat Jun 14 2025 15:25:57 [SERVER-NAME] info: [31mA user disconnect[39m
Sat Jun 14 2025 15:25:57 [SERVER-NAME] info: [34mA user connected[39m
Sat Jun 14 2025 15:26:11 [SERVER-NAME] info: [31mA user disconnect[39m
Sat Jun 14 2025 15:26:12 [SERVER-NAME] info: [34mA user connected[39m
Sat Jun 14 2025 15:26:30 [SERVER-NAME] info: [31mA user disconnect[39m
Sat Jun 14 2025 15:26:41 [SERVER-NAME] info: [34mA user connected[39m
Sat Jun 14 2025 15:29:54 [SERVER-NAME] info: [31mA user disconnect[39m
Sat Jun 14 2025 15:30:22 [SERVER-NAME] info: [34mA user connected[39m
Sat Jun 14 2025 15:30:42 [SERVER-NAME] info: 10.0.60.147 - POST /api/v1/auth/login 200 - 275.635 ms
Sat Jun 14 2025 15:32:9 [SERVER-NAME] info: 10.0.60.147 - POST /api/v1/auth/login 200 - 251.423 ms
Sat Jun 14 2025 15:38:10 [SERVER-NAME] info: [31mA user disconnect[39m
Sat Jun 14 2025 15:38:10 [SERVER-NAME] info: [34mA user connected[39m
Sat Jun 14 2025 15:39:17 [SERVER-NAME] info: [31mA user disconnect[39m
Sat Jun 14 2025 15:39:18 [SERVER-NAME] info: [34mA user connected[39m
Sat Jun 14 2025 15:40:18 [SERVER-NAME] info: [31mA user disconnect[39m
Sat Jun 14 2025 15:40:18 [SERVER-NAME] info: [34mA user connected[39m
Sat Jun 14 2025 15:40:22 [SERVER-NAME] info: [31mA user disconnect[39m
Sat Jun 14 2025 15:40:22 [SERVER-NAME] info: [34mA user connected[39m
Sat Jun 14 2025 15:40:24 [SERVER-NAME] info: [31mA user disconnect[39m
Sat Jun 14 2025 15:40:24 [SERVER-NAME] info: [34mA user connected[39m
Sat Jun 14 2025 15:40:25 [SERVER-NAME] info: [31mA user disconnect[39m
Sat Jun 14 2025 15:40:28 [SERVER-NAME] info: [34mA user connected[39m
Sat Jun 14 2025 15:42:19 [SERVER-NAME] info: [31mA user disconnect[39m
Sat Jun 14 2025 15:42:20 [SERVER-NAME] info: [34mA user connected[39m
Sat Jun 14 2025 15:45:0 [SERVER-NAME] info: [31mA user disconnect[39m
Sat Jun 14 2025 15:45:0 [SERVER-NAME] info: [34mA user connected[39m
Sat Jun 14 2025 15:45:8 [SERVER-NAME] info: [31mA user disconnect[39m
Sat Jun 14 2025 15:45:9 [SERVER-NAME] info: [34mA user connected[39m
Sat Jun 14 2025 15:45:10 [SERVER-NAME] info: [31mA user disconnect[39m
Sat Jun 14 2025 15:45:10 [SERVER-NAME] info: [34mA user connected[39m
Sat Jun 14 2025 15:45:42 [SERVER-NAME] info: [31mA user disconnect[39m
Sat Jun 14 2025 15:45:43 [SERVER-NAME] info: [34mA user connected[39m
Sat Jun 14 2025 15:45:44 [SERVER-NAME] info: [31mA user disconnect[39m
Sat Jun 14 2025 15:45:44 [SERVER-NAME] info: [34mA user connected[39m
Sat Jun 14 2025 15:46:23 [SERVER-NAME] info: [31mA user disconnect[39m
Sat Jun 14 2025 15:46:24 [SERVER-NAME] info: [34mA user connected[39m
Sat Jun 14 2025 15:46:25 [SERVER-NAME] info: [31mA user disconnect[39m
Sat Jun 14 2025 15:46:25 [SERVER-NAME] info: [34mA user connected[39m
Sat Jun 14 2025 15:47:30 [SERVER-NAME] info: [31mA user disconnect[39m
Sat Jun 14 2025 15:47:30 [SERVER-NAME] info: [34mA user connected[39m
Sat Jun 14 2025 15:49:27 [SERVER-NAME] info: [31mA user disconnect[39m
Sat Jun 14 2025 15:49:41 [SERVER-NAME] info: [34mA user connected[39m
Sat Jun 14 2025 15:52:11 [SERVER-NAME] info: 10.0.60.147 - POST /api/v1/auth/login 200 - 252.728 ms
Sat Jun 14 2025 15:52:53 [SERVER-NAME] info: [31mA user disconnect[39m
Sat Jun 14 2025 15:52:54 [SERVER-NAME] info: [34mA user connected[39m
Sat Jun 14 2025 15:53:22 [SERVER-NAME] info: 10.0.60.147 - POST /api/v1/auth/login 200 - 261.332 ms
Sat Jun 14 2025 15:53:50 [SERVER-NAME] info: [31mA user disconnect[39m
Sat Jun 14 2025 15:53:52 [SERVER-NAME] info: [34mA user connected[39m
Sat Jun 14 2025 15:57:51 [SERVER-NAME] info: [31mA user disconnect[39m
Sat Jun 14 2025 15:57:52 [SERVER-NAME] info: [34mA user connected[39m
