Mon Jul 14 2025 16:0:5 [SERVER-NAME] info: Mail send successfully
Mon Jul 14 2025 16:1:6 [SERVER-NAME] info: Mail send successfully
Mon Jul 14 2025 16:2:5 [SERVER-NAME] info: Mail send successfully
Mon Jul 14 2025 16:3:6 [SERVER-NAME] info: Mail send successfully
Mon Jul 14 2025 16:4:6 [SERVER-NAME] info: Mail send successfully
Mon Jul 14 2025 16:5:6 [SERVER-NAME] info: Mail send successfully
Mon Jul 14 2025 16:6:8 [SERVER-NAME] info: Mail send successfully
Mon Jul 14 2025 16:7:6 [SERVER-NAME] info: Mail send successfully
Mon Jul 14 2025 16:8:6 [SERVER-NAME] info: Mail send successfully
Mon Jul 14 2025 16:9:7 [SERVER-NAME] info: Mail send successfully
Mon Jul 14 2025 16:10:6 [SERVER-NAME] info: Mail send successfully
Mon Jul 14 2025 16:11:6 [SERVER-NAME] info: Mail send successfully
Mon Jul 14 2025 16:12:5 [SERVER-NAME] info: Mail send successfully
Mon Jul 14 2025 16:13:6 [SERVER-NAME] info: Mail send successfully
Mon Jul 14 2025 16:15:6 [SERVER-NAME] info: Mail send successfully
Mon Jul 14 2025 16:16:6 [SERVER-NAME] info: Mail send successfully
Mon Jul 14 2025 16:17:5 [SERVER-NAME] info: Mail send successfully
Mon Jul 14 2025 16:18:6 [SERVER-NAME] info: Mail send successfully
Mon Jul 14 2025 16:19:5 [SERVER-NAME] info: Mail send successfully
Mon Jul 14 2025 16:20:6 [SERVER-NAME] info: Mail send successfully
Mon Jul 14 2025 16:21:4 [SERVER-NAME] info: Mail send successfully
Mon Jul 14 2025 16:22:6 [SERVER-NAME] info: Mail send successfully
Mon Jul 14 2025 16:23:6 [SERVER-NAME] info: Mail send successfully
Mon Jul 14 2025 16:24:7 [SERVER-NAME] info: Mail send successfully
Mon Jul 14 2025 16:25:6 [SERVER-NAME] info: Mail send successfully
Mon Jul 14 2025 16:26:6 [SERVER-NAME] info: Mail send successfully
Mon Jul 14 2025 16:27:5 [SERVER-NAME] info: Mail send successfully
Mon Jul 14 2025 16:28:6 [SERVER-NAME] info: Mail send successfully
Mon Jul 14 2025 16:29:5 [SERVER-NAME] info: Mail send successfully
Mon Jul 14 2025 16:30:8 [SERVER-NAME] info: Mail send successfully
Mon Jul 14 2025 16:31:5 [SERVER-NAME] info: Mail send successfully
Mon Jul 14 2025 16:32:6 [SERVER-NAME] info: Mail send successfully
Mon Jul 14 2025 16:33:6 [SERVER-NAME] info: Mail send successfully
Mon Jul 14 2025 16:35:11 [SERVER-NAME] info: Mail send successfully
Mon Jul 14 2025 16:36:5 [SERVER-NAME] info: Mail send successfully
Mon Jul 14 2025 16:36:30 [SERVER-NAME] info: OPTIONS /api/v1/users/profile 204 - 0.890 ms
Mon Jul 14 2025 16:36:30 [SERVER-NAME] info: OPTIONS /api/v1/admin/dashboard/statistics 204 - 0.035 ms
Mon Jul 14 2025 16:36:30 [SERVER-NAME] info: GET /api/v1/users/profile 200 - 34.134 ms
Mon Jul 14 2025 16:36:30 [SERVER-NAME] info: GET /api/v1/admin/dashboard/statistics 304 - 35.760 ms
Mon Jul 14 2025 16:36:30 [SERVER-NAME] info: OPTIONS /api/v1/admin/dashboard/revenue 204 - 0.058 ms
Mon Jul 14 2025 16:36:30 [SERVER-NAME] info: GET /api/v1/admin/dashboard/revenue 304 - 16.822 ms
Mon Jul 14 2025 16:36:30 [SERVER-NAME] info: OPTIONS /api/v1/admin/dashboard/resent-users 204 - 0.061 ms
Mon Jul 14 2025 16:36:30 [SERVER-NAME] info: GET /api/v1/admin/dashboard/resent-users 304 - 8.947 ms
Mon Jul 14 2025 16:36:51 [SERVER-NAME] info: OPTIONS /api/v1/admin/post/managment?page=1&limit=12 204 - 0.069 ms
Mon Jul 14 2025 16:36:51 [SERVER-NAME] info: GET /api/v1/admin/post/managment?page=1&limit=12 200 - 11.831 ms
Mon Jul 14 2025 16:37:6 [SERVER-NAME] info: Mail send successfully
Mon Jul 14 2025 16:37:49 [SERVER-NAME] info: OPTIONS /api/v1/users/profile 204 - 0.122 ms
Mon Jul 14 2025 16:37:49 [SERVER-NAME] info: OPTIONS /api/v1/admin/post/managment?page=1&limit=12 204 - 0.102 ms
Mon Jul 14 2025 16:37:49 [SERVER-NAME] info: GET /api/v1/users/profile 200 - 8.508 ms
Mon Jul 14 2025 16:37:49 [SERVER-NAME] info: GET /api/v1/admin/post/managment?page=1&limit=12 200 - 7.700 ms
Mon Jul 14 2025 16:38:5 [SERVER-NAME] info: Mail send successfully
Mon Jul 14 2025 16:38:30 [SERVER-NAME] info: OPTIONS /api/v1/users/profile 204 - 0.061 ms
Mon Jul 14 2025 16:38:30 [SERVER-NAME] info: OPTIONS /api/v1/admin/post/managment?page=1&limit=12 204 - 0.052 ms
Mon Jul 14 2025 16:38:30 [SERVER-NAME] info: GET /api/v1/users/profile 200 - 5.769 ms
Mon Jul 14 2025 16:38:30 [SERVER-NAME] info: GET /api/v1/admin/post/managment?page=1&limit=12 200 - 7.621 ms
Mon Jul 14 2025 16:39:6 [SERVER-NAME] info: Mail send successfully
Mon Jul 14 2025 16:39:27 [SERVER-NAME] info: OPTIONS /api/v1/admin/post/managment/create 204 - 0.068 ms
Mon Jul 14 2025 16:39:27 [SERVER-NAME] info: POST /api/v1/admin/post/managment/create 201 - 37.796 ms
Mon Jul 14 2025 16:39:27 [SERVER-NAME] info: OPTIONS /api/v1/admin/post/managment?page=1&limit=12 204 - 0.058 ms
Mon Jul 14 2025 16:39:27 [SERVER-NAME] info: GET /api/v1/admin/post/managment?page=1&limit=12 200 - 7.878 ms
Mon Jul 14 2025 16:40:6 [SERVER-NAME] info: Mail send successfully
Mon Jul 14 2025 16:40:58 [SERVER-NAME] info: OPTIONS /api/v1/admin/post/managment/6874de5fc579d8a1fb53f40a 204 - 0.058 ms
Mon Jul 14 2025 16:40:58 [SERVER-NAME] info: GET /api/v1/admin/post/managment/6874de5fc579d8a1fb53f40a 200 - 4.292 ms
Mon Jul 14 2025 16:41:6 [SERVER-NAME] info: Mail send successfully
Mon Jul 14 2025 16:41:15 [SERVER-NAME] info: OPTIONS /api/v1/users/profile 204 - 0.121 ms
Mon Jul 14 2025 16:41:15 [SERVER-NAME] info: OPTIONS /api/v1/admin/post/managment?page=1&limit=12 204 - 0.051 ms
Mon Jul 14 2025 16:41:15 [SERVER-NAME] info: GET /api/v1/users/profile 200 - 5.771 ms
Mon Jul 14 2025 16:41:15 [SERVER-NAME] info: GET /api/v1/admin/post/managment?page=1&limit=12 200 - 7.886 ms
Mon Jul 14 2025 16:42:6 [SERVER-NAME] info: Mail send successfully
Mon Jul 14 2025 16:43:6 [SERVER-NAME] info: Mail send successfully
Mon Jul 14 2025 16:44:6 [SERVER-NAME] info: Mail send successfully
Mon Jul 14 2025 16:45:8 [SERVER-NAME] info: Mail send successfully
Mon Jul 14 2025 16:46:6 [SERVER-NAME] info: Mail send successfully
Mon Jul 14 2025 16:47:6 [SERVER-NAME] info: Mail send successfully
Mon Jul 14 2025 16:48:6 [SERVER-NAME] info: Mail send successfully
Mon Jul 14 2025 16:49:6 [SERVER-NAME] info: Mail send successfully
Mon Jul 14 2025 16:50:5 [SERVER-NAME] info: Mail send successfully
Mon Jul 14 2025 16:51:6 [SERVER-NAME] info: Mail send successfully
Mon Jul 14 2025 16:52:5 [SERVER-NAME] info: Mail send successfully
Mon Jul 14 2025 16:53:6 [SERVER-NAME] info: Mail send successfully
Mon Jul 14 2025 16:54:5 [SERVER-NAME] info: Mail send successfully
Mon Jul 14 2025 16:55:6 [SERVER-NAME] info: Mail send successfully
Mon Jul 14 2025 16:56:5 [SERVER-NAME] info: Mail send successfully
Mon Jul 14 2025 16:57:6 [SERVER-NAME] info: Mail send successfully
Mon Jul 14 2025 16:59:6 [SERVER-NAME] info: Mail send successfully
