Tue Jul 15 2025 11:0:53 [SERVER-NAME] info: [32mConfig validation successful.[39m
Tue Jul 15 2025 11:0:53 [SERVER-NAME] info: [32m🚀 Database connected successfully[39m
Tue Jul 15 2025 11:0:53 [SERVER-NAME] info: [33m♻️  Socket is listening on same port 7000[39m
Tue Jul 15 2025 11:0:53 [SERVER-NAME] info: [46m♻️  Application listening on http://10.10.7.37:7000[49m
Tue Jul 15 2025 11:0:57 [SERVER-NAME] info: [32mConfig validation successful.[39m
Tue Jul 15 2025 11:0:57 [SERVER-NAME] info: [32m🚀 Database connected successfully[39m
Tue Jul 15 2025 11:0:57 [SERVER-NAME] info: [33m♻️  Socket is listening on same port 7000[39m
Tue Jul 15 2025 11:0:57 [SERVER-NAME] info: [46m♻️  Application listening on http://10.10.7.37:7000[49m
Tue Jul 15 2025 11:1:0 [SERVER-NAME] info: [32mConfig validation successful.[39m
Tue Jul 15 2025 11:1:0 [SERVER-NAME] info: [32m🚀 Database connected successfully[39m
Tue Jul 15 2025 11:1:0 [SERVER-NAME] info: [33m♻️  Socket is listening on same port 7000[39m
Tue Jul 15 2025 11:1:0 [SERVER-NAME] info: [46m♻️  Application listening on http://10.10.7.37:7000[49m
Tue Jul 15 2025 11:1:5 [SERVER-NAME] info: [32mConfig validation successful.[39m
Tue Jul 15 2025 11:1:5 [SERVER-NAME] info: [32m🚀 Database connected successfully[39m
Tue Jul 15 2025 11:1:5 [SERVER-NAME] info: [33m♻️  Socket is listening on same port 7000[39m
Tue Jul 15 2025 11:1:5 [SERVER-NAME] info: [46m♻️  Application listening on http://10.10.7.37:7000[49m
Tue Jul 15 2025 11:1:19 [SERVER-NAME] info: [32mConfig validation successful.[39m
Tue Jul 15 2025 11:1:19 [SERVER-NAME] info: [32m🚀 Database connected successfully[39m
Tue Jul 15 2025 11:1:19 [SERVER-NAME] info: [33m♻️  Socket is listening on same port 7000[39m
Tue Jul 15 2025 11:1:19 [SERVER-NAME] info: [46m♻️  Application listening on http://10.10.7.37:7000[49m
Tue Jul 15 2025 11:1:36 [SERVER-NAME] info: [32mConfig validation successful.[39m
Tue Jul 15 2025 11:1:36 [SERVER-NAME] info: [32m🚀 Database connected successfully[39m
Tue Jul 15 2025 11:1:36 [SERVER-NAME] info: [33m♻️  Socket is listening on same port 7000[39m
Tue Jul 15 2025 11:1:36 [SERVER-NAME] info: [46m♻️  Application listening on http://10.10.7.37:7000[49m
Tue Jul 15 2025 11:1:41 [SERVER-NAME] info: [32mConfig validation successful.[39m
Tue Jul 15 2025 11:1:41 [SERVER-NAME] info: [32m🚀 Database connected successfully[39m
Tue Jul 15 2025 11:1:41 [SERVER-NAME] info: [33m♻️  Socket is listening on same port 7000[39m
Tue Jul 15 2025 11:1:41 [SERVER-NAME] info: [46m♻️  Application listening on http://10.10.7.37:7000[49m
Tue Jul 15 2025 11:1:42 [SERVER-NAME] info: [32mConfig validation successful.[39m
Tue Jul 15 2025 11:1:42 [SERVER-NAME] info: [32m🚀 Database connected successfully[39m
Tue Jul 15 2025 11:1:42 [SERVER-NAME] info: [33m♻️  Socket is listening on same port 7000[39m
Tue Jul 15 2025 11:1:42 [SERVER-NAME] info: [46m♻️  Application listening on http://10.10.7.37:7000[49m
Tue Jul 15 2025 11:4:43 [SERVER-NAME] info: [32mConfig validation successful.[39m
Tue Jul 15 2025 11:4:43 [SERVER-NAME] info: [32m🚀 Database connected successfully[39m
Tue Jul 15 2025 11:4:43 [SERVER-NAME] info: [33m♻️  Socket is listening on same port 7000[39m
Tue Jul 15 2025 11:4:43 [SERVER-NAME] info: [46m♻️  Application listening on http://10.10.7.37:7000[49m
Tue Jul 15 2025 11:4:48 [SERVER-NAME] info: [32mConfig validation successful.[39m
Tue Jul 15 2025 11:4:48 [SERVER-NAME] info: [32m🚀 Database connected successfully[39m
Tue Jul 15 2025 11:4:48 [SERVER-NAME] info: [33m♻️  Socket is listening on same port 7000[39m
Tue Jul 15 2025 11:4:48 [SERVER-NAME] info: [46m♻️  Application listening on http://10.10.7.37:7000[49m
Tue Jul 15 2025 11:4:53 [SERVER-NAME] info: [32mConfig validation successful.[39m
Tue Jul 15 2025 11:4:53 [SERVER-NAME] info: [32m🚀 Database connected successfully[39m
Tue Jul 15 2025 11:4:53 [SERVER-NAME] info: [33m♻️  Socket is listening on same port 7000[39m
Tue Jul 15 2025 11:4:53 [SERVER-NAME] info: [46m♻️  Application listening on http://10.10.7.37:7000[49m
Tue Jul 15 2025 11:4:58 [SERVER-NAME] info: [32mConfig validation successful.[39m
Tue Jul 15 2025 11:4:58 [SERVER-NAME] info: [32m🚀 Database connected successfully[39m
Tue Jul 15 2025 11:4:58 [SERVER-NAME] info: [33m♻️  Socket is listening on same port 7000[39m
Tue Jul 15 2025 11:4:58 [SERVER-NAME] info: [46m♻️  Application listening on http://10.10.7.37:7000[49m
Tue Jul 15 2025 11:4:59 [SERVER-NAME] info: [32mConfig validation successful.[39m
Tue Jul 15 2025 11:4:59 [SERVER-NAME] info: [32m🚀 Database connected successfully[39m
Tue Jul 15 2025 11:4:59 [SERVER-NAME] info: [33m♻️  Socket is listening on same port 7000[39m
Tue Jul 15 2025 11:4:59 [SERVER-NAME] info: [46m♻️  Application listening on http://10.10.7.37:7000[49m
Tue Jul 15 2025 11:5:2 [SERVER-NAME] info: [32mConfig validation successful.[39m
Tue Jul 15 2025 11:5:2 [SERVER-NAME] info: [32m🚀 Database connected successfully[39m
Tue Jul 15 2025 11:5:2 [SERVER-NAME] info: [33m♻️  Socket is listening on same port 7000[39m
Tue Jul 15 2025 11:5:2 [SERVER-NAME] info: [46m♻️  Application listening on http://10.10.7.37:7000[49m
Tue Jul 15 2025 11:5:4 [SERVER-NAME] info: [32mConfig validation successful.[39m
Tue Jul 15 2025 11:5:4 [SERVER-NAME] info: [32m🚀 Database connected successfully[39m
Tue Jul 15 2025 11:5:4 [SERVER-NAME] info: [33m♻️  Socket is listening on same port 7000[39m
Tue Jul 15 2025 11:5:4 [SERVER-NAME] info: [46m♻️  Application listening on http://10.10.7.37:7000[49m
Tue Jul 15 2025 11:5:9 [SERVER-NAME] info: [32mConfig validation successful.[39m
Tue Jul 15 2025 11:5:9 [SERVER-NAME] info: [32m🚀 Database connected successfully[39m
Tue Jul 15 2025 11:5:9 [SERVER-NAME] info: [33m♻️  Socket is listening on same port 7000[39m
Tue Jul 15 2025 11:5:9 [SERVER-NAME] info: [46m♻️  Application listening on http://10.10.7.37:7000[49m
Tue Jul 15 2025 11:5:14 [SERVER-NAME] info: [32mConfig validation successful.[39m
Tue Jul 15 2025 11:5:14 [SERVER-NAME] info: [32m🚀 Database connected successfully[39m
Tue Jul 15 2025 11:5:14 [SERVER-NAME] info: [33m♻️  Socket is listening on same port 7000[39m
Tue Jul 15 2025 11:5:14 [SERVER-NAME] info: [46m♻️  Application listening on http://10.10.7.37:7000[49m
Tue Jul 15 2025 11:5:16 [SERVER-NAME] info: [32mConfig validation successful.[39m
Tue Jul 15 2025 11:5:16 [SERVER-NAME] info: [32m🚀 Database connected successfully[39m
Tue Jul 15 2025 11:5:16 [SERVER-NAME] info: [33m♻️  Socket is listening on same port 7000[39m
Tue Jul 15 2025 11:5:16 [SERVER-NAME] info: [46m♻️  Application listening on http://10.10.7.37:7000[49m
Tue Jul 15 2025 11:5:20 [SERVER-NAME] info: [32mConfig validation successful.[39m
Tue Jul 15 2025 11:5:21 [SERVER-NAME] info: [32m🚀 Database connected successfully[39m
Tue Jul 15 2025 11:5:21 [SERVER-NAME] info: [33m♻️  Socket is listening on same port 7000[39m
Tue Jul 15 2025 11:5:21 [SERVER-NAME] info: [46m♻️  Application listening on http://10.10.7.37:7000[49m
Tue Jul 15 2025 11:6:4 [SERVER-NAME] info: [32mConfig validation successful.[39m
Tue Jul 15 2025 11:6:4 [SERVER-NAME] info: [32m🚀 Database connected successfully[39m
Tue Jul 15 2025 11:6:4 [SERVER-NAME] info: [33m♻️  Socket is listening on same port 7000[39m
Tue Jul 15 2025 11:6:4 [SERVER-NAME] info: [46m♻️  Application listening on http://10.10.7.37:7000[49m
Tue Jul 15 2025 11:6:9 [SERVER-NAME] info: [32mConfig validation successful.[39m
Tue Jul 15 2025 11:6:9 [SERVER-NAME] info: [32m🚀 Database connected successfully[39m
Tue Jul 15 2025 11:6:9 [SERVER-NAME] info: [33m♻️  Socket is listening on same port 7000[39m
Tue Jul 15 2025 11:6:9 [SERVER-NAME] info: [46m♻️  Application listening on http://10.10.7.37:7000[49m
Tue Jul 15 2025 11:6:37 [SERVER-NAME] info: [32mConfig validation successful.[39m
Tue Jul 15 2025 11:6:37 [SERVER-NAME] info: [32m🚀 Database connected successfully[39m
Tue Jul 15 2025 11:6:37 [SERVER-NAME] info: [33m♻️  Socket is listening on same port 7000[39m
Tue Jul 15 2025 11:6:37 [SERVER-NAME] info: [46m♻️  Application listening on http://10.10.7.37:7000[49m
Tue Jul 15 2025 11:13:13 [SERVER-NAME] info: OPTIONS /api/v1/admin/package/managment 204 - 0.787 ms
Tue Jul 15 2025 11:13:14 [SERVER-NAME] info: POST /api/v1/admin/package/managment 200 - 1137.784 ms
Tue Jul 15 2025 11:13:14 [SERVER-NAME] info: GET /api/v1/admin/package/managment 200 - 15.149 ms
Tue Jul 15 2025 11:16:10 [SERVER-NAME] info: OPTIONS /api/v1/users/profile 204 - 0.182 ms
Tue Jul 15 2025 11:16:10 [SERVER-NAME] info: OPTIONS /api/v1/admin/package/managment 204 - 0.076 ms
Tue Jul 15 2025 11:16:10 [SERVER-NAME] info: GET /api/v1/users/profile 200 - 7.032 ms
Tue Jul 15 2025 11:16:10 [SERVER-NAME] info: GET /api/v1/admin/package/managment 304 - 17.110 ms
Tue Jul 15 2025 11:16:10 [SERVER-NAME] info: GET //image/image-3-1752495501665.png 304 - 1.307 ms
Tue Jul 15 2025 11:17:1 [SERVER-NAME] info: OPTIONS /api/v1/users/profile 204 - 0.479 ms
Tue Jul 15 2025 11:17:1 [SERVER-NAME] info: OPTIONS /api/v1/admin/package/managment 204 - 0.063 ms
Tue Jul 15 2025 11:17:1 [SERVER-NAME] info: GET /api/v1/users/profile 304 - 18.377 ms
Tue Jul 15 2025 11:17:1 [SERVER-NAME] info: GET /api/v1/admin/package/managment 304 - 13.024 ms
Tue Jul 15 2025 11:17:2 [SERVER-NAME] info: GET //image/image-3-1752495501665.png 304 - 0.836 ms
Tue Jul 15 2025 11:17:9 [SERVER-NAME] info: OPTIONS /api/v1/admin/package/managment 204 - 0.085 ms
Tue Jul 15 2025 11:17:10 [SERVER-NAME] info: GET /api/v1/admin/package/managment 304 - 7.311 ms
Tue Jul 15 2025 11:19:7 [SERVER-NAME] info: Mail send successfully
Tue Jul 15 2025 11:19:44 [SERVER-NAME] info: OPTIONS /api/v1/admin/package/managment 204 - 0.064 ms
Tue Jul 15 2025 11:19:45 [SERVER-NAME] info: POST /api/v1/admin/package/managment 200 - 1080.908 ms
Tue Jul 15 2025 11:19:45 [SERVER-NAME] info: GET /api/v1/admin/package/managment 200 - 8.630 ms
Tue Jul 15 2025 11:20:6 [SERVER-NAME] info: Mail send successfully
Tue Jul 15 2025 11:20:23 [SERVER-NAME] info: OPTIONS /api/v1/admin/package/managment/6875dede2f1d83917ed29c70 204 - 0.243 ms
Tue Jul 15 2025 11:20:24 [SERVER-NAME] info: DELETE /api/v1/admin/package/managment/6875dede2f1d83917ed29c70 200 - 1254.927 ms
Tue Jul 15 2025 11:20:24 [SERVER-NAME] info: OPTIONS /api/v1/admin/package/managment 204 - 0.167 ms
Tue Jul 15 2025 11:20:24 [SERVER-NAME] info: GET /api/v1/admin/package/managment 200 - 9.390 ms
Tue Jul 15 2025 11:20:27 [SERVER-NAME] info: OPTIONS /api/v1/admin/package/managment/6875e36a6360cd60c7acbfb7 204 - 0.263 ms
Tue Jul 15 2025 11:20:28 [SERVER-NAME] info: DELETE /api/v1/admin/package/managment/6875e36a6360cd60c7acbfb7 200 - 1065.683 ms
Tue Jul 15 2025 11:20:28 [SERVER-NAME] info: GET /api/v1/admin/package/managment 200 - 6.905 ms
Tue Jul 15 2025 11:20:39 [SERVER-NAME] info: OPTIONS /api/v1/admin/package/managment/6875dd542f1d83917ed29c0e 204 - 0.290 ms
Tue Jul 15 2025 11:20:40 [SERVER-NAME] info: DELETE /api/v1/admin/package/managment/6875dd542f1d83917ed29c0e 200 - 1132.704 ms
Tue Jul 15 2025 11:20:40 [SERVER-NAME] info: OPTIONS /api/v1/admin/package/managment 204 - 0.244 ms
Tue Jul 15 2025 11:20:40 [SERVER-NAME] info: GET /api/v1/admin/package/managment 200 - 10.448 ms
Tue Jul 15 2025 11:20:43 [SERVER-NAME] info: OPTIONS /api/v1/admin/package/managment/6875df4d2f1d83917ed29c92 204 - 0.047 ms
Tue Jul 15 2025 11:20:44 [SERVER-NAME] info: DELETE /api/v1/admin/package/managment/6875df4d2f1d83917ed29c92 200 - 1118.303 ms
Tue Jul 15 2025 11:20:44 [SERVER-NAME] info: GET /api/v1/admin/package/managment 200 - 6.468 ms
Tue Jul 15 2025 11:21:6 [SERVER-NAME] info: Mail send successfully
Tue Jul 15 2025 11:22:7 [SERVER-NAME] info: Mail send successfully
Tue Jul 15 2025 11:22:37 [SERVER-NAME] info: OPTIONS /api/v1/users/profile 204 - 0.075 ms
Tue Jul 15 2025 11:22:37 [SERVER-NAME] info: OPTIONS /api/v1/admin/package/managment 204 - 0.049 ms
Tue Jul 15 2025 11:22:37 [SERVER-NAME] info: GET /api/v1/users/profile 304 - 8.243 ms
Tue Jul 15 2025 11:22:37 [SERVER-NAME] info: GET /api/v1/admin/package/managment 304 - 11.198 ms
Tue Jul 15 2025 11:22:38 [SERVER-NAME] info: GET //image/image-3-1752495501665.png 304 - 0.454 ms
Tue Jul 15 2025 11:23:6 [SERVER-NAME] info: Mail send successfully
Tue Jul 15 2025 11:23:21 [SERVER-NAME] info: OPTIONS /api/v1/admin/package/managment 204 - 0.049 ms
Tue Jul 15 2025 11:23:22 [SERVER-NAME] info: POST /api/v1/admin/package/managment 200 - 1051.348 ms
Tue Jul 15 2025 11:23:22 [SERVER-NAME] info: GET /api/v1/admin/package/managment 200 - 7.375 ms
Tue Jul 15 2025 11:24:5 [SERVER-NAME] info: Mail send successfully
Tue Jul 15 2025 11:24:27 [SERVER-NAME] info: [32mConfig validation successful.[39m
Tue Jul 15 2025 11:24:27 [SERVER-NAME] info: [32m🚀 Database connected successfully[39m
Tue Jul 15 2025 11:24:27 [SERVER-NAME] info: [33m♻️  Socket is listening on same port 7000[39m
Tue Jul 15 2025 11:24:27 [SERVER-NAME] info: [46m♻️  Application listening on http://10.10.7.37:7000[49m
Tue Jul 15 2025 11:24:34 [SERVER-NAME] info: [32mConfig validation successful.[39m
Tue Jul 15 2025 11:24:34 [SERVER-NAME] info: [32m🚀 Database connected successfully[39m
Tue Jul 15 2025 11:24:34 [SERVER-NAME] info: [33m♻️  Socket is listening on same port 7000[39m
Tue Jul 15 2025 11:24:34 [SERVER-NAME] info: [46m♻️  Application listening on http://10.10.7.37:7000[49m
Tue Jul 15 2025 11:24:36 [SERVER-NAME] info: [32mConfig validation successful.[39m
Tue Jul 15 2025 11:24:36 [SERVER-NAME] info: [32m🚀 Database connected successfully[39m
Tue Jul 15 2025 11:24:36 [SERVER-NAME] info: [33m♻️  Socket is listening on same port 7000[39m
Tue Jul 15 2025 11:24:36 [SERVER-NAME] info: [46m♻️  Application listening on http://10.10.7.37:7000[49m
Tue Jul 15 2025 11:24:56 [SERVER-NAME] info: OPTIONS /api/v1/admin/package/managment 204 - 0.814 ms
Tue Jul 15 2025 11:24:57 [SERVER-NAME] info: POST /api/v1/admin/package/managment 200 - 1000.929 ms
Tue Jul 15 2025 11:24:57 [SERVER-NAME] info: GET /api/v1/admin/package/managment 200 - 18.016 ms
Tue Jul 15 2025 11:25:6 [SERVER-NAME] info: Mail send successfully
Tue Jul 15 2025 11:26:6 [SERVER-NAME] info: Mail send successfully
Tue Jul 15 2025 11:26:12 [SERVER-NAME] info: [32mConfig validation successful.[39m
Tue Jul 15 2025 11:26:12 [SERVER-NAME] info: [32m🚀 Database connected successfully[39m
Tue Jul 15 2025 11:26:12 [SERVER-NAME] info: [33m♻️  Socket is listening on same port 7000[39m
Tue Jul 15 2025 11:26:12 [SERVER-NAME] info: [46m♻️  Application listening on http://10.10.7.37:7000[49m
Tue Jul 15 2025 11:26:14 [SERVER-NAME] info: [32mConfig validation successful.[39m
Tue Jul 15 2025 11:26:14 [SERVER-NAME] info: [32m🚀 Database connected successfully[39m
Tue Jul 15 2025 11:26:14 [SERVER-NAME] info: [33m♻️  Socket is listening on same port 7000[39m
Tue Jul 15 2025 11:26:14 [SERVER-NAME] info: [46m♻️  Application listening on http://10.10.7.37:7000[49m
Tue Jul 15 2025 11:26:17 [SERVER-NAME] info: [32mConfig validation successful.[39m
Tue Jul 15 2025 11:26:17 [SERVER-NAME] info: [32m🚀 Database connected successfully[39m
Tue Jul 15 2025 11:26:17 [SERVER-NAME] info: [33m♻️  Socket is listening on same port 7000[39m
Tue Jul 15 2025 11:26:17 [SERVER-NAME] info: [46m♻️  Application listening on http://10.10.7.37:7000[49m
Tue Jul 15 2025 11:26:20 [SERVER-NAME] info: [32mConfig validation successful.[39m
Tue Jul 15 2025 11:26:20 [SERVER-NAME] info: [32m🚀 Database connected successfully[39m
Tue Jul 15 2025 11:26:20 [SERVER-NAME] info: [33m♻️  Socket is listening on same port 7000[39m
Tue Jul 15 2025 11:26:20 [SERVER-NAME] info: [46m♻️  Application listening on http://10.10.7.37:7000[49m
Tue Jul 15 2025 11:26:23 [SERVER-NAME] info: [32mConfig validation successful.[39m
Tue Jul 15 2025 11:26:23 [SERVER-NAME] info: [32m🚀 Database connected successfully[39m
Tue Jul 15 2025 11:26:23 [SERVER-NAME] info: [33m♻️  Socket is listening on same port 7000[39m
Tue Jul 15 2025 11:26:23 [SERVER-NAME] info: [46m♻️  Application listening on http://10.10.7.37:7000[49m
Tue Jul 15 2025 11:26:24 [SERVER-NAME] info: [32mConfig validation successful.[39m
Tue Jul 15 2025 11:26:24 [SERVER-NAME] info: [32m🚀 Database connected successfully[39m
Tue Jul 15 2025 11:26:24 [SERVER-NAME] info: [33m♻️  Socket is listening on same port 7000[39m
Tue Jul 15 2025 11:26:24 [SERVER-NAME] info: [46m♻️  Application listening on http://10.10.7.37:7000[49m
Tue Jul 15 2025 11:26:28 [SERVER-NAME] info: [32mConfig validation successful.[39m
Tue Jul 15 2025 11:26:28 [SERVER-NAME] info: [32m🚀 Database connected successfully[39m
Tue Jul 15 2025 11:26:28 [SERVER-NAME] info: [33m♻️  Socket is listening on same port 7000[39m
Tue Jul 15 2025 11:26:28 [SERVER-NAME] info: [46m♻️  Application listening on http://10.10.7.37:7000[49m
Tue Jul 15 2025 11:26:46 [SERVER-NAME] info: OPTIONS /api/v1/admin/package/managment 204 - 0.661 ms
Tue Jul 15 2025 11:26:47 [SERVER-NAME] info: POST /api/v1/admin/package/managment 200 - 1215.315 ms
Tue Jul 15 2025 11:26:47 [SERVER-NAME] info: GET /api/v1/admin/package/managment 200 - 19.553 ms
Tue Jul 15 2025 11:27:6 [SERVER-NAME] info: Mail send successfully
Tue Jul 15 2025 11:27:35 [SERVER-NAME] info: [32mConfig validation successful.[39m
Tue Jul 15 2025 11:27:35 [SERVER-NAME] info: [32m🚀 Database connected successfully[39m
Tue Jul 15 2025 11:27:35 [SERVER-NAME] info: [33m♻️  Socket is listening on same port 7000[39m
Tue Jul 15 2025 11:27:35 [SERVER-NAME] info: [46m♻️  Application listening on http://10.10.7.37:7000[49m
Tue Jul 15 2025 11:28:5 [SERVER-NAME] info: OPTIONS /api/v1/admin/package/managment 204 - 1.127 ms
Tue Jul 15 2025 11:28:6 [SERVER-NAME] info: Mail send successfully
Tue Jul 15 2025 11:28:6 [SERVER-NAME] info: GET /api/v1/admin/package/managment 304 - 13.494 ms
Tue Jul 15 2025 11:28:52 [SERVER-NAME] info: OPTIONS /api/v1/users/profile 204 - 0.202 ms
Tue Jul 15 2025 11:28:52 [SERVER-NAME] info: OPTIONS /api/v1/admin/package/managment 204 - 0.043 ms
Tue Jul 15 2025 11:28:52 [SERVER-NAME] info: GET /api/v1/users/profile 304 - 6.328 ms
Tue Jul 15 2025 11:28:52 [SERVER-NAME] info: GET /api/v1/admin/package/managment 304 - 9.517 ms
Tue Jul 15 2025 11:28:53 [SERVER-NAME] info: GET //image/image-3-1752495501665.png 304 - 1.192 ms
Tue Jul 15 2025 11:28:56 [SERVER-NAME] info: [32mConfig validation successful.[39m
Tue Jul 15 2025 11:28:56 [SERVER-NAME] info: [32m🚀 Database connected successfully[39m
Tue Jul 15 2025 11:28:56 [SERVER-NAME] info: [33m♻️  Socket is listening on same port 7000[39m
Tue Jul 15 2025 11:28:56 [SERVER-NAME] info: [46m♻️  Application listening on http://10.10.7.37:7000[49m
Tue Jul 15 2025 11:29:5 [SERVER-NAME] info: Mail send successfully
Tue Jul 15 2025 11:29:13 [SERVER-NAME] info: OPTIONS /api/v1/admin/package/managment 204 - 0.705 ms
Tue Jul 15 2025 11:29:14 [SERVER-NAME] info: POST /api/v1/admin/package/managment 200 - 889.283 ms
Tue Jul 15 2025 11:29:14 [SERVER-NAME] info: GET /api/v1/admin/package/managment 200 - 14.628 ms
Tue Jul 15 2025 11:31:0 [SERVER-NAME] info: [32mConfig validation successful.[39m
Tue Jul 15 2025 11:31:0 [SERVER-NAME] info: [32m🚀 Database connected successfully[39m
Tue Jul 15 2025 11:31:0 [SERVER-NAME] info: [33m♻️  Socket is listening on same port 7000[39m
Tue Jul 15 2025 11:31:0 [SERVER-NAME] info: [46m♻️  Application listening on http://10.10.7.37:7000[49m
Tue Jul 15 2025 11:31:15 [SERVER-NAME] info: [32mConfig validation successful.[39m
Tue Jul 15 2025 11:31:15 [SERVER-NAME] info: [32m🚀 Database connected successfully[39m
Tue Jul 15 2025 11:31:15 [SERVER-NAME] info: [33m♻️  Socket is listening on same port 7000[39m
Tue Jul 15 2025 11:31:15 [SERVER-NAME] info: [46m♻️  Application listening on http://10.10.7.37:7000[49m
Tue Jul 15 2025 11:31:19 [SERVER-NAME] info: [32mConfig validation successful.[39m
Tue Jul 15 2025 11:31:19 [SERVER-NAME] info: [32m🚀 Database connected successfully[39m
Tue Jul 15 2025 11:31:19 [SERVER-NAME] info: [33m♻️  Socket is listening on same port 7000[39m
Tue Jul 15 2025 11:31:19 [SERVER-NAME] info: [46m♻️  Application listening on http://10.10.7.37:7000[49m
Tue Jul 15 2025 11:31:20 [SERVER-NAME] info: [32mConfig validation successful.[39m
Tue Jul 15 2025 11:31:20 [SERVER-NAME] info: [32m🚀 Database connected successfully[39m
Tue Jul 15 2025 11:31:20 [SERVER-NAME] info: [33m♻️  Socket is listening on same port 7000[39m
Tue Jul 15 2025 11:31:20 [SERVER-NAME] info: [46m♻️  Application listening on http://10.10.7.37:7000[49m
Tue Jul 15 2025 11:31:21 [SERVER-NAME] info: [32mConfig validation successful.[39m
Tue Jul 15 2025 11:31:21 [SERVER-NAME] info: [32m🚀 Database connected successfully[39m
Tue Jul 15 2025 11:31:21 [SERVER-NAME] info: [33m♻️  Socket is listening on same port 7000[39m
Tue Jul 15 2025 11:31:21 [SERVER-NAME] info: [46m♻️  Application listening on http://10.10.7.37:7000[49m
Tue Jul 15 2025 11:31:33 [SERVER-NAME] info: [32mConfig validation successful.[39m
Tue Jul 15 2025 11:31:33 [SERVER-NAME] info: [32m🚀 Database connected successfully[39m
Tue Jul 15 2025 11:31:33 [SERVER-NAME] info: [33m♻️  Socket is listening on same port 7000[39m
Tue Jul 15 2025 11:31:33 [SERVER-NAME] info: [46m♻️  Application listening on http://10.10.7.37:7000[49m
Tue Jul 15 2025 11:31:35 [SERVER-NAME] info: [32mConfig validation successful.[39m
Tue Jul 15 2025 11:31:35 [SERVER-NAME] info: [32m🚀 Database connected successfully[39m
Tue Jul 15 2025 11:31:35 [SERVER-NAME] info: [33m♻️  Socket is listening on same port 7000[39m
Tue Jul 15 2025 11:31:35 [SERVER-NAME] info: [46m♻️  Application listening on http://10.10.7.37:7000[49m
Tue Jul 15 2025 11:31:48 [SERVER-NAME] info: OPTIONS /api/v1/users/profile 204 - 0.646 ms
Tue Jul 15 2025 11:31:48 [SERVER-NAME] info: OPTIONS /api/v1/admin/package/managment 204 - 0.122 ms
Tue Jul 15 2025 11:31:48 [SERVER-NAME] info: GET /api/v1/users/profile 304 - 19.370 ms
Tue Jul 15 2025 11:31:48 [SERVER-NAME] info: GET /api/v1/admin/package/managment 304 - 20.958 ms
Tue Jul 15 2025 11:31:48 [SERVER-NAME] info: GET //image/image-3-1752495501665.png 304 - 1.517 ms
Tue Jul 15 2025 11:31:55 [SERVER-NAME] info: OPTIONS /api/v1/admin/package/managment/6875e5ca6360cd60c7acc07a 204 - 0.090 ms
Tue Jul 15 2025 11:31:56 [SERVER-NAME] info: DELETE /api/v1/admin/package/managment/6875e5ca6360cd60c7acc07a 200 - 1205.845 ms
Tue Jul 15 2025 11:31:56 [SERVER-NAME] info: OPTIONS /api/v1/admin/package/managment 204 - 0.071 ms
Tue Jul 15 2025 11:31:56 [SERVER-NAME] info: GET /api/v1/admin/package/managment 200 - 9.056 ms
Tue Jul 15 2025 11:32:6 [SERVER-NAME] info: OPTIONS /api/v1/admin/package/managment/6875e4f16360cd60c7acc01f 204 - 0.084 ms
Tue Jul 15 2025 11:32:6 [SERVER-NAME] info: OPTIONS /api/v1/admin/package/managment 204 - 0.149 ms
Tue Jul 15 2025 11:32:6 [SERVER-NAME] info: GET /api/v1/admin/package/managment 200 - 7.756 ms
Tue Jul 15 2025 11:32:13 [SERVER-NAME] info: OPTIONS /api/v1/users/profile 204 - 0.201 ms
Tue Jul 15 2025 11:32:13 [SERVER-NAME] info: OPTIONS /api/v1/admin/package/managment 204 - 0.101 ms
Tue Jul 15 2025 11:32:13 [SERVER-NAME] info: GET /api/v1/users/profile 304 - 6.666 ms
Tue Jul 15 2025 11:32:13 [SERVER-NAME] info: GET /api/v1/admin/package/managment 304 - 9.858 ms
Tue Jul 15 2025 11:32:13 [SERVER-NAME] info: GET //image/image-3-1752495501665.png 304 - 0.635 ms
Tue Jul 15 2025 11:32:35 [SERVER-NAME] info: OPTIONS /api/v1/admin/package/managment 204 - 0.071 ms
Tue Jul 15 2025 11:32:36 [SERVER-NAME] info: POST /api/v1/admin/package/managment 200 - 748.942 ms
Tue Jul 15 2025 11:32:36 [SERVER-NAME] info: GET /api/v1/admin/package/managment 200 - 7.489 ms
Tue Jul 15 2025 11:33:31 [SERVER-NAME] info: [32mConfig validation successful.[39m
Tue Jul 15 2025 11:33:31 [SERVER-NAME] info: [32m🚀 Database connected successfully[39m
Tue Jul 15 2025 11:33:31 [SERVER-NAME] info: [33m♻️  Socket is listening on same port 7000[39m
Tue Jul 15 2025 11:33:31 [SERVER-NAME] info: [46m♻️  Application listening on http://10.10.7.37:7000[49m
Tue Jul 15 2025 11:33:48 [SERVER-NAME] info: OPTIONS /api/v1/users/profile 204 - 0.667 ms
Tue Jul 15 2025 11:33:48 [SERVER-NAME] info: OPTIONS /api/v1/admin/package/managment 204 - 0.266 ms
Tue Jul 15 2025 11:33:48 [SERVER-NAME] info: GET /api/v1/users/profile 304 - 22.833 ms
Tue Jul 15 2025 11:33:48 [SERVER-NAME] info: GET /api/v1/admin/package/managment 200 - 16.644 ms
Tue Jul 15 2025 11:33:48 [SERVER-NAME] info: GET //image/image-3-1752495501665.png 304 - 0.796 ms
Tue Jul 15 2025 11:34:12 [SERVER-NAME] info: OPTIONS /api/v1/admin/package/managment 204 - 0.147 ms
Tue Jul 15 2025 11:34:13 [SERVER-NAME] info: POST /api/v1/admin/package/managment 200 - 883.892 ms
Tue Jul 15 2025 11:34:13 [SERVER-NAME] info: GET /api/v1/admin/package/managment 200 - 10.573 ms
Tue Jul 15 2025 11:34:52 [SERVER-NAME] info: [32mConfig validation successful.[39m
Tue Jul 15 2025 11:34:52 [SERVER-NAME] info: [32m🚀 Database connected successfully[39m
Tue Jul 15 2025 11:34:52 [SERVER-NAME] info: [33m♻️  Socket is listening on same port 7000[39m
Tue Jul 15 2025 11:34:52 [SERVER-NAME] info: [46m♻️  Application listening on http://10.10.7.37:7000[49m
Tue Jul 15 2025 11:34:55 [SERVER-NAME] info: [32mConfig validation successful.[39m
Tue Jul 15 2025 11:34:55 [SERVER-NAME] info: [32m🚀 Database connected successfully[39m
Tue Jul 15 2025 11:34:55 [SERVER-NAME] info: [33m♻️  Socket is listening on same port 7000[39m
Tue Jul 15 2025 11:34:55 [SERVER-NAME] info: [46m♻️  Application listening on http://10.10.7.37:7000[49m
Tue Jul 15 2025 11:35:2 [SERVER-NAME] info: [32mConfig validation successful.[39m
Tue Jul 15 2025 11:35:2 [SERVER-NAME] info: [32m🚀 Database connected successfully[39m
Tue Jul 15 2025 11:35:2 [SERVER-NAME] info: [33m♻️  Socket is listening on same port 7000[39m
Tue Jul 15 2025 11:35:2 [SERVER-NAME] info: [46m♻️  Application listening on http://10.10.7.37:7000[49m
Tue Jul 15 2025 11:43:16 [SERVER-NAME] info: OPTIONS /api/v1/admin/package/managment 204 - 1.110 ms
Tue Jul 15 2025 11:43:17 [SERVER-NAME] info: POST /api/v1/admin/package/managment 200 - 1135.891 ms
Tue Jul 15 2025 11:43:17 [SERVER-NAME] info: GET /api/v1/admin/package/managment 200 - 15.998 ms
Tue Jul 15 2025 11:58:6 [SERVER-NAME] info: GET /api/v1/quotation 200 - 35.305 ms
Tue Jul 15 2025 11:58:46 [SERVER-NAME] info: OPTIONS /api/v1/users 204 - 0.442 ms
