Tue Jul 15 2025 10:4:18 [SERVER-NAME] info: OPTIONS /api/v1/admin/dailyInspiration/schedule-create 204 - 0.066 ms
Tue Jul 15 2025 10:4:18 [SERVER-NAME] info: POST /api/v1/admin/dailyInspiration/schedule-create 201 - 11.002 ms
Tue Jul 15 2025 10:4:18 [SERVER-NAME] info: OPTIONS /api/v1/admin/dailyInspiration 204 - 0.044 ms
Tue Jul 15 2025 10:4:18 [SERVER-NAME] info: OPTIONS /api/v1/admin/dailyInspiration/scheduled 204 - 0.045 ms
Tue Jul 15 2025 10:4:18 [SERVER-NAME] info: GET /api/v1/admin/dailyInspiration 200 - 8.794 ms
Tue Jul 15 2025 10:4:28 [SERVER-NAME] info: OPTIONS /api/v1/admin/post/managment?page=1&limit=12 204 - 0.100 ms
Tue Jul 15 2025 10:4:28 [SERVER-NAME] info: GET /api/v1/admin/post/managment?page=1&limit=12 200 - 6.218 ms
Tue Jul 15 2025 10:4:36 [SERVER-NAME] info: OPTIONS /api/v1/admin/challenge-category/get-all-challenge-category 204 - 0.093 ms
Tue Jul 15 2025 10:4:36 [SERVER-NAME] info: GET /api/v1/admin/challenge-category/get-all-challenge-category 304 - 10.526 ms
Tue Jul 15 2025 10:4:36 [SERVER-NAME] info: GET //image/image-3-1752496563677.png 304 - 0.634 ms
Tue Jul 15 2025 10:4:36 [SERVER-NAME] info: GET //image/class-meditation-hands-woman-nature-260nw-2603763821-1752299564654.jpg 304 - 1.874 ms
Tue Jul 15 2025 10:4:36 [SERVER-NAME] info: GET //image/yoga-workout-people-studio-class-260nw-2535975187-1752497253238.jpg 304 - 2.143 ms
Tue Jul 15 2025 10:4:36 [SERVER-NAME] info: GET //image/class-meditation-hands-woman-nature-260nw-2603763821-1752497273729.jpg 200 - 4.315 ms
Tue Jul 15 2025 10:4:38 [SERVER-NAME] info: OPTIONS /api/v1/admin/comingSoon 204 - 0.063 ms
Tue Jul 15 2025 10:4:38 [SERVER-NAME] info: GET /api/v1/admin/comingSoon 200 - 8.575 ms
Tue Jul 15 2025 10:4:45 [SERVER-NAME] info: OPTIONS /api/v1/admin/category 204 - 0.157 ms
Tue Jul 15 2025 10:4:45 [SERVER-NAME] info: GET /api/v1/admin/category 304 - 17.580 ms
Tue Jul 15 2025 10:4:45 [SERVER-NAME] info: GET //thumbnail/class-meditation-hands-woman-nature-260nw-2603763821-1752291385710.jpg 304 - 1.665 ms
Tue Jul 15 2025 10:4:45 [SERVER-NAME] info: GET //thumbnail/yoga-workout-people-studio-class-260nw-2535975187-1752212019755.jpg 304 - 2.216 ms
Tue Jul 15 2025 10:4:45 [SERVER-NAME] info: GET //thumbnail/woman-yoga-video-laptop-on-260nw-2518833075-1751798188490.jpg 304 - 2.819 ms
Tue Jul 15 2025 10:4:50 [SERVER-NAME] info: OPTIONS /api/v1/admin/category/category-all-videos/6871d839383acdb5d5af70fd 204 - 0.039 ms
Tue Jul 15 2025 10:4:50 [SERVER-NAME] info: GET /api/v1/admin/category/category-all-videos/6871d839383acdb5d5af70fd 200 - 10.413 ms
Tue Jul 15 2025 10:14:39 [SERVER-NAME] info: OPTIONS /api/v1/admin/videos/managment/videos?page=1&limit=10 204 - 0.202 ms
Tue Jul 15 2025 10:14:39 [SERVER-NAME] info: GET /api/v1/admin/videos/managment/videos?page=1&limit=10 304 - 12.697 ms
Tue Jul 15 2025 10:14:43 [SERVER-NAME] info: OPTIONS /api/v1/admin/comingSoon 204 - 0.050 ms
Tue Jul 15 2025 10:14:43 [SERVER-NAME] info: GET /api/v1/admin/comingSoon 304 - 7.367 ms
Tue Jul 15 2025 10:15:11 [SERVER-NAME] info: OPTIONS /api/v1/admin/dailyInspiration 204 - 0.073 ms
Tue Jul 15 2025 10:15:11 [SERVER-NAME] info: OPTIONS /api/v1/admin/dailyInspiration/scheduled 204 - 0.041 ms
Tue Jul 15 2025 10:15:11 [SERVER-NAME] info: GET /api/v1/admin/dailyInspiration 304 - 8.818 ms
Tue Jul 15 2025 10:15:15 [SERVER-NAME] info: GET //thumbnail/class-meditation-hands-woman-nature-260nw-2603763821-1752291385710.jpg 304 - 1.493 ms
Tue Jul 15 2025 10:15:15 [SERVER-NAME] info: GET //thumbnail/yoga-workout-people-studio-class-260nw-2535975187-1752212019755.jpg 304 - 1.448 ms
Tue Jul 15 2025 10:15:15 [SERVER-NAME] info: GET //thumbnail/woman-yoga-video-laptop-on-260nw-2518833075-1751798188490.jpg 304 - 1.848 ms
Tue Jul 15 2025 10:15:28 [SERVER-NAME] info: OPTIONS /api/v1/admin/challenge-category/get-all-challenge-category 204 - 0.064 ms
Tue Jul 15 2025 10:15:28 [SERVER-NAME] info: GET /api/v1/admin/challenge-category/get-all-challenge-category 304 - 5.136 ms
Tue Jul 15 2025 10:15:28 [SERVER-NAME] info: GET //image/image-3-1752496563677.png 304 - 3.178 ms
Tue Jul 15 2025 10:15:28 [SERVER-NAME] info: GET //image/class-meditation-hands-woman-nature-260nw-2603763821-1752299564654.jpg 304 - 2.255 ms
Tue Jul 15 2025 10:15:28 [SERVER-NAME] info: GET //image/class-meditation-hands-woman-nature-260nw-2603763821-1752497273729.jpg 304 - 2.002 ms
Tue Jul 15 2025 10:15:28 [SERVER-NAME] info: GET //image/yoga-workout-people-studio-class-260nw-2535975187-1752497253238.jpg 304 - 2.343 ms
Tue Jul 15 2025 10:19:6 [SERVER-NAME] info: Mail send successfully
Tue Jul 15 2025 10:20:6 [SERVER-NAME] info: Mail send successfully
Tue Jul 15 2025 10:20:49 [SERVER-NAME] info: OPTIONS /api/v1/admin/dailyInspiration 204 - 0.134 ms
Tue Jul 15 2025 10:20:49 [SERVER-NAME] info: OPTIONS /api/v1/admin/dailyInspiration/scheduled 204 - 0.058 ms
Tue Jul 15 2025 10:20:49 [SERVER-NAME] info: GET /api/v1/admin/dailyInspiration 304 - 9.675 ms
Tue Jul 15 2025 10:21:6 [SERVER-NAME] info: Mail send successfully
Tue Jul 15 2025 10:22:0 [SERVER-NAME] info: OPTIONS /api/v1/admin/category 204 - 0.067 ms
Tue Jul 15 2025 10:22:0 [SERVER-NAME] info: GET /api/v1/admin/category 304 - 9.432 ms
Tue Jul 15 2025 10:22:0 [SERVER-NAME] info: GET //thumbnail/class-meditation-hands-woman-nature-260nw-2603763821-1752291385710.jpg 304 - 1.232 ms
Tue Jul 15 2025 10:22:0 [SERVER-NAME] info: GET //thumbnail/yoga-workout-people-studio-class-260nw-2535975187-1752212019755.jpg 304 - 1.282 ms
Tue Jul 15 2025 10:22:0 [SERVER-NAME] info: GET //thumbnail/woman-yoga-video-laptop-on-260nw-2518833075-1751798188490.jpg 304 - 1.514 ms
Tue Jul 15 2025 10:22:4 [SERVER-NAME] info: OPTIONS /api/v1/admin/category/category-all-videos/6871d839383acdb5d5af70fd 204 - 0.037 ms
Tue Jul 15 2025 10:22:4 [SERVER-NAME] info: GET /api/v1/admin/category/category-all-videos/6871d839383acdb5d5af70fd 304 - 6.837 ms
Tue Jul 15 2025 10:22:6 [SERVER-NAME] info: GET //thumbnail/class-meditation-hands-woman-nature-260nw-2603763821-1752291385710.jpg 304 - 4.152 ms
Tue Jul 15 2025 10:22:6 [SERVER-NAME] info: GET //thumbnail/yoga-workout-people-studio-class-260nw-2535975187-1752212019755.jpg 304 - 0.802 ms
Tue Jul 15 2025 10:22:6 [SERVER-NAME] info: GET //thumbnail/woman-yoga-video-laptop-on-260nw-2518833075-1751798188490.jpg 304 - 1.142 ms
Tue Jul 15 2025 10:22:6 [SERVER-NAME] info: Mail send successfully
Tue Jul 15 2025 10:22:12 [SERVER-NAME] info: OPTIONS /api/v1/admin/category/category-all-videos/6870a233bfc46cbd81f19687 204 - 0.138 ms
Tue Jul 15 2025 10:22:12 [SERVER-NAME] info: GET /api/v1/admin/category/category-all-videos/6870a233bfc46cbd81f19687 200 - 10.847 ms
Tue Jul 15 2025 10:22:14 [SERVER-NAME] info: GET //thumbnail/class-meditation-hands-woman-nature-260nw-2603763821-1752291385710.jpg 304 - 2.785 ms
Tue Jul 15 2025 10:22:14 [SERVER-NAME] info: GET //thumbnail/yoga-workout-people-studio-class-260nw-2535975187-1752212019755.jpg 304 - 1.669 ms
Tue Jul 15 2025 10:22:14 [SERVER-NAME] info: GET //thumbnail/woman-yoga-video-laptop-on-260nw-2518833075-1751798188490.jpg 304 - 1.480 ms
Tue Jul 15 2025 10:22:16 [SERVER-NAME] info: OPTIONS /api/v1/admin/category/category-all-videos/686ca649314f6233882f0a74 204 - 0.154 ms
Tue Jul 15 2025 10:22:16 [SERVER-NAME] info: GET /api/v1/admin/category/category-all-videos/686ca649314f6233882f0a74 304 - 9.647 ms
Tue Jul 15 2025 10:22:18 [SERVER-NAME] info: GET //thumbnail/class-meditation-hands-woman-nature-260nw-2603763821-1752291385710.jpg 304 - 5.940 ms
Tue Jul 15 2025 10:22:18 [SERVER-NAME] info: GET //thumbnail/yoga-workout-people-studio-class-260nw-2535975187-1752212019755.jpg 304 - 0.646 ms
Tue Jul 15 2025 10:22:18 [SERVER-NAME] info: GET //thumbnail/woman-yoga-video-laptop-on-260nw-2518833075-1751798188490.jpg 304 - 0.882 ms
Tue Jul 15 2025 10:23:6 [SERVER-NAME] info: Mail send successfully
Tue Jul 15 2025 10:23:29 [SERVER-NAME] info: OPTIONS /api/v1/admin/package/managment 204 - 0.243 ms
Tue Jul 15 2025 10:23:29 [SERVER-NAME] info: OPTIONS /api/v1/admin/subscription/rules 204 - 0.032 ms
Tue Jul 15 2025 10:23:29 [SERVER-NAME] info: GET /api/v1/admin/package/managment 200 - 17.495 ms
Tue Jul 15 2025 10:23:29 [SERVER-NAME] info: GET /api/v1/admin/subscription/rules 201 - 10.639 ms
Tue Jul 15 2025 10:23:32 [SERVER-NAME] info: OPTIONS /api/v1/admin/subscription/rules/create 204 - 0.040 ms
Tue Jul 15 2025 10:23:32 [SERVER-NAME] info: POST /api/v1/admin/subscription/rules/create 201 - 9.931 ms
Tue Jul 15 2025 10:23:32 [SERVER-NAME] info: GET /api/v1/admin/subscription/rules 201 - 4.117 ms
Tue Jul 15 2025 10:23:40 [SERVER-NAME] info: OPTIONS /api/v1/admin/package/managment 204 - 0.047 ms
Tue Jul 15 2025 10:23:40 [SERVER-NAME] info: GET /api/v1/admin/package/managment 304 - 4.857 ms
Tue Jul 15 2025 10:24:6 [SERVER-NAME] info: Mail send successfully
Tue Jul 15 2025 10:25:6 [SERVER-NAME] info: Mail send successfully
Tue Jul 15 2025 10:26:6 [SERVER-NAME] info: Mail send successfully
Tue Jul 15 2025 10:27:6 [SERVER-NAME] info: Mail send successfully
Tue Jul 15 2025 10:31:23 [SERVER-NAME] info: OPTIONS /api/v1/admin/package/managment 204 - 0.082 ms
Tue Jul 15 2025 10:31:23 [SERVER-NAME] info: GET /api/v1/admin/package/managment 304 - 8.310 ms
Tue Jul 15 2025 10:31:35 [SERVER-NAME] info: OPTIONS /api/v1/admin/package/managment 204 - 0.169 ms
Tue Jul 15 2025 10:31:35 [SERVER-NAME] info: GET /api/v1/admin/package/managment 304 - 4.894 ms
Tue Jul 15 2025 10:33:34 [SERVER-NAME] info: OPTIONS /api/v1/admin/package/managment 204 - 0.259 ms
Tue Jul 15 2025 10:33:35 [SERVER-NAME] info: GET /api/v1/admin/package/managment 304 - 8.787 ms
Tue Jul 15 2025 10:38:24 [SERVER-NAME] info: OPTIONS /api/v1/admin/subscription/rules/create 204 - 0.087 ms
Tue Jul 15 2025 10:38:24 [SERVER-NAME] info: POST /api/v1/admin/subscription/rules/create 201 - 7.068 ms
Tue Jul 15 2025 10:38:24 [SERVER-NAME] info: OPTIONS /api/v1/admin/subscription/rules 204 - 0.039 ms
Tue Jul 15 2025 10:38:24 [SERVER-NAME] info: GET /api/v1/admin/subscription/rules 201 - 10.612 ms
Tue Jul 15 2025 10:38:35 [SERVER-NAME] info: OPTIONS /api/v1/admin/package/managment 204 - 0.082 ms
Tue Jul 15 2025 10:38:37 [SERVER-NAME] info: GET /api/v1/admin/package/managment 304 - 12.079 ms
Tue Jul 15 2025 10:47:15 [SERVER-NAME] info: OPTIONS /api/v1/admin/package/managment 204 - 0.129 ms
Tue Jul 15 2025 10:47:16 [SERVER-NAME] info: POST /api/v1/admin/package/managment 200 - 856.159 ms
Tue Jul 15 2025 10:47:16 [SERVER-NAME] info: GET /api/v1/admin/package/managment 200 - 13.646 ms
Tue Jul 15 2025 10:51:21 [SERVER-NAME] info: OPTIONS /api/v1/users/profile 204 - 0.073 ms
Tue Jul 15 2025 10:51:21 [SERVER-NAME] info: OPTIONS /api/v1/admin/package/managment 204 - 0.052 ms
Tue Jul 15 2025 10:51:21 [SERVER-NAME] info: OPTIONS /api/v1/admin/subscription/rules 204 - 0.033 ms
Tue Jul 15 2025 10:51:21 [SERVER-NAME] info: GET /api/v1/users/profile 200 - 10.865 ms
Tue Jul 15 2025 10:51:21 [SERVER-NAME] info: GET /api/v1/admin/package/managment 200 - 15.412 ms
Tue Jul 15 2025 10:51:21 [SERVER-NAME] info: GET /api/v1/admin/subscription/rules 201 - 14.824 ms
Tue Jul 15 2025 10:53:49 [SERVER-NAME] info: OPTIONS /api/v1/admin/package/managment 204 - 0.106 ms
Tue Jul 15 2025 10:53:50 [SERVER-NAME] info: POST /api/v1/admin/package/managment 200 - 1236.536 ms
Tue Jul 15 2025 10:53:50 [SERVER-NAME] info: GET /api/v1/admin/package/managment 200 - 8.741 ms
Tue Jul 15 2025 10:55:39 [SERVER-NAME] info: OPTIONS /api/v1/admin/package/managment 204 - 0.126 ms
Tue Jul 15 2025 10:55:41 [SERVER-NAME] info: POST /api/v1/admin/package/managment 200 - 1313.237 ms
Tue Jul 15 2025 10:55:41 [SERVER-NAME] info: GET /api/v1/admin/package/managment 200 - 6.223 ms
