Mon Sep 15 2025 20:1:6 [SERVER-NAME] info: [32mConfig validation successful.[39m
Mon Sep 15 2025 20:1:6 [SERVER-NAME] info: [32m🚀 Database connected successfully[39m
Mon Sep 15 2025 20:1:6 [SERVER-NAME] info: [33m♻️  Socket is listening on same port 7000[39m
Mon Sep 15 2025 20:1:6 [SERVER-NAME] info: [46m♻️  Application listening on http://10.10.7.62:7000[49m
Mon Sep 15 2025 20:1:55 [SERVER-NAME] info: [32mConfig validation successful.[39m
Mon Sep 15 2025 20:1:55 [SERVER-NAME] info: [32m🚀 Database connected successfully[39m
Mon Sep 15 2025 20:1:55 [SERVER-NAME] info: [33m♻️  Socket is listening on same port 7000[39m
Mon Sep 15 2025 20:1:55 [SERVER-NAME] info: [46m♻️  Application listening on http://10.10.7.62:7000[49m
Mon Sep 15 2025 20:3:34 [SERVER-NAME] info: [32mConfig validation successful.[39m
Mon Sep 15 2025 20:3:34 [SERVER-NAME] info: [32m🚀 Database connected successfully[39m
Mon Sep 15 2025 20:3:34 [SERVER-NAME] info: [33m♻️  Socket is listening on same port 7000[39m
Mon Sep 15 2025 20:3:34 [SERVER-NAME] info: [46m♻️  Application listening on http://10.10.7.62:7000[49m
Mon Sep 15 2025 20:3:42 [SERVER-NAME] info: OPTIONS /api/v1/admin/videos/library/upload-video 204 - 0.654 ms
Mon Sep 15 2025 20:5:6 [SERVER-NAME] info: POST /api/v1/admin/videos/library/upload-video 200 - 83531.700 ms
Mon Sep 15 2025 20:5:6 [SERVER-NAME] info: OPTIONS /api/v1/admin/videos/library/videos?page=1&limit=10 204 - 0.358 ms
Mon Sep 15 2025 20:5:6 [SERVER-NAME] info: GET /api/v1/admin/videos/library/videos?page=1&limit=10 200 - 21.132 ms
Mon Sep 15 2025 20:5:24 [SERVER-NAME] info: [32mConfig validation successful.[39m
Mon Sep 15 2025 20:5:24 [SERVER-NAME] info: [32m🚀 Database connected successfully[39m
Mon Sep 15 2025 20:5:24 [SERVER-NAME] info: [33m♻️  Socket is listening on same port 7000[39m
Mon Sep 15 2025 20:5:24 [SERVER-NAME] info: [46m♻️  Application listening on http://10.10.7.62:7000[49m
Mon Sep 15 2025 20:5:26 [SERVER-NAME] info: [32mConfig validation successful.[39m
Mon Sep 15 2025 20:5:26 [SERVER-NAME] info: [32m🚀 Database connected successfully[39m
Mon Sep 15 2025 20:5:26 [SERVER-NAME] info: [33m♻️  Socket is listening on same port 7000[39m
Mon Sep 15 2025 20:5:26 [SERVER-NAME] info: [46m♻️  Application listening on http://10.10.7.62:7000[49m
Mon Sep 15 2025 20:8:9 [SERVER-NAME] info: [32mConfig validation successful.[39m
Mon Sep 15 2025 20:8:10 [SERVER-NAME] info: [32m🚀 Database connected successfully[39m
Mon Sep 15 2025 20:8:10 [SERVER-NAME] info: [33m♻️  Socket is listening on same port 7000[39m
Mon Sep 15 2025 20:8:10 [SERVER-NAME] info: [46m♻️  Application listening on http://10.10.7.62:7000[49m
Mon Sep 15 2025 20:9:2 [SERVER-NAME] info: OPTIONS /api/v1/admin/videos/library/upload-video 204 - 0.663 ms
Mon Sep 15 2025 20:11:3 [SERVER-NAME] info: POST /api/v1/admin/videos/library/upload-video - - - ms
Mon Sep 15 2025 20:13:4 [SERVER-NAME] info: POST /api/v1/admin/videos/library/upload-video - - - ms
Mon Sep 15 2025 20:13:18 [SERVER-NAME] info: OPTIONS /api/v1/users/profile 204 - 0.582 ms
Mon Sep 15 2025 20:13:18 [SERVER-NAME] info: OPTIONS /api/v1/notifications/admin?page=1&limit=20 204 - 0.062 ms
Mon Sep 15 2025 20:13:18 [SERVER-NAME] info: OPTIONS /api/v1/admin/videos/library/videos?page=1&limit=10 204 - 0.153 ms
Mon Sep 15 2025 20:13:18 [SERVER-NAME] info: GET /api/v1/users/profile 304 - 20.622 ms
Mon Sep 15 2025 20:13:18 [SERVER-NAME] info: GET /api/v1/admin/videos/library/videos?page=1&limit=10 304 - 38.947 ms
Mon Sep 15 2025 20:13:18 [SERVER-NAME] info: GET /api/v1/notifications/admin?page=1&limit=20 304 - 82.626 ms
Mon Sep 15 2025 20:13:18 [SERVER-NAME] info: GET //image/young-woman-doing-yoga-in-nature-video-1756267358857.jpg 304 - 0.935 ms
Mon Sep 15 2025 20:13:25 [SERVER-NAME] info: OPTIONS /api/v1/users/profile 204 - 0.075 ms
Mon Sep 15 2025 20:13:25 [SERVER-NAME] info: OPTIONS /api/v1/notifications/admin?page=1&limit=20 204 - 0.053 ms
Mon Sep 15 2025 20:13:25 [SERVER-NAME] info: OPTIONS /api/v1/admin/videos/library/videos?page=1&limit=10 204 - 0.061 ms
Mon Sep 15 2025 20:13:25 [SERVER-NAME] info: GET /api/v1/users/profile 304 - 5.367 ms
Mon Sep 15 2025 20:13:25 [SERVER-NAME] info: GET /api/v1/notifications/admin?page=1&limit=20 304 - 13.795 ms
Mon Sep 15 2025 20:13:25 [SERVER-NAME] info: GET /api/v1/admin/videos/library/videos?page=1&limit=10 304 - 14.410 ms
Mon Sep 15 2025 20:13:26 [SERVER-NAME] info: GET //image/young-woman-doing-yoga-in-nature-video-1756267358857.jpg 304 - 0.508 ms
Mon Sep 15 2025 20:13:28 [SERVER-NAME] info: OPTIONS /api/v1/admin/videos/library/videos/68c81d12f382bff495418899 204 - 0.058 ms
Mon Sep 15 2025 20:13:28 [SERVER-NAME] info: GET /api/v1/admin/videos/library/videos/68c81d12f382bff495418899 200 - 4.789 ms
Mon Sep 15 2025 20:14:40 [SERVER-NAME] info: OPTIONS /api/v1/admin/videos/library/upload-video 204 - 0.078 ms
Mon Sep 15 2025 20:16:20 [SERVER-NAME] info: OPTIONS /api/v1/users/profile 204 - 0.472 ms
Mon Sep 15 2025 20:16:20 [SERVER-NAME] info: OPTIONS /api/v1/notifications/admin?page=1&limit=20 204 - 0.119 ms
Mon Sep 15 2025 20:16:20 [SERVER-NAME] info: OPTIONS /api/v1/admin/dashboard/statistics 204 - 0.107 ms
Mon Sep 15 2025 20:16:20 [SERVER-NAME] info: GET /api/v1/users/profile 200 - 66.173 ms
Mon Sep 15 2025 20:16:20 [SERVER-NAME] info: GET /api/v1/notifications/admin?page=1&limit=20 200 - 112.469 ms
Mon Sep 15 2025 20:16:20 [SERVER-NAME] info: GET /api/v1/admin/dashboard/statistics 200 - 153.698 ms
Mon Sep 15 2025 20:16:23 [SERVER-NAME] info: OPTIONS /api/v1/admin/dashboard/revenue 204 - 0.180 ms
Mon Sep 15 2025 20:16:23 [SERVER-NAME] info: OPTIONS /api/v1/admin/dashboard/resent-users 204 - 0.130 ms
Mon Sep 15 2025 20:16:23 [SERVER-NAME] info: GET /api/v1/admin/dashboard/resent-users 200 - 19.830 ms
Mon Sep 15 2025 20:16:23 [SERVER-NAME] info: GET /api/v1/admin/dashboard/revenue 200 - 36.450 ms
Mon Sep 15 2025 20:16:23 [SERVER-NAME] info: GET //image/young-woman-doing-yoga-in-nature-video-1756267358857.jpg 200 - 22.262 ms
Mon Sep 15 2025 20:16:41 [SERVER-NAME] info: POST /api/v1/admin/videos/library/upload-video - - - ms
Mon Sep 15 2025 20:18:42 [SERVER-NAME] info: POST /api/v1/admin/videos/library/upload-video - - - ms
Mon Sep 15 2025 20:20:9 [SERVER-NAME] info: [32mConfig validation successful.[39m
Mon Sep 15 2025 20:20:9 [SERVER-NAME] info: [32m🚀 Database connected successfully[39m
Mon Sep 15 2025 20:20:9 [SERVER-NAME] info: [33m♻️  Socket is listening on same port 7000[39m
Mon Sep 15 2025 20:20:9 [SERVER-NAME] info: [46m♻️  Application listening on http://10.10.7.62:7000[49m
Mon Sep 15 2025 20:20:9 [SERVER-NAME] info: OPTIONS /api/v1/users/profile 204 - 1.279 ms
Mon Sep 15 2025 20:20:9 [SERVER-NAME] info: OPTIONS /api/v1/notifications/admin?page=1&limit=20 204 - 0.099 ms
Mon Sep 15 2025 20:20:9 [SERVER-NAME] info: OPTIONS /api/v1/admin/videos/library/videos?page=1&limit=10 204 - 0.135 ms
Mon Sep 15 2025 20:20:9 [SERVER-NAME] info: GET /api/v1/users/profile 304 - 54.501 ms
Mon Sep 15 2025 20:20:9 [SERVER-NAME] info: GET /api/v1/admin/videos/library/videos?page=1&limit=10 200 - 77.871 ms
Mon Sep 15 2025 20:20:9 [SERVER-NAME] info: GET /api/v1/notifications/admin?page=1&limit=20 304 - 72.433 ms
Mon Sep 15 2025 20:20:9 [SERVER-NAME] info: GET //image/young-woman-doing-yoga-in-nature-video-1756267358857.jpg 304 - 1.233 ms
Mon Sep 15 2025 20:20:18 [SERVER-NAME] info: [32mConfig validation successful.[39m
Mon Sep 15 2025 20:20:18 [SERVER-NAME] info: [32m🚀 Database connected successfully[39m
Mon Sep 15 2025 20:20:18 [SERVER-NAME] info: [33m♻️  Socket is listening on same port 7000[39m
Mon Sep 15 2025 20:20:18 [SERVER-NAME] info: [46m♻️  Application listening on http://10.10.7.62:7000[49m
Mon Sep 15 2025 20:20:20 [SERVER-NAME] info: [32mConfig validation successful.[39m
Mon Sep 15 2025 20:20:20 [SERVER-NAME] info: [32m🚀 Database connected successfully[39m
Mon Sep 15 2025 20:20:20 [SERVER-NAME] info: [33m♻️  Socket is listening on same port 7000[39m
Mon Sep 15 2025 20:20:20 [SERVER-NAME] info: [46m♻️  Application listening on http://10.10.7.62:7000[49m
Mon Sep 15 2025 20:20:32 [SERVER-NAME] info: [32mConfig validation successful.[39m
Mon Sep 15 2025 20:20:32 [SERVER-NAME] info: [32m🚀 Database connected successfully[39m
Mon Sep 15 2025 20:20:32 [SERVER-NAME] info: [33m♻️  Socket is listening on same port 7000[39m
Mon Sep 15 2025 20:20:32 [SERVER-NAME] info: [46m♻️  Application listening on http://10.10.7.62:7000[49m
Mon Sep 15 2025 20:20:50 [SERVER-NAME] info: [32mConfig validation successful.[39m
Mon Sep 15 2025 20:20:50 [SERVER-NAME] info: [32m🚀 Database connected successfully[39m
Mon Sep 15 2025 20:20:50 [SERVER-NAME] info: [33m♻️  Socket is listening on same port 7000[39m
Mon Sep 15 2025 20:20:50 [SERVER-NAME] info: [46m♻️  Application listening on http://10.10.7.62:7000[49m
Mon Sep 15 2025 20:21:24 [SERVER-NAME] info: [34mSIGINT received. Shutting down gracefully...[39m
Mon Sep 15 2025 20:22:0 [SERVER-NAME] info: [34mMaster 9916 is running[39m
Mon Sep 15 2025 20:22:0 [SERVER-NAME] info: [34mStarting 12 workers...[39m
Mon Sep 15 2025 20:22:3 [SERVER-NAME] info: [34mWorker 16180 started[39m
Mon Sep 15 2025 20:22:3 [SERVER-NAME] info: [32mConfig validation successful.[39m
Mon Sep 15 2025 20:22:3 [SERVER-NAME] info: [32m🚀 Database connected successfully[39m
Mon Sep 15 2025 20:22:3 [SERVER-NAME] info: [32mWorker 16180 is ready to accept connections[39m
Mon Sep 15 2025 20:22:3 [SERVER-NAME] info: [34mWorker 19196 started[39m
Mon Sep 15 2025 20:22:3 [SERVER-NAME] info: [32mConfig validation successful.[39m
Mon Sep 15 2025 20:22:3 [SERVER-NAME] info: [33m♻️  Socket is listening on same port 7000[39m
Mon Sep 15 2025 20:22:3 [SERVER-NAME] info: [34mWorker 11028 started[39m
Mon Sep 15 2025 20:22:3 [SERVER-NAME] info: [32mConfig validation successful.[39m
Mon Sep 15 2025 20:22:3 [SERVER-NAME] info: [46m♻️  Application listening on http://10.10.7.62:7000[49m
Mon Sep 15 2025 20:22:3 [SERVER-NAME] info: [32m🚀 Database connected successfully[39m
Mon Sep 15 2025 20:22:3 [SERVER-NAME] info: [34mWorker 18940 started[39m
Mon Sep 15 2025 20:22:3 [SERVER-NAME] info: [32mConfig validation successful.[39m
Mon Sep 15 2025 20:22:3 [SERVER-NAME] info: [32mWorker 19196 is ready to accept connections[39m
Mon Sep 15 2025 20:22:3 [SERVER-NAME] info: [33m♻️  Socket is listening on same port 7000[39m
Mon Sep 15 2025 20:22:4 [SERVER-NAME] info: [46m♻️  Application listening on http://10.10.7.62:7000[49m
Mon Sep 15 2025 20:22:4 [SERVER-NAME] info: [32m🚀 Database connected successfully[39m
Mon Sep 15 2025 20:22:4 [SERVER-NAME] info: [32mWorker 11028 is ready to accept connections[39m
Mon Sep 15 2025 20:22:4 [SERVER-NAME] info: [33m♻️  Socket is listening on same port 7000[39m
Mon Sep 15 2025 20:22:4 [SERVER-NAME] info: [46m♻️  Application listening on http://10.10.7.62:7000[49m
Mon Sep 15 2025 20:22:4 [SERVER-NAME] info: [32m🚀 Database connected successfully[39m
Mon Sep 15 2025 20:22:4 [SERVER-NAME] info: [32mWorker 18940 is ready to accept connections[39m
Mon Sep 15 2025 20:22:4 [SERVER-NAME] info: [33m♻️  Socket is listening on same port 7000[39m
Mon Sep 15 2025 20:22:4 [SERVER-NAME] info: [46m♻️  Application listening on http://10.10.7.62:7000[49m
Mon Sep 15 2025 20:22:3 [SERVER-NAME] info: [34mWorker 18972 started[39m
Mon Sep 15 2025 20:22:4 [SERVER-NAME] info: [32mConfig validation successful.[39m
Mon Sep 15 2025 20:22:3 [SERVER-NAME] info: [34mWorker 9020 started[39m
Mon Sep 15 2025 20:22:3 [SERVER-NAME] info: [32mConfig validation successful.[39m
Mon Sep 15 2025 20:22:4 [SERVER-NAME] info: [32m🚀 Database connected successfully[39m
Mon Sep 15 2025 20:22:4 [SERVER-NAME] info: [32m🚀 Database connected successfully[39m
Mon Sep 15 2025 20:22:4 [SERVER-NAME] info: [32mWorker 18972 is ready to accept connections[39m
Mon Sep 15 2025 20:22:4 [SERVER-NAME] info: [34mWorker 1220 started[39m
Mon Sep 15 2025 20:22:4 [SERVER-NAME] info: [32mConfig validation successful.[39m
Mon Sep 15 2025 20:22:4 [SERVER-NAME] info: [32mWorker 9020 is ready to accept connections[39m
Mon Sep 15 2025 20:22:4 [SERVER-NAME] info: [33m♻️  Socket is listening on same port 7000[39m
Mon Sep 15 2025 20:22:4 [SERVER-NAME] info: [33m♻️  Socket is listening on same port 7000[39m
Mon Sep 15 2025 20:22:4 [SERVER-NAME] info: [46m♻️  Application listening on http://10.10.7.62:7000[49m
Mon Sep 15 2025 20:22:4 [SERVER-NAME] info: [46m♻️  Application listening on http://10.10.7.62:7000[49m
Mon Sep 15 2025 20:22:4 [SERVER-NAME] info: [34mWorker 12112 started[39m
Mon Sep 15 2025 20:22:4 [SERVER-NAME] info: [32mConfig validation successful.[39m
Mon Sep 15 2025 20:22:4 [SERVER-NAME] info: [32m🚀 Database connected successfully[39m
Mon Sep 15 2025 20:22:4 [SERVER-NAME] info: [34mWorker 13684 started[39m
Mon Sep 15 2025 20:22:4 [SERVER-NAME] info: [32mConfig validation successful.[39m
Mon Sep 15 2025 20:22:4 [SERVER-NAME] info: [32mWorker 1220 is ready to accept connections[39m
Mon Sep 15 2025 20:22:4 [SERVER-NAME] info: [34mWorker 8532 started[39m
Mon Sep 15 2025 20:22:4 [SERVER-NAME] info: [32mConfig validation successful.[39m
Mon Sep 15 2025 20:22:4 [SERVER-NAME] info: [33m♻️  Socket is listening on same port 7000[39m
Mon Sep 15 2025 20:22:4 [SERVER-NAME] info: [46m♻️  Application listening on http://10.10.7.62:7000[49m
Mon Sep 15 2025 20:22:4 [SERVER-NAME] info: [32m🚀 Database connected successfully[39m
Mon Sep 15 2025 20:22:4 [SERVER-NAME] info: [34mWorker 2260 started[39m
Mon Sep 15 2025 20:22:4 [SERVER-NAME] info: [32mConfig validation successful.[39m
Mon Sep 15 2025 20:22:4 [SERVER-NAME] info: [32m🚀 Database connected successfully[39m
Mon Sep 15 2025 20:22:4 [SERVER-NAME] info: [32m🚀 Database connected successfully[39m
Mon Sep 15 2025 20:22:4 [SERVER-NAME] info: [32mWorker 12112 is ready to accept connections[39m
Mon Sep 15 2025 20:22:4 [SERVER-NAME] info: [34mWorker 17728 started[39m
Mon Sep 15 2025 20:22:4 [SERVER-NAME] info: [32mConfig validation successful.[39m
Mon Sep 15 2025 20:22:4 [SERVER-NAME] info: [32mWorker 13684 is ready to accept connections[39m
Mon Sep 15 2025 20:22:4 [SERVER-NAME] info: [32mWorker 8532 is ready to accept connections[39m
Mon Sep 15 2025 20:22:4 [SERVER-NAME] info: [33m♻️  Socket is listening on same port 7000[39m
Mon Sep 15 2025 20:22:4 [SERVER-NAME] info: [33m♻️  Socket is listening on same port 7000[39m
Mon Sep 15 2025 20:22:4 [SERVER-NAME] info: [33m♻️  Socket is listening on same port 7000[39m
Mon Sep 15 2025 20:22:4 [SERVER-NAME] info: [46m♻️  Application listening on http://10.10.7.62:7000[49m
Mon Sep 15 2025 20:22:4 [SERVER-NAME] info: [46m♻️  Application listening on http://10.10.7.62:7000[49m
Mon Sep 15 2025 20:22:4 [SERVER-NAME] info: [46m♻️  Application listening on http://10.10.7.62:7000[49m
Mon Sep 15 2025 20:22:4 [SERVER-NAME] info: [32m🚀 Database connected successfully[39m
Mon Sep 15 2025 20:22:4 [SERVER-NAME] info: [32mWorker 17728 is ready to accept connections[39m
Mon Sep 15 2025 20:22:4 [SERVER-NAME] info: [32m🚀 Database connected successfully[39m
Mon Sep 15 2025 20:22:4 [SERVER-NAME] info: [32mWorker 2260 is ready to accept connections[39m
Mon Sep 15 2025 20:22:4 [SERVER-NAME] info: [33m♻️  Socket is listening on same port 7000[39m
Mon Sep 15 2025 20:22:4 [SERVER-NAME] info: [46m♻️  Application listening on http://10.10.7.62:7000[49m
Mon Sep 15 2025 20:22:4 [SERVER-NAME] info: [33m♻️  Socket is listening on same port 7000[39m
Mon Sep 15 2025 20:22:4 [SERVER-NAME] info: [46m♻️  Application listening on http://10.10.7.62:7000[49m
Mon Sep 15 2025 20:22:9 [SERVER-NAME] info: [34mSIGINT received. Shutting down gracefully...[39m
Mon Sep 15 2025 20:22:9 [SERVER-NAME] info: [34mSIGINT received. Shutting down gracefully...[39m
Mon Sep 15 2025 20:22:9 [SERVER-NAME] info: [34mSIGINT received. Shutting down gracefully...[39m
Mon Sep 15 2025 20:22:9 [SERVER-NAME] info: [34mSIGINT received. Shutting down gracefully...[39m
Mon Sep 15 2025 20:22:9 [SERVER-NAME] info: [34mSIGINT received. Shutting down gracefully...[39m
Mon Sep 15 2025 20:22:9 [SERVER-NAME] info: [34mSIGINT received. Shutting down gracefully...[39m
Mon Sep 15 2025 20:22:9 [SERVER-NAME] info: [34mSIGINT received. Shutting down gracefully...[39m
Mon Sep 15 2025 20:22:13 [SERVER-NAME] info: [32mConfig validation successful.[39m
Mon Sep 15 2025 20:22:13 [SERVER-NAME] info: [32m🚀 Database connected successfully[39m
Mon Sep 15 2025 20:22:13 [SERVER-NAME] info: [33m♻️  Socket is listening on same port 7000[39m
Mon Sep 15 2025 20:22:13 [SERVER-NAME] info: [46m♻️  Application listening on http://10.10.7.62:7000[49m
