Tue Jul 15 2025 12:0:15 [SERVER-NAME] info: OPTIONS /api/v1/auth/login 204 - 0.524 ms
Tue Jul 15 2025 12:0:20 [SERVER-NAME] info: OPTIONS /api/v1/auth/login 204 - 0.192 ms
Tue Jul 15 2025 12:0:51 [SERVER-NAME] info: OPTIONS /api/v1/users 204 - 0.082 ms
Tue Jul 15 2025 12:0:52 [SERVER-NAME] info: POST /api/v1/users 200 - 771.226 ms
Tue Jul 15 2025 12:2:23 [SERVER-NAME] info: OPTIONS /api/v1/auth/login 204 - 0.074 ms
Tue Jul 15 2025 12:2:23 [SERVER-NAME] info: POST /api/v1/auth/login 200 - 228.053 ms
Tue Jul 15 2025 12:2:23 [SERVER-NAME] info: OPTIONS /api/v1/users/profile 204 - 0.251 ms
Tue Jul 15 2025 12:2:23 [SERVER-NAME] info: OPTIONS /api/v1/comingSoon/latest 204 - 0.055 ms
Tue Jul 15 2025 12:2:23 [SERVER-NAME] info: OPTIONS /api/v1/comingSoon/latest 204 - 0.049 ms
Tue Jul 15 2025 12:2:23 [SERVER-NAME] info: OPTIONS /api/v1/category 204 - 0.061 ms
Tue Jul 15 2025 12:2:23 [SERVER-NAME] info: OPTIONS /api/v1/notifications?page=1&limit=30 204 - 0.038 ms
Tue Jul 15 2025 12:2:23 [SERVER-NAME] info: OPTIONS /api/v1/quotation 204 - 0.042 ms
Tue Jul 15 2025 12:2:23 [SERVER-NAME] info: OPTIONS /api/v1/challenge/letest 204 - 0.048 ms
Tue Jul 15 2025 12:2:23 [SERVER-NAME] info: GET /api/v1/users/profile 200 - 27.149 ms
Tue Jul 15 2025 12:2:23 [SERVER-NAME] info: GET /api/v1/quotation 304 - 34.536 ms
Tue Jul 15 2025 12:2:23 [SERVER-NAME] info: GET /api/v1/comingSoon/latest 200 - 37.456 ms
Tue Jul 15 2025 12:2:23 [SERVER-NAME] info: GET /api/v1/category 200 - 45.149 ms
Tue Jul 15 2025 12:2:23 [SERVER-NAME] info: GET /api/v1/notifications?page=1&limit=30 200 - 48.447 ms
Tue Jul 15 2025 12:2:23 [SERVER-NAME] info: GET /api/v1/comingSoon/latest 304 - 9.096 ms
Tue Jul 15 2025 12:4:21 [SERVER-NAME] info: OPTIONS /api/v1/users 204 - 0.106 ms
Tue Jul 15 2025 12:4:22 [SERVER-NAME] info: POST /api/v1/users 200 - 846.046 ms
Tue Jul 15 2025 12:4:28 [SERVER-NAME] info: OPTIONS /api/v1/auth/login 204 - 0.064 ms
Tue Jul 15 2025 12:4:29 [SERVER-NAME] info: POST /api/v1/auth/login 200 - 224.148 ms
Tue Jul 15 2025 12:4:29 [SERVER-NAME] info: OPTIONS /api/v1/users/profile 204 - 0.153 ms
Tue Jul 15 2025 12:4:29 [SERVER-NAME] info: OPTIONS /api/v1/notifications?page=1&limit=30 204 - 0.121 ms
Tue Jul 15 2025 12:4:29 [SERVER-NAME] info: OPTIONS /api/v1/quotation 204 - 0.090 ms
Tue Jul 15 2025 12:4:29 [SERVER-NAME] info: OPTIONS /api/v1/comingSoon/latest 204 - 0.096 ms
Tue Jul 15 2025 12:4:29 [SERVER-NAME] info: OPTIONS /api/v1/comingSoon/latest 204 - 0.064 ms
Tue Jul 15 2025 12:4:29 [SERVER-NAME] info: OPTIONS /api/v1/category 204 - 0.051 ms
Tue Jul 15 2025 12:4:29 [SERVER-NAME] info: OPTIONS /api/v1/challenge/letest 204 - 0.046 ms
Tue Jul 15 2025 12:4:29 [SERVER-NAME] info: GET /api/v1/users/profile 200 - 18.184 ms
Tue Jul 15 2025 12:4:29 [SERVER-NAME] info: GET /api/v1/quotation 304 - 18.355 ms
Tue Jul 15 2025 12:4:29 [SERVER-NAME] info: GET /api/v1/comingSoon/latest 304 - 25.764 ms
Tue Jul 15 2025 12:4:29 [SERVER-NAME] info: GET /api/v1/category 304 - 26.159 ms
Tue Jul 15 2025 12:4:29 [SERVER-NAME] info: GET /api/v1/notifications?page=1&limit=30 200 - 33.844 ms
Tue Jul 15 2025 12:4:29 [SERVER-NAME] info: GET /api/v1/comingSoon/latest 304 - 7.300 ms
Tue Jul 15 2025 12:5:33 [SERVER-NAME] info: OPTIONS /api/v1/comingSoon/latest 204 - 0.073 ms
Tue Jul 15 2025 12:5:33 [SERVER-NAME] info: GET /api/v1/comingSoon/latest 304 - 4.558 ms
Tue Jul 15 2025 12:5:40 [SERVER-NAME] info: OPTIONS /api/v1/users/profile 204 - 0.221 ms
Tue Jul 15 2025 12:5:40 [SERVER-NAME] info: OPTIONS /api/v1/notifications?page=1&limit=30 204 - 0.118 ms
Tue Jul 15 2025 12:5:40 [SERVER-NAME] info: OPTIONS /api/v1/quotation 204 - 0.037 ms
Tue Jul 15 2025 12:5:40 [SERVER-NAME] info: OPTIONS /api/v1/comingSoon/latest 204 - 0.029 ms
Tue Jul 15 2025 12:5:40 [SERVER-NAME] info: OPTIONS /api/v1/category 204 - 0.072 ms
Tue Jul 15 2025 12:5:40 [SERVER-NAME] info: OPTIONS /api/v1/challenge/letest 204 - 0.027 ms
Tue Jul 15 2025 12:5:40 [SERVER-NAME] info: GET /api/v1/users/profile 304 - 13.968 ms
Tue Jul 15 2025 12:5:40 [SERVER-NAME] info: GET /api/v1/quotation 304 - 14.229 ms
Tue Jul 15 2025 12:5:40 [SERVER-NAME] info: GET /api/v1/comingSoon/latest 304 - 26.083 ms
Tue Jul 15 2025 12:5:40 [SERVER-NAME] info: GET /api/v1/notifications?page=1&limit=30 304 - 28.940 ms
Tue Jul 15 2025 12:5:40 [SERVER-NAME] info: GET /api/v1/category 304 - 25.846 ms
Tue Jul 15 2025 12:5:43 [SERVER-NAME] info: OPTIONS /api/v1/today 204 - 0.092 ms
Tue Jul 15 2025 12:5:43 [SERVER-NAME] info: GET /api/v1/today 200 - 11.698 ms
Tue Jul 15 2025 12:5:49 [SERVER-NAME] info: OPTIONS /api/v1/challenge/letest 204 - 0.178 ms
Tue Jul 15 2025 12:5:53 [SERVER-NAME] info: OPTIONS /api/v1/category/subcategory/6871d839383acdb5d5af70fd 204 - 0.103 ms
Tue Jul 15 2025 12:5:53 [SERVER-NAME] info: OPTIONS /api/v1/category/get-videos/6871d839383acdb5d5af70fd 204 - 0.145 ms
Tue Jul 15 2025 12:5:53 [SERVER-NAME] info: GET /api/v1/category/subcategory/6871d839383acdb5d5af70fd 200 - 15.162 ms
Tue Jul 15 2025 12:5:53 [SERVER-NAME] info: GET /api/v1/category/get-videos/6871d839383acdb5d5af70fd 200 - 14.942 ms
Tue Jul 15 2025 12:5:56 [SERVER-NAME] info: OPTIONS /api/v1/challenge/letest 204 - 0.088 ms
Tue Jul 15 2025 12:6:4 [SERVER-NAME] info: OPTIONS /api/v1/favourit 204 - 0.053 ms
Tue Jul 15 2025 12:6:4 [SERVER-NAME] info: GET /api/v1/favourit 200 - 8.253 ms
Tue Jul 15 2025 12:6:5 [SERVER-NAME] info: OPTIONS /api/v1/challenge/letest 204 - 0.079 ms
Tue Jul 15 2025 12:6:15 [SERVER-NAME] info: OPTIONS /api/v1/community/leaderboard 204 - 0.234 ms
Tue Jul 15 2025 12:6:15 [SERVER-NAME] info: OPTIONS /api/v1/community?page=1&limit=10 204 - 0.046 ms
Tue Jul 15 2025 12:6:15 [SERVER-NAME] info: GET /api/v1/community/leaderboard 200 - 9.184 ms
Tue Jul 15 2025 12:6:15 [SERVER-NAME] info: GET /api/v1/community?page=1&limit=10 200 - 9.985 ms
Tue Jul 15 2025 12:6:25 [SERVER-NAME] info: OPTIONS /api/v1/subscription/details 204 - 0.205 ms
Tue Jul 15 2025 12:6:25 [SERVER-NAME] info: GET /api/v1/subscription/details 200 - 7.791 ms
Tue Jul 15 2025 12:7:0 [SERVER-NAME] info: OPTIONS /api/v1/users/profile 204 - 0.149 ms
Tue Jul 15 2025 12:7:0 [SERVER-NAME] info: PATCH /api/v1/users/profile 200 - 21.086 ms
Tue Jul 15 2025 12:7:7 [SERVER-NAME] info: OPTIONS /api/v1/users/profile 204 - 0.251 ms
Tue Jul 15 2025 12:7:7 [SERVER-NAME] info: OPTIONS /api/v1/notifications?page=1&limit=30 204 - 0.051 ms
Tue Jul 15 2025 12:7:7 [SERVER-NAME] info: OPTIONS /api/v1/subscription/details 204 - 0.059 ms
Tue Jul 15 2025 12:7:7 [SERVER-NAME] info: GET /api/v1/users/profile 200 - 9.767 ms
Tue Jul 15 2025 12:7:7 [SERVER-NAME] info: GET /api/v1/subscription/details 304 - 8.934 ms
Tue Jul 15 2025 12:7:7 [SERVER-NAME] info: GET /api/v1/notifications?page=1&limit=30 304 - 13.582 ms
Tue Jul 15 2025 12:7:18 [SERVER-NAME] info: OPTIONS /api/v1/subscription/details 204 - 0.041 ms
Tue Jul 15 2025 12:7:18 [SERVER-NAME] info: OPTIONS /api/v1/users/profile 204 - 0.034 ms
Tue Jul 15 2025 12:7:18 [SERVER-NAME] info: OPTIONS /api/v1/notifications?page=1&limit=30 204 - 0.028 ms
Tue Jul 15 2025 12:7:18 [SERVER-NAME] info: GET /api/v1/subscription/details 304 - 7.082 ms
Tue Jul 15 2025 12:7:18 [SERVER-NAME] info: GET /api/v1/users/profile 304 - 8.323 ms
Tue Jul 15 2025 12:7:18 [SERVER-NAME] info: GET /api/v1/notifications?page=1&limit=30 304 - 16.496 ms
Tue Jul 15 2025 12:9:56 [SERVER-NAME] info: OPTIONS /api/v1/users/profile 204 - 0.124 ms
Tue Jul 15 2025 12:9:56 [SERVER-NAME] info: OPTIONS /api/v1/notifications?page=1&limit=30 204 - 0.036 ms
Tue Jul 15 2025 12:9:56 [SERVER-NAME] info: OPTIONS /api/v1/subscription/details 204 - 0.033 ms
Tue Jul 15 2025 12:9:56 [SERVER-NAME] info: GET /api/v1/users/profile 304 - 7.141 ms
Tue Jul 15 2025 12:9:56 [SERVER-NAME] info: GET /api/v1/subscription/details 304 - 9.099 ms
Tue Jul 15 2025 12:9:56 [SERVER-NAME] info: GET /api/v1/notifications?page=1&limit=30 304 - 14.549 ms
Tue Jul 15 2025 12:10:2 [SERVER-NAME] info: OPTIONS /api/v1/quotation 204 - 0.070 ms
Tue Jul 15 2025 12:10:2 [SERVER-NAME] info: OPTIONS /api/v1/comingSoon/latest 204 - 0.036 ms
Tue Jul 15 2025 12:10:2 [SERVER-NAME] info: OPTIONS /api/v1/comingSoon/latest 204 - 0.048 ms
Tue Jul 15 2025 12:10:2 [SERVER-NAME] info: OPTIONS /api/v1/category 204 - 0.041 ms
Tue Jul 15 2025 12:10:2 [SERVER-NAME] info: OPTIONS /api/v1/challenge/letest 204 - 0.033 ms
Tue Jul 15 2025 12:10:2 [SERVER-NAME] info: GET /api/v1/quotation 304 - 8.916 ms
Tue Jul 15 2025 12:10:2 [SERVER-NAME] info: GET /api/v1/comingSoon/latest 304 - 15.321 ms
Tue Jul 15 2025 12:10:2 [SERVER-NAME] info: GET /api/v1/category 304 - 18.718 ms
Tue Jul 15 2025 12:10:2 [SERVER-NAME] info: GET /api/v1/comingSoon/latest 304 - 4.858 ms
Tue Jul 15 2025 12:10:10 [SERVER-NAME] info: OPTIONS /api/v1/favourit 204 - 0.042 ms
Tue Jul 15 2025 12:10:10 [SERVER-NAME] info: GET /api/v1/favourit 304 - 4.968 ms
Tue Jul 15 2025 12:10:11 [SERVER-NAME] info: OPTIONS /api/v1/challenge/letest 204 - 0.071 ms
Tue Jul 15 2025 12:11:16 [SERVER-NAME] info: OPTIONS /api/v1/users/profile 204 - 0.085 ms
Tue Jul 15 2025 12:11:16 [SERVER-NAME] info: OPTIONS /api/v1/notifications?page=1&limit=30 204 - 0.046 ms
Tue Jul 15 2025 12:11:16 [SERVER-NAME] info: OPTIONS /api/v1/quotation 204 - 0.036 ms
Tue Jul 15 2025 12:11:16 [SERVER-NAME] info: OPTIONS /api/v1/comingSoon/latest 204 - 0.046 ms
Tue Jul 15 2025 12:11:16 [SERVER-NAME] info: OPTIONS /api/v1/comingSoon/latest 204 - 0.052 ms
Tue Jul 15 2025 12:11:16 [SERVER-NAME] info: OPTIONS /api/v1/category 204 - 0.028 ms
Tue Jul 15 2025 12:11:16 [SERVER-NAME] info: OPTIONS /api/v1/challenge/letest 204 - 0.030 ms
Tue Jul 15 2025 12:11:16 [SERVER-NAME] info: GET /api/v1/users/profile 304 - 14.547 ms
Tue Jul 15 2025 12:11:16 [SERVER-NAME] info: GET /api/v1/quotation 304 - 18.122 ms
Tue Jul 15 2025 12:11:16 [SERVER-NAME] info: GET /api/v1/comingSoon/latest 304 - 26.497 ms
Tue Jul 15 2025 12:11:16 [SERVER-NAME] info: GET /api/v1/notifications?page=1&limit=30 304 - 31.750 ms
Tue Jul 15 2025 12:11:16 [SERVER-NAME] info: GET /api/v1/category 304 - 29.231 ms
Tue Jul 15 2025 12:11:16 [SERVER-NAME] info: GET /api/v1/comingSoon/latest 304 - 8.702 ms
Tue Jul 15 2025 12:11:17 [SERVER-NAME] info: GET /api/v1/users/profile 304 - 15.231 ms
Tue Jul 15 2025 12:11:17 [SERVER-NAME] info: GET /api/v1/quotation 304 - 16.461 ms
Tue Jul 15 2025 12:11:17 [SERVER-NAME] info: GET /api/v1/comingSoon/latest 304 - 21.195 ms
Tue Jul 15 2025 12:11:17 [SERVER-NAME] info: GET /api/v1/category 304 - 24.439 ms
Tue Jul 15 2025 12:11:17 [SERVER-NAME] info: GET /api/v1/notifications?page=1&limit=30 304 - 26.093 ms
Tue Jul 15 2025 12:11:17 [SERVER-NAME] info: GET /api/v1/comingSoon/latest 304 - 8.827 ms
Tue Jul 15 2025 12:11:24 [SERVER-NAME] info: OPTIONS /api/v1/category/subcategory/686a51ac9382c57a0019bf60 204 - 0.087 ms
Tue Jul 15 2025 12:11:24 [SERVER-NAME] info: OPTIONS /api/v1/category/get-videos/686a51ac9382c57a0019bf60 204 - 0.057 ms
Tue Jul 15 2025 12:11:24 [SERVER-NAME] info: GET /api/v1/category/subcategory/686a51ac9382c57a0019bf60 200 - 11.469 ms
Tue Jul 15 2025 12:11:24 [SERVER-NAME] info: GET /api/v1/category/get-videos/686a51ac9382c57a0019bf60 200 - 13.829 ms
Tue Jul 15 2025 12:12:8 [SERVER-NAME] info: OPTIONS /api/v1/videos/686fcbf651b2d4131501e87f 204 - 0.137 ms
Tue Jul 15 2025 12:12:8 [SERVER-NAME] info: OPTIONS /api/v1/videos/comments/686fcbf651b2d4131501e87f 204 - 0.158 ms
Tue Jul 15 2025 12:12:8 [SERVER-NAME] info: GET /api/v1/videos/comments/686fcbf651b2d4131501e87f 200 - 15.273 ms
Tue Jul 15 2025 12:12:8 [SERVER-NAME] info: GET /api/v1/videos/686fcbf651b2d4131501e87f 200 - 20.489 ms
Tue Jul 15 2025 12:12:14 [SERVER-NAME] info: OPTIONS /api/v1/videos/686fcbf651b2d4131501e87f 204 - 0.160 ms
Tue Jul 15 2025 12:12:14 [SERVER-NAME] info: OPTIONS /api/v1/videos/comments/686fcbf651b2d4131501e87f 204 - 0.216 ms
Tue Jul 15 2025 12:12:14 [SERVER-NAME] info: GET /api/v1/videos/comments/686fcbf651b2d4131501e87f 304 - 12.152 ms
Tue Jul 15 2025 12:12:14 [SERVER-NAME] info: GET /api/v1/videos/686fcbf651b2d4131501e87f 304 - 16.444 ms
Tue Jul 15 2025 12:12:17 [SERVER-NAME] info: OPTIONS /api/v1/category/subcategory/686a51ac9382c57a0019bf60 204 - 0.162 ms
Tue Jul 15 2025 12:12:17 [SERVER-NAME] info: OPTIONS /api/v1/category/get-videos/686a51ac9382c57a0019bf60 204 - 0.081 ms
Tue Jul 15 2025 12:12:17 [SERVER-NAME] info: GET /api/v1/category/subcategory/686a51ac9382c57a0019bf60 304 - 10.870 ms
Tue Jul 15 2025 12:12:17 [SERVER-NAME] info: GET /api/v1/category/get-videos/686a51ac9382c57a0019bf60 304 - 14.037 ms
Tue Jul 15 2025 12:12:19 [SERVER-NAME] info: OPTIONS /api/v1/videos/686a5663a4c4c18694c4be2a 204 - 0.059 ms
Tue Jul 15 2025 12:12:19 [SERVER-NAME] info: OPTIONS /api/v1/videos/comments/686a5663a4c4c18694c4be2a 204 - 0.042 ms
Tue Jul 15 2025 12:12:19 [SERVER-NAME] info: GET /api/v1/videos/comments/686a5663a4c4c18694c4be2a 200 - 7.453 ms
Tue Jul 15 2025 12:12:19 [SERVER-NAME] info: GET /api/v1/videos/686a5663a4c4c18694c4be2a 200 - 12.173 ms
Tue Jul 15 2025 12:13:54 [SERVER-NAME] info: OPTIONS /api/v1/category/subcategory/686a51ac9382c57a0019bf60 204 - 0.307 ms
Tue Jul 15 2025 12:13:54 [SERVER-NAME] info: OPTIONS /api/v1/category/get-videos/686a51ac9382c57a0019bf60 204 - 0.047 ms
Tue Jul 15 2025 12:13:54 [SERVER-NAME] info: GET /api/v1/category/subcategory/686a51ac9382c57a0019bf60 304 - 22.752 ms
Tue Jul 15 2025 12:13:54 [SERVER-NAME] info: GET /api/v1/category/get-videos/686a51ac9382c57a0019bf60 304 - 28.555 ms
Tue Jul 15 2025 12:13:58 [SERVER-NAME] info: OPTIONS /api/v1/subcategory/get-videos/6871d8ef75059f417357ad8d 204 - 0.171 ms
Tue Jul 15 2025 12:13:58 [SERVER-NAME] info: GET /api/v1/subcategory/get-videos/6871d8ef75059f417357ad8d 200 - 16.155 ms
Tue Jul 15 2025 12:14:1 [SERVER-NAME] info: OPTIONS /api/v1/videos/686a551dbb207b7b88ce942a 204 - 0.038 ms
Tue Jul 15 2025 12:14:1 [SERVER-NAME] info: OPTIONS /api/v1/videos/comments/686a551dbb207b7b88ce942a 204 - 0.033 ms
Tue Jul 15 2025 12:14:1 [SERVER-NAME] info: GET /api/v1/videos/comments/686a551dbb207b7b88ce942a 200 - 7.296 ms
Tue Jul 15 2025 12:14:1 [SERVER-NAME] info: GET /api/v1/videos/686a551dbb207b7b88ce942a 200 - 12.146 ms
Tue Jul 15 2025 12:14:7 [SERVER-NAME] info: OPTIONS /api/v1/users/profile 204 - 0.042 ms
Tue Jul 15 2025 12:14:7 [SERVER-NAME] info: OPTIONS /api/v1/notifications?page=1&limit=30 204 - 0.034 ms
Tue Jul 15 2025 12:14:7 [SERVER-NAME] info: OPTIONS /api/v1/quotation 204 - 0.031 ms
Tue Jul 15 2025 12:14:7 [SERVER-NAME] info: OPTIONS /api/v1/comingSoon/latest 204 - 0.038 ms
Tue Jul 15 2025 12:14:7 [SERVER-NAME] info: OPTIONS /api/v1/comingSoon/latest 204 - 0.028 ms
Tue Jul 15 2025 12:14:7 [SERVER-NAME] info: OPTIONS /api/v1/category 204 - 0.027 ms
Tue Jul 15 2025 12:14:8 [SERVER-NAME] info: OPTIONS /api/v1/challenge/letest 204 - 0.028 ms
Tue Jul 15 2025 12:14:8 [SERVER-NAME] info: GET /api/v1/users/profile 304 - 18.516 ms
Tue Jul 15 2025 12:14:8 [SERVER-NAME] info: GET /api/v1/quotation 304 - 19.365 ms
Tue Jul 15 2025 12:14:8 [SERVER-NAME] info: GET /api/v1/comingSoon/latest 304 - 25.085 ms
Tue Jul 15 2025 12:14:8 [SERVER-NAME] info: GET /api/v1/category 304 - 28.877 ms
Tue Jul 15 2025 12:14:8 [SERVER-NAME] info: GET /api/v1/notifications?page=1&limit=30 304 - 31.683 ms
Tue Jul 15 2025 12:14:8 [SERVER-NAME] info: GET /api/v1/comingSoon/latest 304 - 5.882 ms
Tue Jul 15 2025 12:14:15 [SERVER-NAME] info: OPTIONS /api/v1/category/subcategory/6870a233bfc46cbd81f19687 204 - 0.097 ms
Tue Jul 15 2025 12:14:15 [SERVER-NAME] info: OPTIONS /api/v1/category/get-videos/6870a233bfc46cbd81f19687 204 - 0.094 ms
Tue Jul 15 2025 12:14:15 [SERVER-NAME] info: GET /api/v1/category/subcategory/6870a233bfc46cbd81f19687 200 - 8.833 ms
Tue Jul 15 2025 12:14:15 [SERVER-NAME] info: GET /api/v1/category/get-videos/6870a233bfc46cbd81f19687 200 - 13.175 ms
Tue Jul 15 2025 12:14:16 [SERVER-NAME] info: GET /api/v1/category/subcategory/6870a233bfc46cbd81f19687 304 - 5.707 ms
Tue Jul 15 2025 12:14:16 [SERVER-NAME] info: GET /api/v1/category/get-videos/6870a233bfc46cbd81f19687 304 - 8.973 ms
Tue Jul 15 2025 12:14:18 [SERVER-NAME] info: OPTIONS /api/v1/videos/6870a243bfc46cbd81f19697 204 - 0.038 ms
Tue Jul 15 2025 12:14:18 [SERVER-NAME] info: OPTIONS /api/v1/videos/comments/6870a243bfc46cbd81f19697 204 - 0.036 ms
Tue Jul 15 2025 12:14:18 [SERVER-NAME] info: GET /api/v1/videos/comments/6870a243bfc46cbd81f19697 200 - 16.126 ms
Tue Jul 15 2025 12:14:18 [SERVER-NAME] info: GET /api/v1/videos/6870a243bfc46cbd81f19697 200 - 21.016 ms
Tue Jul 15 2025 12:14:24 [SERVER-NAME] info: OPTIONS /api/v1/users/profile 204 - 0.289 ms
Tue Jul 15 2025 12:14:24 [SERVER-NAME] info: OPTIONS /api/v1/challenge/letest 204 - 0.053 ms
Tue Jul 15 2025 12:14:24 [SERVER-NAME] info: OPTIONS /api/v1/notifications?page=1&limit=30 204 - 0.044 ms
Tue Jul 15 2025 12:14:24 [SERVER-NAME] info: OPTIONS /api/v1/quotation 204 - 0.027 ms
Tue Jul 15 2025 12:14:24 [SERVER-NAME] info: OPTIONS /api/v1/comingSoon/latest 204 - 0.027 ms
Tue Jul 15 2025 12:14:24 [SERVER-NAME] info: OPTIONS /api/v1/comingSoon/latest 204 - 0.027 ms
Tue Jul 15 2025 12:14:24 [SERVER-NAME] info: OPTIONS /api/v1/category 204 - 0.027 ms
Tue Jul 15 2025 12:14:24 [SERVER-NAME] info: GET /api/v1/users/profile 304 - 10.601 ms
Tue Jul 15 2025 12:14:24 [SERVER-NAME] info: GET /api/v1/quotation 304 - 13.230 ms
Tue Jul 15 2025 12:14:24 [SERVER-NAME] info: GET /api/v1/comingSoon/latest 304 - 17.418 ms
Tue Jul 15 2025 12:14:24 [SERVER-NAME] info: GET /api/v1/category 304 - 20.708 ms
Tue Jul 15 2025 12:14:24 [SERVER-NAME] info: GET /api/v1/notifications?page=1&limit=30 304 - 24.372 ms
Tue Jul 15 2025 12:14:24 [SERVER-NAME] info: GET /api/v1/comingSoon/latest 304 - 7.339 ms
Tue Jul 15 2025 12:14:31 [SERVER-NAME] info: OPTIONS /api/v1/challenge/letest 204 - 0.084 ms
Tue Jul 15 2025 12:14:38 [SERVER-NAME] info: OPTIONS /api/v1/users/profile 204 - 0.053 ms
Tue Jul 15 2025 12:14:38 [SERVER-NAME] info: OPTIONS /api/v1/quotation 204 - 0.166 ms
Tue Jul 15 2025 12:14:38 [SERVER-NAME] info: OPTIONS /api/v1/comingSoon/latest 204 - 0.042 ms
Tue Jul 15 2025 12:14:38 [SERVER-NAME] info: OPTIONS /api/v1/notifications?page=1&limit=30 204 - 0.119 ms
Tue Jul 15 2025 12:14:38 [SERVER-NAME] info: OPTIONS /api/v1/comingSoon/latest 204 - 0.028 ms
Tue Jul 15 2025 12:14:38 [SERVER-NAME] info: OPTIONS /api/v1/category 204 - 0.040 ms
Tue Jul 15 2025 12:14:38 [SERVER-NAME] info: OPTIONS /api/v1/challenge/letest 204 - 0.163 ms
Tue Jul 15 2025 12:14:38 [SERVER-NAME] info: GET /api/v1/users/profile 304 - 19.351 ms
Tue Jul 15 2025 12:14:38 [SERVER-NAME] info: GET /api/v1/quotation 304 - 16.970 ms
Tue Jul 15 2025 12:14:38 [SERVER-NAME] info: GET /api/v1/comingSoon/latest 304 - 19.228 ms
Tue Jul 15 2025 12:14:38 [SERVER-NAME] info: GET /api/v1/category 304 - 26.264 ms
Tue Jul 15 2025 12:14:38 [SERVER-NAME] info: GET /api/v1/notifications?page=1&limit=30 304 - 27.794 ms
Tue Jul 15 2025 12:14:38 [SERVER-NAME] info: GET /api/v1/comingSoon/latest 304 - 7.674 ms
Tue Jul 15 2025 12:15:17 [SERVER-NAME] info: OPTIONS /api/v1/quotation 204 - 0.254 ms
Tue Jul 15 2025 12:15:17 [SERVER-NAME] info: OPTIONS /api/v1/challenge/letest 204 - 0.106 ms
Tue Jul 15 2025 12:15:17 [SERVER-NAME] info: OPTIONS /api/v1/users/profile 204 - 0.064 ms
Tue Jul 15 2025 12:15:17 [SERVER-NAME] info: OPTIONS /api/v1/notifications?page=1&limit=30 204 - 0.037 ms
Tue Jul 15 2025 12:15:17 [SERVER-NAME] info: OPTIONS /api/v1/comingSoon/latest 204 - 0.033 ms
Tue Jul 15 2025 12:15:17 [SERVER-NAME] info: OPTIONS /api/v1/comingSoon/latest 204 - 0.041 ms
Tue Jul 15 2025 12:15:17 [SERVER-NAME] info: OPTIONS /api/v1/category 204 - 0.053 ms
Tue Jul 15 2025 12:15:17 [SERVER-NAME] info: GET /api/v1/quotation 304 - 17.186 ms
Tue Jul 15 2025 12:15:17 [SERVER-NAME] info: GET /api/v1/users/profile 304 - 15.191 ms
Tue Jul 15 2025 12:15:17 [SERVER-NAME] info: GET /api/v1/comingSoon/latest 304 - 20.473 ms
Tue Jul 15 2025 12:15:17 [SERVER-NAME] info: GET /api/v1/category 304 - 23.268 ms
Tue Jul 15 2025 12:15:17 [SERVER-NAME] info: GET /api/v1/notifications?page=1&limit=30 304 - 26.253 ms
Tue Jul 15 2025 12:15:17 [SERVER-NAME] info: GET /api/v1/comingSoon/latest 304 - 8.613 ms
Tue Jul 15 2025 12:15:21 [SERVER-NAME] info: GET /api/v1/users/profile 304 - 20.292 ms
Tue Jul 15 2025 12:15:21 [SERVER-NAME] info: GET /api/v1/quotation 304 - 20.467 ms
Tue Jul 15 2025 12:15:21 [SERVER-NAME] info: GET /api/v1/comingSoon/latest 304 - 26.330 ms
Tue Jul 15 2025 12:15:21 [SERVER-NAME] info: GET /api/v1/category 304 - 29.899 ms
Tue Jul 15 2025 12:15:21 [SERVER-NAME] info: GET /api/v1/notifications?page=1&limit=30 304 - 39.073 ms
Tue Jul 15 2025 12:15:21 [SERVER-NAME] info: GET /api/v1/comingSoon/latest 304 - 11.546 ms
Tue Jul 15 2025 12:15:25 [SERVER-NAME] info: OPTIONS /api/v1/users/profile 204 - 0.075 ms
Tue Jul 15 2025 12:15:25 [SERVER-NAME] info: OPTIONS /api/v1/notifications?page=1&limit=30 204 - 0.046 ms
Tue Jul 15 2025 12:15:25 [SERVER-NAME] info: OPTIONS /api/v1/quotation 204 - 0.074 ms
Tue Jul 15 2025 12:15:25 [SERVER-NAME] info: OPTIONS /api/v1/comingSoon/latest 204 - 0.030 ms
Tue Jul 15 2025 12:15:25 [SERVER-NAME] info: OPTIONS /api/v1/comingSoon/latest 204 - 0.037 ms
Tue Jul 15 2025 12:15:25 [SERVER-NAME] info: OPTIONS /api/v1/category 204 - 0.033 ms
Tue Jul 15 2025 12:15:25 [SERVER-NAME] info: OPTIONS /api/v1/challenge/letest 204 - 0.032 ms
Tue Jul 15 2025 12:15:25 [SERVER-NAME] info: GET /api/v1/users/profile 304 - 14.312 ms
Tue Jul 15 2025 12:15:25 [SERVER-NAME] info: GET /api/v1/quotation 304 - 14.131 ms
Tue Jul 15 2025 12:15:25 [SERVER-NAME] info: GET /api/v1/comingSoon/latest 304 - 18.924 ms
Tue Jul 15 2025 12:15:25 [SERVER-NAME] info: GET /api/v1/category 304 - 21.789 ms
Tue Jul 15 2025 12:15:25 [SERVER-NAME] info: GET /api/v1/notifications?page=1&limit=30 304 - 27.508 ms
Tue Jul 15 2025 12:15:25 [SERVER-NAME] info: GET /api/v1/comingSoon/latest 304 - 5.022 ms
Tue Jul 15 2025 12:15:29 [SERVER-NAME] info: GET /api/v1/users/profile 304 - 11.670 ms
Tue Jul 15 2025 12:15:29 [SERVER-NAME] info: GET /api/v1/quotation 304 - 10.995 ms
Tue Jul 15 2025 12:15:29 [SERVER-NAME] info: GET /api/v1/comingSoon/latest 304 - 14.000 ms
Tue Jul 15 2025 12:15:29 [SERVER-NAME] info: GET /api/v1/category 304 - 17.469 ms
Tue Jul 15 2025 12:15:29 [SERVER-NAME] info: GET /api/v1/notifications?page=1&limit=30 304 - 20.788 ms
Tue Jul 15 2025 12:15:29 [SERVER-NAME] info: GET /api/v1/comingSoon/latest 304 - 8.371 ms
Tue Jul 15 2025 12:15:43 [SERVER-NAME] info: OPTIONS /api/v1/users/profile 204 - 0.059 ms
Tue Jul 15 2025 12:15:43 [SERVER-NAME] info: OPTIONS /api/v1/notifications?page=1&limit=30 204 - 0.043 ms
Tue Jul 15 2025 12:15:43 [SERVER-NAME] info: OPTIONS /api/v1/quotation 204 - 0.036 ms
Tue Jul 15 2025 12:15:43 [SERVER-NAME] info: OPTIONS /api/v1/comingSoon/latest 204 - 0.048 ms
Tue Jul 15 2025 12:15:43 [SERVER-NAME] info: OPTIONS /api/v1/comingSoon/latest 204 - 0.025 ms
Tue Jul 15 2025 12:15:43 [SERVER-NAME] info: OPTIONS /api/v1/category 204 - 0.033 ms
Tue Jul 15 2025 12:15:43 [SERVER-NAME] info: OPTIONS /api/v1/challenge/letest 204 - 0.026 ms
Tue Jul 15 2025 12:15:43 [SERVER-NAME] info: GET /api/v1/users/profile 304 - 16.121 ms
Tue Jul 15 2025 12:15:43 [SERVER-NAME] info: GET /api/v1/quotation 304 - 17.376 ms
Tue Jul 15 2025 12:15:43 [SERVER-NAME] info: GET /api/v1/comingSoon/latest 304 - 22.210 ms
Tue Jul 15 2025 12:15:43 [SERVER-NAME] info: GET /api/v1/category 304 - 18.568 ms
Tue Jul 15 2025 12:15:43 [SERVER-NAME] info: GET /api/v1/notifications?page=1&limit=30 304 - 29.069 ms
Tue Jul 15 2025 12:15:43 [SERVER-NAME] info: GET /api/v1/comingSoon/latest 304 - 6.372 ms
Tue Jul 15 2025 12:16:15 [SERVER-NAME] info: OPTIONS /api/v1/users/profile 204 - 0.072 ms
Tue Jul 15 2025 12:16:15 [SERVER-NAME] info: OPTIONS /api/v1/notifications?page=1&limit=30 204 - 0.035 ms
Tue Jul 15 2025 12:16:15 [SERVER-NAME] info: OPTIONS /api/v1/quotation 204 - 0.038 ms
Tue Jul 15 2025 12:16:15 [SERVER-NAME] info: OPTIONS /api/v1/comingSoon/latest 204 - 0.083 ms
Tue Jul 15 2025 12:16:15 [SERVER-NAME] info: OPTIONS /api/v1/comingSoon/latest 204 - 0.032 ms
Tue Jul 15 2025 12:16:15 [SERVER-NAME] info: OPTIONS /api/v1/category 204 - 0.093 ms
Tue Jul 15 2025 12:16:15 [SERVER-NAME] info: OPTIONS /api/v1/challenge/letest 204 - 0.033 ms
Tue Jul 15 2025 12:16:15 [SERVER-NAME] info: GET /api/v1/users/profile 304 - 17.798 ms
Tue Jul 15 2025 12:16:15 [SERVER-NAME] info: GET /api/v1/quotation 304 - 18.277 ms
Tue Jul 15 2025 12:16:15 [SERVER-NAME] info: GET /api/v1/comingSoon/latest 304 - 22.911 ms
Tue Jul 15 2025 12:16:15 [SERVER-NAME] info: GET /api/v1/category 304 - 27.040 ms
Tue Jul 15 2025 12:16:15 [SERVER-NAME] info: GET /api/v1/notifications?page=1&limit=30 304 - 27.102 ms
Tue Jul 15 2025 12:16:15 [SERVER-NAME] info: GET /api/v1/comingSoon/latest 304 - 7.631 ms
Tue Jul 15 2025 12:19:5 [SERVER-NAME] info: Mail send successfully
Tue Jul 15 2025 12:20:6 [SERVER-NAME] info: Mail send successfully
Tue Jul 15 2025 12:21:5 [SERVER-NAME] info: Mail send successfully
Tue Jul 15 2025 12:22:6 [SERVER-NAME] info: Mail send successfully
Tue Jul 15 2025 12:22:39 [SERVER-NAME] info: OPTIONS /api/v1/users/profile 204 - 0.209 ms
Tue Jul 15 2025 12:22:39 [SERVER-NAME] info: OPTIONS /api/v1/notifications?page=1&limit=30 204 - 0.053 ms
Tue Jul 15 2025 12:22:39 [SERVER-NAME] info: OPTIONS /api/v1/quotation 204 - 0.043 ms
Tue Jul 15 2025 12:22:39 [SERVER-NAME] info: OPTIONS /api/v1/comingSoon/latest 204 - 0.036 ms
Tue Jul 15 2025 12:22:39 [SERVER-NAME] info: OPTIONS /api/v1/comingSoon/latest 204 - 0.028 ms
Tue Jul 15 2025 12:22:39 [SERVER-NAME] info: OPTIONS /api/v1/category 204 - 0.056 ms
Tue Jul 15 2025 12:22:39 [SERVER-NAME] info: OPTIONS /api/v1/challenge/letest 204 - 0.051 ms
Tue Jul 15 2025 12:22:39 [SERVER-NAME] info: GET /api/v1/users/profile 304 - 15.804 ms
Tue Jul 15 2025 12:22:39 [SERVER-NAME] info: GET /api/v1/quotation 304 - 17.600 ms
Tue Jul 15 2025 12:22:39 [SERVER-NAME] info: GET /api/v1/comingSoon/latest 304 - 23.756 ms
Tue Jul 15 2025 12:22:39 [SERVER-NAME] info: GET /api/v1/notifications?page=1&limit=30 304 - 30.440 ms
Tue Jul 15 2025 12:22:39 [SERVER-NAME] info: GET /api/v1/category 304 - 24.720 ms
Tue Jul 15 2025 12:22:39 [SERVER-NAME] info: GET /api/v1/comingSoon/latest 304 - 6.675 ms
Tue Jul 15 2025 12:22:49 [SERVER-NAME] info: OPTIONS /api/v1/users/profile 204 - 0.079 ms
Tue Jul 15 2025 12:22:49 [SERVER-NAME] info: OPTIONS /api/v1/notifications?page=1&limit=30 204 - 0.052 ms
Tue Jul 15 2025 12:22:49 [SERVER-NAME] info: OPTIONS /api/v1/quotation 204 - 0.051 ms
Tue Jul 15 2025 12:22:49 [SERVER-NAME] info: OPTIONS /api/v1/comingSoon/latest 204 - 0.043 ms
Tue Jul 15 2025 12:22:49 [SERVER-NAME] info: OPTIONS /api/v1/comingSoon/latest 204 - 0.045 ms
Tue Jul 15 2025 12:22:49 [SERVER-NAME] info: OPTIONS /api/v1/category 204 - 0.025 ms
Tue Jul 15 2025 12:22:49 [SERVER-NAME] info: OPTIONS /api/v1/challenge/letest 204 - 0.061 ms
Tue Jul 15 2025 12:22:49 [SERVER-NAME] info: GET /api/v1/users/profile 304 - 13.871 ms
Tue Jul 15 2025 12:22:49 [SERVER-NAME] info: GET /api/v1/quotation 304 - 13.814 ms
Tue Jul 15 2025 12:22:49 [SERVER-NAME] info: GET /api/v1/comingSoon/latest 304 - 16.569 ms
Tue Jul 15 2025 12:22:49 [SERVER-NAME] info: GET /api/v1/notifications?page=1&limit=30 304 - 25.339 ms
Tue Jul 15 2025 12:22:49 [SERVER-NAME] info: GET /api/v1/category 304 - 20.048 ms
Tue Jul 15 2025 12:22:49 [SERVER-NAME] info: GET /api/v1/comingSoon/latest 304 - 5.046 ms
Tue Jul 15 2025 12:23:6 [SERVER-NAME] info: Mail send successfully
Tue Jul 15 2025 12:24:6 [SERVER-NAME] info: Mail send successfully
Tue Jul 15 2025 12:24:41 [SERVER-NAME] info: OPTIONS /api/v1/users/profile 204 - 0.172 ms
Tue Jul 15 2025 12:24:41 [SERVER-NAME] info: OPTIONS /api/v1/notifications?page=1&limit=30 204 - 0.090 ms
Tue Jul 15 2025 12:24:41 [SERVER-NAME] info: OPTIONS /api/v1/quotation 204 - 0.058 ms
Tue Jul 15 2025 12:24:41 [SERVER-NAME] info: OPTIONS /api/v1/comingSoon/latest 204 - 0.070 ms
Tue Jul 15 2025 12:24:41 [SERVER-NAME] info: OPTIONS /api/v1/comingSoon/latest 204 - 0.052 ms
Tue Jul 15 2025 12:24:41 [SERVER-NAME] info: OPTIONS /api/v1/category 204 - 0.047 ms
Tue Jul 15 2025 12:24:41 [SERVER-NAME] info: OPTIONS /api/v1/challenge/letest 204 - 0.033 ms
Tue Jul 15 2025 12:24:41 [SERVER-NAME] info: GET /api/v1/users/profile 304 - 16.704 ms
Tue Jul 15 2025 12:24:41 [SERVER-NAME] info: GET /api/v1/quotation 304 - 17.853 ms
Tue Jul 15 2025 12:24:41 [SERVER-NAME] info: GET /api/v1/comingSoon/latest 304 - 23.699 ms
Tue Jul 15 2025 12:24:41 [SERVER-NAME] info: GET /api/v1/category 304 - 21.037 ms
Tue Jul 15 2025 12:24:41 [SERVER-NAME] info: GET /api/v1/notifications?page=1&limit=30 304 - 30.713 ms
Tue Jul 15 2025 12:24:41 [SERVER-NAME] info: GET /api/v1/comingSoon/latest 304 - 7.589 ms
Tue Jul 15 2025 12:26:7 [SERVER-NAME] info: Mail send successfully
Tue Jul 15 2025 12:27:6 [SERVER-NAME] info: Mail send successfully
Tue Jul 15 2025 12:28:6 [SERVER-NAME] info: Mail send successfully
Tue Jul 15 2025 12:29:8 [SERVER-NAME] info: Mail send successfully
Tue Jul 15 2025 12:30:7 [SERVER-NAME] info: Mail send successfully
Tue Jul 15 2025 12:32:55 [SERVER-NAME] info: OPTIONS /api/v1/users/profile 204 - 0.411 ms
Tue Jul 15 2025 12:32:55 [SERVER-NAME] info: OPTIONS /api/v1/notifications?page=1&limit=30 204 - 0.042 ms
Tue Jul 15 2025 12:32:55 [SERVER-NAME] info: OPTIONS /api/v1/quotation 204 - 0.054 ms
Tue Jul 15 2025 12:32:55 [SERVER-NAME] info: OPTIONS /api/v1/comingSoon/latest 204 - 0.037 ms
Tue Jul 15 2025 12:32:55 [SERVER-NAME] info: OPTIONS /api/v1/comingSoon/latest 204 - 0.027 ms
Tue Jul 15 2025 12:32:55 [SERVER-NAME] info: OPTIONS /api/v1/category 204 - 0.026 ms
Tue Jul 15 2025 12:32:55 [SERVER-NAME] info: OPTIONS /api/v1/challenge/letest 204 - 0.220 ms
Tue Jul 15 2025 12:32:55 [SERVER-NAME] info: GET /api/v1/users/profile 304 - 18.622 ms
Tue Jul 15 2025 12:32:55 [SERVER-NAME] info: GET /api/v1/quotation 304 - 20.985 ms
Tue Jul 15 2025 12:32:55 [SERVER-NAME] info: GET /api/v1/comingSoon/latest 304 - 25.895 ms
Tue Jul 15 2025 12:32:55 [SERVER-NAME] info: GET /api/v1/category 304 - 29.352 ms
Tue Jul 15 2025 12:32:55 [SERVER-NAME] info: GET /api/v1/notifications?page=1&limit=30 304 - 31.728 ms
Tue Jul 15 2025 12:32:55 [SERVER-NAME] info: GET /api/v1/comingSoon/latest 304 - 5.279 ms
Tue Jul 15 2025 12:33:7 [SERVER-NAME] info: OPTIONS /api/v1/users/profile 204 - 0.046 ms
Tue Jul 15 2025 12:33:7 [SERVER-NAME] info: OPTIONS /api/v1/notifications?page=1&limit=30 204 - 0.039 ms
Tue Jul 15 2025 12:33:7 [SERVER-NAME] info: OPTIONS /api/v1/quotation 204 - 0.037 ms
Tue Jul 15 2025 12:33:7 [SERVER-NAME] info: OPTIONS /api/v1/comingSoon/latest 204 - 0.035 ms
Tue Jul 15 2025 12:33:7 [SERVER-NAME] info: OPTIONS /api/v1/comingSoon/latest 204 - 0.026 ms
Tue Jul 15 2025 12:33:7 [SERVER-NAME] info: OPTIONS /api/v1/category 204 - 0.025 ms
Tue Jul 15 2025 12:33:7 [SERVER-NAME] info: OPTIONS /api/v1/challenge/letest 204 - 0.024 ms
Tue Jul 15 2025 12:33:7 [SERVER-NAME] info: GET /api/v1/quotation 304 - 14.166 ms
Tue Jul 15 2025 12:33:7 [SERVER-NAME] info: GET /api/v1/users/profile 304 - 16.001 ms
Tue Jul 15 2025 12:33:7 [SERVER-NAME] info: GET /api/v1/comingSoon/latest 304 - 33.122 ms
Tue Jul 15 2025 12:33:7 [SERVER-NAME] info: GET /api/v1/category 304 - 37.617 ms
Tue Jul 15 2025 12:33:7 [SERVER-NAME] info: GET /api/v1/notifications?page=1&limit=30 304 - 42.896 ms
Tue Jul 15 2025 12:33:7 [SERVER-NAME] info: GET /api/v1/comingSoon/latest 304 - 16.288 ms
Tue Jul 15 2025 12:33:7 [SERVER-NAME] info: GET //image/happy-young-latin-woman-yoga-260nw-2472732507-1752559620327.jpg 200 - 12.195 ms
Tue Jul 15 2025 12:33:43 [SERVER-NAME] info: OPTIONS /api/v1/notifications?page=1&limit=30 204 - 0.299 ms
Tue Jul 15 2025 12:33:43 [SERVER-NAME] info: OPTIONS /api/v1/users/profile 204 - 0.032 ms
Tue Jul 15 2025 12:33:43 [SERVER-NAME] info: OPTIONS /api/v1/quotation 204 - 0.028 ms
Tue Jul 15 2025 12:33:43 [SERVER-NAME] info: OPTIONS /api/v1/comingSoon/latest 204 - 0.031 ms
Tue Jul 15 2025 12:33:43 [SERVER-NAME] info: OPTIONS /api/v1/comingSoon/latest 204 - 0.037 ms
Tue Jul 15 2025 12:33:43 [SERVER-NAME] info: OPTIONS /api/v1/category 204 - 0.048 ms
Tue Jul 15 2025 12:33:43 [SERVER-NAME] info: OPTIONS /api/v1/challenge/letest 204 - 0.027 ms
Tue Jul 15 2025 12:33:43 [SERVER-NAME] info: GET /api/v1/users/profile 304 - 16.476 ms
Tue Jul 15 2025 12:33:43 [SERVER-NAME] info: GET /api/v1/quotation 304 - 17.122 ms
Tue Jul 15 2025 12:33:43 [SERVER-NAME] info: GET /api/v1/comingSoon/latest 304 - 23.354 ms
Tue Jul 15 2025 12:33:43 [SERVER-NAME] info: GET /api/v1/category 304 - 26.373 ms
Tue Jul 15 2025 12:33:43 [SERVER-NAME] info: GET /api/v1/notifications?page=1&limit=30 304 - 29.976 ms
Tue Jul 15 2025 12:33:43 [SERVER-NAME] info: GET /api/v1/comingSoon/latest 304 - 6.085 ms
Tue Jul 15 2025 12:42:27 [SERVER-NAME] info: [32mConfig validation successful.[39m
Tue Jul 15 2025 12:42:27 [SERVER-NAME] info: [32m🚀 Database connected successfully[39m
Tue Jul 15 2025 12:42:27 [SERVER-NAME] info: [33m♻️  Socket is listening on same port 7000[39m
Tue Jul 15 2025 12:42:27 [SERVER-NAME] info: [46m♻️  Application listening on http://10.10.7.37:7000[49m
Tue Jul 15 2025 12:46:3 [SERVER-NAME] info: OPTIONS /api/v1/users/profile 204 - 1.152 ms
Tue Jul 15 2025 12:46:3 [SERVER-NAME] info: OPTIONS /api/v1/challenge/letest 204 - 0.131 ms
Tue Jul 15 2025 12:46:3 [SERVER-NAME] info: OPTIONS /api/v1/notifications?page=1&limit=30 204 - 0.068 ms
Tue Jul 15 2025 12:46:3 [SERVER-NAME] info: OPTIONS /api/v1/quotation 204 - 0.071 ms
Tue Jul 15 2025 12:46:3 [SERVER-NAME] info: OPTIONS /api/v1/comingSoon/latest 204 - 0.044 ms
Tue Jul 15 2025 12:46:3 [SERVER-NAME] info: OPTIONS /api/v1/comingSoon/latest 204 - 0.114 ms
Tue Jul 15 2025 12:46:3 [SERVER-NAME] info: OPTIONS /api/v1/category 204 - 0.057 ms
Tue Jul 15 2025 12:46:3 [SERVER-NAME] info: GET /api/v1/users/profile 304 - 27.933 ms
Tue Jul 15 2025 12:46:3 [SERVER-NAME] info: GET /api/v1/quotation 304 - 32.900 ms
Tue Jul 15 2025 12:46:3 [SERVER-NAME] info: GET /api/v1/comingSoon/latest 304 - 46.428 ms
Tue Jul 15 2025 12:46:3 [SERVER-NAME] info: GET //image/happy-young-latin-woman-yoga-260nw-2472732507-1752559620327.jpg 200 - 12.115 ms
Tue Jul 15 2025 12:46:3 [SERVER-NAME] info: GET /api/v1/category 304 - 48.761 ms
Tue Jul 15 2025 12:46:3 [SERVER-NAME] info: GET /api/v1/notifications?page=1&limit=30 304 - 56.802 ms
Tue Jul 15 2025 12:46:3 [SERVER-NAME] info: GET /api/v1/comingSoon/latest 304 - 11.158 ms
Tue Jul 15 2025 12:46:54 [SERVER-NAME] info: OPTIONS /api/v1/users/profile 204 - 0.370 ms
Tue Jul 15 2025 12:46:54 [SERVER-NAME] info: OPTIONS /api/v1/challenge/letest 204 - 0.321 ms
Tue Jul 15 2025 12:46:54 [SERVER-NAME] info: OPTIONS /api/v1/notifications?page=1&limit=30 204 - 0.054 ms
Tue Jul 15 2025 12:46:54 [SERVER-NAME] info: OPTIONS /api/v1/quotation 204 - 0.044 ms
Tue Jul 15 2025 12:46:54 [SERVER-NAME] info: OPTIONS /api/v1/comingSoon/latest 204 - 0.136 ms
Tue Jul 15 2025 12:46:54 [SERVER-NAME] info: OPTIONS /api/v1/comingSoon/latest 204 - 0.031 ms
Tue Jul 15 2025 12:46:54 [SERVER-NAME] info: OPTIONS /api/v1/category 204 - 0.034 ms
Tue Jul 15 2025 12:46:54 [SERVER-NAME] info: GET /api/v1/users/profile 304 - 15.455 ms
Tue Jul 15 2025 12:46:54 [SERVER-NAME] info: GET /api/v1/quotation 304 - 13.494 ms
Tue Jul 15 2025 12:46:54 [SERVER-NAME] info: GET /api/v1/comingSoon/latest 304 - 18.473 ms
Tue Jul 15 2025 12:46:54 [SERVER-NAME] info: GET /api/v1/category 304 - 22.277 ms
Tue Jul 15 2025 12:46:54 [SERVER-NAME] info: GET /api/v1/notifications?page=1&limit=30 304 - 25.751 ms
Tue Jul 15 2025 12:46:54 [SERVER-NAME] info: GET /api/v1/comingSoon/latest 304 - 8.738 ms
Tue Jul 15 2025 12:47:44 [SERVER-NAME] info: OPTIONS /api/v1/users/profile 204 - 0.098 ms
Tue Jul 15 2025 12:47:44 [SERVER-NAME] info: OPTIONS /api/v1/challenge/letest 204 - 0.045 ms
Tue Jul 15 2025 12:47:44 [SERVER-NAME] info: OPTIONS /api/v1/notifications?page=1&limit=30 204 - 0.043 ms
Tue Jul 15 2025 12:47:44 [SERVER-NAME] info: OPTIONS /api/v1/quotation 204 - 0.031 ms
Tue Jul 15 2025 12:47:44 [SERVER-NAME] info: OPTIONS /api/v1/comingSoon/latest 204 - 0.027 ms
Tue Jul 15 2025 12:47:44 [SERVER-NAME] info: OPTIONS /api/v1/comingSoon/latest 204 - 0.029 ms
Tue Jul 15 2025 12:47:44 [SERVER-NAME] info: OPTIONS /api/v1/category 204 - 0.123 ms
Tue Jul 15 2025 12:47:44 [SERVER-NAME] info: GET /api/v1/users/profile 304 - 17.549 ms
Tue Jul 15 2025 12:47:44 [SERVER-NAME] info: GET /api/v1/quotation 304 - 18.131 ms
Tue Jul 15 2025 12:47:45 [SERVER-NAME] info: GET /api/v1/comingSoon/latest 304 - 49.217 ms
Tue Jul 15 2025 12:47:45 [SERVER-NAME] info: GET /api/v1/notifications?page=1&limit=30 304 - 70.885 ms
Tue Jul 15 2025 12:47:45 [SERVER-NAME] info: GET /api/v1/category 304 - 65.633 ms
Tue Jul 15 2025 12:47:45 [SERVER-NAME] info: GET //image/happy-young-latin-woman-yoga-260nw-2472732507-1752559620327.jpg 200 - 11.581 ms
Tue Jul 15 2025 12:47:45 [SERVER-NAME] info: GET /api/v1/comingSoon/latest 304 - 18.631 ms
Tue Jul 15 2025 12:50:54 [SERVER-NAME] info: OPTIONS /api/v1/users/profile 204 - 0.099 ms
Tue Jul 15 2025 12:50:54 [SERVER-NAME] info: OPTIONS /api/v1/notifications?page=1&limit=30 204 - 0.045 ms
Tue Jul 15 2025 12:50:54 [SERVER-NAME] info: OPTIONS /api/v1/quotation 204 - 0.036 ms
Tue Jul 15 2025 12:50:54 [SERVER-NAME] info: OPTIONS /api/v1/comingSoon/latest 204 - 0.030 ms
Tue Jul 15 2025 12:50:54 [SERVER-NAME] info: OPTIONS /api/v1/comingSoon/latest 204 - 0.033 ms
Tue Jul 15 2025 12:50:54 [SERVER-NAME] info: OPTIONS /api/v1/category 204 - 0.030 ms
Tue Jul 15 2025 12:50:54 [SERVER-NAME] info: OPTIONS /api/v1/challenge/letest 204 - 0.040 ms
Tue Jul 15 2025 12:50:54 [SERVER-NAME] info: GET /api/v1/users/profile 304 - 12.673 ms
Tue Jul 15 2025 12:50:54 [SERVER-NAME] info: GET /api/v1/quotation 304 - 17.827 ms
Tue Jul 15 2025 12:50:54 [SERVER-NAME] info: GET /api/v1/comingSoon/latest 304 - 23.333 ms
Tue Jul 15 2025 12:50:54 [SERVER-NAME] info: GET /api/v1/notifications?page=1&limit=30 304 - 29.089 ms
Tue Jul 15 2025 12:50:54 [SERVER-NAME] info: GET /api/v1/category 304 - 27.254 ms
Tue Jul 15 2025 12:50:54 [SERVER-NAME] info: GET /api/v1/comingSoon/latest 304 - 6.441 ms
Tue Jul 15 2025 12:51:12 [SERVER-NAME] info: OPTIONS /api/v1/users/profile 204 - 0.163 ms
Tue Jul 15 2025 12:51:12 [SERVER-NAME] info: OPTIONS /api/v1/notifications?page=1&limit=30 204 - 0.110 ms
Tue Jul 15 2025 12:51:12 [SERVER-NAME] info: OPTIONS /api/v1/quotation 204 - 0.055 ms
Tue Jul 15 2025 12:51:12 [SERVER-NAME] info: OPTIONS /api/v1/comingSoon/latest 204 - 0.040 ms
Tue Jul 15 2025 12:51:12 [SERVER-NAME] info: OPTIONS /api/v1/comingSoon/latest 204 - 0.033 ms
Tue Jul 15 2025 12:51:12 [SERVER-NAME] info: OPTIONS /api/v1/category 204 - 0.032 ms
Tue Jul 15 2025 12:51:12 [SERVER-NAME] info: OPTIONS /api/v1/challenge/letest 204 - 0.027 ms
Tue Jul 15 2025 12:51:12 [SERVER-NAME] info: GET /api/v1/users/profile 304 - 15.194 ms
Tue Jul 15 2025 12:51:12 [SERVER-NAME] info: GET /api/v1/quotation 304 - 17.274 ms
Tue Jul 15 2025 12:51:12 [SERVER-NAME] info: GET /api/v1/comingSoon/latest 304 - 22.890 ms
Tue Jul 15 2025 12:51:12 [SERVER-NAME] info: GET /api/v1/notifications?page=1&limit=30 304 - 29.098 ms
Tue Jul 15 2025 12:51:12 [SERVER-NAME] info: GET /api/v1/category 304 - 25.700 ms
Tue Jul 15 2025 12:51:12 [SERVER-NAME] info: GET /api/v1/comingSoon/latest 304 - 4.886 ms
Tue Jul 15 2025 12:51:12 [SERVER-NAME] info: GET //image/happy-young-latin-woman-yoga-260nw-2472732507-1752559620327.jpg 200 - 0.703 ms
Tue Jul 15 2025 12:51:14 [SERVER-NAME] info: GET /api/v1/users/profile 304 - 19.400 ms
Tue Jul 15 2025 12:51:14 [SERVER-NAME] info: GET /api/v1/quotation 304 - 18.084 ms
Tue Jul 15 2025 12:51:14 [SERVER-NAME] info: GET /api/v1/comingSoon/latest 304 - 21.141 ms
Tue Jul 15 2025 12:51:14 [SERVER-NAME] info: GET /api/v1/category 304 - 23.926 ms
Tue Jul 15 2025 12:51:14 [SERVER-NAME] info: GET /api/v1/notifications?page=1&limit=30 304 - 28.636 ms
Tue Jul 15 2025 12:51:14 [SERVER-NAME] info: GET /api/v1/comingSoon/latest 304 - 7.036 ms
Tue Jul 15 2025 12:52:13 [SERVER-NAME] info: OPTIONS /api/v1/users/profile 204 - 0.093 ms
Tue Jul 15 2025 12:52:13 [SERVER-NAME] info: OPTIONS /api/v1/notifications?page=1&limit=30 204 - 0.034 ms
Tue Jul 15 2025 12:52:13 [SERVER-NAME] info: OPTIONS /api/v1/quotation 204 - 0.037 ms
Tue Jul 15 2025 12:52:13 [SERVER-NAME] info: OPTIONS /api/v1/comingSoon/latest 204 - 0.035 ms
Tue Jul 15 2025 12:52:13 [SERVER-NAME] info: OPTIONS /api/v1/comingSoon/latest 204 - 0.034 ms
Tue Jul 15 2025 12:52:13 [SERVER-NAME] info: OPTIONS /api/v1/category 204 - 0.038 ms
Tue Jul 15 2025 12:52:13 [SERVER-NAME] info: OPTIONS /api/v1/challenge/letest 204 - 0.145 ms
Tue Jul 15 2025 12:52:13 [SERVER-NAME] info: GET /api/v1/users/profile 304 - 18.325 ms
Tue Jul 15 2025 12:52:13 [SERVER-NAME] info: GET /api/v1/quotation 304 - 20.017 ms
Tue Jul 15 2025 12:52:13 [SERVER-NAME] info: GET /api/v1/comingSoon/latest 304 - 28.538 ms
Tue Jul 15 2025 12:52:13 [SERVER-NAME] info: GET /api/v1/category 304 - 31.363 ms
Tue Jul 15 2025 12:52:13 [SERVER-NAME] info: GET /api/v1/notifications?page=1&limit=30 304 - 34.566 ms
Tue Jul 15 2025 12:52:13 [SERVER-NAME] info: GET /api/v1/comingSoon/latest 304 - 8.304 ms
Tue Jul 15 2025 12:52:13 [SERVER-NAME] info: GET //image/happy-young-latin-woman-yoga-260nw-2472732507-1752559620327.jpg 200 - 0.761 ms
Tue Jul 15 2025 12:52:14 [SERVER-NAME] info: GET /api/v1/users/profile 304 - 14.748 ms
Tue Jul 15 2025 12:52:14 [SERVER-NAME] info: GET /api/v1/quotation 304 - 15.177 ms
Tue Jul 15 2025 12:52:14 [SERVER-NAME] info: GET /api/v1/comingSoon/latest 304 - 21.217 ms
Tue Jul 15 2025 12:52:14 [SERVER-NAME] info: GET /api/v1/category 304 - 25.014 ms
Tue Jul 15 2025 12:52:14 [SERVER-NAME] info: GET /api/v1/notifications?page=1&limit=30 304 - 29.438 ms
Tue Jul 15 2025 12:52:14 [SERVER-NAME] info: GET /api/v1/comingSoon/latest 304 - 8.559 ms
Tue Jul 15 2025 12:52:28 [SERVER-NAME] info: OPTIONS /api/v1/favourit 204 - 0.092 ms
Tue Jul 15 2025 12:52:28 [SERVER-NAME] info: GET /api/v1/favourit 304 - 7.887 ms
Tue Jul 15 2025 12:52:29 [SERVER-NAME] info: OPTIONS /api/v1/challenge/letest 204 - 0.067 ms
Tue Jul 15 2025 12:52:34 [SERVER-NAME] info: OPTIONS /api/v1/category/subcategory/686a51ac9382c57a0019bf60 204 - 0.053 ms
Tue Jul 15 2025 12:52:34 [SERVER-NAME] info: OPTIONS /api/v1/category/get-videos/686a51ac9382c57a0019bf60 204 - 0.042 ms
Tue Jul 15 2025 12:52:34 [SERVER-NAME] info: GET /api/v1/category/subcategory/686a51ac9382c57a0019bf60 304 - 48.785 ms
Tue Jul 15 2025 12:52:34 [SERVER-NAME] info: GET /api/v1/category/get-videos/686a51ac9382c57a0019bf60 304 - 65.202 ms
Tue Jul 15 2025 12:52:39 [SERVER-NAME] info: OPTIONS /api/v1/challenge/letest 204 - 0.117 ms
Tue Jul 15 2025 12:54:14 [SERVER-NAME] info: OPTIONS /api/v1/challenge/letest 204 - 0.173 ms
Tue Jul 15 2025 12:54:14 [SERVER-NAME] info: OPTIONS /api/v1/users/profile 204 - 0.081 ms
Tue Jul 15 2025 12:54:14 [SERVER-NAME] info: OPTIONS /api/v1/quotation 204 - 0.059 ms
Tue Jul 15 2025 12:54:14 [SERVER-NAME] info: OPTIONS /api/v1/comingSoon/latest 204 - 0.047 ms
Tue Jul 15 2025 12:54:14 [SERVER-NAME] info: OPTIONS /api/v1/category 204 - 0.088 ms
Tue Jul 15 2025 12:54:14 [SERVER-NAME] info: OPTIONS /api/v1/notifications?page=1&limit=30 204 - 0.047 ms
Tue Jul 15 2025 12:54:14 [SERVER-NAME] info: OPTIONS /api/v1/comingSoon/latest 204 - 0.062 ms
Tue Jul 15 2025 12:54:14 [SERVER-NAME] info: GET /api/v1/users/profile 304 - 21.067 ms
Tue Jul 15 2025 12:54:14 [SERVER-NAME] info: GET /api/v1/quotation 304 - 21.305 ms
Tue Jul 15 2025 12:54:14 [SERVER-NAME] info: GET /api/v1/comingSoon/latest 304 - 28.126 ms
Tue Jul 15 2025 12:54:14 [SERVER-NAME] info: GET /api/v1/category 304 - 36.178 ms
Tue Jul 15 2025 12:54:14 [SERVER-NAME] info: GET /api/v1/notifications?page=1&limit=30 304 - 39.057 ms
Tue Jul 15 2025 12:54:14 [SERVER-NAME] info: GET /api/v1/comingSoon/latest 304 - 11.490 ms
Tue Jul 15 2025 12:54:18 [SERVER-NAME] info: GET //image/happy-young-latin-woman-yoga-260nw-2472732507-1752559620327.jpg 200 - 3.415 ms
Tue Jul 15 2025 12:54:42 [SERVER-NAME] info: OPTIONS /api/v1/users/profile 204 - 0.307 ms
Tue Jul 15 2025 12:54:42 [SERVER-NAME] info: OPTIONS /api/v1/notifications?page=1&limit=30 204 - 0.085 ms
Tue Jul 15 2025 12:54:42 [SERVER-NAME] info: OPTIONS /api/v1/quotation 204 - 0.048 ms
Tue Jul 15 2025 12:54:42 [SERVER-NAME] info: OPTIONS /api/v1/comingSoon/latest 204 - 0.036 ms
Tue Jul 15 2025 12:54:42 [SERVER-NAME] info: OPTIONS /api/v1/comingSoon/latest 204 - 0.041 ms
Tue Jul 15 2025 12:54:42 [SERVER-NAME] info: OPTIONS /api/v1/category 204 - 0.033 ms
Tue Jul 15 2025 12:54:42 [SERVER-NAME] info: OPTIONS /api/v1/challenge/letest 204 - 0.028 ms
Tue Jul 15 2025 12:54:42 [SERVER-NAME] info: GET /api/v1/users/profile 200 - 16.566 ms
Tue Jul 15 2025 12:54:42 [SERVER-NAME] info: GET /api/v1/quotation 200 - 17.724 ms
Tue Jul 15 2025 12:54:42 [SERVER-NAME] info: GET /api/v1/comingSoon/latest 200 - 18.663 ms
Tue Jul 15 2025 12:54:42 [SERVER-NAME] info: GET /api/v1/category 200 - 23.793 ms
Tue Jul 15 2025 12:54:42 [SERVER-NAME] info: GET /api/v1/notifications?page=1&limit=30 200 - 30.194 ms
Tue Jul 15 2025 12:54:42 [SERVER-NAME] info: GET /api/v1/comingSoon/latest 304 - 6.259 ms
