Tue Jul 15 2025 14:7:8 [SERVER-NAME] info: OPTIONS /api/v1/users/profile 204 - 0.595 ms
Tue Jul 15 2025 14:7:9 [SERVER-NAME] info: OPTIONS /api/v1/challenge/letest 204 - 0.177 ms
Tue Jul 15 2025 14:7:9 [SERVER-NAME] info: OPTIONS /api/v1/notifications?page=1&limit=30 204 - 0.055 ms
Tue Jul 15 2025 14:7:9 [SERVER-NAME] info: OPTIONS /api/v1/quotation 204 - 0.033 ms
Tue Jul 15 2025 14:7:9 [SERVER-NAME] info: OPTIONS /api/v1/comingSoon/latest 204 - 0.030 ms
Tue Jul 15 2025 14:7:9 [SERVER-NAME] info: OPTIONS /api/v1/comingSoon/latest 204 - 0.028 ms
Tue Jul 15 2025 14:7:9 [SERVER-NAME] info: OPTIONS /api/v1/category 204 - 0.035 ms
Tue Jul 15 2025 14:7:9 [SERVER-NAME] info: GET /api/v1/users/profile 304 - 25.555 ms
Tue Jul 15 2025 14:7:9 [SERVER-NAME] info: GET /api/v1/quotation 304 - 15.590 ms
Tue Jul 15 2025 14:7:9 [SERVER-NAME] info: GET /api/v1/comingSoon/latest 304 - 22.511 ms
Tue Jul 15 2025 14:7:9 [SERVER-NAME] info: GET /api/v1/comingSoon/latest 304 - 4.858 ms
Tue Jul 15 2025 14:7:9 [SERVER-NAME] info: GET //image/happy-young-latin-woman-yoga-260nw-2472732507-1752559620327.jpg 200 - 2.497 ms
Tue Jul 15 2025 14:7:9 [SERVER-NAME] info: GET /api/v1/category 304 - 39.777 ms
Tue Jul 15 2025 14:7:9 [SERVER-NAME] info: GET /api/v1/notifications?page=1&limit=30 304 - 41.550 ms
Tue Jul 15 2025 14:11:40 [SERVER-NAME] info: OPTIONS /api/v1/users/profile 204 - 0.059 ms
Tue Jul 15 2025 14:11:40 [SERVER-NAME] info: OPTIONS /api/v1/notifications?page=1&limit=30 204 - 0.030 ms
Tue Jul 15 2025 14:11:40 [SERVER-NAME] info: OPTIONS /api/v1/quotation 204 - 0.052 ms
Tue Jul 15 2025 14:11:40 [SERVER-NAME] info: OPTIONS /api/v1/comingSoon/latest 204 - 0.077 ms
Tue Jul 15 2025 14:11:40 [SERVER-NAME] info: OPTIONS /api/v1/comingSoon/latest 204 - 0.041 ms
Tue Jul 15 2025 14:11:40 [SERVER-NAME] info: OPTIONS /api/v1/challenge/letest 204 - 0.036 ms
Tue Jul 15 2025 14:11:40 [SERVER-NAME] info: OPTIONS /api/v1/category 204 - 0.030 ms
Tue Jul 15 2025 14:11:40 [SERVER-NAME] info: GET /api/v1/users/profile 304 - 14.088 ms
Tue Jul 15 2025 14:11:40 [SERVER-NAME] info: GET /api/v1/quotation 304 - 15.896 ms
Tue Jul 15 2025 14:11:40 [SERVER-NAME] info: GET /api/v1/comingSoon/latest 304 - 18.144 ms
Tue Jul 15 2025 14:11:40 [SERVER-NAME] info: GET /api/v1/notifications?page=1&limit=30 304 - 27.004 ms
Tue Jul 15 2025 14:11:40 [SERVER-NAME] info: GET /api/v1/category 304 - 22.470 ms
Tue Jul 15 2025 14:11:40 [SERVER-NAME] info: GET /api/v1/comingSoon/latest 304 - 6.040 ms
Tue Jul 15 2025 14:11:40 [SERVER-NAME] info: GET //image/happy-young-latin-woman-yoga-260nw-2472732507-1752559620327.jpg 200 - 0.769 ms
Tue Jul 15 2025 14:12:14 [SERVER-NAME] info: OPTIONS /api/v1/users/profile 204 - 0.232 ms
Tue Jul 15 2025 14:12:14 [SERVER-NAME] info: OPTIONS /api/v1/quotation 204 - 0.222 ms
Tue Jul 15 2025 14:12:14 [SERVER-NAME] info: OPTIONS /api/v1/notifications?page=1&limit=30 204 - 0.038 ms
Tue Jul 15 2025 14:12:14 [SERVER-NAME] info: OPTIONS /api/v1/comingSoon/latest 204 - 0.030 ms
Tue Jul 15 2025 14:12:14 [SERVER-NAME] info: OPTIONS /api/v1/comingSoon/latest 204 - 0.045 ms
Tue Jul 15 2025 14:12:14 [SERVER-NAME] info: OPTIONS /api/v1/category 204 - 0.043 ms
Tue Jul 15 2025 14:12:14 [SERVER-NAME] info: OPTIONS /api/v1/challenge/letest 204 - 0.042 ms
Tue Jul 15 2025 14:12:14 [SERVER-NAME] info: GET /api/v1/users/profile 304 - 16.334 ms
Tue Jul 15 2025 14:12:14 [SERVER-NAME] info: GET /api/v1/quotation 304 - 17.317 ms
Tue Jul 15 2025 14:12:14 [SERVER-NAME] info: GET /api/v1/comingSoon/latest 304 - 24.087 ms
Tue Jul 15 2025 14:12:14 [SERVER-NAME] info: GET /api/v1/category 304 - 21.307 ms
Tue Jul 15 2025 14:12:14 [SERVER-NAME] info: GET /api/v1/notifications?page=1&limit=30 304 - 29.871 ms
Tue Jul 15 2025 14:12:14 [SERVER-NAME] info: GET /api/v1/comingSoon/latest 304 - 6.469 ms
Tue Jul 15 2025 14:12:18 [SERVER-NAME] info: GET /api/v1/users/profile 304 - 17.341 ms
Tue Jul 15 2025 14:12:18 [SERVER-NAME] info: GET /api/v1/quotation 304 - 17.266 ms
Tue Jul 15 2025 14:12:18 [SERVER-NAME] info: GET /api/v1/comingSoon/latest 304 - 27.627 ms
Tue Jul 15 2025 14:12:18 [SERVER-NAME] info: GET /api/v1/category 304 - 30.034 ms
Tue Jul 15 2025 14:12:18 [SERVER-NAME] info: GET /api/v1/notifications?page=1&limit=30 304 - 34.114 ms
Tue Jul 15 2025 14:12:18 [SERVER-NAME] info: GET /api/v1/comingSoon/latest 304 - 6.072 ms
Tue Jul 15 2025 14:12:25 [SERVER-NAME] info: OPTIONS /api/v1/notifications?page=1&limit=30 204 - 0.114 ms
Tue Jul 15 2025 14:12:25 [SERVER-NAME] info: OPTIONS /api/v1/quotation 204 - 0.082 ms
Tue Jul 15 2025 14:12:25 [SERVER-NAME] info: OPTIONS /api/v1/comingSoon/latest 204 - 0.057 ms
Tue Jul 15 2025 14:12:25 [SERVER-NAME] info: OPTIONS /api/v1/comingSoon/latest 204 - 0.039 ms
Tue Jul 15 2025 14:12:25 [SERVER-NAME] info: OPTIONS /api/v1/challenge/letest 204 - 0.029 ms
Tue Jul 15 2025 14:12:25 [SERVER-NAME] info: OPTIONS /api/v1/users/profile 204 - 0.037 ms
Tue Jul 15 2025 14:12:25 [SERVER-NAME] info: OPTIONS /api/v1/category 204 - 0.039 ms
Tue Jul 15 2025 14:12:25 [SERVER-NAME] info: GET /api/v1/quotation 304 - 17.118 ms
Tue Jul 15 2025 14:12:25 [SERVER-NAME] info: GET /api/v1/users/profile 304 - 12.667 ms
Tue Jul 15 2025 14:12:25 [SERVER-NAME] info: GET /api/v1/comingSoon/latest 304 - 21.425 ms
Tue Jul 15 2025 14:12:25 [SERVER-NAME] info: GET /api/v1/notifications?page=1&limit=30 304 - 28.207 ms
Tue Jul 15 2025 14:12:25 [SERVER-NAME] info: GET /api/v1/category 304 - 20.428 ms
Tue Jul 15 2025 14:12:25 [SERVER-NAME] info: GET /api/v1/comingSoon/latest 304 - 8.284 ms
Tue Jul 15 2025 14:12:27 [SERVER-NAME] info: GET /api/v1/users/profile 304 - 15.767 ms
Tue Jul 15 2025 14:12:27 [SERVER-NAME] info: GET /api/v1/quotation 304 - 15.384 ms
Tue Jul 15 2025 14:12:27 [SERVER-NAME] info: GET /api/v1/comingSoon/latest 304 - 18.103 ms
Tue Jul 15 2025 14:12:27 [SERVER-NAME] info: GET /api/v1/category 304 - 21.057 ms
Tue Jul 15 2025 14:12:27 [SERVER-NAME] info: GET /api/v1/notifications?page=1&limit=30 304 - 25.739 ms
Tue Jul 15 2025 14:12:27 [SERVER-NAME] info: GET /api/v1/comingSoon/latest 304 - 8.494 ms
Tue Jul 15 2025 14:13:37 [SERVER-NAME] info: OPTIONS /api/v1/category/subcategory/6871d839383acdb5d5af70fd 204 - 0.135 ms
Tue Jul 15 2025 14:13:37 [SERVER-NAME] info: OPTIONS /api/v1/category/get-videos/6871d839383acdb5d5af70fd 204 - 0.053 ms
Tue Jul 15 2025 14:13:37 [SERVER-NAME] info: GET /api/v1/category/subcategory/6871d839383acdb5d5af70fd 200 - 9.001 ms
Tue Jul 15 2025 14:13:37 [SERVER-NAME] info: GET /api/v1/category/get-videos/6871d839383acdb5d5af70fd 200 - 9.617 ms
Tue Jul 15 2025 14:13:40 [SERVER-NAME] info: OPTIONS /api/v1/challenge/letest 204 - 0.180 ms
Tue Jul 15 2025 14:13:40 [SERVER-NAME] info: GET //image/happy-young-latin-woman-yoga-260nw-2472732507-1752559620327.jpg 200 - 0.786 ms
Tue Jul 15 2025 14:19:7 [SERVER-NAME] info: Mail send successfully
Tue Jul 15 2025 14:19:26 [SERVER-NAME] info: OPTIONS /api/v1/users/profile 204 - 0.287 ms
Tue Jul 15 2025 14:19:26 [SERVER-NAME] info: OPTIONS /api/v1/challenge/letest 204 - 0.085 ms
Tue Jul 15 2025 14:19:26 [SERVER-NAME] info: OPTIONS /api/v1/notifications?page=1&limit=30 204 - 0.032 ms
Tue Jul 15 2025 14:19:26 [SERVER-NAME] info: OPTIONS /api/v1/quotation 204 - 0.038 ms
Tue Jul 15 2025 14:19:26 [SERVER-NAME] info: OPTIONS /api/v1/comingSoon/latest 204 - 0.033 ms
Tue Jul 15 2025 14:19:26 [SERVER-NAME] info: OPTIONS /api/v1/comingSoon/latest 204 - 0.040 ms
Tue Jul 15 2025 14:19:26 [SERVER-NAME] info: OPTIONS /api/v1/category 204 - 0.032 ms
Tue Jul 15 2025 14:19:26 [SERVER-NAME] info: GET /api/v1/users/profile 304 - 15.728 ms
Tue Jul 15 2025 14:19:26 [SERVER-NAME] info: GET /api/v1/quotation 304 - 17.846 ms
Tue Jul 15 2025 14:19:26 [SERVER-NAME] info: GET /api/v1/comingSoon/latest 304 - 17.797 ms
Tue Jul 15 2025 14:19:26 [SERVER-NAME] info: GET /api/v1/notifications?page=1&limit=30 304 - 25.361 ms
Tue Jul 15 2025 14:19:26 [SERVER-NAME] info: GET /api/v1/category 304 - 24.022 ms
Tue Jul 15 2025 14:19:26 [SERVER-NAME] info: GET /api/v1/comingSoon/latest 304 - 7.605 ms
Tue Jul 15 2025 14:19:26 [SERVER-NAME] info: GET //image/happy-young-latin-woman-yoga-260nw-2472732507-1752559620327.jpg 200 - 1.351 ms
Tue Jul 15 2025 14:19:56 [SERVER-NAME] info: OPTIONS /api/v1/comingSoon/latest 204 - 0.117 ms
Tue Jul 15 2025 14:19:56 [SERVER-NAME] info: OPTIONS /api/v1/challenge/letest 204 - 0.157 ms
Tue Jul 15 2025 14:19:56 [SERVER-NAME] info: OPTIONS /api/v1/users/profile 204 - 0.083 ms
Tue Jul 15 2025 14:19:56 [SERVER-NAME] info: OPTIONS /api/v1/notifications?page=1&limit=30 204 - 0.151 ms
Tue Jul 15 2025 14:19:56 [SERVER-NAME] info: OPTIONS /api/v1/quotation 204 - 0.040 ms
Tue Jul 15 2025 14:19:56 [SERVER-NAME] info: OPTIONS /api/v1/comingSoon/latest 204 - 0.075 ms
Tue Jul 15 2025 14:19:56 [SERVER-NAME] info: OPTIONS /api/v1/category 204 - 0.060 ms
Tue Jul 15 2025 14:19:56 [SERVER-NAME] info: GET /api/v1/users/profile 304 - 20.883 ms
Tue Jul 15 2025 14:19:56 [SERVER-NAME] info: GET /api/v1/comingSoon/latest 304 - 29.735 ms
Tue Jul 15 2025 14:19:56 [SERVER-NAME] info: GET /api/v1/quotation 304 - 21.802 ms
Tue Jul 15 2025 14:19:56 [SERVER-NAME] info: GET /api/v1/category 304 - 32.290 ms
Tue Jul 15 2025 14:19:56 [SERVER-NAME] info: GET /api/v1/notifications?page=1&limit=30 304 - 35.004 ms
Tue Jul 15 2025 14:19:56 [SERVER-NAME] info: GET /api/v1/comingSoon/latest 304 - 10.354 ms
Tue Jul 15 2025 14:20:6 [SERVER-NAME] info: Mail send successfully
Tue Jul 15 2025 14:21:6 [SERVER-NAME] info: Mail send successfully
Tue Jul 15 2025 14:22:2 [SERVER-NAME] info: OPTIONS /api/v1/users/profile 204 - 0.093 ms
Tue Jul 15 2025 14:22:2 [SERVER-NAME] info: OPTIONS /api/v1/notifications?page=1&limit=30 204 - 0.072 ms
Tue Jul 15 2025 14:22:2 [SERVER-NAME] info: OPTIONS /api/v1/quotation 204 - 0.038 ms
Tue Jul 15 2025 14:22:2 [SERVER-NAME] info: OPTIONS /api/v1/comingSoon/latest 204 - 0.035 ms
Tue Jul 15 2025 14:22:2 [SERVER-NAME] info: OPTIONS /api/v1/comingSoon/latest 204 - 0.044 ms
Tue Jul 15 2025 14:22:2 [SERVER-NAME] info: OPTIONS /api/v1/challenge/letest 204 - 0.032 ms
Tue Jul 15 2025 14:22:2 [SERVER-NAME] info: OPTIONS /api/v1/category 204 - 0.038 ms
Tue Jul 15 2025 14:22:2 [SERVER-NAME] info: GET /api/v1/users/profile 304 - 16.436 ms
Tue Jul 15 2025 14:22:2 [SERVER-NAME] info: GET /api/v1/quotation 304 - 19.884 ms
Tue Jul 15 2025 14:22:2 [SERVER-NAME] info: GET /api/v1/comingSoon/latest 304 - 24.718 ms
Tue Jul 15 2025 14:22:2 [SERVER-NAME] info: GET /api/v1/category 304 - 24.059 ms
Tue Jul 15 2025 14:22:2 [SERVER-NAME] info: GET /api/v1/notifications?page=1&limit=30 304 - 31.523 ms
Tue Jul 15 2025 14:22:2 [SERVER-NAME] info: GET /api/v1/comingSoon/latest 304 - 7.703 ms
Tue Jul 15 2025 14:22:2 [SERVER-NAME] info: GET //image/happy-young-latin-woman-yoga-260nw-2472732507-1752559620327.jpg 200 - 0.854 ms
Tue Jul 15 2025 14:22:6 [SERVER-NAME] info: Mail send successfully
Tue Jul 15 2025 14:23:0 [SERVER-NAME] info: OPTIONS /api/v1/challenge/letest 204 - 0.377 ms
Tue Jul 15 2025 14:23:5 [SERVER-NAME] info: Mail send successfully
Tue Jul 15 2025 14:23:12 [SERVER-NAME] info: OPTIONS /api/v1/challenge/letest 204 - 0.046 ms
Tue Jul 15 2025 14:24:6 [SERVER-NAME] info: Mail send successfully
Tue Jul 15 2025 14:25:6 [SERVER-NAME] info: Mail send successfully
Tue Jul 15 2025 14:25:30 [SERVER-NAME] info: OPTIONS /api/v1/subscription/details 204 - 0.047 ms
Tue Jul 15 2025 14:25:30 [SERVER-NAME] info: GET /api/v1/subscription/details 200 - 15.551 ms
Tue Jul 15 2025 14:25:30 [SERVER-NAME] info: GET //image/happy-young-latin-woman-yoga-260nw-2472732507-1752559620327.jpg 200 - 1.938 ms
Tue Jul 15 2025 14:25:36 [SERVER-NAME] info: OPTIONS /api/v1/users/profile 204 - 0.170 ms
Tue Jul 15 2025 14:25:36 [SERVER-NAME] info: OPTIONS /api/v1/notifications?page=1&limit=30 204 - 0.087 ms
Tue Jul 15 2025 14:25:36 [SERVER-NAME] info: OPTIONS /api/v1/package/users 204 - 0.036 ms
Tue Jul 15 2025 14:25:36 [SERVER-NAME] info: GET /api/v1/users/profile 304 - 10.985 ms
Tue Jul 15 2025 14:25:36 [SERVER-NAME] info: GET /api/v1/package/users 200 - 22.180 ms
Tue Jul 15 2025 14:25:36 [SERVER-NAME] info: GET /api/v1/notifications?page=1&limit=30 304 - 31.455 ms
Tue Jul 15 2025 14:25:36 [SERVER-NAME] info: GET //image/happy-young-latin-woman-yoga-260nw-2472732507-1752559620327.jpg 200 - 0.705 ms
Tue Jul 15 2025 14:26:6 [SERVER-NAME] info: Mail send successfully
Tue Jul 15 2025 14:27:6 [SERVER-NAME] info: Mail send successfully
Tue Jul 15 2025 14:27:42 [SERVER-NAME] info: OPTIONS /api/v1/quotation 204 - 0.067 ms
Tue Jul 15 2025 14:27:42 [SERVER-NAME] info: OPTIONS /api/v1/comingSoon/latest 204 - 0.029 ms
Tue Jul 15 2025 14:27:42 [SERVER-NAME] info: OPTIONS /api/v1/comingSoon/latest 204 - 0.031 ms
Tue Jul 15 2025 14:27:42 [SERVER-NAME] info: OPTIONS /api/v1/category 204 - 0.080 ms
Tue Jul 15 2025 14:27:42 [SERVER-NAME] info: OPTIONS /api/v1/challenge/letest 204 - 0.056 ms
Tue Jul 15 2025 14:27:42 [SERVER-NAME] info: GET /api/v1/quotation 304 - 5.813 ms
Tue Jul 15 2025 14:27:42 [SERVER-NAME] info: GET /api/v1/comingSoon/latest 304 - 38.048 ms
Tue Jul 15 2025 14:27:42 [SERVER-NAME] info: GET /api/v1/category 304 - 53.024 ms
Tue Jul 15 2025 14:27:42 [SERVER-NAME] info: GET /api/v1/comingSoon/latest 304 - 12.479 ms
Tue Jul 15 2025 14:27:54 [SERVER-NAME] info: OPTIONS /api/v1/category/subcategory/6871d839383acdb5d5af70fd 204 - 0.092 ms
Tue Jul 15 2025 14:27:54 [SERVER-NAME] info: OPTIONS /api/v1/category/get-videos/6871d839383acdb5d5af70fd 204 - 0.044 ms
Tue Jul 15 2025 14:27:54 [SERVER-NAME] info: GET /api/v1/category/subcategory/6871d839383acdb5d5af70fd 304 - 7.517 ms
Tue Jul 15 2025 14:27:54 [SERVER-NAME] info: GET /api/v1/category/get-videos/6871d839383acdb5d5af70fd 304 - 9.765 ms
Tue Jul 15 2025 14:27:56 [SERVER-NAME] info: OPTIONS /api/v1/challenge/letest 204 - 0.088 ms
Tue Jul 15 2025 14:27:57 [SERVER-NAME] info: OPTIONS /api/v1/category/subcategory/6870a233bfc46cbd81f19687 204 - 0.063 ms
Tue Jul 15 2025 14:27:57 [SERVER-NAME] info: OPTIONS /api/v1/category/get-videos/6870a233bfc46cbd81f19687 204 - 0.143 ms
Tue Jul 15 2025 14:27:57 [SERVER-NAME] info: GET /api/v1/category/subcategory/6870a233bfc46cbd81f19687 200 - 12.728 ms
Tue Jul 15 2025 14:27:57 [SERVER-NAME] info: GET /api/v1/category/get-videos/6870a233bfc46cbd81f19687 200 - 19.718 ms
Tue Jul 15 2025 14:28:4 [SERVER-NAME] info: OPTIONS /api/v1/videos/6870a248bfc46cbd81f196ae 204 - 0.075 ms
Tue Jul 15 2025 14:28:4 [SERVER-NAME] info: OPTIONS /api/v1/videos/comments/6870a248bfc46cbd81f196ae 204 - 0.096 ms
Tue Jul 15 2025 14:28:4 [SERVER-NAME] info: GET /api/v1/videos/comments/6870a248bfc46cbd81f196ae 200 - 32.081 ms
Tue Jul 15 2025 14:28:4 [SERVER-NAME] info: GET /api/v1/videos/6870a248bfc46cbd81f196ae 200 - 34.504 ms
Tue Jul 15 2025 14:28:6 [SERVER-NAME] info: Mail send successfully
Tue Jul 15 2025 14:28:14 [SERVER-NAME] info: OPTIONS /api/v1/videos/6870a26ebfc46cbd81f196bd 204 - 0.156 ms
Tue Jul 15 2025 14:28:14 [SERVER-NAME] info: OPTIONS /api/v1/videos/comments/6870a26ebfc46cbd81f196bd 204 - 0.193 ms
Tue Jul 15 2025 14:28:14 [SERVER-NAME] info: GET /api/v1/videos/comments/6870a26ebfc46cbd81f196bd 200 - 7.890 ms
Tue Jul 15 2025 14:28:14 [SERVER-NAME] info: GET /api/v1/videos/6870a26ebfc46cbd81f196bd 200 - 12.426 ms
Tue Jul 15 2025 14:28:25 [SERVER-NAME] info: OPTIONS /api/v1/challenge/letest 204 - 0.175 ms
Tue Jul 15 2025 14:28:53 [SERVER-NAME] info: OPTIONS /api/v1/users/profile 204 - 0.151 ms
Tue Jul 15 2025 14:28:53 [SERVER-NAME] info: OPTIONS /api/v1/notifications?page=1&limit=30 204 - 0.054 ms
Tue Jul 15 2025 14:28:53 [SERVER-NAME] info: OPTIONS /api/v1/quotation 204 - 0.061 ms
Tue Jul 15 2025 14:28:53 [SERVER-NAME] info: OPTIONS /api/v1/comingSoon/latest 204 - 0.027 ms
Tue Jul 15 2025 14:28:53 [SERVER-NAME] info: OPTIONS /api/v1/comingSoon/latest 204 - 0.037 ms
Tue Jul 15 2025 14:28:53 [SERVER-NAME] info: OPTIONS /api/v1/category 204 - 0.026 ms
Tue Jul 15 2025 14:28:53 [SERVER-NAME] info: OPTIONS /api/v1/challenge/letest 204 - 0.026 ms
Tue Jul 15 2025 14:28:53 [SERVER-NAME] info: GET /api/v1/users/profile 304 - 16.703 ms
Tue Jul 15 2025 14:28:53 [SERVER-NAME] info: GET /api/v1/quotation 304 - 18.776 ms
Tue Jul 15 2025 14:28:53 [SERVER-NAME] info: GET /api/v1/comingSoon/latest 304 - 25.176 ms
Tue Jul 15 2025 14:28:53 [SERVER-NAME] info: GET /api/v1/category 304 - 27.973 ms
Tue Jul 15 2025 14:28:53 [SERVER-NAME] info: GET /api/v1/notifications?page=1&limit=30 304 - 30.271 ms
Tue Jul 15 2025 14:28:53 [SERVER-NAME] info: GET /api/v1/comingSoon/latest 304 - 5.333 ms
Tue Jul 15 2025 14:28:53 [SERVER-NAME] info: GET //image/happy-young-latin-woman-yoga-260nw-2472732507-1752559620327.jpg 200 - 1.005 ms
Tue Jul 15 2025 14:28:56 [SERVER-NAME] info: GET /api/v1/users/profile 304 - 13.322 ms
Tue Jul 15 2025 14:28:56 [SERVER-NAME] info: GET /api/v1/quotation 304 - 14.512 ms
Tue Jul 15 2025 14:28:56 [SERVER-NAME] info: GET /api/v1/comingSoon/latest 304 - 14.323 ms
Tue Jul 15 2025 14:28:56 [SERVER-NAME] info: GET /api/v1/category 304 - 17.501 ms
Tue Jul 15 2025 14:28:56 [SERVER-NAME] info: GET /api/v1/notifications?page=1&limit=30 304 - 23.133 ms
Tue Jul 15 2025 14:28:56 [SERVER-NAME] info: GET /api/v1/comingSoon/latest 304 - 7.273 ms
Tue Jul 15 2025 14:29:6 [SERVER-NAME] info: Mail send successfully
Tue Jul 15 2025 14:30:6 [SERVER-NAME] info: Mail send successfully
Tue Jul 15 2025 14:32:52 [SERVER-NAME] info: OPTIONS /api/v1/users/profile 204 - 0.056 ms
Tue Jul 15 2025 14:32:52 [SERVER-NAME] info: OPTIONS /api/v1/notifications?page=1&limit=30 204 - 0.034 ms
Tue Jul 15 2025 14:32:52 [SERVER-NAME] info: OPTIONS /api/v1/quotation 204 - 0.029 ms
Tue Jul 15 2025 14:32:52 [SERVER-NAME] info: OPTIONS /api/v1/comingSoon/latest 204 - 0.027 ms
Tue Jul 15 2025 14:32:52 [SERVER-NAME] info: OPTIONS /api/v1/comingSoon/latest 204 - 0.029 ms
Tue Jul 15 2025 14:32:52 [SERVER-NAME] info: OPTIONS /api/v1/category 204 - 0.024 ms
Tue Jul 15 2025 14:32:52 [SERVER-NAME] info: OPTIONS /api/v1/challenge/letest 204 - 0.023 ms
Tue Jul 15 2025 14:32:52 [SERVER-NAME] info: GET /api/v1/users/profile 304 - 21.051 ms
Tue Jul 15 2025 14:32:52 [SERVER-NAME] info: GET /api/v1/quotation 304 - 21.194 ms
Tue Jul 15 2025 14:32:52 [SERVER-NAME] info: GET /api/v1/comingSoon/latest 304 - 25.911 ms
Tue Jul 15 2025 14:32:52 [SERVER-NAME] info: GET /api/v1/notifications?page=1&limit=30 304 - 35.622 ms
Tue Jul 15 2025 14:32:52 [SERVER-NAME] info: GET /api/v1/category 304 - 27.663 ms
Tue Jul 15 2025 14:32:52 [SERVER-NAME] info: GET /api/v1/comingSoon/latest 304 - 17.575 ms
Tue Jul 15 2025 14:32:52 [SERVER-NAME] info: GET //image/happy-young-latin-woman-yoga-260nw-2472732507-1752559620327.jpg 200 - 1.134 ms
Tue Jul 15 2025 14:38:12 [SERVER-NAME] info: [34mMaster 38132 is running[39m
Tue Jul 15 2025 14:38:12 [SERVER-NAME] info: [34mStarting 12 workers...[39m
Tue Jul 15 2025 14:38:16 [SERVER-NAME] info: [34mWorker 42156 started[39m
Tue Jul 15 2025 14:38:16 [SERVER-NAME] info: [32mConfig validation successful.[39m
Tue Jul 15 2025 14:38:16 [SERVER-NAME] info: [34mWorker 11620 started[39m
Tue Jul 15 2025 14:38:16 [SERVER-NAME] info: [32mConfig validation successful.[39m
Tue Jul 15 2025 14:38:16 [SERVER-NAME] info: [34mWorker 24656 started[39m
Tue Jul 15 2025 14:38:16 [SERVER-NAME] info: [32mConfig validation successful.[39m
Tue Jul 15 2025 14:38:16 [SERVER-NAME] info: [34mWorker 20228 started[39m
Tue Jul 15 2025 14:38:16 [SERVER-NAME] info: [32mConfig validation successful.[39m
Tue Jul 15 2025 14:38:16 [SERVER-NAME] info: [34mWorker 42048 started[39m
Tue Jul 15 2025 14:38:16 [SERVER-NAME] info: [32mConfig validation successful.[39m
Tue Jul 15 2025 14:38:16 [SERVER-NAME] info: [34mWorker 45556 started[39m
Tue Jul 15 2025 14:38:16 [SERVER-NAME] info: [32mConfig validation successful.[39m
Tue Jul 15 2025 14:38:16 [SERVER-NAME] info: [34mWorker 20976 started[39m
Tue Jul 15 2025 14:38:16 [SERVER-NAME] info: [32mConfig validation successful.[39m
Tue Jul 15 2025 14:38:16 [SERVER-NAME] info: [34mWorker 44356 started[39m
Tue Jul 15 2025 14:38:16 [SERVER-NAME] info: [32mConfig validation successful.[39m
Tue Jul 15 2025 14:38:16 [SERVER-NAME] info: [32m🚀 Database connected successfully[39m
Tue Jul 15 2025 14:38:16 [SERVER-NAME] info: [34mWorker 41024 started[39m
Tue Jul 15 2025 14:38:16 [SERVER-NAME] info: [32mConfig validation successful.[39m
Tue Jul 15 2025 14:38:16 [SERVER-NAME] info: [32mWorker 24656 is ready to accept connections[39m
Tue Jul 15 2025 14:38:16 [SERVER-NAME] info: [32m🚀 Database connected successfully[39m
Tue Jul 15 2025 14:38:16 [SERVER-NAME] info: [33m♻️  Socket is listening on same port 7000[39m
Tue Jul 15 2025 14:38:16 [SERVER-NAME] info: [32m🚀 Database connected successfully[39m
Tue Jul 15 2025 14:38:16 [SERVER-NAME] info: [32mWorker 20976 is ready to accept connections[39m
Tue Jul 15 2025 14:38:16 [SERVER-NAME] info: [33m♻️  Socket is listening on same port 7000[39m
Tue Jul 15 2025 14:38:16 [SERVER-NAME] info: [32m🚀 Database connected successfully[39m
Tue Jul 15 2025 14:38:16 [SERVER-NAME] info: [32mWorker 20228 is ready to accept connections[39m
Tue Jul 15 2025 14:38:16 [SERVER-NAME] info: [34mWorker 4324 started[39m
Tue Jul 15 2025 14:38:16 [SERVER-NAME] info: [32mConfig validation successful.[39m
Tue Jul 15 2025 14:38:16 [SERVER-NAME] info: [33m♻️  Socket is listening on same port 7000[39m
Tue Jul 15 2025 14:38:16 [SERVER-NAME] info: [32mWorker 45556 is ready to accept connections[39m
Tue Jul 15 2025 14:38:16 [SERVER-NAME] info: [32m🚀 Database connected successfully[39m
Tue Jul 15 2025 14:38:16 [SERVER-NAME] info: [33m♻️  Socket is listening on same port 7000[39m
Tue Jul 15 2025 14:38:16 [SERVER-NAME] info: [32m🚀 Database connected successfully[39m
Tue Jul 15 2025 14:38:16 [SERVER-NAME] info: [32mWorker 11620 is ready to accept connections[39m
Tue Jul 15 2025 14:38:16 [SERVER-NAME] info: [32mWorker 42156 is ready to accept connections[39m
Tue Jul 15 2025 14:38:16 [SERVER-NAME] info: [33m♻️  Socket is listening on same port 7000[39m
Tue Jul 15 2025 14:38:16 [SERVER-NAME] info: [33m♻️  Socket is listening on same port 7000[39m
Tue Jul 15 2025 14:38:16 [SERVER-NAME] info: [32m🚀 Database connected successfully[39m
Tue Jul 15 2025 14:38:16 [SERVER-NAME] info: [32mWorker 44356 is ready to accept connections[39m
Tue Jul 15 2025 14:38:16 [SERVER-NAME] info: [33m♻️  Socket is listening on same port 7000[39m
Tue Jul 15 2025 14:38:16 [SERVER-NAME] info: [32m🚀 Database connected successfully[39m
Tue Jul 15 2025 14:38:16 [SERVER-NAME] info: [32mWorker 42048 is ready to accept connections[39m
Tue Jul 15 2025 14:38:16 [SERVER-NAME] info: [32m🚀 Database connected successfully[39m
Tue Jul 15 2025 14:38:16 [SERVER-NAME] info: [32m🚀 Database connected successfully[39m
Tue Jul 15 2025 14:38:16 [SERVER-NAME] info: [32mWorker 4324 is ready to accept connections[39m
Tue Jul 15 2025 14:38:16 [SERVER-NAME] info: [32mWorker 41024 is ready to accept connections[39m
Tue Jul 15 2025 14:38:16 [SERVER-NAME] info: [33m♻️  Socket is listening on same port 7000[39m
Tue Jul 15 2025 14:38:16 [SERVER-NAME] info: [33m♻️  Socket is listening on same port 7000[39m
Tue Jul 15 2025 14:38:16 [SERVER-NAME] info: [33m♻️  Socket is listening on same port 7000[39m
Tue Jul 15 2025 14:38:16 [SERVER-NAME] info: [34mWorker 34188 started[39m
Tue Jul 15 2025 14:38:16 [SERVER-NAME] info: [32mConfig validation successful.[39m
Tue Jul 15 2025 14:38:16 [SERVER-NAME] info: [34mWorker 46612 started[39m
Tue Jul 15 2025 14:38:16 [SERVER-NAME] info: [32mConfig validation successful.[39m
Tue Jul 15 2025 14:38:16 [SERVER-NAME] info: [32m🚀 Database connected successfully[39m
Tue Jul 15 2025 14:38:16 [SERVER-NAME] info: [32mWorker 34188 is ready to accept connections[39m
Tue Jul 15 2025 14:38:16 [SERVER-NAME] info: [33m♻️  Socket is listening on same port 7000[39m
Tue Jul 15 2025 14:38:16 [SERVER-NAME] info: [32m🚀 Database connected successfully[39m
Tue Jul 15 2025 14:38:16 [SERVER-NAME] info: [32mWorker 46612 is ready to accept connections[39m
Tue Jul 15 2025 14:38:16 [SERVER-NAME] info: [33m♻️  Socket is listening on same port 7000[39m
Tue Jul 15 2025 14:38:17 [SERVER-NAME] warn: [33mWorker 20976 exited with error code: 1[39m
Tue Jul 15 2025 14:38:17 [SERVER-NAME] info: [34mRestarting worker 20976 in 5000ms (attempt 1)[39m
Tue Jul 15 2025 14:38:17 [SERVER-NAME] warn: [33mWorker 24656 exited with error code: 1[39m
Tue Jul 15 2025 14:38:17 [SERVER-NAME] info: [34mRestarting worker 24656 in 5000ms (attempt 1)[39m
Tue Jul 15 2025 14:38:17 [SERVER-NAME] warn: [33mWorker 20228 exited with error code: 1[39m
Tue Jul 15 2025 14:38:17 [SERVER-NAME] info: [34mRestarting worker 20228 in 5000ms (attempt 1)[39m
Tue Jul 15 2025 14:38:17 [SERVER-NAME] warn: [33mWorker 45556 exited with error code: 1[39m
Tue Jul 15 2025 14:38:17 [SERVER-NAME] info: [34mRestarting worker 45556 in 5000ms (attempt 1)[39m
Tue Jul 15 2025 14:38:17 [SERVER-NAME] warn: [33mWorker 42156 exited with error code: 1[39m
Tue Jul 15 2025 14:38:17 [SERVER-NAME] info: [34mRestarting worker 42156 in 5000ms (attempt 1)[39m
Tue Jul 15 2025 14:38:17 [SERVER-NAME] warn: [33mWorker 11620 exited with error code: 1[39m
Tue Jul 15 2025 14:38:17 [SERVER-NAME] info: [34mRestarting worker 11620 in 5000ms (attempt 1)[39m
Tue Jul 15 2025 14:38:17 [SERVER-NAME] warn: [33mWorker 44356 exited with error code: 1[39m
Tue Jul 15 2025 14:38:17 [SERVER-NAME] info: [34mRestarting worker 44356 in 5000ms (attempt 1)[39m
Tue Jul 15 2025 14:38:17 [SERVER-NAME] warn: [33mWorker 41024 exited with error code: 1[39m
Tue Jul 15 2025 14:38:17 [SERVER-NAME] info: [34mRestarting worker 41024 in 5000ms (attempt 1)[39m
Tue Jul 15 2025 14:38:17 [SERVER-NAME] warn: [33mWorker 4324 exited with error code: 1[39m
Tue Jul 15 2025 14:38:17 [SERVER-NAME] info: [34mRestarting worker 4324 in 5000ms (attempt 1)[39m
Tue Jul 15 2025 14:38:17 [SERVER-NAME] warn: [33mWorker 42048 exited with error code: 1[39m
Tue Jul 15 2025 14:38:17 [SERVER-NAME] info: [34mRestarting worker 42048 in 5000ms (attempt 1)[39m
Tue Jul 15 2025 14:38:17 [SERVER-NAME] warn: [33mWorker 34188 exited with error code: 1[39m
Tue Jul 15 2025 14:38:17 [SERVER-NAME] info: [34mRestarting worker 34188 in 5000ms (attempt 1)[39m
Tue Jul 15 2025 14:38:17 [SERVER-NAME] warn: [33mWorker 46612 exited with error code: 1[39m
Tue Jul 15 2025 14:38:17 [SERVER-NAME] info: [34mRestarting worker 46612 in 5000ms (attempt 1)[39m
Tue Jul 15 2025 14:38:26 [SERVER-NAME] info: [34mWorker 37020 started[39m
Tue Jul 15 2025 14:38:26 [SERVER-NAME] info: [32mConfig validation successful.[39m
Tue Jul 15 2025 14:38:26 [SERVER-NAME] info: [34mWorker 43296 started[39m
Tue Jul 15 2025 14:38:26 [SERVER-NAME] info: [32mConfig validation successful.[39m
Tue Jul 15 2025 14:38:26 [SERVER-NAME] info: [34mWorker 3628 started[39m
Tue Jul 15 2025 14:38:26 [SERVER-NAME] info: [32mConfig validation successful.[39m
Tue Jul 15 2025 14:38:26 [SERVER-NAME] info: [34mWorker 28472 started[39m
Tue Jul 15 2025 14:38:26 [SERVER-NAME] info: [32mConfig validation successful.[39m
Tue Jul 15 2025 14:38:26 [SERVER-NAME] info: [34mWorker 8452 started[39m
Tue Jul 15 2025 14:38:26 [SERVER-NAME] info: [32mConfig validation successful.[39m
Tue Jul 15 2025 14:38:26 [SERVER-NAME] info: [34mWorker 37484 started[39m
Tue Jul 15 2025 14:38:26 [SERVER-NAME] info: [32mConfig validation successful.[39m
Tue Jul 15 2025 14:38:26 [SERVER-NAME] info: [34mWorker 27332 started[39m
Tue Jul 15 2025 14:38:26 [SERVER-NAME] info: [32mConfig validation successful.[39m
Tue Jul 15 2025 14:38:26 [SERVER-NAME] info: [32m🚀 Database connected successfully[39m
Tue Jul 15 2025 14:38:26 [SERVER-NAME] info: [32m🚀 Database connected successfully[39m
Tue Jul 15 2025 14:38:26 [SERVER-NAME] info: [32m🚀 Database connected successfully[39m
Tue Jul 15 2025 14:38:26 [SERVER-NAME] info: [32m🚀 Database connected successfully[39m
Tue Jul 15 2025 14:38:26 [SERVER-NAME] info: [34mWorker 42944 started[39m
Tue Jul 15 2025 14:38:26 [SERVER-NAME] info: [32mConfig validation successful.[39m
Tue Jul 15 2025 14:38:26 [SERVER-NAME] info: [34mWorker 12772 started[39m
Tue Jul 15 2025 14:38:26 [SERVER-NAME] info: [32mConfig validation successful.[39m
Tue Jul 15 2025 14:38:26 [SERVER-NAME] info: [33m♻️  Socket is listening on same port 7000[39m
Tue Jul 15 2025 14:38:26 [SERVER-NAME] info: [33m♻️  Socket is listening on same port 7000[39m
Tue Jul 15 2025 14:38:26 [SERVER-NAME] info: [33m♻️  Socket is listening on same port 7000[39m
Tue Jul 15 2025 14:38:26 [SERVER-NAME] info: [33m♻️  Socket is listening on same port 7000[39m
Tue Jul 15 2025 14:38:26 [SERVER-NAME] info: [32m🚀 Database connected successfully[39m
Tue Jul 15 2025 14:38:26 [SERVER-NAME] info: [34mWorker 28260 started[39m
Tue Jul 15 2025 14:38:26 [SERVER-NAME] info: [32mConfig validation successful.[39m
Tue Jul 15 2025 14:38:26 [SERVER-NAME] info: [33m♻️  Socket is listening on same port 7000[39m
Tue Jul 15 2025 14:38:26 [SERVER-NAME] info: [34mWorker 42896 started[39m
Tue Jul 15 2025 14:38:26 [SERVER-NAME] info: [32mConfig validation successful.[39m
Tue Jul 15 2025 14:38:26 [SERVER-NAME] info: [32m🚀 Database connected successfully[39m
Tue Jul 15 2025 14:38:26 [SERVER-NAME] info: [32m🚀 Database connected successfully[39m
Tue Jul 15 2025 14:38:26 [SERVER-NAME] info: [33m♻️  Socket is listening on same port 7000[39m
Tue Jul 15 2025 14:38:26 [SERVER-NAME] info: [32m🚀 Database connected successfully[39m
Tue Jul 15 2025 14:38:26 [SERVER-NAME] info: [33m♻️  Socket is listening on same port 7000[39m
Tue Jul 15 2025 14:38:26 [SERVER-NAME] info: [32m🚀 Database connected successfully[39m
Tue Jul 15 2025 14:38:26 [SERVER-NAME] info: [32m🚀 Database connected successfully[39m
Tue Jul 15 2025 14:38:26 [SERVER-NAME] info: [32m🚀 Database connected successfully[39m
Tue Jul 15 2025 14:38:26 [SERVER-NAME] info: [33m♻️  Socket is listening on same port 7000[39m
Tue Jul 15 2025 14:38:26 [SERVER-NAME] info: [33m♻️  Socket is listening on same port 7000[39m
Tue Jul 15 2025 14:38:26 [SERVER-NAME] info: [33m♻️  Socket is listening on same port 7000[39m
Tue Jul 15 2025 14:38:26 [SERVER-NAME] info: [33m♻️  Socket is listening on same port 7000[39m
Tue Jul 15 2025 14:38:26 [SERVER-NAME] info: [34mWorker 39512 started[39m
Tue Jul 15 2025 14:38:26 [SERVER-NAME] info: [32mConfig validation successful.[39m
Tue Jul 15 2025 14:38:26 [SERVER-NAME] info: [32m🚀 Database connected successfully[39m
Tue Jul 15 2025 14:38:26 [SERVER-NAME] info: [33m♻️  Socket is listening on same port 7000[39m
Tue Jul 15 2025 14:38:26 [SERVER-NAME] info: [32mWorker 27332 is ready to accept connections[39m
Tue Jul 15 2025 14:38:26 [SERVER-NAME] info: [32mWorker 37020 is ready to accept connections[39m
Tue Jul 15 2025 14:38:26 [SERVER-NAME] info: [32mWorker 42896 is ready to accept connections[39m
Tue Jul 15 2025 14:38:26 [SERVER-NAME] info: [32mWorker 28472 is ready to accept connections[39m
Tue Jul 15 2025 14:38:26 [SERVER-NAME] info: [32mWorker 42944 is ready to accept connections[39m
Tue Jul 15 2025 14:38:26 [SERVER-NAME] info: [32mWorker 43296 is ready to accept connections[39m
Tue Jul 15 2025 14:38:26 [SERVER-NAME] info: [32mWorker 39512 is ready to accept connections[39m
Tue Jul 15 2025 14:38:26 [SERVER-NAME] info: [32mWorker 28260 is ready to accept connections[39m
Tue Jul 15 2025 14:38:26 [SERVER-NAME] info: [32mWorker 12772 is ready to accept connections[39m
Tue Jul 15 2025 14:38:26 [SERVER-NAME] info: [32mWorker 37484 is ready to accept connections[39m
Tue Jul 15 2025 14:38:26 [SERVER-NAME] info: [32mWorker 3628 is ready to accept connections[39m
Tue Jul 15 2025 14:38:26 [SERVER-NAME] info: [32mWorker 8452 is ready to accept connections[39m
Tue Jul 15 2025 14:38:27 [SERVER-NAME] warn: [33mWorker 42944 exited with error code: 1[39m
Tue Jul 15 2025 14:38:27 [SERVER-NAME] info: [34mRestarting worker 42944 in 10000ms (attempt 2)[39m
Tue Jul 15 2025 14:38:27 [SERVER-NAME] warn: [33mWorker 27332 exited with error code: 1[39m
Tue Jul 15 2025 14:38:27 [SERVER-NAME] info: [34mRestarting worker 27332 in 10000ms (attempt 2)[39m
Tue Jul 15 2025 14:38:27 [SERVER-NAME] warn: [33mWorker 28472 exited with error code: 1[39m
Tue Jul 15 2025 14:38:27 [SERVER-NAME] info: [34mRestarting worker 28472 in 10000ms (attempt 2)[39m
Tue Jul 15 2025 14:38:27 [SERVER-NAME] warn: [33mWorker 42896 exited with error code: 1[39m
Tue Jul 15 2025 14:38:27 [SERVER-NAME] info: [34mRestarting worker 42896 in 10000ms (attempt 2)[39m
Tue Jul 15 2025 14:38:27 [SERVER-NAME] warn: [33mWorker 37020 exited with error code: 1[39m
Tue Jul 15 2025 14:38:27 [SERVER-NAME] info: [34mRestarting worker 37020 in 10000ms (attempt 2)[39m
Tue Jul 15 2025 14:38:27 [SERVER-NAME] warn: [33mWorker 28260 exited with error code: 1[39m
Tue Jul 15 2025 14:38:27 [SERVER-NAME] info: [34mRestarting worker 28260 in 10000ms (attempt 2)[39m
Tue Jul 15 2025 14:38:27 [SERVER-NAME] warn: [33mWorker 8452 exited with error code: 1[39m
Tue Jul 15 2025 14:38:27 [SERVER-NAME] info: [34mRestarting worker 8452 in 10000ms (attempt 2)[39m
Tue Jul 15 2025 14:38:27 [SERVER-NAME] warn: [33mWorker 39512 exited with error code: 1[39m
Tue Jul 15 2025 14:38:27 [SERVER-NAME] info: [34mRestarting worker 39512 in 10000ms (attempt 2)[39m
Tue Jul 15 2025 14:38:27 [SERVER-NAME] warn: [33mWorker 37484 exited with error code: 1[39m
Tue Jul 15 2025 14:38:27 [SERVER-NAME] info: [34mRestarting worker 37484 in 10000ms (attempt 2)[39m
Tue Jul 15 2025 14:38:27 [SERVER-NAME] warn: [33mWorker 3628 exited with error code: 1[39m
Tue Jul 15 2025 14:38:27 [SERVER-NAME] info: [34mRestarting worker 3628 in 10000ms (attempt 2)[39m
Tue Jul 15 2025 14:38:27 [SERVER-NAME] warn: [33mWorker 43296 exited with error code: 1[39m
Tue Jul 15 2025 14:38:27 [SERVER-NAME] info: [34mRestarting worker 43296 in 10000ms (attempt 2)[39m
Tue Jul 15 2025 14:38:27 [SERVER-NAME] warn: [33mWorker 12772 exited with error code: 1[39m
Tue Jul 15 2025 14:38:27 [SERVER-NAME] info: [34mRestarting worker 12772 in 10000ms (attempt 2)[39m
Tue Jul 15 2025 14:38:40 [SERVER-NAME] info: [34mWorker 3020 started[39m
Tue Jul 15 2025 14:38:40 [SERVER-NAME] info: [32mConfig validation successful.[39m
Tue Jul 15 2025 14:38:40 [SERVER-NAME] info: [34mWorker 13568 started[39m
Tue Jul 15 2025 14:38:40 [SERVER-NAME] info: [32mConfig validation successful.[39m
Tue Jul 15 2025 14:38:40 [SERVER-NAME] info: [32m🚀 Database connected successfully[39m
Tue Jul 15 2025 14:38:40 [SERVER-NAME] info: [34mWorker 44228 started[39m
Tue Jul 15 2025 14:38:40 [SERVER-NAME] info: [32mConfig validation successful.[39m
Tue Jul 15 2025 14:38:40 [SERVER-NAME] info: [34mWorker 37612 started[39m
Tue Jul 15 2025 14:38:40 [SERVER-NAME] info: [32mConfig validation successful.[39m
Tue Jul 15 2025 14:38:40 [SERVER-NAME] info: [33m♻️  Socket is listening on same port 7000[39m
Tue Jul 15 2025 14:38:40 [SERVER-NAME] info: [34mWorker 35032 started[39m
Tue Jul 15 2025 14:38:40 [SERVER-NAME] info: [32mConfig validation successful.[39m
Tue Jul 15 2025 14:38:40 [SERVER-NAME] info: [32m🚀 Database connected successfully[39m
Tue Jul 15 2025 14:38:40 [SERVER-NAME] info: [32m🚀 Database connected successfully[39m
Tue Jul 15 2025 14:38:40 [SERVER-NAME] info: [32m🚀 Database connected successfully[39m
Tue Jul 15 2025 14:38:40 [SERVER-NAME] info: [33m♻️  Socket is listening on same port 7000[39m
Tue Jul 15 2025 14:38:40 [SERVER-NAME] info: [34mWorker 2940 started[39m
Tue Jul 15 2025 14:38:40 [SERVER-NAME] info: [32mConfig validation successful.[39m
Tue Jul 15 2025 14:38:40 [SERVER-NAME] info: [33m♻️  Socket is listening on same port 7000[39m
Tue Jul 15 2025 14:38:40 [SERVER-NAME] info: [34mWorker 45016 started[39m
Tue Jul 15 2025 14:38:40 [SERVER-NAME] info: [32mConfig validation successful.[39m
Tue Jul 15 2025 14:38:40 [SERVER-NAME] info: [32m🚀 Database connected successfully[39m
Tue Jul 15 2025 14:38:40 [SERVER-NAME] info: [32m🚀 Database connected successfully[39m
Tue Jul 15 2025 14:38:40 [SERVER-NAME] info: [34mWorker 41276 started[39m
Tue Jul 15 2025 14:38:40 [SERVER-NAME] info: [32mConfig validation successful.[39m
Tue Jul 15 2025 14:38:40 [SERVER-NAME] info: [34mWorker 33560 started[39m
Tue Jul 15 2025 14:38:40 [SERVER-NAME] info: [32mConfig validation successful.[39m
Tue Jul 15 2025 14:38:40 [SERVER-NAME] info: [33m♻️  Socket is listening on same port 7000[39m
Tue Jul 15 2025 14:38:40 [SERVER-NAME] info: [33m♻️  Socket is listening on same port 7000[39m
Tue Jul 15 2025 14:38:40 [SERVER-NAME] info: [33m♻️  Socket is listening on same port 7000[39m
Tue Jul 15 2025 14:38:40 [SERVER-NAME] info: [32m🚀 Database connected successfully[39m
Tue Jul 15 2025 14:38:40 [SERVER-NAME] info: [32m🚀 Database connected successfully[39m
Tue Jul 15 2025 14:38:40 [SERVER-NAME] info: [33m♻️  Socket is listening on same port 7000[39m
Tue Jul 15 2025 14:38:40 [SERVER-NAME] info: [32m🚀 Database connected successfully[39m
Tue Jul 15 2025 14:38:40 [SERVER-NAME] info: [33m♻️  Socket is listening on same port 7000[39m
Tue Jul 15 2025 14:38:40 [SERVER-NAME] info: [33m♻️  Socket is listening on same port 7000[39m
Tue Jul 15 2025 14:38:40 [SERVER-NAME] info: [34mWorker 36720 started[39m
Tue Jul 15 2025 14:38:40 [SERVER-NAME] info: [32mConfig validation successful.[39m
Tue Jul 15 2025 14:38:40 [SERVER-NAME] info: [34mWorker 12844 started[39m
Tue Jul 15 2025 14:38:40 [SERVER-NAME] info: [32mConfig validation successful.[39m
Tue Jul 15 2025 14:38:40 [SERVER-NAME] info: [34mWorker 8852 started[39m
Tue Jul 15 2025 14:38:40 [SERVER-NAME] info: [32mConfig validation successful.[39m
Tue Jul 15 2025 14:38:40 [SERVER-NAME] info: [32m🚀 Database connected successfully[39m
Tue Jul 15 2025 14:38:40 [SERVER-NAME] info: [32m🚀 Database connected successfully[39m
Tue Jul 15 2025 14:38:40 [SERVER-NAME] info: [33m♻️  Socket is listening on same port 7000[39m
Tue Jul 15 2025 14:38:40 [SERVER-NAME] info: [33m♻️  Socket is listening on same port 7000[39m
Tue Jul 15 2025 14:38:41 [SERVER-NAME] info: [32m🚀 Database connected successfully[39m
Tue Jul 15 2025 14:38:41 [SERVER-NAME] info: [33m♻️  Socket is listening on same port 7000[39m
Tue Jul 15 2025 14:38:41 [SERVER-NAME] info: [32mWorker 37612 is ready to accept connections[39m
Tue Jul 15 2025 14:38:41 [SERVER-NAME] info: [32mWorker 2940 is ready to accept connections[39m
Tue Jul 15 2025 14:38:41 [SERVER-NAME] info: [32mWorker 13568 is ready to accept connections[39m
Tue Jul 15 2025 14:38:41 [SERVER-NAME] info: [32mWorker 35032 is ready to accept connections[39m
Tue Jul 15 2025 14:38:41 [SERVER-NAME] info: [32mWorker 44228 is ready to accept connections[39m
Tue Jul 15 2025 14:38:41 [SERVER-NAME] info: [32mWorker 3020 is ready to accept connections[39m
Tue Jul 15 2025 14:38:41 [SERVER-NAME] info: [32mWorker 45016 is ready to accept connections[39m
Tue Jul 15 2025 14:38:41 [SERVER-NAME] info: [32mWorker 12844 is ready to accept connections[39m
Tue Jul 15 2025 14:38:41 [SERVER-NAME] info: [32mWorker 41276 is ready to accept connections[39m
Tue Jul 15 2025 14:38:41 [SERVER-NAME] info: [32mWorker 33560 is ready to accept connections[39m
Tue Jul 15 2025 14:38:41 [SERVER-NAME] info: [32mWorker 36720 is ready to accept connections[39m
Tue Jul 15 2025 14:38:41 [SERVER-NAME] info: [32mWorker 8852 is ready to accept connections[39m
Tue Jul 15 2025 14:38:42 [SERVER-NAME] warn: [33mWorker 37612 exited with error code: 1[39m
Tue Jul 15 2025 14:38:42 [SERVER-NAME] info: [34mRestarting worker 37612 in 20000ms (attempt 3)[39m
Tue Jul 15 2025 14:38:42 [SERVER-NAME] warn: [33mWorker 13568 exited with error code: 1[39m
Tue Jul 15 2025 14:38:42 [SERVER-NAME] info: [34mRestarting worker 13568 in 20000ms (attempt 3)[39m
Tue Jul 15 2025 14:38:42 [SERVER-NAME] warn: [33mWorker 35032 exited with error code: 1[39m
Tue Jul 15 2025 14:38:42 [SERVER-NAME] info: [34mRestarting worker 35032 in 20000ms (attempt 3)[39m
Tue Jul 15 2025 14:38:42 [SERVER-NAME] warn: [33mWorker 2940 exited with error code: 1[39m
Tue Jul 15 2025 14:38:42 [SERVER-NAME] info: [34mRestarting worker 2940 in 20000ms (attempt 3)[39m
Tue Jul 15 2025 14:38:42 [SERVER-NAME] warn: [33mWorker 45016 exited with error code: 1[39m
Tue Jul 15 2025 14:38:42 [SERVER-NAME] info: [34mRestarting worker 45016 in 20000ms (attempt 3)[39m
Tue Jul 15 2025 14:38:42 [SERVER-NAME] warn: [33mWorker 3020 exited with error code: 1[39m
Tue Jul 15 2025 14:38:42 [SERVER-NAME] info: [34mRestarting worker 3020 in 20000ms (attempt 3)[39m
Tue Jul 15 2025 14:38:42 [SERVER-NAME] warn: [33mWorker 44228 exited with error code: 1[39m
Tue Jul 15 2025 14:38:42 [SERVER-NAME] info: [34mRestarting worker 44228 in 20000ms (attempt 3)[39m
Tue Jul 15 2025 14:38:42 [SERVER-NAME] warn: [33mWorker 33560 exited with error code: 1[39m
Tue Jul 15 2025 14:38:42 [SERVER-NAME] info: [34mRestarting worker 33560 in 20000ms (attempt 3)[39m
Tue Jul 15 2025 14:38:42 [SERVER-NAME] warn: [33mWorker 8852 exited with error code: 1[39m
Tue Jul 15 2025 14:38:42 [SERVER-NAME] info: [34mRestarting worker 8852 in 20000ms (attempt 3)[39m
Tue Jul 15 2025 14:38:42 [SERVER-NAME] warn: [33mWorker 12844 exited with error code: 1[39m
Tue Jul 15 2025 14:38:42 [SERVER-NAME] info: [34mRestarting worker 12844 in 20000ms (attempt 3)[39m
Tue Jul 15 2025 14:38:42 [SERVER-NAME] warn: [33mWorker 41276 exited with error code: 1[39m
Tue Jul 15 2025 14:38:42 [SERVER-NAME] info: [34mRestarting worker 41276 in 20000ms (attempt 3)[39m
Tue Jul 15 2025 14:38:42 [SERVER-NAME] warn: [33mWorker 36720 exited with error code: 1[39m
Tue Jul 15 2025 14:38:42 [SERVER-NAME] info: [34mRestarting worker 36720 in 20000ms (attempt 3)[39m
Tue Jul 15 2025 14:39:4 [SERVER-NAME] info: [34mWorker 5336 started[39m
Tue Jul 15 2025 14:39:4 [SERVER-NAME] info: [32mConfig validation successful.[39m
Tue Jul 15 2025 14:39:4 [SERVER-NAME] info: [34mWorker 24816 started[39m
Tue Jul 15 2025 14:39:4 [SERVER-NAME] info: [32mConfig validation successful.[39m
Tue Jul 15 2025 14:39:4 [SERVER-NAME] info: [34mWorker 40576 started[39m
Tue Jul 15 2025 14:39:4 [SERVER-NAME] info: [32mConfig validation successful.[39m
Tue Jul 15 2025 14:39:4 [SERVER-NAME] info: [32m🚀 Database connected successfully[39m
Tue Jul 15 2025 14:39:4 [SERVER-NAME] info: [33m♻️  Socket is listening on same port 7000[39m
Tue Jul 15 2025 14:39:4 [SERVER-NAME] info: [34mWorker 44356 started[39m
Tue Jul 15 2025 14:39:4 [SERVER-NAME] info: [32mConfig validation successful.[39m
Tue Jul 15 2025 14:39:5 [SERVER-NAME] info: [32m🚀 Database connected successfully[39m
Tue Jul 15 2025 14:39:4 [SERVER-NAME] info: [34mWorker 4116 started[39m
Tue Jul 15 2025 14:39:4 [SERVER-NAME] info: [32mConfig validation successful.[39m
Tue Jul 15 2025 14:39:4 [SERVER-NAME] info: [34mWorker 8184 started[39m
Tue Jul 15 2025 14:39:4 [SERVER-NAME] info: [32mConfig validation successful.[39m
Tue Jul 15 2025 14:39:5 [SERVER-NAME] info: [33m♻️  Socket is listening on same port 7000[39m
Tue Jul 15 2025 14:39:5 [SERVER-NAME] info: [32m🚀 Database connected successfully[39m
Tue Jul 15 2025 14:39:5 [SERVER-NAME] info: [32m🚀 Database connected successfully[39m
Tue Jul 15 2025 14:39:5 [SERVER-NAME] info: [33m♻️  Socket is listening on same port 7000[39m
Tue Jul 15 2025 14:39:5 [SERVER-NAME] info: [32m🚀 Database connected successfully[39m
Tue Jul 15 2025 14:39:5 [SERVER-NAME] info: [33m♻️  Socket is listening on same port 7000[39m
Tue Jul 15 2025 14:39:5 [SERVER-NAME] info: [34mWorker 44920 started[39m
Tue Jul 15 2025 14:39:5 [SERVER-NAME] info: [32mConfig validation successful.[39m
Tue Jul 15 2025 14:39:5 [SERVER-NAME] info: [33m♻️  Socket is listening on same port 7000[39m
Tue Jul 15 2025 14:39:5 [SERVER-NAME] info: [32m🚀 Database connected successfully[39m
Tue Jul 15 2025 14:39:5 [SERVER-NAME] info: [33m♻️  Socket is listening on same port 7000[39m
Tue Jul 15 2025 14:39:5 [SERVER-NAME] info: [34mWorker 40792 started[39m
Tue Jul 15 2025 14:39:5 [SERVER-NAME] info: [32mConfig validation successful.[39m
Tue Jul 15 2025 14:39:5 [SERVER-NAME] info: [34mWorker 10448 started[39m
Tue Jul 15 2025 14:39:5 [SERVER-NAME] info: [32mConfig validation successful.[39m
Tue Jul 15 2025 14:39:5 [SERVER-NAME] info: [32m🚀 Database connected successfully[39m
Tue Jul 15 2025 14:39:5 [SERVER-NAME] info: [34mWorker 16236 started[39m
Tue Jul 15 2025 14:39:5 [SERVER-NAME] info: [32mConfig validation successful.[39m
Tue Jul 15 2025 14:39:5 [SERVER-NAME] info: [32m🚀 Database connected successfully[39m
Tue Jul 15 2025 14:39:5 [SERVER-NAME] info: [33m♻️  Socket is listening on same port 7000[39m
Tue Jul 15 2025 14:39:5 [SERVER-NAME] info: [32m🚀 Database connected successfully[39m
Tue Jul 15 2025 14:39:5 [SERVER-NAME] info: [33m♻️  Socket is listening on same port 7000[39m
Tue Jul 15 2025 14:39:5 [SERVER-NAME] info: [34mWorker 2940 started[39m
Tue Jul 15 2025 14:39:5 [SERVER-NAME] info: [32mConfig validation successful.[39m
Tue Jul 15 2025 14:39:5 [SERVER-NAME] info: [33m♻️  Socket is listening on same port 7000[39m
Tue Jul 15 2025 14:39:5 [SERVER-NAME] info: [32m🚀 Database connected successfully[39m
Tue Jul 15 2025 14:39:5 [SERVER-NAME] info: [32m🚀 Database connected successfully[39m
Tue Jul 15 2025 14:39:5 [SERVER-NAME] info: [33m♻️  Socket is listening on same port 7000[39m
Tue Jul 15 2025 14:39:5 [SERVER-NAME] info: [33m♻️  Socket is listening on same port 7000[39m
Tue Jul 15 2025 14:39:5 [SERVER-NAME] info: [34mWorker 25776 started[39m
Tue Jul 15 2025 14:39:5 [SERVER-NAME] info: [32mConfig validation successful.[39m
Tue Jul 15 2025 14:39:5 [SERVER-NAME] info: [32m🚀 Database connected successfully[39m
Tue Jul 15 2025 14:39:5 [SERVER-NAME] info: [33m♻️  Socket is listening on same port 7000[39m
Tue Jul 15 2025 14:39:6 [SERVER-NAME] info: [32mWorker 40792 is ready to accept connections[39m
Tue Jul 15 2025 14:39:6 [SERVER-NAME] info: [32mWorker 4116 is ready to accept connections[39m
Tue Jul 15 2025 14:39:6 [SERVER-NAME] info: [32mWorker 24816 is ready to accept connections[39m
Tue Jul 15 2025 14:39:6 [SERVER-NAME] info: [32mWorker 40576 is ready to accept connections[39m
Tue Jul 15 2025 14:39:6 [SERVER-NAME] info: [32mWorker 44356 is ready to accept connections[39m
Tue Jul 15 2025 14:39:6 [SERVER-NAME] info: [32mWorker 8184 is ready to accept connections[39m
Tue Jul 15 2025 14:39:6 [SERVER-NAME] info: [32mWorker 10448 is ready to accept connections[39m
Tue Jul 15 2025 14:39:6 [SERVER-NAME] info: [32mWorker 44920 is ready to accept connections[39m
Tue Jul 15 2025 14:39:6 [SERVER-NAME] info: [32mWorker 16236 is ready to accept connections[39m
Tue Jul 15 2025 14:39:6 [SERVER-NAME] info: [32mWorker 5336 is ready to accept connections[39m
Tue Jul 15 2025 14:39:6 [SERVER-NAME] info: [32mWorker 2940 is ready to accept connections[39m
Tue Jul 15 2025 14:39:6 [SERVER-NAME] info: [32mWorker 25776 is ready to accept connections[39m
Tue Jul 15 2025 14:39:7 [SERVER-NAME] warn: [33mWorker 40792 exited with error code: 1[39m
Tue Jul 15 2025 14:39:7 [SERVER-NAME] info: [34mRestarting worker 40792 in 40000ms (attempt 4)[39m
Tue Jul 15 2025 14:39:7 [SERVER-NAME] warn: [33mWorker 24816 exited with error code: 1[39m
Tue Jul 15 2025 14:39:7 [SERVER-NAME] info: [34mRestarting worker 24816 in 40000ms (attempt 4)[39m
Tue Jul 15 2025 14:39:7 [SERVER-NAME] warn: [33mWorker 4116 exited with error code: 1[39m
Tue Jul 15 2025 14:39:7 [SERVER-NAME] info: [34mRestarting worker 4116 in 40000ms (attempt 4)[39m
Tue Jul 15 2025 14:39:7 [SERVER-NAME] warn: [33mWorker 44920 exited with error code: 1[39m
Tue Jul 15 2025 14:39:7 [SERVER-NAME] info: [34mRestarting worker 44920 in 40000ms (attempt 4)[39m
Tue Jul 15 2025 14:39:7 [SERVER-NAME] warn: [33mWorker 10448 exited with error code: 1[39m
Tue Jul 15 2025 14:39:7 [SERVER-NAME] info: [34mRestarting worker 10448 in 40000ms (attempt 4)[39m
Tue Jul 15 2025 14:39:7 [SERVER-NAME] warn: [33mWorker 8184 exited with error code: 1[39m
Tue Jul 15 2025 14:39:7 [SERVER-NAME] info: [34mRestarting worker 8184 in 40000ms (attempt 4)[39m
Tue Jul 15 2025 14:39:7 [SERVER-NAME] warn: [33mWorker 40576 exited with error code: 1[39m
Tue Jul 15 2025 14:39:7 [SERVER-NAME] info: [34mRestarting worker 40576 in 40000ms (attempt 4)[39m
Tue Jul 15 2025 14:39:7 [SERVER-NAME] warn: [33mWorker 44356 exited with error code: 1[39m
Tue Jul 15 2025 14:39:7 [SERVER-NAME] info: [34mRestarting worker 44356 in 40000ms (attempt 4)[39m
Tue Jul 15 2025 14:39:7 [SERVER-NAME] warn: [33mWorker 16236 exited with error code: 1[39m
Tue Jul 15 2025 14:39:7 [SERVER-NAME] info: [34mRestarting worker 16236 in 40000ms (attempt 4)[39m
Tue Jul 15 2025 14:39:7 [SERVER-NAME] warn: [33mWorker 25776 exited with error code: 1[39m
Tue Jul 15 2025 14:39:7 [SERVER-NAME] info: [34mRestarting worker 25776 in 40000ms (attempt 4)[39m
Tue Jul 15 2025 14:39:7 [SERVER-NAME] warn: [33mWorker 5336 exited with error code: 1[39m
Tue Jul 15 2025 14:39:7 [SERVER-NAME] info: [34mRestarting worker 5336 in 40000ms (attempt 4)[39m
Tue Jul 15 2025 14:39:7 [SERVER-NAME] warn: [33mWorker 2940 exited with error code: 1[39m
Tue Jul 15 2025 14:39:7 [SERVER-NAME] info: [34mRestarting worker 2940 in 40000ms (attempt 4)[39m
Tue Jul 15 2025 14:39:49 [SERVER-NAME] info: [34mWorker 39080 started[39m
Tue Jul 15 2025 14:39:49 [SERVER-NAME] info: [32mConfig validation successful.[39m
Tue Jul 15 2025 14:39:49 [SERVER-NAME] info: [34mWorker 17896 started[39m
Tue Jul 15 2025 14:39:49 [SERVER-NAME] info: [32mConfig validation successful.[39m
Tue Jul 15 2025 14:39:49 [SERVER-NAME] info: [34mWorker 18652 started[39m
Tue Jul 15 2025 14:39:49 [SERVER-NAME] info: [32mConfig validation successful.[39m
Tue Jul 15 2025 14:39:49 [SERVER-NAME] info: [34mWorker 41788 started[39m
Tue Jul 15 2025 14:39:49 [SERVER-NAME] info: [32mConfig validation successful.[39m
Tue Jul 15 2025 14:39:49 [SERVER-NAME] info: [34mWorker 26700 started[39m
Tue Jul 15 2025 14:39:49 [SERVER-NAME] info: [32mConfig validation successful.[39m
Tue Jul 15 2025 14:39:49 [SERVER-NAME] info: [32m🚀 Database connected successfully[39m
Tue Jul 15 2025 14:39:49 [SERVER-NAME] info: [33m♻️  Socket is listening on same port 7000[39m
Tue Jul 15 2025 14:39:49 [SERVER-NAME] info: [32m🚀 Database connected successfully[39m
Tue Jul 15 2025 14:39:49 [SERVER-NAME] info: [32m🚀 Database connected successfully[39m
Tue Jul 15 2025 14:39:49 [SERVER-NAME] info: [32m🚀 Database connected successfully[39m
Tue Jul 15 2025 14:39:49 [SERVER-NAME] info: [33m♻️  Socket is listening on same port 7000[39m
Tue Jul 15 2025 14:39:49 [SERVER-NAME] info: [32m🚀 Database connected successfully[39m
Tue Jul 15 2025 14:39:49 [SERVER-NAME] info: [33m♻️  Socket is listening on same port 7000[39m
Tue Jul 15 2025 14:39:49 [SERVER-NAME] info: [33m♻️  Socket is listening on same port 7000[39m
Tue Jul 15 2025 14:39:49 [SERVER-NAME] info: [33m♻️  Socket is listening on same port 7000[39m
Tue Jul 15 2025 14:39:49 [SERVER-NAME] info: [34mWorker 31584 started[39m
Tue Jul 15 2025 14:39:49 [SERVER-NAME] info: [32mConfig validation successful.[39m
Tue Jul 15 2025 14:39:49 [SERVER-NAME] info: [34mWorker 18096 started[39m
Tue Jul 15 2025 14:39:49 [SERVER-NAME] info: [32mConfig validation successful.[39m
Tue Jul 15 2025 14:39:49 [SERVER-NAME] info: [34mWorker 8376 started[39m
Tue Jul 15 2025 14:39:49 [SERVER-NAME] info: [32mConfig validation successful.[39m
Tue Jul 15 2025 14:39:49 [SERVER-NAME] info: [34mWorker 17668 started[39m
Tue Jul 15 2025 14:39:49 [SERVER-NAME] info: [32mConfig validation successful.[39m
Tue Jul 15 2025 14:39:49 [SERVER-NAME] info: [32m🚀 Database connected successfully[39m
Tue Jul 15 2025 14:39:49 [SERVER-NAME] info: [32m🚀 Database connected successfully[39m
Tue Jul 15 2025 14:39:49 [SERVER-NAME] info: [34mWorker 18300 started[39m
Tue Jul 15 2025 14:39:49 [SERVER-NAME] info: [32mConfig validation successful.[39m
Tue Jul 15 2025 14:39:49 [SERVER-NAME] info: [33m♻️  Socket is listening on same port 7000[39m
Tue Jul 15 2025 14:39:49 [SERVER-NAME] info: [32m🚀 Database connected successfully[39m
Tue Jul 15 2025 14:39:49 [SERVER-NAME] info: [34mWorker 29100 started[39m
Tue Jul 15 2025 14:39:49 [SERVER-NAME] info: [32mConfig validation successful.[39m
Tue Jul 15 2025 14:39:49 [SERVER-NAME] info: [33m♻️  Socket is listening on same port 7000[39m
Tue Jul 15 2025 14:39:49 [SERVER-NAME] info: [33m♻️  Socket is listening on same port 7000[39m
Tue Jul 15 2025 14:39:49 [SERVER-NAME] info: [32m🚀 Database connected successfully[39m
Tue Jul 15 2025 14:39:49 [SERVER-NAME] info: [34mWorker 15528 started[39m
Tue Jul 15 2025 14:39:49 [SERVER-NAME] info: [32mConfig validation successful.[39m
Tue Jul 15 2025 14:39:49 [SERVER-NAME] info: [32m🚀 Database connected successfully[39m
Tue Jul 15 2025 14:39:49 [SERVER-NAME] info: [33m♻️  Socket is listening on same port 7000[39m
Tue Jul 15 2025 14:39:49 [SERVER-NAME] info: [32m🚀 Database connected successfully[39m
Tue Jul 15 2025 14:39:49 [SERVER-NAME] info: [33m♻️  Socket is listening on same port 7000[39m
Tue Jul 15 2025 14:39:49 [SERVER-NAME] info: [33m♻️  Socket is listening on same port 7000[39m
Tue Jul 15 2025 14:39:49 [SERVER-NAME] info: [32m🚀 Database connected successfully[39m
Tue Jul 15 2025 14:39:49 [SERVER-NAME] info: [33m♻️  Socket is listening on same port 7000[39m
Tue Jul 15 2025 14:39:50 [SERVER-NAME] info: [32mWorker 26700 is ready to accept connections[39m
Tue Jul 15 2025 14:39:50 [SERVER-NAME] info: [32mWorker 8376 is ready to accept connections[39m
Tue Jul 15 2025 14:39:50 [SERVER-NAME] info: [32mWorker 41788 is ready to accept connections[39m
Tue Jul 15 2025 14:39:50 [SERVER-NAME] info: [32mWorker 39080 is ready to accept connections[39m
Tue Jul 15 2025 14:39:50 [SERVER-NAME] info: [32mWorker 18652 is ready to accept connections[39m
Tue Jul 15 2025 14:39:50 [SERVER-NAME] info: [32mWorker 18096 is ready to accept connections[39m
Tue Jul 15 2025 14:39:50 [SERVER-NAME] info: [32mWorker 31584 is ready to accept connections[39m
Tue Jul 15 2025 14:39:50 [SERVER-NAME] info: [32mWorker 18300 is ready to accept connections[39m
Tue Jul 15 2025 14:39:50 [SERVER-NAME] info: [32mWorker 17668 is ready to accept connections[39m
Tue Jul 15 2025 14:39:50 [SERVER-NAME] info: [32mWorker 15528 is ready to accept connections[39m
Tue Jul 15 2025 14:39:50 [SERVER-NAME] info: [32mWorker 17896 is ready to accept connections[39m
Tue Jul 15 2025 14:39:50 [SERVER-NAME] info: [32mWorker 29100 is ready to accept connections[39m
Tue Jul 15 2025 14:39:51 [SERVER-NAME] warn: [33mWorker 26700 exited with error code: 1[39m
Tue Jul 15 2025 14:39:51 [SERVER-NAME] info: [34mRestarting worker 26700 in 60000ms (attempt 5)[39m
Tue Jul 15 2025 14:39:51 [SERVER-NAME] warn: [33mWorker 18096 exited with error code: 1[39m
Tue Jul 15 2025 14:39:51 [SERVER-NAME] info: [34mRestarting worker 18096 in 60000ms (attempt 5)[39m
Tue Jul 15 2025 14:39:51 [SERVER-NAME] warn: [33mWorker 31584 exited with error code: 1[39m
Tue Jul 15 2025 14:39:51 [SERVER-NAME] info: [34mRestarting worker 31584 in 60000ms (attempt 5)[39m
Tue Jul 15 2025 14:39:51 [SERVER-NAME] warn: [33mWorker 15528 exited with error code: 1[39m
Tue Jul 15 2025 14:39:51 [SERVER-NAME] info: [34mRestarting worker 15528 in 60000ms (attempt 5)[39m
Tue Jul 15 2025 14:39:51 [SERVER-NAME] warn: [33mWorker 18652 exited with error code: 1[39m
Tue Jul 15 2025 14:39:51 [SERVER-NAME] info: [34mRestarting worker 18652 in 60000ms (attempt 5)[39m
Tue Jul 15 2025 14:39:51 [SERVER-NAME] warn: [33mWorker 41788 exited with error code: 1[39m
Tue Jul 15 2025 14:39:51 [SERVER-NAME] info: [34mRestarting worker 41788 in 60000ms (attempt 5)[39m
Tue Jul 15 2025 14:39:51 [SERVER-NAME] warn: [33mWorker 18300 exited with error code: 1[39m
Tue Jul 15 2025 14:39:51 [SERVER-NAME] info: [34mRestarting worker 18300 in 60000ms (attempt 5)[39m
Tue Jul 15 2025 14:39:51 [SERVER-NAME] warn: [33mWorker 8376 exited with error code: 1[39m
Tue Jul 15 2025 14:39:51 [SERVER-NAME] info: [34mRestarting worker 8376 in 60000ms (attempt 5)[39m
Tue Jul 15 2025 14:39:51 [SERVER-NAME] warn: [33mWorker 17668 exited with error code: 1[39m
Tue Jul 15 2025 14:39:51 [SERVER-NAME] info: [34mRestarting worker 17668 in 60000ms (attempt 5)[39m
Tue Jul 15 2025 14:39:51 [SERVER-NAME] warn: [33mWorker 39080 exited with error code: 1[39m
Tue Jul 15 2025 14:39:51 [SERVER-NAME] info: [34mRestarting worker 39080 in 60000ms (attempt 5)[39m
Tue Jul 15 2025 14:39:51 [SERVER-NAME] warn: [33mWorker 29100 exited with error code: 1[39m
Tue Jul 15 2025 14:39:51 [SERVER-NAME] info: [34mRestarting worker 29100 in 60000ms (attempt 5)[39m
Tue Jul 15 2025 14:39:51 [SERVER-NAME] warn: [33mWorker 17896 exited with error code: 1[39m
Tue Jul 15 2025 14:39:51 [SERVER-NAME] info: [34mRestarting worker 17896 in 60000ms (attempt 5)[39m
Tue Jul 15 2025 14:40:8 [SERVER-NAME] info: [32mConfig validation successful.[39m
Tue Jul 15 2025 14:40:8 [SERVER-NAME] info: [32m🚀 Database connected successfully[39m
Tue Jul 15 2025 14:40:8 [SERVER-NAME] info: [33m♻️  Socket is listening on same port 7000[39m
Tue Jul 15 2025 14:40:8 [SERVER-NAME] info: [46m♻️  Application listening on http://10.10.7.37:7000[49m
Tue Jul 15 2025 14:40:14 [SERVER-NAME] info: 10.10.7.104 - OPTIONS /api/v1/challenge/letest 204 - 1.547 ms
Tue Jul 15 2025 14:40:53 [SERVER-NAME] info: [34mWorker 40440 started[39m
Tue Jul 15 2025 14:40:53 [SERVER-NAME] info: [32mConfig validation successful.[39m
Tue Jul 15 2025 14:40:53 [SERVER-NAME] info: [32m🚀 Database connected successfully[39m
Tue Jul 15 2025 14:40:53 [SERVER-NAME] info: [34mWorker 16468 started[39m
Tue Jul 15 2025 14:40:53 [SERVER-NAME] info: [32mConfig validation successful.[39m
Tue Jul 15 2025 14:40:53 [SERVER-NAME] info: [33m♻️  Socket is listening on same port 7000[39m
Tue Jul 15 2025 14:40:53 [SERVER-NAME] info: [34mWorker 12116 started[39m
Tue Jul 15 2025 14:40:53 [SERVER-NAME] info: [32mConfig validation successful.[39m
Tue Jul 15 2025 14:40:53 [SERVER-NAME] info: [34mWorker 44868 started[39m
Tue Jul 15 2025 14:40:53 [SERVER-NAME] info: [32mConfig validation successful.[39m
Tue Jul 15 2025 14:40:53 [SERVER-NAME] info: [34mWorker 6348 started[39m
Tue Jul 15 2025 14:40:53 [SERVER-NAME] info: [32mConfig validation successful.[39m
Tue Jul 15 2025 14:40:53 [SERVER-NAME] info: [34mWorker 33756 started[39m
Tue Jul 15 2025 14:40:53 [SERVER-NAME] info: [32mConfig validation successful.[39m
Tue Jul 15 2025 14:40:53 [SERVER-NAME] info: [32m🚀 Database connected successfully[39m
Tue Jul 15 2025 14:40:53 [SERVER-NAME] info: [34mWorker 3484 started[39m
Tue Jul 15 2025 14:40:53 [SERVER-NAME] info: [32mConfig validation successful.[39m
Tue Jul 15 2025 14:40:53 [SERVER-NAME] info: [34mWorker 36844 started[39m
Tue Jul 15 2025 14:40:53 [SERVER-NAME] info: [32mConfig validation successful.[39m
Tue Jul 15 2025 14:40:53 [SERVER-NAME] info: [34mWorker 10736 started[39m
Tue Jul 15 2025 14:40:53 [SERVER-NAME] info: [32mConfig validation successful.[39m
Tue Jul 15 2025 14:40:53 [SERVER-NAME] info: [33m♻️  Socket is listening on same port 7000[39m
Tue Jul 15 2025 14:40:53 [SERVER-NAME] info: [32m🚀 Database connected successfully[39m
Tue Jul 15 2025 14:40:53 [SERVER-NAME] info: [33m♻️  Socket is listening on same port 7000[39m
Tue Jul 15 2025 14:40:53 [SERVER-NAME] info: [32m🚀 Database connected successfully[39m
Tue Jul 15 2025 14:40:53 [SERVER-NAME] info: [34mWorker 10756 started[39m
Tue Jul 15 2025 14:40:53 [SERVER-NAME] info: [32mConfig validation successful.[39m
Tue Jul 15 2025 14:40:53 [SERVER-NAME] info: [32m🚀 Database connected successfully[39m
Tue Jul 15 2025 14:40:53 [SERVER-NAME] info: [32m🚀 Database connected successfully[39m
Tue Jul 15 2025 14:40:53 [SERVER-NAME] info: [32m🚀 Database connected successfully[39m
Tue Jul 15 2025 14:40:53 [SERVER-NAME] info: [33m♻️  Socket is listening on same port 7000[39m
Tue Jul 15 2025 14:40:53 [SERVER-NAME] info: [33m♻️  Socket is listening on same port 7000[39m
Tue Jul 15 2025 14:40:53 [SERVER-NAME] info: [33m♻️  Socket is listening on same port 7000[39m
Tue Jul 15 2025 14:40:53 [SERVER-NAME] info: [32m🚀 Database connected successfully[39m
Tue Jul 15 2025 14:40:53 [SERVER-NAME] info: [32m🚀 Database connected successfully[39m
Tue Jul 15 2025 14:40:53 [SERVER-NAME] info: [33m♻️  Socket is listening on same port 7000[39m
Tue Jul 15 2025 14:40:53 [SERVER-NAME] info: [33m♻️  Socket is listening on same port 7000[39m
Tue Jul 15 2025 14:40:53 [SERVER-NAME] info: [34mWorker 18572 started[39m
Tue Jul 15 2025 14:40:53 [SERVER-NAME] info: [32mConfig validation successful.[39m
Tue Jul 15 2025 14:40:53 [SERVER-NAME] info: [33m♻️  Socket is listening on same port 7000[39m
Tue Jul 15 2025 14:40:53 [SERVER-NAME] info: [32m🚀 Database connected successfully[39m
Tue Jul 15 2025 14:40:53 [SERVER-NAME] info: [33m♻️  Socket is listening on same port 7000[39m
Tue Jul 15 2025 14:40:53 [SERVER-NAME] info: [32m🚀 Database connected successfully[39m
Tue Jul 15 2025 14:40:53 [SERVER-NAME] info: [33m♻️  Socket is listening on same port 7000[39m
Tue Jul 15 2025 14:40:53 [SERVER-NAME] info: [34mWorker 8828 started[39m
Tue Jul 15 2025 14:40:53 [SERVER-NAME] info: [32mConfig validation successful.[39m
Tue Jul 15 2025 14:40:54 [SERVER-NAME] info: [32m🚀 Database connected successfully[39m
Tue Jul 15 2025 14:40:54 [SERVER-NAME] info: [33m♻️  Socket is listening on same port 7000[39m
Tue Jul 15 2025 14:40:54 [SERVER-NAME] info: [32mWorker 6348 is ready to accept connections[39m
Tue Jul 15 2025 14:40:54 [SERVER-NAME] info: [32mWorker 36844 is ready to accept connections[39m
Tue Jul 15 2025 14:40:54 [SERVER-NAME] info: [32mWorker 40440 is ready to accept connections[39m
Tue Jul 15 2025 14:40:54 [SERVER-NAME] info: [32mWorker 16468 is ready to accept connections[39m
Tue Jul 15 2025 14:40:54 [SERVER-NAME] info: [32mWorker 44868 is ready to accept connections[39m
Tue Jul 15 2025 14:40:54 [SERVER-NAME] info: [32mWorker 33756 is ready to accept connections[39m
Tue Jul 15 2025 14:40:54 [SERVER-NAME] info: [32mWorker 10756 is ready to accept connections[39m
Tue Jul 15 2025 14:40:54 [SERVER-NAME] info: [32mWorker 3484 is ready to accept connections[39m
Tue Jul 15 2025 14:40:54 [SERVER-NAME] info: [32mWorker 10736 is ready to accept connections[39m
Tue Jul 15 2025 14:40:54 [SERVER-NAME] info: [32mWorker 12116 is ready to accept connections[39m
Tue Jul 15 2025 14:40:54 [SERVER-NAME] info: [32mWorker 8828 is ready to accept connections[39m
Tue Jul 15 2025 14:40:54 [SERVER-NAME] info: [32mWorker 18572 is ready to accept connections[39m
Tue Jul 15 2025 14:40:55 [SERVER-NAME] warn: [33mWorker 36844 exited with error code: 1[39m
Tue Jul 15 2025 14:40:55 [SERVER-NAME] error: [31mWorker 36844 failed to restart after 5 attempts[39m
Tue Jul 15 2025 14:40:55 [SERVER-NAME] warn: [33mWorker 6348 exited with error code: 1[39m
Tue Jul 15 2025 14:40:55 [SERVER-NAME] error: [31mWorker 6348 failed to restart after 5 attempts[39m
Tue Jul 15 2025 14:40:55 [SERVER-NAME] warn: [33mWorker 40440 exited with error code: 1[39m
Tue Jul 15 2025 14:40:55 [SERVER-NAME] error: [31mWorker 40440 failed to restart after 5 attempts[39m
Tue Jul 15 2025 14:40:55 [SERVER-NAME] warn: [33mWorker 16468 exited with error code: 1[39m
Tue Jul 15 2025 14:40:55 [SERVER-NAME] error: [31mWorker 16468 failed to restart after 5 attempts[39m
Tue Jul 15 2025 14:40:55 [SERVER-NAME] warn: [33mWorker 10756 exited with error code: 1[39m
Tue Jul 15 2025 14:40:55 [SERVER-NAME] error: [31mWorker 10756 failed to restart after 5 attempts[39m
Tue Jul 15 2025 14:40:55 [SERVER-NAME] warn: [33mWorker 44868 exited with error code: 1[39m
Tue Jul 15 2025 14:40:55 [SERVER-NAME] error: [31mWorker 44868 failed to restart after 5 attempts[39m
Tue Jul 15 2025 14:40:55 [SERVER-NAME] warn: [33mWorker 33756 exited with error code: 1[39m
Tue Jul 15 2025 14:40:55 [SERVER-NAME] error: [31mWorker 33756 failed to restart after 5 attempts[39m
Tue Jul 15 2025 14:40:55 [SERVER-NAME] warn: [33mWorker 10736 exited with error code: 1[39m
Tue Jul 15 2025 14:40:55 [SERVER-NAME] error: [31mWorker 10736 failed to restart after 5 attempts[39m
Tue Jul 15 2025 14:40:55 [SERVER-NAME] warn: [33mWorker 8828 exited with error code: 1[39m
Tue Jul 15 2025 14:40:55 [SERVER-NAME] error: [31mWorker 8828 failed to restart after 5 attempts[39m
Tue Jul 15 2025 14:40:55 [SERVER-NAME] warn: [33mWorker 3484 exited with error code: 1[39m
Tue Jul 15 2025 14:40:55 [SERVER-NAME] error: [31mWorker 3484 failed to restart after 5 attempts[39m
Tue Jul 15 2025 14:40:55 [SERVER-NAME] warn: [33mWorker 12116 exited with error code: 1[39m
Tue Jul 15 2025 14:40:55 [SERVER-NAME] error: [31mWorker 12116 failed to restart after 5 attempts[39m
Tue Jul 15 2025 14:40:55 [SERVER-NAME] warn: [33mWorker 18572 exited with error code: 1[39m
Tue Jul 15 2025 14:40:55 [SERVER-NAME] error: [31mWorker 18572 failed to restart after 5 attempts[39m
Tue Jul 15 2025 14:41:27 [SERVER-NAME] info: 10.10.7.104 - OPTIONS /api/v1/users/profile 204 - 0.121 ms
Tue Jul 15 2025 14:41:27 [SERVER-NAME] info: 10.10.7.104 - OPTIONS /api/v1/challenge/letest 204 - 0.065 ms
Tue Jul 15 2025 14:41:27 [SERVER-NAME] info: 10.10.7.104 - OPTIONS /api/v1/notifications?page=1&limit=30 204 - 0.693 ms
Tue Jul 15 2025 14:41:27 [SERVER-NAME] info: 10.10.7.104 - OPTIONS /api/v1/quotation 204 - 0.095 ms
Tue Jul 15 2025 14:41:27 [SERVER-NAME] info: 10.10.7.104 - OPTIONS /api/v1/comingSoon/latest 204 - 0.097 ms
Tue Jul 15 2025 14:41:27 [SERVER-NAME] info: 10.10.7.104 - OPTIONS /api/v1/comingSoon/latest 204 - 0.068 ms
Tue Jul 15 2025 14:41:27 [SERVER-NAME] info: 10.10.7.104 - OPTIONS /api/v1/category 204 - 0.049 ms
Tue Jul 15 2025 14:41:28 [SERVER-NAME] info: 10.10.7.104 - GET /api/v1/users/profile 304 - 46.680 ms
Tue Jul 15 2025 14:41:28 [SERVER-NAME] info: 10.10.7.104 - GET /api/v1/quotation 304 - 39.017 ms
Tue Jul 15 2025 14:41:28 [SERVER-NAME] info: 10.10.7.104 - GET /api/v1/comingSoon/latest 304 - 64.499 ms
Tue Jul 15 2025 14:41:28 [SERVER-NAME] info: 10.10.7.104 - GET /api/v1/notifications?page=1&limit=30 304 - 72.558 ms
Tue Jul 15 2025 14:41:28 [SERVER-NAME] info: 10.10.7.104 - GET /api/v1/category 304 - 64.878 ms
Tue Jul 15 2025 14:41:28 [SERVER-NAME] info: 10.10.7.104 - GET /api/v1/comingSoon/latest 304 - 8.465 ms
Tue Jul 15 2025 14:41:28 [SERVER-NAME] info: 10.10.7.104 - GET //image/happy-young-latin-woman-yoga-260nw-2472732507-1752559620327.jpg 200 - 1.899 ms
Tue Jul 15 2025 14:41:28 [SERVER-NAME] info: 10.10.7.104 - GET //thumbnail/class-meditation-hands-woman-nature-260nw-2603763821-1752291385710.jpg 200 - 1.520 ms
Tue Jul 15 2025 14:41:28 [SERVER-NAME] info: 10.10.7.104 - GET //thumbnail/yoga-workout-people-studio-class-260nw-2535975187-1752212019755.jpg 200 - 6.401 ms
Tue Jul 15 2025 14:41:28 [SERVER-NAME] info: 10.10.7.104 - GET //thumbnail/woman-yoga-video-laptop-on-260nw-2518833075-1751798188490.jpg 200 - 5.756 ms
Tue Jul 15 2025 14:42:25 [SERVER-NAME] info: 10.10.7.104 - OPTIONS /api/v1/users/profile 204 - 0.439 ms
Tue Jul 15 2025 14:42:25 [SERVER-NAME] info: 10.10.7.104 - OPTIONS /api/v1/admin/dashboard/statistics 204 - 0.100 ms
Tue Jul 15 2025 14:42:25 [SERVER-NAME] info: 10.10.7.104 - GET /api/v1/users/profile 200 - 7.215 ms
Tue Jul 15 2025 14:42:25 [SERVER-NAME] info: 10.10.7.104 - GET /api/v1/admin/dashboard/statistics 200 - 15.284 ms
Tue Jul 15 2025 14:42:26 [SERVER-NAME] info: 10.10.7.104 - OPTIONS /api/v1/admin/dashboard/revenue 204 - 0.077 ms
Tue Jul 15 2025 14:42:26 [SERVER-NAME] info: 10.10.7.104 - OPTIONS /api/v1/admin/dashboard/resent-users 204 - 0.092 ms
Tue Jul 15 2025 14:42:26 [SERVER-NAME] info: 10.10.7.104 - GET /api/v1/admin/dashboard/resent-users 200 - 7.264 ms
Tue Jul 15 2025 14:42:26 [SERVER-NAME] info: 10.10.7.104 - GET //image/image-3-1752495501665.png 200 - 2.780 ms
Tue Jul 15 2025 14:42:26 [SERVER-NAME] info: 10.10.7.104 - GET /api/v1/admin/dashboard/revenue 200 - 15.473 ms
Tue Jul 15 2025 14:42:31 [SERVER-NAME] info: 10.10.7.104 - OPTIONS /api/v1/admin/post/managment?page=1&limit=12 204 - 0.256 ms
Tue Jul 15 2025 14:42:31 [SERVER-NAME] info: 10.10.7.104 - GET /api/v1/admin/post/managment?page=1&limit=12 200 - 8.443 ms
Tue Jul 15 2025 14:43:38 [SERVER-NAME] info: 10.10.7.104 - OPTIONS /api/v1/admin/comingSoon 204 - 0.154 ms
Tue Jul 15 2025 14:43:38 [SERVER-NAME] info: 10.10.7.104 - GET /api/v1/admin/comingSoon 200 - 7.663 ms
Tue Jul 15 2025 14:43:44 [SERVER-NAME] info: 10.10.7.104 - OPTIONS /api/v1/admin/comingSoon/686f55575e0c9cf05d91a19b 204 - 0.160 ms
Tue Jul 15 2025 14:43:44 [SERVER-NAME] info: 10.10.7.104 - GET /api/v1/admin/comingSoon/686f55575e0c9cf05d91a19b 200 - 6.712 ms
Tue Jul 15 2025 14:43:58 [SERVER-NAME] info: 10.10.7.104 - OPTIONS /api/v1/admin/comingSoon/686f55575e0c9cf05d91a19b 204 - 0.127 ms
Tue Jul 15 2025 14:43:59 [SERVER-NAME] info: 10.10.7.104 - PATCH /api/v1/admin/comingSoon/686f55575e0c9cf05d91a19b 200 - 1131.603 ms
Tue Jul 15 2025 14:43:59 [SERVER-NAME] info: 10.10.7.104 - OPTIONS /api/v1/admin/comingSoon 204 - 0.113 ms
Tue Jul 15 2025 14:43:59 [SERVER-NAME] info: 10.10.7.104 - GET /api/v1/admin/comingSoon 200 - 7.187 ms
Tue Jul 15 2025 14:44:4 [SERVER-NAME] info: 10.10.7.104 - OPTIONS /api/v1/users/profile 204 - 0.271 ms
Tue Jul 15 2025 14:44:4 [SERVER-NAME] info: 10.10.7.104 - GET /api/v1/users/profile 304 - 9.578 ms
Tue Jul 15 2025 14:44:4 [SERVER-NAME] info: 10.10.7.104 - GET /api/v1/admin/comingSoon 304 - 11.421 ms
Tue Jul 15 2025 14:44:4 [SERVER-NAME] info: 10.10.7.104 - GET //image/image-3-1752495501665.png 304 - 0.737 ms
Tue Jul 15 2025 14:44:9 [SERVER-NAME] info: 10.10.7.104 - OPTIONS /api/v1/admin/comingSoon 204 - 0.108 ms
Tue Jul 15 2025 14:44:9 [SERVER-NAME] info: 10.10.7.104 - GET /api/v1/users/profile 304 - 8.422 ms
Tue Jul 15 2025 14:44:9 [SERVER-NAME] info: 10.10.7.104 - GET /api/v1/admin/comingSoon 304 - 10.128 ms
Tue Jul 15 2025 14:44:9 [SERVER-NAME] info: 10.10.7.104 - GET //image/image-3-1752495501665.png 304 - 0.803 ms
Tue Jul 15 2025 14:44:13 [SERVER-NAME] info: 10.10.7.104 - OPTIONS /api/v1/admin/comingSoon/686f55575e0c9cf05d91a19b 204 - 0.186 ms
Tue Jul 15 2025 14:44:13 [SERVER-NAME] info: 10.10.7.104 - GET /api/v1/admin/comingSoon/686f55575e0c9cf05d91a19b 200 - 6.611 ms
Tue Jul 15 2025 14:44:27 [SERVER-NAME] info: 10.10.7.104 - OPTIONS /api/v1/admin/comingSoon/686f55575e0c9cf05d91a19b 204 - 0.083 ms
Tue Jul 15 2025 14:44:28 [SERVER-NAME] info: 10.10.7.104 - PATCH /api/v1/admin/comingSoon/686f55575e0c9cf05d91a19b 200 - 964.519 ms
Tue Jul 15 2025 14:44:28 [SERVER-NAME] info: 10.10.7.104 - OPTIONS /api/v1/admin/comingSoon 204 - 0.101 ms
Tue Jul 15 2025 14:44:28 [SERVER-NAME] info: 10.10.7.104 - GET /api/v1/admin/comingSoon 200 - 9.246 ms
Tue Jul 15 2025 14:44:47 [SERVER-NAME] info: 10.10.7.104 - OPTIONS /api/v1/users/profile 204 - 0.079 ms
Tue Jul 15 2025 14:44:47 [SERVER-NAME] info: 10.10.7.104 - OPTIONS /api/v1/notifications?page=1&limit=30 204 - 0.049 ms
Tue Jul 15 2025 14:44:47 [SERVER-NAME] info: 10.10.7.104 - OPTIONS /api/v1/quotation 204 - 0.059 ms
Tue Jul 15 2025 14:44:47 [SERVER-NAME] info: 10.10.7.104 - OPTIONS /api/v1/comingSoon/latest 204 - 0.054 ms
Tue Jul 15 2025 14:44:47 [SERVER-NAME] info: 10.10.7.104 - OPTIONS /api/v1/category 204 - 0.042 ms
Tue Jul 15 2025 14:44:47 [SERVER-NAME] info: 10.10.7.104 - OPTIONS /api/v1/challenge/letest 204 - 0.040 ms
Tue Jul 15 2025 14:44:47 [SERVER-NAME] info: 10.10.7.104 - OPTIONS /api/v1/comingSoon/latest 204 - 0.029 ms
Tue Jul 15 2025 14:44:47 [SERVER-NAME] info: 10.10.7.104 - GET /api/v1/users/profile 200 - 15.184 ms
Tue Jul 15 2025 14:44:47 [SERVER-NAME] info: 10.10.7.104 - GET /api/v1/quotation 304 - 18.562 ms
Tue Jul 15 2025 14:44:47 [SERVER-NAME] info: 10.10.7.104 - GET /api/v1/comingSoon/latest 200 - 24.978 ms
Tue Jul 15 2025 14:44:47 [SERVER-NAME] info: 10.10.7.104 - GET /api/v1/category 304 - 28.943 ms
Tue Jul 15 2025 14:44:47 [SERVER-NAME] info: 10.10.7.104 - GET /api/v1/notifications?page=1&limit=30 304 - 32.307 ms
Tue Jul 15 2025 14:44:47 [SERVER-NAME] info: 10.10.7.104 - GET /api/v1/comingSoon/latest 304 - 6.742 ms
Tue Jul 15 2025 14:44:47 [SERVER-NAME] info: 10.10.7.104 - GET //image/happy-young-latin-woman-yoga-260nw-2472732507-1752559620327.jpg 200 - 1.487 ms
Tue Jul 15 2025 14:44:47 [SERVER-NAME] info: 10.10.7.104 - GET //thumbnail/class-meditation-hands-woman-nature-260nw-2603763821-1752291385710.jpg 200 - 2.627 ms
Tue Jul 15 2025 14:44:47 [SERVER-NAME] info: 10.10.7.104 - GET //thumbnail/woman-yoga-video-laptop-on-260nw-2518833075-1751798188490.jpg 200 - 1.765 ms
Tue Jul 15 2025 14:44:47 [SERVER-NAME] info: 10.10.7.104 - GET //thumbnail/yoga-workout-people-studio-class-260nw-2535975187-1752212019755.jpg 200 - 1.678 ms
Tue Jul 15 2025 14:57:47 [SERVER-NAME] info: 10.10.7.104 - OPTIONS /api/v1/admin/package/managment 204 - 0.083 ms
Tue Jul 15 2025 14:57:47 [SERVER-NAME] info: 10.10.7.104 - GET /api/v1/admin/package/managment 200 - 17.568 ms
Tue Jul 15 2025 14:58:5 [SERVER-NAME] info: 10.10.7.104 - OPTIONS /api/v1/subscription/details 204 - 0.043 ms
Tue Jul 15 2025 14:58:5 [SERVER-NAME] info: 10.10.7.104 - GET /api/v1/subscription/details 304 - 6.641 ms
Tue Jul 15 2025 14:58:5 [SERVER-NAME] info: 10.10.7.104 - GET //image/happy-young-latin-woman-yoga-260nw-2472732507-1752559620327.jpg 200 - 1.175 ms
Tue Jul 15 2025 14:58:9 [SERVER-NAME] info: 10.10.7.104 - OPTIONS /api/v1/users/profile 204 - 0.192 ms
Tue Jul 15 2025 14:58:9 [SERVER-NAME] info: 10.10.7.104 - OPTIONS /api/v1/notifications?page=1&limit=30 204 - 0.035 ms
Tue Jul 15 2025 14:58:9 [SERVER-NAME] info: 10.10.7.104 - OPTIONS /api/v1/package/users 204 - 0.160 ms
Tue Jul 15 2025 14:58:9 [SERVER-NAME] info: 10.10.7.104 - GET /api/v1/users/profile 304 - 20.084 ms
Tue Jul 15 2025 14:58:9 [SERVER-NAME] info: 10.10.7.104 - GET /api/v1/package/users 304 - 23.228 ms
Tue Jul 15 2025 14:58:9 [SERVER-NAME] info: 10.10.7.104 - GET /api/v1/notifications?page=1&limit=30 304 - 28.540 ms
Tue Jul 15 2025 14:58:9 [SERVER-NAME] info: 10.10.7.104 - GET //image/happy-young-latin-woman-yoga-260nw-2472732507-1752559620327.jpg 200 - 0.889 ms
