Thu Apr 24 2025 15:23:36 [SERVER-NAME] info: [32m🚀 Database connected successfully[39m
Thu Apr 24 2025 15:23:36 [SERVER-NAME] info: [33m♻️  Application listening on http://10.0.60.126:7000[39m
Thu Apr 24 2025 15:23:36 [SERVER-NAME] info: [33m♻️  Socket.io initialized on separate port[39m
Thu Apr 24 2025 15:23:36 [SERVER-NAME] info: [33m♻️  Socket is listening on 10.0.60.126:6002[39m
Thu Apr 24 2025 15:25:15 [SERVER-NAME] info: [32m🚀 Database connected successfully[39m
Thu Apr 24 2025 15:25:15 [SERVER-NAME] info: [33m♻️  Application listening on http://10.0.60.126:7000[39m
Thu Apr 24 2025 15:25:15 [SERVER-NAME] info: [33m♻️  Socket.io initialized on separate port[39m
Thu Apr 24 2025 15:25:15 [SERVER-NAME] info: [33m♻️  Socket is listening on 10.0.60.126:6002[39m
Thu Apr 24 2025 15:25:43 [SERVER-NAME] info: [32m🚀 Database connected successfully[39m
Thu Apr 24 2025 15:25:43 [SERVER-NAME] info: [33m♻️  Application listening on http://10.0.60.126:7000[39m
Thu Apr 24 2025 15:25:43 [SERVER-NAME] info: [33m♻️  Socket.io initialized on separate port[39m
Thu Apr 24 2025 15:25:43 [SERVER-NAME] info: [33m♻️  Socket is listening on 10.0.60.126:6002[39m
Thu Apr 24 2025 15:26:2 [SERVER-NAME] info: [32m🚀 Database connected successfully[39m
Thu Apr 24 2025 15:26:2 [SERVER-NAME] info: [33m♻️  Application listening on http://10.0.60.126:7000[39m
Thu Apr 24 2025 15:26:2 [SERVER-NAME] info: [33m♻️  Socket.io initialized on separate port[39m
Thu Apr 24 2025 15:26:2 [SERVER-NAME] info: [33m♻️  Socket is listening on 10.0.60.126:6002[39m
Thu Apr 24 2025 15:26:34 [SERVER-NAME] info: [32m🚀 Database connected successfully[39m
Thu Apr 24 2025 15:26:34 [SERVER-NAME] info: [33m♻️  Application listening on http://10.0.60.126:7000[39m
Thu Apr 24 2025 15:26:34 [SERVER-NAME] info: [33m♻️  Socket.io initialized on separate port[39m
Thu Apr 24 2025 15:26:34 [SERVER-NAME] info: [33m♻️  Socket is listening on 10.0.60.126:6002[39m
Thu Apr 24 2025 15:26:52 [SERVER-NAME] info: [32m🚀 Database connected successfully[39m
Thu Apr 24 2025 15:26:52 [SERVER-NAME] info: [33m♻️  Application listening on http://10.0.60.126:7000[39m
Thu Apr 24 2025 15:26:52 [SERVER-NAME] info: [33m♻️  Socket.io initialized on separate port[39m
Thu Apr 24 2025 15:26:52 [SERVER-NAME] info: [33m♻️  Socket is listening on 10.0.60.126:6002[39m
Thu Apr 24 2025 15:27:2 [SERVER-NAME] info: [32m🚀 Database connected successfully[39m
Thu Apr 24 2025 15:27:2 [SERVER-NAME] info: [33m♻️  Application listening on http://10.0.60.126:7000[39m
Thu Apr 24 2025 15:27:2 [SERVER-NAME] info: [33m♻️  Socket.io initialized on separate port[39m
Thu Apr 24 2025 15:27:2 [SERVER-NAME] info: [33m♻️  Socket is listening on 10.0.60.126:6002[39m
Thu Apr 24 2025 15:27:44 [SERVER-NAME] info: 10.0.60.126 - POST /api/v1/subscription/create-update-session/6808e0f61e71aee25d868617 200 - 1638.483 ms
Thu Apr 24 2025 15:28:4 [SERVER-NAME] warn: [42m[1mUnhandled event type: charge.succeeded[22m[49m
Thu Apr 24 2025 15:28:4 [SERVER-NAME] info: 10.0.60.126 - POST /api/v1/stripe/webhook 200 - 6.453 ms
Thu Apr 24 2025 15:28:5 [SERVER-NAME] warn: [42m[1mUnhandled event type: payment_method.attached[22m[49m
Thu Apr 24 2025 15:28:5 [SERVER-NAME] info: 10.0.60.126 - POST /api/v1/stripe/webhook 200 - 2.644 ms
Thu Apr 24 2025 15:28:5 [SERVER-NAME] warn: [42m[1mUnhandled event type: checkout.session.completed[22m[49m
Thu Apr 24 2025 15:28:5 [SERVER-NAME] info: 10.0.60.126 - POST /api/v1/stripe/webhook 200 - 1.287 ms
Thu Apr 24 2025 15:28:5 [SERVER-NAME] warn: [42m[1mUnhandled event type: payment_intent.succeeded[22m[49m
Thu Apr 24 2025 15:28:5 [SERVER-NAME] info: 10.0.60.126 - POST /api/v1/stripe/webhook 200 - 0.963 ms
Thu Apr 24 2025 15:28:5 [SERVER-NAME] warn: [42m[1mUnhandled event type: payment_intent.created[22m[49m
Thu Apr 24 2025 15:28:5 [SERVER-NAME] info: 10.0.60.126 - POST /api/v1/stripe/webhook 200 - 0.783 ms
Thu Apr 24 2025 15:28:5 [SERVER-NAME] warn: [42m[1mUnhandled event type: invoice.created[22m[49m
Thu Apr 24 2025 15:28:5 [SERVER-NAME] info: 10.0.60.126 - POST /api/v1/stripe/webhook 200 - 1.038 ms
Thu Apr 24 2025 15:28:5 [SERVER-NAME] warn: [42m[1mUnhandled event type: invoice.finalized[22m[49m
Thu Apr 24 2025 15:28:5 [SERVER-NAME] info: 10.0.60.126 - POST /api/v1/stripe/webhook 200 - 1.451 ms
Thu Apr 24 2025 15:28:5 [SERVER-NAME] warn: [42m[1mUnhandled event type: invoice.updated[22m[49m
Thu Apr 24 2025 15:28:5 [SERVER-NAME] info: 10.0.60.126 - POST /api/v1/stripe/webhook 200 - 0.993 ms
Thu Apr 24 2025 15:28:5 [SERVER-NAME] warn: [42m[1mUnhandled event type: invoice.paid[22m[49m
Thu Apr 24 2025 15:28:5 [SERVER-NAME] info: 10.0.60.126 - POST /api/v1/stripe/webhook 200 - 0.944 ms
Thu Apr 24 2025 15:28:5 [SERVER-NAME] warn: [42m[1mUnhandled event type: invoice.payment_succeeded[22m[49m
Thu Apr 24 2025 15:28:5 [SERVER-NAME] info: 10.0.60.126 - POST /api/v1/stripe/webhook 200 - 0.729 ms
Thu Apr 24 2025 15:28:7 [SERVER-NAME] info: [34munhandledRejection received. Shutting down gracefully...[39m
Thu Apr 24 2025 15:28:7 [SERVER-NAME] info: [32mSocket.io server closed[39m
Thu Apr 24 2025 15:28:7 [SERVER-NAME] warn: [33mMongoDB disconnected. Attempting to reconnect...[39m
Thu Apr 24 2025 15:28:7 [SERVER-NAME] info: [32mDatabase connection closed[39m
Thu Apr 24 2025 15:28:7 [SERVER-NAME] info: [33mShutdown already in progress...[39m
Thu Apr 24 2025 15:28:7 [SERVER-NAME] info: [33mAttempting to restart server in 5 seconds...[39m
Thu Apr 24 2025 15:28:15 [SERVER-NAME] info: [32m🚀 Database connected successfully[39m
Thu Apr 24 2025 15:28:15 [SERVER-NAME] info: [33m♻️  Application listening on http://10.0.60.126:7000[39m
Thu Apr 24 2025 15:28:15 [SERVER-NAME] info: [33m♻️  Socket.io initialized on separate port[39m
Thu Apr 24 2025 15:28:15 [SERVER-NAME] info: [33m♻️  Socket is listening on 10.0.60.126:6002[39m
Thu Apr 24 2025 15:28:15 [SERVER-NAME] info: [32mServer successfully restarted after unhandled rejection[39m
Thu Apr 24 2025 15:28:35 [SERVER-NAME] info: 10.0.60.126 - POST /api/v1/stripe/webhook - - - ms
Thu Apr 24 2025 15:28:35 [SERVER-NAME] info: [32mHTTP server closed[39m
Thu Apr 24 2025 15:28:35 [SERVER-NAME] info: [33mAttempting to restart server in 5 seconds...[39m
Thu Apr 24 2025 15:28:35 [SERVER-NAME] info: 10.0.60.126 - POST /api/v1/stripe/webhook - - - ms
Thu Apr 24 2025 15:28:37 [SERVER-NAME] warn: [33mShutdown timed out after 30000ms[39m
Thu Apr 24 2025 15:28:40 [SERVER-NAME] info: [32m🚀 Database connected successfully[39m
Thu Apr 24 2025 15:28:40 [SERVER-NAME] info: [33mAttempting to restart server in 5 seconds...[39m
Thu Apr 24 2025 15:28:45 [SERVER-NAME] info: [32m🚀 Database connected successfully[39m
Thu Apr 24 2025 15:28:45 [SERVER-NAME] info: [33mAttempting to restart server in 5 seconds...[39m
Thu Apr 24 2025 15:28:50 [SERVER-NAME] info: [32m🚀 Database connected successfully[39m
Thu Apr 24 2025 15:28:50 [SERVER-NAME] info: [33mAttempting to restart server in 5 seconds...[39m
Thu Apr 24 2025 15:28:55 [SERVER-NAME] info: [32m🚀 Database connected successfully[39m
Thu Apr 24 2025 15:28:55 [SERVER-NAME] info: [33mAttempting to restart server in 5 seconds...[39m
Thu Apr 24 2025 15:29:0 [SERVER-NAME] info: [32m🚀 Database connected successfully[39m
Thu Apr 24 2025 15:29:0 [SERVER-NAME] info: [33mAttempting to restart server in 5 seconds...[39m
Thu Apr 24 2025 15:29:5 [SERVER-NAME] info: [32m🚀 Database connected successfully[39m
Thu Apr 24 2025 15:29:5 [SERVER-NAME] info: [33mAttempting to restart server in 5 seconds...[39m
Thu Apr 24 2025 15:29:5 [SERVER-NAME] info: [34mSIGINT received. Shutting down gracefully...[39m
Thu Apr 24 2025 15:29:19 [SERVER-NAME] info: [32m🚀 Database connected successfully[39m
Thu Apr 24 2025 15:29:19 [SERVER-NAME] info: [33m♻️  Application listening on http://10.0.60.126:7000[39m
Thu Apr 24 2025 15:29:19 [SERVER-NAME] info: [33m♻️  Socket.io initialized on separate port[39m
Thu Apr 24 2025 15:29:19 [SERVER-NAME] info: [33m♻️  Socket is listening on 10.0.60.126:6002[39m
Thu Apr 24 2025 15:33:8 [SERVER-NAME] info: 10.0.60.126 - POST /api/v1/subscription/create-update-session/6808e0f61e71aee25d868617 200 - 1682.857 ms
Thu Apr 24 2025 15:33:22 [SERVER-NAME] warn: [42m[1mUnhandled event type: charge.succeeded[22m[49m
Thu Apr 24 2025 15:33:22 [SERVER-NAME] info: 10.0.60.126 - POST /api/v1/stripe/webhook 200 - 4.221 ms
Thu Apr 24 2025 15:33:22 [SERVER-NAME] warn: [42m[1mUnhandled event type: payment_method.attached[22m[49m
Thu Apr 24 2025 15:33:22 [SERVER-NAME] info: 10.0.60.126 - POST /api/v1/stripe/webhook 200 - 1.407 ms
Thu Apr 24 2025 15:33:22 [SERVER-NAME] warn: [42m[1mUnhandled event type: checkout.session.completed[22m[49m
Thu Apr 24 2025 15:33:22 [SERVER-NAME] info: 10.0.60.126 - POST /api/v1/stripe/webhook 200 - 1.312 ms
Thu Apr 24 2025 15:33:23 [SERVER-NAME] warn: [42m[1mUnhandled event type: payment_intent.succeeded[22m[49m
Thu Apr 24 2025 15:33:23 [SERVER-NAME] info: 10.0.60.126 - POST /api/v1/stripe/webhook 200 - 1.855 ms
Thu Apr 24 2025 15:33:23 [SERVER-NAME] warn: [42m[1mUnhandled event type: payment_intent.created[22m[49m
Thu Apr 24 2025 15:33:23 [SERVER-NAME] info: 10.0.60.126 - POST /api/v1/stripe/webhook 200 - 1.224 ms
Thu Apr 24 2025 15:33:23 [SERVER-NAME] warn: [42m[1mUnhandled event type: invoice.created[22m[49m
Thu Apr 24 2025 15:33:23 [SERVER-NAME] info: 10.0.60.126 - POST /api/v1/stripe/webhook 200 - 1.548 ms
Thu Apr 24 2025 15:33:23 [SERVER-NAME] warn: [42m[1mUnhandled event type: invoice.finalized[22m[49m
Thu Apr 24 2025 15:33:23 [SERVER-NAME] info: 10.0.60.126 - POST /api/v1/stripe/webhook 200 - 1.618 ms
Thu Apr 24 2025 15:33:23 [SERVER-NAME] warn: [42m[1mUnhandled event type: invoice.updated[22m[49m
Thu Apr 24 2025 15:33:23 [SERVER-NAME] info: 10.0.60.126 - POST /api/v1/stripe/webhook 200 - 2.833 ms
Thu Apr 24 2025 15:33:23 [SERVER-NAME] warn: [42m[1mUnhandled event type: invoice.paid[22m[49m
Thu Apr 24 2025 15:33:23 [SERVER-NAME] info: 10.0.60.126 - POST /api/v1/stripe/webhook 200 - 1.419 ms
Thu Apr 24 2025 15:33:23 [SERVER-NAME] warn: [42m[1mUnhandled event type: invoice.payment_succeeded[22m[49m
Thu Apr 24 2025 15:33:23 [SERVER-NAME] info: 10.0.60.126 - POST /api/v1/stripe/webhook 200 - 0.804 ms
Thu Apr 24 2025 15:33:24 [SERVER-NAME] info: [34munhandledRejection received. Shutting down gracefully...[39m
Thu Apr 24 2025 15:33:24 [SERVER-NAME] info: [32mSocket.io server closed[39m
Thu Apr 24 2025 15:33:24 [SERVER-NAME] warn: [33mMongoDB disconnected. Attempting to reconnect...[39m
Thu Apr 24 2025 15:33:24 [SERVER-NAME] info: [32mDatabase connection closed[39m
Thu Apr 24 2025 15:33:24 [SERVER-NAME] info: [33mShutdown already in progress...[39m
Thu Apr 24 2025 15:33:24 [SERVER-NAME] info: [33mAttempting to restart server in 5 seconds...[39m
Thu Apr 24 2025 15:33:32 [SERVER-NAME] info: [32m🚀 Database connected successfully[39m
Thu Apr 24 2025 15:33:32 [SERVER-NAME] info: [33m♻️  Application listening on http://10.0.60.126:7000[39m
Thu Apr 24 2025 15:33:32 [SERVER-NAME] info: [33m♻️  Socket.io initialized on separate port[39m
Thu Apr 24 2025 15:33:32 [SERVER-NAME] info: [33m♻️  Socket is listening on 10.0.60.126:6002[39m
Thu Apr 24 2025 15:33:32 [SERVER-NAME] info: [32mServer successfully restarted after unhandled rejection[39m
Thu Apr 24 2025 15:33:51 [SERVER-NAME] info: [32m🚀 Database connected successfully[39m
Thu Apr 24 2025 15:33:51 [SERVER-NAME] info: [33m♻️  Application listening on http://10.0.60.126:7000[39m
Thu Apr 24 2025 15:33:51 [SERVER-NAME] info: [33m♻️  Socket.io initialized on separate port[39m
Thu Apr 24 2025 15:33:51 [SERVER-NAME] info: [33m♻️  Socket is listening on 10.0.60.126:6002[39m
Thu Apr 24 2025 15:33:57 [SERVER-NAME] info: [32m🚀 Database connected successfully[39m
Thu Apr 24 2025 15:33:57 [SERVER-NAME] info: [33m♻️  Application listening on http://10.0.60.126:7000[39m
Thu Apr 24 2025 15:33:57 [SERVER-NAME] info: [33m♻️  Socket.io initialized on separate port[39m
Thu Apr 24 2025 15:33:57 [SERVER-NAME] info: [33m♻️  Socket is listening on 10.0.60.126:6002[39m
Thu Apr 24 2025 15:34:20 [SERVER-NAME] info: [32m🚀 Database connected successfully[39m
Thu Apr 24 2025 15:34:20 [SERVER-NAME] info: [33m♻️  Application listening on http://10.0.60.126:7000[39m
Thu Apr 24 2025 15:34:20 [SERVER-NAME] info: [33m♻️  Socket.io initialized on separate port[39m
Thu Apr 24 2025 15:34:20 [SERVER-NAME] info: [33m♻️  Socket is listening on 10.0.60.126:6002[39m
Thu Apr 24 2025 15:34:28 [SERVER-NAME] info: 10.0.60.126 - POST /api/v1/subscription/create-update-session/6808e0f61e71aee25d868617 200 - 1584.438 ms
Thu Apr 24 2025 15:34:43 [SERVER-NAME] warn: [42m[1mUnhandled event type: charge.succeeded[22m[49m
Thu Apr 24 2025 15:34:43 [SERVER-NAME] info: 10.0.60.126 - POST /api/v1/stripe/webhook 200 - 5.288 ms
Thu Apr 24 2025 15:34:43 [SERVER-NAME] warn: [42m[1mUnhandled event type: checkout.session.completed[22m[49m
Thu Apr 24 2025 15:34:43 [SERVER-NAME] info: 10.0.60.126 - POST /api/v1/stripe/webhook 200 - 1.736 ms
Thu Apr 24 2025 15:34:43 [SERVER-NAME] warn: [42m[1mUnhandled event type: payment_method.attached[22m[49m
Thu Apr 24 2025 15:34:43 [SERVER-NAME] info: 10.0.60.126 - POST /api/v1/stripe/webhook 200 - 1.597 ms
Thu Apr 24 2025 15:34:43 [SERVER-NAME] warn: [42m[1mUnhandled event type: payment_intent.succeeded[22m[49m
Thu Apr 24 2025 15:34:43 [SERVER-NAME] info: 10.0.60.126 - POST /api/v1/stripe/webhook 200 - 3.313 ms
Thu Apr 24 2025 15:34:43 [SERVER-NAME] warn: [42m[1mUnhandled event type: payment_intent.created[22m[49m
Thu Apr 24 2025 15:34:43 [SERVER-NAME] info: 10.0.60.126 - POST /api/v1/stripe/webhook 200 - 0.970 ms
Thu Apr 24 2025 15:34:43 [SERVER-NAME] warn: [42m[1mUnhandled event type: invoice.created[22m[49m
Thu Apr 24 2025 15:34:43 [SERVER-NAME] info: 10.0.60.126 - POST /api/v1/stripe/webhook 200 - 5.635 ms
Thu Apr 24 2025 15:34:43 [SERVER-NAME] warn: [42m[1mUnhandled event type: invoice.finalized[22m[49m
Thu Apr 24 2025 15:34:43 [SERVER-NAME] info: 10.0.60.126 - POST /api/v1/stripe/webhook 200 - 1.246 ms
Thu Apr 24 2025 15:34:44 [SERVER-NAME] warn: [42m[1mUnhandled event type: invoice.updated[22m[49m
Thu Apr 24 2025 15:34:44 [SERVER-NAME] info: 10.0.60.126 - POST /api/v1/stripe/webhook 200 - 3.515 ms
Thu Apr 24 2025 15:34:44 [SERVER-NAME] warn: [42m[1mUnhandled event type: invoice.paid[22m[49m
Thu Apr 24 2025 15:34:44 [SERVER-NAME] info: 10.0.60.126 - POST /api/v1/stripe/webhook 200 - 2.204 ms
Thu Apr 24 2025 15:34:44 [SERVER-NAME] warn: [42m[1mUnhandled event type: invoice.payment_succeeded[22m[49m
Thu Apr 24 2025 15:34:44 [SERVER-NAME] info: 10.0.60.126 - POST /api/v1/stripe/webhook 200 - 1.116 ms
Thu Apr 24 2025 15:34:45 [SERVER-NAME] info: [34munhandledRejection received. Shutting down gracefully...[39m
Thu Apr 24 2025 15:34:45 [SERVER-NAME] info: [32mSocket.io server closed[39m
Thu Apr 24 2025 15:34:45 [SERVER-NAME] warn: [33mMongoDB disconnected. Attempting to reconnect...[39m
Thu Apr 24 2025 15:34:45 [SERVER-NAME] info: [32mDatabase connection closed[39m
Thu Apr 24 2025 15:34:45 [SERVER-NAME] info: [33mShutdown already in progress...[39m
Thu Apr 24 2025 15:34:45 [SERVER-NAME] info: [33mAttempting to restart server in 5 seconds...[39m
Thu Apr 24 2025 15:34:53 [SERVER-NAME] info: [32m🚀 Database connected successfully[39m
Thu Apr 24 2025 15:34:53 [SERVER-NAME] info: [33m♻️  Application listening on http://10.0.60.126:7000[39m
Thu Apr 24 2025 15:34:53 [SERVER-NAME] info: [33m♻️  Socket.io initialized on separate port[39m
Thu Apr 24 2025 15:34:53 [SERVER-NAME] info: [33m♻️  Socket is listening on 10.0.60.126:6002[39m
Thu Apr 24 2025 15:34:53 [SERVER-NAME] info: [32mServer successfully restarted after unhandled rejection[39m
Thu Apr 24 2025 15:35:13 [SERVER-NAME] info: 10.0.60.126 - POST /api/v1/stripe/webhook - - - ms
Thu Apr 24 2025 15:35:13 [SERVER-NAME] info: [32mHTTP server closed[39m
Thu Apr 24 2025 15:35:13 [SERVER-NAME] info: [33mAttempting to restart server in 5 seconds...[39m
Thu Apr 24 2025 15:35:13 [SERVER-NAME] info: 10.0.60.126 - POST /api/v1/stripe/webhook - - - ms
Thu Apr 24 2025 15:35:15 [SERVER-NAME] warn: [33mShutdown timed out after 30000ms[39m
Thu Apr 24 2025 15:35:18 [SERVER-NAME] info: [32m🚀 Database connected successfully[39m
Thu Apr 24 2025 15:35:18 [SERVER-NAME] info: [33mAttempting to restart server in 5 seconds...[39m
Thu Apr 24 2025 15:35:23 [SERVER-NAME] info: [32m🚀 Database connected successfully[39m
Thu Apr 24 2025 15:35:23 [SERVER-NAME] info: [33mAttempting to restart server in 5 seconds...[39m
Thu Apr 24 2025 15:35:28 [SERVER-NAME] info: [32m🚀 Database connected successfully[39m
Thu Apr 24 2025 15:35:28 [SERVER-NAME] info: [33mAttempting to restart server in 5 seconds...[39m
Thu Apr 24 2025 15:35:33 [SERVER-NAME] info: [32m🚀 Database connected successfully[39m
Thu Apr 24 2025 15:35:33 [SERVER-NAME] info: [33mAttempting to restart server in 5 seconds...[39m
Thu Apr 24 2025 15:35:38 [SERVER-NAME] info: [32m🚀 Database connected successfully[39m
Thu Apr 24 2025 15:35:38 [SERVER-NAME] info: [33mAttempting to restart server in 5 seconds...[39m
Thu Apr 24 2025 15:35:43 [SERVER-NAME] info: [32m🚀 Database connected successfully[39m
Thu Apr 24 2025 15:35:43 [SERVER-NAME] info: [33mAttempting to restart server in 5 seconds...[39m
Thu Apr 24 2025 15:35:48 [SERVER-NAME] info: [32m🚀 Database connected successfully[39m
Thu Apr 24 2025 15:35:48 [SERVER-NAME] info: [33mAttempting to restart server in 5 seconds...[39m
Thu Apr 24 2025 15:35:53 [SERVER-NAME] info: [32m🚀 Database connected successfully[39m
Thu Apr 24 2025 15:35:53 [SERVER-NAME] info: [33mAttempting to restart server in 5 seconds...[39m
Thu Apr 24 2025 15:35:58 [SERVER-NAME] info: [32m🚀 Database connected successfully[39m
Thu Apr 24 2025 15:35:58 [SERVER-NAME] info: [33mAttempting to restart server in 5 seconds...[39m
Thu Apr 24 2025 15:36:3 [SERVER-NAME] info: [32m🚀 Database connected successfully[39m
Thu Apr 24 2025 15:36:3 [SERVER-NAME] info: [33mAttempting to restart server in 5 seconds...[39m
Thu Apr 24 2025 15:36:8 [SERVER-NAME] info: [32m🚀 Database connected successfully[39m
Thu Apr 24 2025 15:36:8 [SERVER-NAME] info: [33mAttempting to restart server in 5 seconds...[39m
Thu Apr 24 2025 15:36:13 [SERVER-NAME] info: [32m🚀 Database connected successfully[39m
Thu Apr 24 2025 15:36:13 [SERVER-NAME] info: [33mAttempting to restart server in 5 seconds...[39m
Thu Apr 24 2025 15:36:18 [SERVER-NAME] info: [32m🚀 Database connected successfully[39m
Thu Apr 24 2025 15:36:18 [SERVER-NAME] info: [33mAttempting to restart server in 5 seconds...[39m
Thu Apr 24 2025 15:36:23 [SERVER-NAME] info: [32m🚀 Database connected successfully[39m
Thu Apr 24 2025 15:36:23 [SERVER-NAME] info: [33mAttempting to restart server in 5 seconds...[39m
Thu Apr 24 2025 15:36:28 [SERVER-NAME] info: [32m🚀 Database connected successfully[39m
Thu Apr 24 2025 15:36:28 [SERVER-NAME] info: [33mAttempting to restart server in 5 seconds...[39m
Thu Apr 24 2025 15:36:33 [SERVER-NAME] info: [32m🚀 Database connected successfully[39m
Thu Apr 24 2025 15:36:33 [SERVER-NAME] info: [33mAttempting to restart server in 5 seconds...[39m
Thu Apr 24 2025 15:36:38 [SERVER-NAME] info: [32m🚀 Database connected successfully[39m
Thu Apr 24 2025 15:36:38 [SERVER-NAME] info: [33mAttempting to restart server in 5 seconds...[39m
Thu Apr 24 2025 15:36:43 [SERVER-NAME] info: [32m🚀 Database connected successfully[39m
Thu Apr 24 2025 15:36:43 [SERVER-NAME] info: [33mAttempting to restart server in 5 seconds...[39m
Thu Apr 24 2025 15:36:48 [SERVER-NAME] info: [32m🚀 Database connected successfully[39m
Thu Apr 24 2025 15:36:48 [SERVER-NAME] info: [33mAttempting to restart server in 5 seconds...[39m
Thu Apr 24 2025 15:36:53 [SERVER-NAME] info: [32m🚀 Database connected successfully[39m
Thu Apr 24 2025 15:36:53 [SERVER-NAME] info: [33mAttempting to restart server in 5 seconds...[39m
Thu Apr 24 2025 15:36:58 [SERVER-NAME] info: [32m🚀 Database connected successfully[39m
Thu Apr 24 2025 15:36:58 [SERVER-NAME] info: [33mAttempting to restart server in 5 seconds...[39m
Thu Apr 24 2025 15:37:3 [SERVER-NAME] info: [32m🚀 Database connected successfully[39m
Thu Apr 24 2025 15:37:3 [SERVER-NAME] info: [33mAttempting to restart server in 5 seconds...[39m
Thu Apr 24 2025 15:37:8 [SERVER-NAME] info: [32m🚀 Database connected successfully[39m
Thu Apr 24 2025 15:37:8 [SERVER-NAME] info: [33mAttempting to restart server in 5 seconds...[39m
Thu Apr 24 2025 15:37:13 [SERVER-NAME] info: [32m🚀 Database connected successfully[39m
Thu Apr 24 2025 15:37:13 [SERVER-NAME] info: [33mAttempting to restart server in 5 seconds...[39m
Thu Apr 24 2025 15:37:18 [SERVER-NAME] info: [32m🚀 Database connected successfully[39m
Thu Apr 24 2025 15:37:18 [SERVER-NAME] info: [33mAttempting to restart server in 5 seconds...[39m
Thu Apr 24 2025 15:37:23 [SERVER-NAME] info: [32m🚀 Database connected successfully[39m
Thu Apr 24 2025 15:37:23 [SERVER-NAME] info: [33mAttempting to restart server in 5 seconds...[39m
Thu Apr 24 2025 15:37:28 [SERVER-NAME] info: [32m🚀 Database connected successfully[39m
Thu Apr 24 2025 15:37:28 [SERVER-NAME] info: [33mAttempting to restart server in 5 seconds...[39m
Thu Apr 24 2025 15:37:34 [SERVER-NAME] info: [32m🚀 Database connected successfully[39m
Thu Apr 24 2025 15:37:34 [SERVER-NAME] info: [33mAttempting to restart server in 5 seconds...[39m
Thu Apr 24 2025 15:37:39 [SERVER-NAME] info: [32m🚀 Database connected successfully[39m
Thu Apr 24 2025 15:37:39 [SERVER-NAME] info: [33mAttempting to restart server in 5 seconds...[39m
Thu Apr 24 2025 15:37:44 [SERVER-NAME] info: [32m🚀 Database connected successfully[39m
Thu Apr 24 2025 15:37:44 [SERVER-NAME] info: [33mAttempting to restart server in 5 seconds...[39m
Thu Apr 24 2025 15:37:49 [SERVER-NAME] info: [32m🚀 Database connected successfully[39m
Thu Apr 24 2025 15:37:49 [SERVER-NAME] info: [33mAttempting to restart server in 5 seconds...[39m
Thu Apr 24 2025 15:37:54 [SERVER-NAME] info: [32m🚀 Database connected successfully[39m
Thu Apr 24 2025 15:37:54 [SERVER-NAME] info: [33mAttempting to restart server in 5 seconds...[39m
Thu Apr 24 2025 15:37:59 [SERVER-NAME] info: [32m🚀 Database connected successfully[39m
Thu Apr 24 2025 15:37:59 [SERVER-NAME] info: [33mAttempting to restart server in 5 seconds...[39m
Thu Apr 24 2025 15:38:4 [SERVER-NAME] info: [32m🚀 Database connected successfully[39m
Thu Apr 24 2025 15:38:4 [SERVER-NAME] info: [33mAttempting to restart server in 5 seconds...[39m
Thu Apr 24 2025 15:38:9 [SERVER-NAME] info: [32m🚀 Database connected successfully[39m
Thu Apr 24 2025 15:38:9 [SERVER-NAME] info: [33mAttempting to restart server in 5 seconds...[39m
Thu Apr 24 2025 15:38:14 [SERVER-NAME] info: [32m🚀 Database connected successfully[39m
Thu Apr 24 2025 15:38:14 [SERVER-NAME] info: [33mAttempting to restart server in 5 seconds...[39m
Thu Apr 24 2025 15:38:19 [SERVER-NAME] info: [32m🚀 Database connected successfully[39m
Thu Apr 24 2025 15:38:19 [SERVER-NAME] info: [33mAttempting to restart server in 5 seconds...[39m
Thu Apr 24 2025 15:38:24 [SERVER-NAME] info: [32m🚀 Database connected successfully[39m
Thu Apr 24 2025 15:38:24 [SERVER-NAME] info: [33mAttempting to restart server in 5 seconds...[39m
Thu Apr 24 2025 15:38:29 [SERVER-NAME] info: [32m🚀 Database connected successfully[39m
Thu Apr 24 2025 15:38:29 [SERVER-NAME] info: [33mAttempting to restart server in 5 seconds...[39m
Thu Apr 24 2025 15:38:34 [SERVER-NAME] info: [32m🚀 Database connected successfully[39m
Thu Apr 24 2025 15:38:34 [SERVER-NAME] info: [33mAttempting to restart server in 5 seconds...[39m
Thu Apr 24 2025 15:38:39 [SERVER-NAME] info: [32m🚀 Database connected successfully[39m
Thu Apr 24 2025 15:38:39 [SERVER-NAME] info: [33mAttempting to restart server in 5 seconds...[39m
Thu Apr 24 2025 15:38:44 [SERVER-NAME] info: [32m🚀 Database connected successfully[39m
Thu Apr 24 2025 15:38:44 [SERVER-NAME] info: [33mAttempting to restart server in 5 seconds...[39m
Thu Apr 24 2025 15:38:49 [SERVER-NAME] info: [32m🚀 Database connected successfully[39m
Thu Apr 24 2025 15:38:49 [SERVER-NAME] info: [33mAttempting to restart server in 5 seconds...[39m
Thu Apr 24 2025 15:38:54 [SERVER-NAME] info: [32m🚀 Database connected successfully[39m
Thu Apr 24 2025 15:38:54 [SERVER-NAME] info: [33mAttempting to restart server in 5 seconds...[39m
Thu Apr 24 2025 15:38:59 [SERVER-NAME] info: [32m🚀 Database connected successfully[39m
Thu Apr 24 2025 15:38:59 [SERVER-NAME] info: [33mAttempting to restart server in 5 seconds...[39m
Thu Apr 24 2025 15:39:4 [SERVER-NAME] info: [32m🚀 Database connected successfully[39m
Thu Apr 24 2025 15:39:4 [SERVER-NAME] info: [33mAttempting to restart server in 5 seconds...[39m
Thu Apr 24 2025 15:39:9 [SERVER-NAME] info: [32m🚀 Database connected successfully[39m
Thu Apr 24 2025 15:39:9 [SERVER-NAME] info: [33mAttempting to restart server in 5 seconds...[39m
Thu Apr 24 2025 15:39:14 [SERVER-NAME] info: [32m🚀 Database connected successfully[39m
Thu Apr 24 2025 15:39:14 [SERVER-NAME] info: [33mAttempting to restart server in 5 seconds...[39m
Thu Apr 24 2025 15:39:19 [SERVER-NAME] info: [32m🚀 Database connected successfully[39m
Thu Apr 24 2025 15:39:19 [SERVER-NAME] info: [33mAttempting to restart server in 5 seconds...[39m
Thu Apr 24 2025 15:39:24 [SERVER-NAME] info: [32m🚀 Database connected successfully[39m
Thu Apr 24 2025 15:39:24 [SERVER-NAME] info: [33mAttempting to restart server in 5 seconds...[39m
Thu Apr 24 2025 15:39:29 [SERVER-NAME] info: [32m🚀 Database connected successfully[39m
Thu Apr 24 2025 15:39:29 [SERVER-NAME] info: [33mAttempting to restart server in 5 seconds...[39m
Thu Apr 24 2025 15:39:34 [SERVER-NAME] info: [32m🚀 Database connected successfully[39m
Thu Apr 24 2025 15:39:34 [SERVER-NAME] info: [33mAttempting to restart server in 5 seconds...[39m
Thu Apr 24 2025 15:39:39 [SERVER-NAME] info: [32m🚀 Database connected successfully[39m
Thu Apr 24 2025 15:39:39 [SERVER-NAME] info: [33mAttempting to restart server in 5 seconds...[39m
Thu Apr 24 2025 15:39:44 [SERVER-NAME] info: [32m🚀 Database connected successfully[39m
Thu Apr 24 2025 15:39:44 [SERVER-NAME] info: [33mAttempting to restart server in 5 seconds...[39m
Thu Apr 24 2025 15:39:49 [SERVER-NAME] info: [32m🚀 Database connected successfully[39m
Thu Apr 24 2025 15:39:49 [SERVER-NAME] info: [33mAttempting to restart server in 5 seconds...[39m
Thu Apr 24 2025 15:39:54 [SERVER-NAME] info: [32m🚀 Database connected successfully[39m
Thu Apr 24 2025 15:39:54 [SERVER-NAME] info: [33mAttempting to restart server in 5 seconds...[39m
Thu Apr 24 2025 15:39:59 [SERVER-NAME] info: [32m🚀 Database connected successfully[39m
Thu Apr 24 2025 15:39:59 [SERVER-NAME] info: [33mAttempting to restart server in 5 seconds...[39m
Thu Apr 24 2025 15:40:4 [SERVER-NAME] info: [32m🚀 Database connected successfully[39m
Thu Apr 24 2025 15:40:4 [SERVER-NAME] info: [33mAttempting to restart server in 5 seconds...[39m
Thu Apr 24 2025 15:40:9 [SERVER-NAME] info: [32m🚀 Database connected successfully[39m
Thu Apr 24 2025 15:40:9 [SERVER-NAME] info: [33mAttempting to restart server in 5 seconds...[39m
Thu Apr 24 2025 15:40:14 [SERVER-NAME] info: [32m🚀 Database connected successfully[39m
Thu Apr 24 2025 15:40:14 [SERVER-NAME] info: [33mAttempting to restart server in 5 seconds...[39m
Thu Apr 24 2025 15:40:19 [SERVER-NAME] info: [32m🚀 Database connected successfully[39m
Thu Apr 24 2025 15:40:19 [SERVER-NAME] info: [33mAttempting to restart server in 5 seconds...[39m
Thu Apr 24 2025 15:40:24 [SERVER-NAME] info: [32m🚀 Database connected successfully[39m
Thu Apr 24 2025 15:40:24 [SERVER-NAME] info: [33mAttempting to restart server in 5 seconds...[39m
Thu Apr 24 2025 15:40:29 [SERVER-NAME] info: [32m🚀 Database connected successfully[39m
Thu Apr 24 2025 15:40:29 [SERVER-NAME] info: [33mAttempting to restart server in 5 seconds...[39m
Thu Apr 24 2025 15:40:34 [SERVER-NAME] info: [32m🚀 Database connected successfully[39m
Thu Apr 24 2025 15:40:34 [SERVER-NAME] info: [33mAttempting to restart server in 5 seconds...[39m
Thu Apr 24 2025 15:40:39 [SERVER-NAME] info: [32m🚀 Database connected successfully[39m
Thu Apr 24 2025 15:40:39 [SERVER-NAME] info: [33mAttempting to restart server in 5 seconds...[39m
Thu Apr 24 2025 15:40:44 [SERVER-NAME] info: [32m🚀 Database connected successfully[39m
Thu Apr 24 2025 15:40:44 [SERVER-NAME] info: [33mAttempting to restart server in 5 seconds...[39m
Thu Apr 24 2025 15:40:49 [SERVER-NAME] info: [32m🚀 Database connected successfully[39m
Thu Apr 24 2025 15:40:49 [SERVER-NAME] info: [33mAttempting to restart server in 5 seconds...[39m
Thu Apr 24 2025 15:40:54 [SERVER-NAME] info: [32m🚀 Database connected successfully[39m
Thu Apr 24 2025 15:40:54 [SERVER-NAME] info: [33mAttempting to restart server in 5 seconds...[39m
Thu Apr 24 2025 15:40:59 [SERVER-NAME] info: [32m🚀 Database connected successfully[39m
Thu Apr 24 2025 15:40:59 [SERVER-NAME] info: [33mAttempting to restart server in 5 seconds...[39m
Thu Apr 24 2025 15:41:4 [SERVER-NAME] info: [32m🚀 Database connected successfully[39m
Thu Apr 24 2025 15:41:4 [SERVER-NAME] info: [33mAttempting to restart server in 5 seconds...[39m
Thu Apr 24 2025 15:41:9 [SERVER-NAME] info: [32m🚀 Database connected successfully[39m
Thu Apr 24 2025 15:41:9 [SERVER-NAME] info: [33mAttempting to restart server in 5 seconds...[39m
Thu Apr 24 2025 15:41:14 [SERVER-NAME] info: [32m🚀 Database connected successfully[39m
Thu Apr 24 2025 15:41:14 [SERVER-NAME] info: [33mAttempting to restart server in 5 seconds...[39m
Thu Apr 24 2025 15:41:19 [SERVER-NAME] info: [32m🚀 Database connected successfully[39m
Thu Apr 24 2025 15:41:19 [SERVER-NAME] info: [33mAttempting to restart server in 5 seconds...[39m
Thu Apr 24 2025 15:41:24 [SERVER-NAME] info: [32m🚀 Database connected successfully[39m
Thu Apr 24 2025 15:41:24 [SERVER-NAME] info: [33mAttempting to restart server in 5 seconds...[39m
Thu Apr 24 2025 15:41:29 [SERVER-NAME] info: [32m🚀 Database connected successfully[39m
Thu Apr 24 2025 15:41:29 [SERVER-NAME] info: [33mAttempting to restart server in 5 seconds...[39m
Thu Apr 24 2025 15:41:34 [SERVER-NAME] info: [32m🚀 Database connected successfully[39m
Thu Apr 24 2025 15:41:34 [SERVER-NAME] info: [33mAttempting to restart server in 5 seconds...[39m
Thu Apr 24 2025 15:41:39 [SERVER-NAME] info: [32m🚀 Database connected successfully[39m
Thu Apr 24 2025 15:41:39 [SERVER-NAME] info: [33mAttempting to restart server in 5 seconds...[39m
Thu Apr 24 2025 15:41:44 [SERVER-NAME] info: [32m🚀 Database connected successfully[39m
Thu Apr 24 2025 15:41:44 [SERVER-NAME] info: [33mAttempting to restart server in 5 seconds...[39m
Thu Apr 24 2025 15:41:49 [SERVER-NAME] info: [32m🚀 Database connected successfully[39m
Thu Apr 24 2025 15:41:49 [SERVER-NAME] info: [33mAttempting to restart server in 5 seconds...[39m
Thu Apr 24 2025 15:41:54 [SERVER-NAME] info: [32m🚀 Database connected successfully[39m
Thu Apr 24 2025 15:41:54 [SERVER-NAME] info: [33mAttempting to restart server in 5 seconds...[39m
Thu Apr 24 2025 15:41:59 [SERVER-NAME] info: [32m🚀 Database connected successfully[39m
Thu Apr 24 2025 15:41:59 [SERVER-NAME] info: [33mAttempting to restart server in 5 seconds...[39m
Thu Apr 24 2025 15:42:4 [SERVER-NAME] info: [32m🚀 Database connected successfully[39m
Thu Apr 24 2025 15:42:4 [SERVER-NAME] info: [33mAttempting to restart server in 5 seconds...[39m
Thu Apr 24 2025 15:42:9 [SERVER-NAME] info: [32m🚀 Database connected successfully[39m
Thu Apr 24 2025 15:42:9 [SERVER-NAME] info: [33mAttempting to restart server in 5 seconds...[39m
Thu Apr 24 2025 15:42:14 [SERVER-NAME] info: [32m🚀 Database connected successfully[39m
Thu Apr 24 2025 15:42:14 [SERVER-NAME] info: [33mAttempting to restart server in 5 seconds...[39m
Thu Apr 24 2025 15:42:19 [SERVER-NAME] info: [32m🚀 Database connected successfully[39m
Thu Apr 24 2025 15:42:19 [SERVER-NAME] info: [33mAttempting to restart server in 5 seconds...[39m
Thu Apr 24 2025 15:42:24 [SERVER-NAME] info: [32m🚀 Database connected successfully[39m
Thu Apr 24 2025 15:42:24 [SERVER-NAME] info: [33mAttempting to restart server in 5 seconds...[39m
Thu Apr 24 2025 15:42:29 [SERVER-NAME] info: [32m🚀 Database connected successfully[39m
Thu Apr 24 2025 15:42:29 [SERVER-NAME] info: [33m♻️  Application listening on http://10.0.60.126:7000[39m
Thu Apr 24 2025 15:42:29 [SERVER-NAME] info: [33m♻️  Socket.io initialized on separate port[39m
Thu Apr 24 2025 15:42:29 [SERVER-NAME] info: [33m♻️  Socket is listening on 10.0.60.126:6002[39m
