Fri Aug 29 2025 17:1:9 [SERVER-NAME] info: 10.10.7.48 - OPTIONS /api/v1/admin/post/management/status/68b1850cd214b230282a825b 204 - 0.859 ms
Fri Aug 29 2025 17:1:9 [SERVER-NAME] info: 10.10.7.48 - PATCH /api/v1/admin/post/management/status/68b1850cd214b230282a825b 200 - 43.463 ms
Fri Aug 29 2025 17:1:9 [SERVER-NAME] info: 10.10.7.48 - OPTIONS /api/v1/admin/post/management?page=1&limit=12 204 - 0.036 ms
Fri Aug 29 2025 17:1:9 [SERVER-NAME] info: 10.10.7.48 - GET /api/v1/admin/post/management?page=1&limit=12 200 - 32.934 ms
Fri Aug 29 2025 17:1:12 [SERVER-NAME] info: [31mA user disconnect[39m
Fri Aug 29 2025 17:1:13 [SERVER-NAME] info: 10.10.7.48 - OPTIONS /api/v1/subscription/check-access 204 - 0.060 ms
Fri Aug 29 2025 17:1:13 [SERVER-NAME] info: 10.10.7.48 - GET /api/v1/subscription/check-access 304 - 10.613 ms
Fri Aug 29 2025 17:1:13 [SERVER-NAME] info: 10.10.7.48 - OPTIONS /api/v1/users/profile 204 - 0.042 ms
Fri Aug 29 2025 17:1:13 [SERVER-NAME] info: 10.10.7.48 - OPTIONS /api/v1/community/leaderboard 204 - 0.051 ms
Fri Aug 29 2025 17:1:13 [SERVER-NAME] info: 10.10.7.48 - OPTIONS /api/v1/notifications?page=1&limit=30 204 - 0.039 ms
Fri Aug 29 2025 17:1:13 [SERVER-NAME] info: 10.10.7.48 - OPTIONS /api/v1/community?page=1&limit=10 204 - 0.043 ms
Fri Aug 29 2025 17:1:13 [SERVER-NAME] info: 10.10.7.48 - GET /api/v1/users/profile 304 - 8.966 ms
Fri Aug 29 2025 17:1:13 [SERVER-NAME] info: 10.10.7.48 - GET /api/v1/community/leaderboard 304 - 20.062 ms
Fri Aug 29 2025 17:1:14 [SERVER-NAME] info: 10.10.7.48 - GET /api/v1/community?page=1&limit=10 304 - 25.306 ms
Fri Aug 29 2025 17:1:14 [SERVER-NAME] info: 10.10.7.48 - GET /api/v1/notifications?page=1&limit=30 304 - 35.822 ms
Fri Aug 29 2025 17:1:14 [SERVER-NAME] info: 10.10.7.48 - OPTIONS /api/v1/post/letest 204 - 0.064 ms
Fri Aug 29 2025 17:1:14 [SERVER-NAME] info: 10.10.7.48 - GET /api/v1/post/letest 200 - 3.700 ms
Fri Aug 29 2025 17:1:14 [SERVER-NAME] info: 10.10.7.48 - GET //image/young-woman-doing-yoga-in-nature-video-1756444315398.jpg 200 - 1.597 ms
Fri Aug 29 2025 17:1:14 [SERVER-NAME] info: [34mA user connected[39m
Fri Aug 29 2025 17:3:55 [SERVER-NAME] info: [34mMaster 588 is running[39m
Fri Aug 29 2025 17:3:55 [SERVER-NAME] info: [34mStarting 12 workers...[39m
Fri Aug 29 2025 17:3:59 [SERVER-NAME] info: [34mWorker 42908 started[39m
Fri Aug 29 2025 17:3:59 [SERVER-NAME] info: [32mConfig validation successful.[39m
Fri Aug 29 2025 17:3:59 [SERVER-NAME] info: [34mWorker 17880 started[39m
Fri Aug 29 2025 17:3:59 [SERVER-NAME] info: [32mConfig validation successful.[39m
Fri Aug 29 2025 17:3:59 [SERVER-NAME] info: [32m🚀 Database connected successfully[39m
Fri Aug 29 2025 17:3:59 [SERVER-NAME] info: [32m🚀 Database connected successfully[39m
Fri Aug 29 2025 17:3:59 [SERVER-NAME] info: [32mWorker 17880 is ready to accept connections[39m
Fri Aug 29 2025 17:3:59 [SERVER-NAME] info: [32mWorker 42908 is ready to accept connections[39m
Fri Aug 29 2025 17:3:59 [SERVER-NAME] info: [33m♻️  Socket is listening on same port 7000[39m
Fri Aug 29 2025 17:3:59 [SERVER-NAME] info: [33m♻️  Socket is listening on same port 7000[39m
Fri Aug 29 2025 17:3:59 [SERVER-NAME] info: [34mWorker 57544 started[39m
Fri Aug 29 2025 17:3:59 [SERVER-NAME] info: [32mConfig validation successful.[39m
Fri Aug 29 2025 17:3:59 [SERVER-NAME] info: [34mWorker 50296 started[39m
Fri Aug 29 2025 17:3:59 [SERVER-NAME] info: [32mConfig validation successful.[39m
Fri Aug 29 2025 17:3:59 [SERVER-NAME] info: [34mWorker 38364 started[39m
Fri Aug 29 2025 17:3:59 [SERVER-NAME] info: [32mConfig validation successful.[39m
Fri Aug 29 2025 17:4:0 [SERVER-NAME] info: [32m🚀 Database connected successfully[39m
Fri Aug 29 2025 17:4:0 [SERVER-NAME] info: [32mWorker 50296 is ready to accept connections[39m
Fri Aug 29 2025 17:4:0 [SERVER-NAME] info: [32m🚀 Database connected successfully[39m
Fri Aug 29 2025 17:4:0 [SERVER-NAME] info: [33m♻️  Socket is listening on same port 7000[39m
Fri Aug 29 2025 17:4:0 [SERVER-NAME] info: [32mWorker 57544 is ready to accept connections[39m
Fri Aug 29 2025 17:4:0 [SERVER-NAME] info: [32m🚀 Database connected successfully[39m
Fri Aug 29 2025 17:4:0 [SERVER-NAME] info: [32mWorker 38364 is ready to accept connections[39m
Fri Aug 29 2025 17:3:59 [SERVER-NAME] info: [34mWorker 38848 started[39m
Fri Aug 29 2025 17:4:0 [SERVER-NAME] info: [32mConfig validation successful.[39m
Fri Aug 29 2025 17:4:0 [SERVER-NAME] info: [33m♻️  Socket is listening on same port 7000[39m
Fri Aug 29 2025 17:4:0 [SERVER-NAME] info: [33m♻️  Socket is listening on same port 7000[39m
Fri Aug 29 2025 17:4:0 [SERVER-NAME] info: [34mWorker 37180 started[39m
Fri Aug 29 2025 17:4:0 [SERVER-NAME] info: [32mConfig validation successful.[39m
Fri Aug 29 2025 17:4:0 [SERVER-NAME] info: [34mWorker 33932 started[39m
Fri Aug 29 2025 17:4:0 [SERVER-NAME] info: [32mConfig validation successful.[39m
Fri Aug 29 2025 17:4:0 [SERVER-NAME] info: [32m🚀 Database connected successfully[39m
Fri Aug 29 2025 17:4:0 [SERVER-NAME] info: [32mWorker 38848 is ready to accept connections[39m
Fri Aug 29 2025 17:4:0 [SERVER-NAME] info: [32m🚀 Database connected successfully[39m
Fri Aug 29 2025 17:4:0 [SERVER-NAME] info: [34mWorker 57052 started[39m
Fri Aug 29 2025 17:4:0 [SERVER-NAME] info: [32mConfig validation successful.[39m
Fri Aug 29 2025 17:4:0 [SERVER-NAME] info: [32mWorker 37180 is ready to accept connections[39m
Fri Aug 29 2025 17:4:0 [SERVER-NAME] info: [33m♻️  Socket is listening on same port 7000[39m
Fri Aug 29 2025 17:4:0 [SERVER-NAME] info: [33m♻️  Socket is listening on same port 7000[39m
Fri Aug 29 2025 17:4:0 [SERVER-NAME] info: [32m🚀 Database connected successfully[39m
Fri Aug 29 2025 17:4:0 [SERVER-NAME] info: [32mWorker 33932 is ready to accept connections[39m
Fri Aug 29 2025 17:4:0 [SERVER-NAME] info: [33m♻️  Socket is listening on same port 7000[39m
Fri Aug 29 2025 17:4:0 [SERVER-NAME] info: [32m🚀 Database connected successfully[39m
Fri Aug 29 2025 17:4:0 [SERVER-NAME] info: [32mWorker 57052 is ready to accept connections[39m
Fri Aug 29 2025 17:4:0 [SERVER-NAME] info: [33m♻️  Socket is listening on same port 7000[39m
Fri Aug 29 2025 17:4:0 [SERVER-NAME] info: [34mWorker 48196 started[39m
Fri Aug 29 2025 17:4:0 [SERVER-NAME] info: [32mConfig validation successful.[39m
Fri Aug 29 2025 17:4:0 [SERVER-NAME] info: [34mWorker 7632 started[39m
Fri Aug 29 2025 17:4:0 [SERVER-NAME] info: [32mConfig validation successful.[39m
Fri Aug 29 2025 17:4:0 [SERVER-NAME] info: [34mWorker 56732 started[39m
Fri Aug 29 2025 17:4:0 [SERVER-NAME] info: [32mConfig validation successful.[39m
Fri Aug 29 2025 17:4:0 [SERVER-NAME] info: [32m🚀 Database connected successfully[39m
Fri Aug 29 2025 17:4:0 [SERVER-NAME] info: [32mWorker 48196 is ready to accept connections[39m
Fri Aug 29 2025 17:4:0 [SERVER-NAME] info: [33m♻️  Socket is listening on same port 7000[39m
Fri Aug 29 2025 17:4:0 [SERVER-NAME] info: [32m🚀 Database connected successfully[39m
Fri Aug 29 2025 17:4:0 [SERVER-NAME] info: [32mWorker 7632 is ready to accept connections[39m
Fri Aug 29 2025 17:4:0 [SERVER-NAME] info: [33m♻️  Socket is listening on same port 7000[39m
Fri Aug 29 2025 17:4:0 [SERVER-NAME] info: [32m🚀 Database connected successfully[39m
Fri Aug 29 2025 17:4:1 [SERVER-NAME] info: [32mWorker 56732 is ready to accept connections[39m
Fri Aug 29 2025 17:4:1 [SERVER-NAME] info: [33m♻️  Socket is listening on same port 7000[39m
Fri Aug 29 2025 17:4:1 [SERVER-NAME] warn: [33mWorker 17880 exited with error code: 1[39m
Fri Aug 29 2025 17:4:1 [SERVER-NAME] info: [34mRestarting worker 17880 in 5000ms (attempt 1)[39m
Fri Aug 29 2025 17:4:1 [SERVER-NAME] warn: [33mWorker 42908 exited with error code: 1[39m
Fri Aug 29 2025 17:4:1 [SERVER-NAME] info: [34mRestarting worker 42908 in 5000ms (attempt 1)[39m
Fri Aug 29 2025 17:4:1 [SERVER-NAME] warn: [33mWorker 50296 exited with error code: 1[39m
Fri Aug 29 2025 17:4:1 [SERVER-NAME] info: [34mRestarting worker 50296 in 5000ms (attempt 1)[39m
Fri Aug 29 2025 17:4:1 [SERVER-NAME] warn: [33mWorker 57544 exited with error code: 1[39m
Fri Aug 29 2025 17:4:1 [SERVER-NAME] info: [34mRestarting worker 57544 in 5000ms (attempt 1)[39m
Fri Aug 29 2025 17:4:1 [SERVER-NAME] warn: [33mWorker 38364 exited with error code: 1[39m
Fri Aug 29 2025 17:4:1 [SERVER-NAME] info: [34mRestarting worker 38364 in 5000ms (attempt 1)[39m
Fri Aug 29 2025 17:4:1 [SERVER-NAME] warn: [33mWorker 38848 exited with error code: 1[39m
Fri Aug 29 2025 17:4:1 [SERVER-NAME] info: [34mRestarting worker 38848 in 5000ms (attempt 1)[39m
Fri Aug 29 2025 17:4:1 [SERVER-NAME] warn: [33mWorker 37180 exited with error code: 1[39m
Fri Aug 29 2025 17:4:1 [SERVER-NAME] info: [34mRestarting worker 37180 in 5000ms (attempt 1)[39m
Fri Aug 29 2025 17:4:1 [SERVER-NAME] warn: [33mWorker 33932 exited with error code: 1[39m
Fri Aug 29 2025 17:4:1 [SERVER-NAME] info: [34mRestarting worker 33932 in 5000ms (attempt 1)[39m
Fri Aug 29 2025 17:4:1 [SERVER-NAME] warn: [33mWorker 57052 exited with error code: 1[39m
Fri Aug 29 2025 17:4:1 [SERVER-NAME] info: [34mRestarting worker 57052 in 5000ms (attempt 1)[39m
Fri Aug 29 2025 17:4:1 [SERVER-NAME] warn: [33mWorker 48196 exited with error code: 1[39m
Fri Aug 29 2025 17:4:1 [SERVER-NAME] info: [34mRestarting worker 48196 in 5000ms (attempt 1)[39m
Fri Aug 29 2025 17:4:2 [SERVER-NAME] warn: [33mWorker 7632 exited with error code: 1[39m
Fri Aug 29 2025 17:4:2 [SERVER-NAME] info: [34mRestarting worker 7632 in 5000ms (attempt 1)[39m
Fri Aug 29 2025 17:4:2 [SERVER-NAME] warn: [33mWorker 56732 exited with error code: 1[39m
Fri Aug 29 2025 17:4:2 [SERVER-NAME] info: [34mRestarting worker 56732 in 5000ms (attempt 1)[39m
Fri Aug 29 2025 17:4:10 [SERVER-NAME] info: [34mWorker 17808 started[39m
Fri Aug 29 2025 17:4:10 [SERVER-NAME] info: [32mConfig validation successful.[39m
Fri Aug 29 2025 17:4:10 [SERVER-NAME] info: [34mWorker 37544 started[39m
Fri Aug 29 2025 17:4:10 [SERVER-NAME] info: [32mConfig validation successful.[39m
Fri Aug 29 2025 17:4:10 [SERVER-NAME] info: [32m🚀 Database connected successfully[39m
Fri Aug 29 2025 17:4:10 [SERVER-NAME] info: [32mWorker 17808 is ready to accept connections[39m
Fri Aug 29 2025 17:4:10 [SERVER-NAME] info: [34mWorker 1872 started[39m
Fri Aug 29 2025 17:4:10 [SERVER-NAME] info: [32mConfig validation successful.[39m
Fri Aug 29 2025 17:4:10 [SERVER-NAME] info: [33m♻️  Socket is listening on same port 7000[39m
Fri Aug 29 2025 17:4:10 [SERVER-NAME] info: [32m🚀 Database connected successfully[39m
Fri Aug 29 2025 17:4:10 [SERVER-NAME] info: [32mWorker 1872 is ready to accept connections[39m
Fri Aug 29 2025 17:4:10 [SERVER-NAME] info: [33m♻️  Socket is listening on same port 7000[39m
Fri Aug 29 2025 17:4:10 [SERVER-NAME] info: [32m🚀 Database connected successfully[39m
Fri Aug 29 2025 17:4:10 [SERVER-NAME] info: [32mWorker 37544 is ready to accept connections[39m
Fri Aug 29 2025 17:4:10 [SERVER-NAME] info: [33m♻️  Socket is listening on same port 7000[39m
Fri Aug 29 2025 17:4:10 [SERVER-NAME] info: [34mWorker 50428 started[39m
Fri Aug 29 2025 17:4:10 [SERVER-NAME] info: [32mConfig validation successful.[39m
Fri Aug 29 2025 17:4:10 [SERVER-NAME] info: [34mWorker 17380 started[39m
Fri Aug 29 2025 17:4:10 [SERVER-NAME] info: [32mConfig validation successful.[39m
Fri Aug 29 2025 17:4:10 [SERVER-NAME] info: [34mWorker 54520 started[39m
Fri Aug 29 2025 17:4:10 [SERVER-NAME] info: [32mConfig validation successful.[39m
Fri Aug 29 2025 17:4:11 [SERVER-NAME] info: [32m🚀 Database connected successfully[39m
Fri Aug 29 2025 17:4:11 [SERVER-NAME] info: [33m♻️  Socket is listening on same port 7000[39m
Fri Aug 29 2025 17:4:11 [SERVER-NAME] info: [32mWorker 17380 is ready to accept connections[39m
Fri Aug 29 2025 17:4:11 [SERVER-NAME] info: [32m🚀 Database connected successfully[39m
Fri Aug 29 2025 17:4:11 [SERVER-NAME] info: [32mWorker 50428 is ready to accept connections[39m
Fri Aug 29 2025 17:4:10 [SERVER-NAME] info: [34mWorker 36900 started[39m
Fri Aug 29 2025 17:4:11 [SERVER-NAME] info: [32mConfig validation successful.[39m
Fri Aug 29 2025 17:4:11 [SERVER-NAME] info: [33m♻️  Socket is listening on same port 7000[39m
Fri Aug 29 2025 17:4:11 [SERVER-NAME] info: [34mWorker 57396 started[39m
Fri Aug 29 2025 17:4:11 [SERVER-NAME] info: [32mConfig validation successful.[39m
Fri Aug 29 2025 17:4:11 [SERVER-NAME] info: [32m🚀 Database connected successfully[39m
Fri Aug 29 2025 17:4:11 [SERVER-NAME] info: [32mWorker 54520 is ready to accept connections[39m
Fri Aug 29 2025 17:4:11 [SERVER-NAME] info: [34mWorker 55832 started[39m
Fri Aug 29 2025 17:4:11 [SERVER-NAME] info: [32mConfig validation successful.[39m
Fri Aug 29 2025 17:4:11 [SERVER-NAME] info: [33m♻️  Socket is listening on same port 7000[39m
Fri Aug 29 2025 17:4:11 [SERVER-NAME] info: [32m🚀 Database connected successfully[39m
Fri Aug 29 2025 17:4:11 [SERVER-NAME] info: [32m🚀 Database connected successfully[39m
Fri Aug 29 2025 17:4:11 [SERVER-NAME] info: [32mWorker 36900 is ready to accept connections[39m
Fri Aug 29 2025 17:4:11 [SERVER-NAME] info: [32mWorker 57396 is ready to accept connections[39m
Fri Aug 29 2025 17:4:11 [SERVER-NAME] info: [33m♻️  Socket is listening on same port 7000[39m
Fri Aug 29 2025 17:4:11 [SERVER-NAME] info: [33m♻️  Socket is listening on same port 7000[39m
Fri Aug 29 2025 17:4:11 [SERVER-NAME] info: [32m🚀 Database connected successfully[39m
Fri Aug 29 2025 17:4:11 [SERVER-NAME] info: [32mWorker 55832 is ready to accept connections[39m
Fri Aug 29 2025 17:4:11 [SERVER-NAME] info: [33m♻️  Socket is listening on same port 7000[39m
Fri Aug 29 2025 17:4:11 [SERVER-NAME] info: [34mWorker 19568 started[39m
Fri Aug 29 2025 17:4:11 [SERVER-NAME] info: [32mConfig validation successful.[39m
Fri Aug 29 2025 17:4:11 [SERVER-NAME] info: [32m🚀 Database connected successfully[39m
Fri Aug 29 2025 17:4:11 [SERVER-NAME] info: [32mWorker 19568 is ready to accept connections[39m
Fri Aug 29 2025 17:4:11 [SERVER-NAME] info: [33m♻️  Socket is listening on same port 7000[39m
Fri Aug 29 2025 17:4:11 [SERVER-NAME] info: [34mWorker 37676 started[39m
Fri Aug 29 2025 17:4:11 [SERVER-NAME] info: [32mConfig validation successful.[39m
Fri Aug 29 2025 17:4:11 [SERVER-NAME] info: [32m🚀 Database connected successfully[39m
Fri Aug 29 2025 17:4:11 [SERVER-NAME] info: [32mWorker 37676 is ready to accept connections[39m
Fri Aug 29 2025 17:4:11 [SERVER-NAME] info: [33m♻️  Socket is listening on same port 7000[39m
Fri Aug 29 2025 17:4:11 [SERVER-NAME] info: [34mWorker 50116 started[39m
Fri Aug 29 2025 17:4:11 [SERVER-NAME] info: [32mConfig validation successful.[39m
Fri Aug 29 2025 17:4:11 [SERVER-NAME] warn: [33mWorker 17808 exited with error code: 1[39m
Fri Aug 29 2025 17:4:11 [SERVER-NAME] info: [34mRestarting worker 17808 in 10000ms (attempt 2)[39m
Fri Aug 29 2025 17:4:11 [SERVER-NAME] info: [32m🚀 Database connected successfully[39m
Fri Aug 29 2025 17:4:11 [SERVER-NAME] info: [32mWorker 50116 is ready to accept connections[39m
Fri Aug 29 2025 17:4:11 [SERVER-NAME] info: [33m♻️  Socket is listening on same port 7000[39m
Fri Aug 29 2025 17:4:11 [SERVER-NAME] warn: [33mWorker 1872 exited with error code: 1[39m
Fri Aug 29 2025 17:4:11 [SERVER-NAME] info: [34mRestarting worker 1872 in 10000ms (attempt 2)[39m
Fri Aug 29 2025 17:4:11 [SERVER-NAME] warn: [33mWorker 37544 exited with error code: 1[39m
Fri Aug 29 2025 17:4:11 [SERVER-NAME] info: [34mRestarting worker 37544 in 10000ms (attempt 2)[39m
Fri Aug 29 2025 17:4:12 [SERVER-NAME] warn: [33mWorker 17380 exited with error code: 1[39m
Fri Aug 29 2025 17:4:12 [SERVER-NAME] info: [34mRestarting worker 17380 in 10000ms (attempt 2)[39m
Fri Aug 29 2025 17:4:12 [SERVER-NAME] warn: [33mWorker 50428 exited with error code: 1[39m
Fri Aug 29 2025 17:4:12 [SERVER-NAME] info: [34mRestarting worker 50428 in 10000ms (attempt 2)[39m
Fri Aug 29 2025 17:4:12 [SERVER-NAME] warn: [33mWorker 54520 exited with error code: 1[39m
Fri Aug 29 2025 17:4:12 [SERVER-NAME] info: [34mRestarting worker 54520 in 10000ms (attempt 2)[39m
Fri Aug 29 2025 17:4:12 [SERVER-NAME] warn: [33mWorker 36900 exited with error code: 1[39m
Fri Aug 29 2025 17:4:12 [SERVER-NAME] info: [34mRestarting worker 36900 in 10000ms (attempt 2)[39m
Fri Aug 29 2025 17:4:12 [SERVER-NAME] warn: [33mWorker 57396 exited with error code: 1[39m
Fri Aug 29 2025 17:4:12 [SERVER-NAME] info: [34mRestarting worker 57396 in 10000ms (attempt 2)[39m
Fri Aug 29 2025 17:4:12 [SERVER-NAME] warn: [33mWorker 55832 exited with error code: 1[39m
Fri Aug 29 2025 17:4:12 [SERVER-NAME] info: [34mRestarting worker 55832 in 10000ms (attempt 2)[39m
Fri Aug 29 2025 17:4:12 [SERVER-NAME] warn: [33mWorker 19568 exited with error code: 1[39m
Fri Aug 29 2025 17:4:12 [SERVER-NAME] info: [34mRestarting worker 19568 in 10000ms (attempt 2)[39m
Fri Aug 29 2025 17:4:12 [SERVER-NAME] warn: [33mWorker 37676 exited with error code: 1[39m
Fri Aug 29 2025 17:4:12 [SERVER-NAME] info: [34mRestarting worker 37676 in 10000ms (attempt 2)[39m
Fri Aug 29 2025 17:4:12 [SERVER-NAME] warn: [33mWorker 50116 exited with error code: 1[39m
Fri Aug 29 2025 17:4:12 [SERVER-NAME] info: [34mRestarting worker 50116 in 10000ms (attempt 2)[39m
Fri Aug 29 2025 17:4:24 [SERVER-NAME] info: [34mWorker 58860 started[39m
Fri Aug 29 2025 17:4:24 [SERVER-NAME] info: [32mConfig validation successful.[39m
Fri Aug 29 2025 17:4:24 [SERVER-NAME] info: [34mWorker 59264 started[39m
Fri Aug 29 2025 17:4:24 [SERVER-NAME] info: [32mConfig validation successful.[39m
Fri Aug 29 2025 17:4:24 [SERVER-NAME] info: [32m🚀 Database connected successfully[39m
Fri Aug 29 2025 17:4:24 [SERVER-NAME] info: [33m♻️  Socket is listening on same port 7000[39m
Fri Aug 29 2025 17:4:24 [SERVER-NAME] info: [32mWorker 58860 is ready to accept connections[39m
Fri Aug 29 2025 17:4:24 [SERVER-NAME] info: [32m🚀 Database connected successfully[39m
Fri Aug 29 2025 17:4:24 [SERVER-NAME] info: [33m♻️  Socket is listening on same port 7000[39m
Fri Aug 29 2025 17:4:24 [SERVER-NAME] info: [32mWorker 59264 is ready to accept connections[39m
Fri Aug 29 2025 17:4:25 [SERVER-NAME] info: [34mWorker 11840 started[39m
Fri Aug 29 2025 17:4:25 [SERVER-NAME] info: [32mConfig validation successful.[39m
Fri Aug 29 2025 17:4:25 [SERVER-NAME] info: [32m🚀 Database connected successfully[39m
Fri Aug 29 2025 17:4:25 [SERVER-NAME] info: [33m♻️  Socket is listening on same port 7000[39m
Fri Aug 29 2025 17:4:25 [SERVER-NAME] info: [32mWorker 11840 is ready to accept connections[39m
Fri Aug 29 2025 17:4:25 [SERVER-NAME] info: [34mWorker 12404 started[39m
Fri Aug 29 2025 17:4:25 [SERVER-NAME] info: [32mConfig validation successful.[39m
Fri Aug 29 2025 17:4:25 [SERVER-NAME] info: [32m🚀 Database connected successfully[39m
Fri Aug 29 2025 17:4:25 [SERVER-NAME] info: [33m♻️  Socket is listening on same port 7000[39m
Fri Aug 29 2025 17:4:25 [SERVER-NAME] info: [34mWorker 29672 started[39m
Fri Aug 29 2025 17:4:25 [SERVER-NAME] info: [32mConfig validation successful.[39m
Fri Aug 29 2025 17:4:25 [SERVER-NAME] info: [32m🚀 Database connected successfully[39m
Fri Aug 29 2025 17:4:25 [SERVER-NAME] info: [33m♻️  Socket is listening on same port 7000[39m
Fri Aug 29 2025 17:4:25 [SERVER-NAME] info: [34mWorker 54724 started[39m
Fri Aug 29 2025 17:4:25 [SERVER-NAME] info: [32mConfig validation successful.[39m
Fri Aug 29 2025 17:4:25 [SERVER-NAME] info: [34mWorker 50172 started[39m
Fri Aug 29 2025 17:4:25 [SERVER-NAME] info: [32mConfig validation successful.[39m
Fri Aug 29 2025 17:4:25 [SERVER-NAME] info: [34mWorker 33368 started[39m
Fri Aug 29 2025 17:4:25 [SERVER-NAME] info: [32mConfig validation successful.[39m
Fri Aug 29 2025 17:4:25 [SERVER-NAME] info: [34mWorker 29176 started[39m
Fri Aug 29 2025 17:4:25 [SERVER-NAME] info: [32mConfig validation successful.[39m
Fri Aug 29 2025 17:4:25 [SERVER-NAME] info: [32m🚀 Database connected successfully[39m
Fri Aug 29 2025 17:4:25 [SERVER-NAME] info: [32m🚀 Database connected successfully[39m
Fri Aug 29 2025 17:4:25 [SERVER-NAME] info: [32m🚀 Database connected successfully[39m
Fri Aug 29 2025 17:4:25 [SERVER-NAME] info: [32m🚀 Database connected successfully[39m
Fri Aug 29 2025 17:4:25 [SERVER-NAME] info: [33m♻️  Socket is listening on same port 7000[39m
Fri Aug 29 2025 17:4:25 [SERVER-NAME] info: [33m♻️  Socket is listening on same port 7000[39m
Fri Aug 29 2025 17:4:25 [SERVER-NAME] info: [33m♻️  Socket is listening on same port 7000[39m
Fri Aug 29 2025 17:4:25 [SERVER-NAME] info: [33m♻️  Socket is listening on same port 7000[39m
Fri Aug 29 2025 17:4:26 [SERVER-NAME] warn: [33mWorker 58860 exited with error code: 1[39m
Fri Aug 29 2025 17:4:26 [SERVER-NAME] info: [34mRestarting worker 58860 in 20000ms (attempt 3)[39m
Fri Aug 29 2025 17:4:26 [SERVER-NAME] warn: [33mWorker 59264 exited with error code: 1[39m
Fri Aug 29 2025 17:4:26 [SERVER-NAME] info: [34mRestarting worker 59264 in 20000ms (attempt 3)[39m
Fri Aug 29 2025 17:4:26 [SERVER-NAME] info: [32mWorker 12404 is ready to accept connections[39m
Fri Aug 29 2025 17:4:26 [SERVER-NAME] info: [32mWorker 29672 is ready to accept connections[39m
Fri Aug 29 2025 17:4:26 [SERVER-NAME] info: [32mWorker 54724 is ready to accept connections[39m
Fri Aug 29 2025 17:4:26 [SERVER-NAME] info: [32mWorker 29176 is ready to accept connections[39m
Fri Aug 29 2025 17:4:26 [SERVER-NAME] info: [32mWorker 33368 is ready to accept connections[39m
Fri Aug 29 2025 17:4:26 [SERVER-NAME] info: [32mWorker 50172 is ready to accept connections[39m
Fri Aug 29 2025 17:4:26 [SERVER-NAME] warn: [33mWorker 11840 exited with error code: 1[39m
Fri Aug 29 2025 17:4:26 [SERVER-NAME] info: [34mRestarting worker 11840 in 20000ms (attempt 3)[39m
Fri Aug 29 2025 17:4:26 [SERVER-NAME] info: [34mWorker 30724 started[39m
Fri Aug 29 2025 17:4:26 [SERVER-NAME] info: [32mConfig validation successful.[39m
Fri Aug 29 2025 17:4:26 [SERVER-NAME] info: [34mWorker 56156 started[39m
Fri Aug 29 2025 17:4:26 [SERVER-NAME] info: [32mConfig validation successful.[39m
Fri Aug 29 2025 17:4:26 [SERVER-NAME] info: [34mWorker 36392 started[39m
Fri Aug 29 2025 17:4:26 [SERVER-NAME] info: [32mConfig validation successful.[39m
Fri Aug 29 2025 17:4:26 [SERVER-NAME] info: [32m🚀 Database connected successfully[39m
Fri Aug 29 2025 17:4:26 [SERVER-NAME] info: [32mWorker 30724 is ready to accept connections[39m
Fri Aug 29 2025 17:4:26 [SERVER-NAME] info: [33m♻️  Socket is listening on same port 7000[39m
Fri Aug 29 2025 17:4:26 [SERVER-NAME] info: [32m🚀 Database connected successfully[39m
Fri Aug 29 2025 17:4:26 [SERVER-NAME] info: [32m🚀 Database connected successfully[39m
Fri Aug 29 2025 17:4:26 [SERVER-NAME] info: [32mWorker 36392 is ready to accept connections[39m
Fri Aug 29 2025 17:4:26 [SERVER-NAME] info: [32mWorker 56156 is ready to accept connections[39m
Fri Aug 29 2025 17:4:26 [SERVER-NAME] info: [33m♻️  Socket is listening on same port 7000[39m
Fri Aug 29 2025 17:4:26 [SERVER-NAME] info: [33m♻️  Socket is listening on same port 7000[39m
Fri Aug 29 2025 17:4:27 [SERVER-NAME] warn: [33mWorker 12404 exited with error code: 1[39m
Fri Aug 29 2025 17:4:27 [SERVER-NAME] info: [34mRestarting worker 12404 in 20000ms (attempt 3)[39m
Fri Aug 29 2025 17:4:27 [SERVER-NAME] warn: [33mWorker 29672 exited with error code: 1[39m
Fri Aug 29 2025 17:4:27 [SERVER-NAME] info: [34mRestarting worker 29672 in 20000ms (attempt 3)[39m
Fri Aug 29 2025 17:4:27 [SERVER-NAME] warn: [33mWorker 54724 exited with error code: 1[39m
Fri Aug 29 2025 17:4:27 [SERVER-NAME] info: [34mRestarting worker 54724 in 20000ms (attempt 3)[39m
Fri Aug 29 2025 17:4:27 [SERVER-NAME] warn: [33mWorker 29176 exited with error code: 1[39m
Fri Aug 29 2025 17:4:27 [SERVER-NAME] info: [34mRestarting worker 29176 in 20000ms (attempt 3)[39m
Fri Aug 29 2025 17:4:27 [SERVER-NAME] warn: [33mWorker 33368 exited with error code: 1[39m
Fri Aug 29 2025 17:4:27 [SERVER-NAME] info: [34mRestarting worker 33368 in 20000ms (attempt 3)[39m
Fri Aug 29 2025 17:4:27 [SERVER-NAME] warn: [33mWorker 50172 exited with error code: 1[39m
Fri Aug 29 2025 17:4:27 [SERVER-NAME] info: [34mRestarting worker 50172 in 20000ms (attempt 3)[39m
Fri Aug 29 2025 17:4:27 [SERVER-NAME] warn: [33mWorker 30724 exited with error code: 1[39m
Fri Aug 29 2025 17:4:27 [SERVER-NAME] info: [34mRestarting worker 30724 in 20000ms (attempt 3)[39m
Fri Aug 29 2025 17:4:27 [SERVER-NAME] warn: [33mWorker 56156 exited with error code: 1[39m
Fri Aug 29 2025 17:4:27 [SERVER-NAME] info: [34mRestarting worker 56156 in 20000ms (attempt 3)[39m
Fri Aug 29 2025 17:4:27 [SERVER-NAME] warn: [33mWorker 36392 exited with error code: 1[39m
Fri Aug 29 2025 17:4:27 [SERVER-NAME] info: [34mRestarting worker 36392 in 20000ms (attempt 3)[39m
Fri Aug 29 2025 17:4:47 [SERVER-NAME] info: [34mWorker 56528 started[39m
Fri Aug 29 2025 17:4:47 [SERVER-NAME] info: [32mConfig validation successful.[39m
Fri Aug 29 2025 17:4:48 [SERVER-NAME] info: [32m🚀 Database connected successfully[39m
Fri Aug 29 2025 17:4:48 [SERVER-NAME] info: [32mWorker 56528 is ready to accept connections[39m
Fri Aug 29 2025 17:4:48 [SERVER-NAME] info: [33m♻️  Socket is listening on same port 7000[39m
Fri Aug 29 2025 17:4:48 [SERVER-NAME] info: [34mWorker 56004 started[39m
Fri Aug 29 2025 17:4:48 [SERVER-NAME] info: [32mConfig validation successful.[39m
Fri Aug 29 2025 17:4:48 [SERVER-NAME] info: [32m🚀 Database connected successfully[39m
Fri Aug 29 2025 17:4:48 [SERVER-NAME] info: [32mWorker 56004 is ready to accept connections[39m
Fri Aug 29 2025 17:4:48 [SERVER-NAME] info: [33m♻️  Socket is listening on same port 7000[39m
Fri Aug 29 2025 17:4:48 [SERVER-NAME] info: [34mWorker 49920 started[39m
Fri Aug 29 2025 17:4:48 [SERVER-NAME] info: [32mConfig validation successful.[39m
Fri Aug 29 2025 17:4:48 [SERVER-NAME] info: [32m🚀 Database connected successfully[39m
Fri Aug 29 2025 17:4:48 [SERVER-NAME] info: [32mWorker 49920 is ready to accept connections[39m
Fri Aug 29 2025 17:4:48 [SERVER-NAME] info: [33m♻️  Socket is listening on same port 7000[39m
Fri Aug 29 2025 17:4:49 [SERVER-NAME] warn: [33mWorker 56528 exited with error code: 1[39m
Fri Aug 29 2025 17:4:49 [SERVER-NAME] info: [34mRestarting worker 56528 in 40000ms (attempt 4)[39m
Fri Aug 29 2025 17:4:49 [SERVER-NAME] warn: [33mWorker 56004 exited with error code: 1[39m
Fri Aug 29 2025 17:4:49 [SERVER-NAME] info: [34mRestarting worker 56004 in 40000ms (attempt 4)[39m
Fri Aug 29 2025 17:4:49 [SERVER-NAME] info: [34mWorker 57044 started[39m
Fri Aug 29 2025 17:4:49 [SERVER-NAME] info: [32mConfig validation successful.[39m
Fri Aug 29 2025 17:4:49 [SERVER-NAME] info: [34mWorker 58736 started[39m
Fri Aug 29 2025 17:4:49 [SERVER-NAME] info: [32mConfig validation successful.[39m
Fri Aug 29 2025 17:4:49 [SERVER-NAME] info: [32m🚀 Database connected successfully[39m
Fri Aug 29 2025 17:4:49 [SERVER-NAME] info: [32m🚀 Database connected successfully[39m
Fri Aug 29 2025 17:4:49 [SERVER-NAME] info: [33m♻️  Socket is listening on same port 7000[39m
Fri Aug 29 2025 17:4:49 [SERVER-NAME] info: [33m♻️  Socket is listening on same port 7000[39m
Fri Aug 29 2025 17:4:49 [SERVER-NAME] info: [32mWorker 57044 is ready to accept connections[39m
Fri Aug 29 2025 17:4:49 [SERVER-NAME] warn: [33mWorker 49920 exited with error code: 1[39m
Fri Aug 29 2025 17:4:49 [SERVER-NAME] info: [34mRestarting worker 49920 in 40000ms (attempt 4)[39m
Fri Aug 29 2025 17:4:49 [SERVER-NAME] info: [32mWorker 58736 is ready to accept connections[39m
Fri Aug 29 2025 17:4:49 [SERVER-NAME] info: [34mWorker 57376 started[39m
Fri Aug 29 2025 17:4:49 [SERVER-NAME] info: [32mConfig validation successful.[39m
Fri Aug 29 2025 17:4:49 [SERVER-NAME] info: [32m🚀 Database connected successfully[39m
Fri Aug 29 2025 17:4:49 [SERVER-NAME] info: [34mWorker 53524 started[39m
Fri Aug 29 2025 17:4:49 [SERVER-NAME] info: [32mConfig validation successful.[39m
Fri Aug 29 2025 17:4:49 [SERVER-NAME] info: [33m♻️  Socket is listening on same port 7000[39m
Fri Aug 29 2025 17:4:49 [SERVER-NAME] info: [32mWorker 57376 is ready to accept connections[39m
Fri Aug 29 2025 17:4:50 [SERVER-NAME] info: [32m🚀 Database connected successfully[39m
Fri Aug 29 2025 17:4:50 [SERVER-NAME] info: [33m♻️  Socket is listening on same port 7000[39m
Fri Aug 29 2025 17:4:50 [SERVER-NAME] info: [32mWorker 53524 is ready to accept connections[39m
Fri Aug 29 2025 17:4:50 [SERVER-NAME] info: [34mWorker 53208 started[39m
Fri Aug 29 2025 17:4:50 [SERVER-NAME] info: [32mConfig validation successful.[39m
Fri Aug 29 2025 17:4:50 [SERVER-NAME] info: [32m🚀 Database connected successfully[39m
Fri Aug 29 2025 17:4:50 [SERVER-NAME] info: [32mWorker 53208 is ready to accept connections[39m
Fri Aug 29 2025 17:4:50 [SERVER-NAME] info: [33m♻️  Socket is listening on same port 7000[39m
Fri Aug 29 2025 17:4:50 [SERVER-NAME] info: [34mWorker 41104 started[39m
Fri Aug 29 2025 17:4:50 [SERVER-NAME] info: [32mConfig validation successful.[39m
Fri Aug 29 2025 17:4:50 [SERVER-NAME] info: [32m🚀 Database connected successfully[39m
Fri Aug 29 2025 17:4:50 [SERVER-NAME] info: [32mWorker 41104 is ready to accept connections[39m
Fri Aug 29 2025 17:4:50 [SERVER-NAME] info: [34mWorker 53648 started[39m
Fri Aug 29 2025 17:4:50 [SERVER-NAME] info: [32mConfig validation successful.[39m
Fri Aug 29 2025 17:4:50 [SERVER-NAME] info: [33m♻️  Socket is listening on same port 7000[39m
Fri Aug 29 2025 17:4:50 [SERVER-NAME] info: [32m🚀 Database connected successfully[39m
Fri Aug 29 2025 17:4:50 [SERVER-NAME] info: [32mWorker 53648 is ready to accept connections[39m
Fri Aug 29 2025 17:4:50 [SERVER-NAME] info: [33m♻️  Socket is listening on same port 7000[39m
Fri Aug 29 2025 17:4:50 [SERVER-NAME] info: [34mWorker 43844 started[39m
Fri Aug 29 2025 17:4:50 [SERVER-NAME] info: [32mConfig validation successful.[39m
Fri Aug 29 2025 17:4:50 [SERVER-NAME] info: [34mWorker 56296 started[39m
Fri Aug 29 2025 17:4:50 [SERVER-NAME] info: [32mConfig validation successful.[39m
Fri Aug 29 2025 17:4:50 [SERVER-NAME] warn: [33mWorker 57044 exited with error code: 1[39m
Fri Aug 29 2025 17:4:50 [SERVER-NAME] info: [34mRestarting worker 57044 in 40000ms (attempt 4)[39m
Fri Aug 29 2025 17:4:50 [SERVER-NAME] info: [32m🚀 Database connected successfully[39m
Fri Aug 29 2025 17:4:50 [SERVER-NAME] info: [32mWorker 43844 is ready to accept connections[39m
Fri Aug 29 2025 17:4:50 [SERVER-NAME] info: [33m♻️  Socket is listening on same port 7000[39m
Fri Aug 29 2025 17:4:50 [SERVER-NAME] info: [32m🚀 Database connected successfully[39m
Fri Aug 29 2025 17:4:50 [SERVER-NAME] info: [32mWorker 56296 is ready to accept connections[39m
Fri Aug 29 2025 17:4:50 [SERVER-NAME] info: [33m♻️  Socket is listening on same port 7000[39m
Fri Aug 29 2025 17:4:50 [SERVER-NAME] warn: [33mWorker 58736 exited with error code: 1[39m
Fri Aug 29 2025 17:4:50 [SERVER-NAME] info: [34mRestarting worker 58736 in 40000ms (attempt 4)[39m
Fri Aug 29 2025 17:4:51 [SERVER-NAME] warn: [33mWorker 57376 exited with error code: 1[39m
Fri Aug 29 2025 17:4:51 [SERVER-NAME] info: [34mRestarting worker 57376 in 40000ms (attempt 4)[39m
Fri Aug 29 2025 17:4:51 [SERVER-NAME] warn: [33mWorker 53524 exited with error code: 1[39m
Fri Aug 29 2025 17:4:51 [SERVER-NAME] info: [34mRestarting worker 53524 in 40000ms (attempt 4)[39m
Fri Aug 29 2025 17:4:51 [SERVER-NAME] warn: [33mWorker 53208 exited with error code: 1[39m
Fri Aug 29 2025 17:4:51 [SERVER-NAME] info: [34mRestarting worker 53208 in 40000ms (attempt 4)[39m
Fri Aug 29 2025 17:4:51 [SERVER-NAME] warn: [33mWorker 41104 exited with error code: 1[39m
Fri Aug 29 2025 17:4:51 [SERVER-NAME] info: [34mRestarting worker 41104 in 40000ms (attempt 4)[39m
Fri Aug 29 2025 17:4:51 [SERVER-NAME] warn: [33mWorker 53648 exited with error code: 1[39m
Fri Aug 29 2025 17:4:51 [SERVER-NAME] info: [34mRestarting worker 53648 in 40000ms (attempt 4)[39m
Fri Aug 29 2025 17:4:51 [SERVER-NAME] warn: [33mWorker 43844 exited with error code: 1[39m
Fri Aug 29 2025 17:4:51 [SERVER-NAME] info: [34mRestarting worker 43844 in 40000ms (attempt 4)[39m
Fri Aug 29 2025 17:4:51 [SERVER-NAME] warn: [33mWorker 56296 exited with error code: 1[39m
Fri Aug 29 2025 17:4:51 [SERVER-NAME] info: [34mRestarting worker 56296 in 40000ms (attempt 4)[39m
Fri Aug 29 2025 17:5:31 [SERVER-NAME] info: [34mSIGINT received. Shutting down gracefully...[39m
Fri Aug 29 2025 17:5:36 [SERVER-NAME] info: [32mConfig validation successful.[39m
Fri Aug 29 2025 17:5:36 [SERVER-NAME] info: [32m🚀 Database connected successfully[39m
Fri Aug 29 2025 17:5:36 [SERVER-NAME] info: [33m♻️  Socket is listening on same port 7000[39m
Fri Aug 29 2025 17:5:36 [SERVER-NAME] info: [46m♻️  Application listening on http://10.10.7.62:7000[49m
Fri Aug 29 2025 17:5:36 [SERVER-NAME] info: [34mA user connected[39m
Fri Aug 29 2025 17:5:36 [SERVER-NAME] info: [31mA user disconnect[39m
Fri Aug 29 2025 17:5:37 [SERVER-NAME] info: [34mA user connected[39m
Fri Aug 29 2025 17:6:41 [SERVER-NAME] info: 10.10.7.48 - OPTIONS /api/v1/subscription/check-access 204 - 0.658 ms
Fri Aug 29 2025 17:6:41 [SERVER-NAME] info: 10.10.7.48 - GET /api/v1/subscription/check-access 304 - 24.252 ms
Fri Aug 29 2025 17:6:42 [SERVER-NAME] info: 10.10.7.48 - OPTIONS /api/v1/users/profile 204 - 0.068 ms
Fri Aug 29 2025 17:6:42 [SERVER-NAME] info: 10.10.7.48 - OPTIONS /api/v1/notifications?page=1&limit=30 204 - 0.100 ms
Fri Aug 29 2025 17:6:42 [SERVER-NAME] info: 10.10.7.48 - OPTIONS /api/v1/community/leaderboard 204 - 0.150 ms
Fri Aug 29 2025 17:6:42 [SERVER-NAME] info: 10.10.7.48 - OPTIONS /api/v1/community?page=1&limit=10 204 - 0.090 ms
Fri Aug 29 2025 17:6:42 [SERVER-NAME] info: 10.10.7.48 - GET /api/v1/users/profile 304 - 22.762 ms
Fri Aug 29 2025 17:6:42 [SERVER-NAME] info: 10.10.7.48 - GET /api/v1/community/leaderboard 304 - 32.718 ms
Fri Aug 29 2025 17:6:42 [SERVER-NAME] info: 10.10.7.48 - GET /api/v1/community?page=1&limit=10 304 - 40.584 ms
Fri Aug 29 2025 17:6:42 [SERVER-NAME] info: 10.10.7.48 - GET /api/v1/notifications?page=1&limit=30 304 - 46.448 ms
Fri Aug 29 2025 17:6:42 [SERVER-NAME] info: 10.10.7.48 - OPTIONS /api/v1/post/letest 204 - 0.084 ms
Fri Aug 29 2025 17:6:42 [SERVER-NAME] info: 10.10.7.48 - GET /api/v1/post/letest 200 - 5.683 ms
Fri Aug 29 2025 17:6:42 [SERVER-NAME] info: 10.10.7.48 - GET //image/young-woman-doing-yoga-in-nature-video-1756444315398.jpg 200 - 1.928 ms
Fri Aug 29 2025 17:6:42 [SERVER-NAME] info: [34mA user connected[39m
Fri Aug 29 2025 17:6:56 [SERVER-NAME] info: [31mA user disconnect[39m
Fri Aug 29 2025 17:6:57 [SERVER-NAME] info: 10.10.7.48 - OPTIONS /api/v1/subscription/check-access 204 - 0.093 ms
Fri Aug 29 2025 17:6:57 [SERVER-NAME] info: 10.10.7.48 - GET /api/v1/subscription/check-access 304 - 18.064 ms
Fri Aug 29 2025 17:6:57 [SERVER-NAME] info: 10.10.7.48 - OPTIONS /api/v1/users/profile 204 - 0.222 ms
Fri Aug 29 2025 17:6:57 [SERVER-NAME] info: 10.10.7.48 - OPTIONS /api/v1/notifications?page=1&limit=30 204 - 0.090 ms
Fri Aug 29 2025 17:6:57 [SERVER-NAME] info: 10.10.7.48 - OPTIONS /api/v1/community/leaderboard 204 - 0.099 ms
Fri Aug 29 2025 17:6:57 [SERVER-NAME] info: 10.10.7.48 - OPTIONS /api/v1/community?page=1&limit=10 204 - 0.079 ms
Fri Aug 29 2025 17:6:57 [SERVER-NAME] info: 10.10.7.48 - GET /api/v1/users/profile 304 - 30.993 ms
Fri Aug 29 2025 17:6:57 [SERVER-NAME] info: 10.10.7.48 - GET /api/v1/community/leaderboard 304 - 36.625 ms
Fri Aug 29 2025 17:6:57 [SERVER-NAME] info: 10.10.7.48 - GET /api/v1/community?page=1&limit=10 304 - 49.641 ms
Fri Aug 29 2025 17:6:57 [SERVER-NAME] info: 10.10.7.48 - GET /api/v1/notifications?page=1&limit=30 304 - 52.951 ms
Fri Aug 29 2025 17:6:57 [SERVER-NAME] info: 10.10.7.48 - OPTIONS /api/v1/post/letest 204 - 0.079 ms
Fri Aug 29 2025 17:6:57 [SERVER-NAME] info: 10.10.7.48 - GET /api/v1/post/letest 304 - 8.151 ms
Fri Aug 29 2025 17:6:57 [SERVER-NAME] info: [34mA user connected[39m
Fri Aug 29 2025 17:7:5 [SERVER-NAME] info: 10.10.7.48 - OPTIONS /api/v1/admin/post/management/status/68b18579d214b230282a828c 204 - 0.082 ms
Fri Aug 29 2025 17:7:5 [SERVER-NAME] info: 10.10.7.48 - PATCH /api/v1/admin/post/management/status/68b18579d214b230282a828c 200 - 56.988 ms
Fri Aug 29 2025 17:7:5 [SERVER-NAME] info: 10.10.7.48 - OPTIONS /api/v1/admin/post/management?page=1&limit=12 204 - 0.123 ms
Fri Aug 29 2025 17:7:5 [SERVER-NAME] info: 10.10.7.48 - GET /api/v1/admin/post/management?page=1&limit=12 200 - 11.072 ms
Fri Aug 29 2025 17:7:8 [SERVER-NAME] info: 10.10.7.48 - OPTIONS /api/v1/admin/post/management/status/68b1850cd214b230282a825b 204 - 0.123 ms
Fri Aug 29 2025 17:7:8 [SERVER-NAME] info: 10.10.7.48 - PATCH /api/v1/admin/post/management/status/68b1850cd214b230282a825b 200 - 25.009 ms
Fri Aug 29 2025 17:7:8 [SERVER-NAME] info: 10.10.7.48 - GET /api/v1/admin/post/management?page=1&limit=12 200 - 12.224 ms
Fri Aug 29 2025 17:7:11 [SERVER-NAME] info: 10.10.7.48 - OPTIONS /api/v1/users/profile 204 - 0.134 ms
Fri Aug 29 2025 17:7:11 [SERVER-NAME] info: 10.10.7.48 - OPTIONS /api/v1/admin/post/management?page=1&limit=12 204 - 0.065 ms
Fri Aug 29 2025 17:7:11 [SERVER-NAME] info: 10.10.7.48 - GET /api/v1/users/profile 200 - 7.733 ms
Fri Aug 29 2025 17:7:11 [SERVER-NAME] info: 10.10.7.48 - GET /api/v1/admin/post/management?page=1&limit=12 304 - 9.519 ms
Fri Aug 29 2025 17:7:11 [SERVER-NAME] info: 10.10.7.48 - GET //image/young-woman-doing-yoga-in-nature-video-1756267358857.jpg 304 - 0.665 ms
Fri Aug 29 2025 17:7:12 [SERVER-NAME] info: [31mA user disconnect[39m
Fri Aug 29 2025 17:7:13 [SERVER-NAME] info: 10.10.7.48 - OPTIONS /api/v1/subscription/check-access 204 - 0.155 ms
Fri Aug 29 2025 17:7:13 [SERVER-NAME] info: 10.10.7.48 - GET /api/v1/subscription/check-access 304 - 25.715 ms
Fri Aug 29 2025 17:7:13 [SERVER-NAME] info: 10.10.7.48 - OPTIONS /api/v1/users/profile 204 - 0.089 ms
Fri Aug 29 2025 17:7:13 [SERVER-NAME] info: 10.10.7.48 - OPTIONS /api/v1/notifications?page=1&limit=30 204 - 0.055 ms
Fri Aug 29 2025 17:7:13 [SERVER-NAME] info: 10.10.7.48 - OPTIONS /api/v1/community/leaderboard 204 - 0.046 ms
Fri Aug 29 2025 17:7:13 [SERVER-NAME] info: 10.10.7.48 - OPTIONS /api/v1/community?page=1&limit=10 204 - 0.061 ms
Fri Aug 29 2025 17:7:13 [SERVER-NAME] info: 10.10.7.48 - GET /api/v1/users/profile 200 - 28.535 ms
Fri Aug 29 2025 17:7:13 [SERVER-NAME] info: 10.10.7.48 - GET /api/v1/community/leaderboard 304 - 35.311 ms
Fri Aug 29 2025 17:7:13 [SERVER-NAME] info: 10.10.7.48 - GET /api/v1/notifications?page=1&limit=30 304 - 53.109 ms
Fri Aug 29 2025 17:7:13 [SERVER-NAME] info: 10.10.7.48 - GET /api/v1/community?page=1&limit=10 304 - 45.783 ms
Fri Aug 29 2025 17:7:14 [SERVER-NAME] info: [34mA user connected[39m
Fri Aug 29 2025 17:7:14 [SERVER-NAME] info: 10.10.7.48 - OPTIONS /api/v1/post/letest 204 - 0.085 ms
Fri Aug 29 2025 17:7:14 [SERVER-NAME] info: 10.10.7.48 - GET /api/v1/post/letest 200 - 11.689 ms
Fri Aug 29 2025 17:7:58 [SERVER-NAME] info: 10.10.7.48 - OPTIONS /api/v1/quotation 204 - 1.051 ms
Fri Aug 29 2025 17:7:58 [SERVER-NAME] info: 10.10.7.48 - OPTIONS /api/v1/today 204 - 0.064 ms
Fri Aug 29 2025 17:7:58 [SERVER-NAME] info: 10.10.7.48 - OPTIONS /api/v1/comingSoon/latest 204 - 0.054 ms
Fri Aug 29 2025 17:7:58 [SERVER-NAME] info: 10.10.7.48 - OPTIONS /api/v1/dailyInspiration/letest 204 - 0.050 ms
Fri Aug 29 2025 17:7:58 [SERVER-NAME] info: 10.10.7.48 - OPTIONS /api/v1/category 204 - 0.047 ms
Fri Aug 29 2025 17:7:58 [SERVER-NAME] info: 10.10.7.48 - OPTIONS /api/v1/admin/challenge-category/get-all-challenge-category-for-user 204 - 0.045 ms
Fri Aug 29 2025 17:7:58 [SERVER-NAME] info: 10.10.7.48 - GET /api/v1/quotation 304 - 95.778 ms
Fri Aug 29 2025 17:7:59 [SERVER-NAME] info: 10.10.7.48 - GET /api/v1/dailyInspiration/letest 304 - 48.501 ms
Fri Aug 29 2025 17:7:59 [SERVER-NAME] info: 10.10.7.48 - GET /api/v1/today 200 - 103.938 ms
Fri Aug 29 2025 17:7:59 [SERVER-NAME] info: 10.10.7.48 - GET /api/v1/comingSoon/latest 304 - 72.009 ms
Fri Aug 29 2025 17:7:59 [SERVER-NAME] info: 10.10.7.48 - GET /api/v1/category 304 - 77.566 ms
Fri Aug 29 2025 17:7:59 [SERVER-NAME] info: 10.10.7.48 - GET /api/v1/admin/challenge-category/get-all-challenge-category-for-user 304 - 78.510 ms
Fri Aug 29 2025 17:7:59 [SERVER-NAME] info: 10.10.7.48 - GET //thumbnail/videoblocks-v1-0011_20221110-as-semenov-sport-in-the-morning-2-outdoor00000000_heeiyvvr2j_thumbnail-180_07-1756297485078.jpg 200 - 2.763 ms
Fri Aug 29 2025 17:7:59 [SERVER-NAME] info: 10.10.7.48 - GET //image/young-woman-doing-yoga-in-nature-video-1756208892126.jpg 200 - 4.430 ms
Fri Aug 29 2025 17:7:59 [SERVER-NAME] info: 10.10.7.48 - GET //image/videoblocks-v1-0011_20221110-as-semenov-sport-in-the-morning-2-outdoor00000000_heeiyvvr2j_thumbnail-180_07-1756181438957.jpg 200 - 0.962 ms
Fri Aug 29 2025 17:7:59 [SERVER-NAME] info: 10.10.7.48 - GET //thumbnail/link---zoanthids-%C3%A2%C2%86%C2%92-coralstashicon2.png-1754911760194.png 200 - 5.127 ms
Fri Aug 29 2025 17:7:59 [SERVER-NAME] info: 10.10.7.48 - GET //thumbnail/yellow-2708363-1755692741197.jpg 200 - 4.481 ms
Fri Aug 29 2025 17:8:2 [SERVER-NAME] info: 10.10.7.48 - OPTIONS /api/v1/category/subcategory/68a5bec52148500c7998bb15 204 - 0.074 ms
Fri Aug 29 2025 17:8:2 [SERVER-NAME] info: 10.10.7.48 - OPTIONS /api/v1/category/get-videos/68a5bec52148500c7998bb15 204 - 0.038 ms
Fri Aug 29 2025 17:8:2 [SERVER-NAME] info: 10.10.7.48 - GET /api/v1/category/subcategory/68a5bec52148500c7998bb15 304 - 14.155 ms
Fri Aug 29 2025 17:8:2 [SERVER-NAME] info: 10.10.7.48 - GET /api/v1/category/get-videos/68a5bec52148500c7998bb15 304 - 14.491 ms
Fri Aug 29 2025 17:8:2 [SERVER-NAME] info: 10.10.7.48 - GET /thumbnail/young-woman-doing-yoga-in-nature-video-1756181629922.jpg 200 - 0.903 ms
Fri Aug 29 2025 17:8:6 [SERVER-NAME] info: 10.10.7.48 - OPTIONS /api/v1/videos/68ad347d8fd1dbd4b43bb76d 204 - 0.105 ms
Fri Aug 29 2025 17:8:54 [SERVER-NAME] info: [31mA user disconnect[39m
Fri Aug 29 2025 17:8:57 [SERVER-NAME] info: 10.10.7.48 - OPTIONS /api/v1/subscription/check-access 204 - 0.296 ms
Fri Aug 29 2025 17:8:57 [SERVER-NAME] info: 10.10.7.48 - GET /api/v1/subscription/check-access 304 - 18.253 ms
Fri Aug 29 2025 17:10:5 [SERVER-NAME] info: 10.10.7.48 - OPTIONS /api/v1/users/profile 204 - 0.842 ms
Fri Aug 29 2025 17:10:5 [SERVER-NAME] info: 10.10.7.48 - OPTIONS /api/v1/notifications?page=1&limit=30 204 - 0.055 ms
Fri Aug 29 2025 17:10:5 [SERVER-NAME] info: 10.10.7.48 - OPTIONS /api/v1/subcategory/get-videos/68ad347d8fd1dbd4b43bb76d 204 - 0.143 ms
Fri Aug 29 2025 17:10:5 [SERVER-NAME] info: 10.10.7.48 - GET /api/v1/users/profile 304 - 52.249 ms
Fri Aug 29 2025 17:10:5 [SERVER-NAME] info: 10.10.7.48 - GET /api/v1/notifications?page=1&limit=30 304 - 59.921 ms
Fri Aug 29 2025 17:10:5 [SERVER-NAME] info: 10.10.7.48 - GET /api/v1/subcategory/get-videos/68ad347d8fd1dbd4b43bb76d 304 - 61.751 ms
Fri Aug 29 2025 17:10:5 [SERVER-NAME] info: 10.10.7.48 - GET //image/young-woman-doing-yoga-in-nature-video-1756444315398.jpg 200 - 4.016 ms
Fri Aug 29 2025 17:10:5 [SERVER-NAME] info: [34mA user connected[39m
Fri Aug 29 2025 17:10:18 [SERVER-NAME] info: 10.10.7.48 - OPTIONS /api/v1/category/subcategory/68a5bec52148500c7998bb15 204 - 0.156 ms
Fri Aug 29 2025 17:10:18 [SERVER-NAME] info: 10.10.7.48 - OPTIONS /api/v1/category/get-videos/68a5bec52148500c7998bb15 204 - 0.044 ms
Fri Aug 29 2025 17:10:18 [SERVER-NAME] info: 10.10.7.48 - GET /api/v1/category/subcategory/68a5bec52148500c7998bb15 304 - 26.006 ms
Fri Aug 29 2025 17:10:18 [SERVER-NAME] info: 10.10.7.48 - GET /api/v1/category/get-videos/68a5bec52148500c7998bb15 304 - 30.402 ms
Fri Aug 29 2025 17:10:18 [SERVER-NAME] info: 10.10.7.48 - GET /thumbnail/young-woman-doing-yoga-in-nature-video-1756181629922.jpg 200 - 1.402 ms
Fri Aug 29 2025 17:16:25 [SERVER-NAME] info: [31mA user disconnect[39m
Fri Aug 29 2025 17:16:28 [SERVER-NAME] info: 10.10.7.48 - OPTIONS /api/v1/subscription/check-access 204 - 1.365 ms
Fri Aug 29 2025 17:16:28 [SERVER-NAME] info: 10.10.7.48 - GET /api/v1/subscription/check-access 304 - 56.502 ms
Fri Aug 29 2025 17:17:55 [SERVER-NAME] info: 10.10.7.48 - OPTIONS /api/v1/users/profile 204 - 0.064 ms
Fri Aug 29 2025 17:17:55 [SERVER-NAME] info: 10.10.7.48 - OPTIONS /api/v1/notifications?page=1&limit=30 204 - 0.047 ms
Fri Aug 29 2025 17:17:55 [SERVER-NAME] info: 10.10.7.48 - OPTIONS /api/v1/subcategory/get-videos/68ad347d8fd1dbd4b43bb76d 204 - 0.040 ms
Fri Aug 29 2025 17:17:55 [SERVER-NAME] info: 10.10.7.48 - GET /api/v1/users/profile 304 - 10.102 ms
Fri Aug 29 2025 17:17:55 [SERVER-NAME] info: 10.10.7.48 - GET /api/v1/notifications?page=1&limit=30 304 - 40.847 ms
Fri Aug 29 2025 17:17:55 [SERVER-NAME] info: 10.10.7.48 - GET /api/v1/subcategory/get-videos/68ad347d8fd1dbd4b43bb76d 304 - 49.288 ms
Fri Aug 29 2025 17:17:55 [SERVER-NAME] info: 10.10.7.48 - GET //image/young-woman-doing-yoga-in-nature-video-1756444315398.jpg 200 - 4.120 ms
Fri Aug 29 2025 17:17:55 [SERVER-NAME] info: [34mA user connected[39m
Fri Aug 29 2025 17:28:14 [SERVER-NAME] info: 10.10.7.48 - GET /api/v1/admin/post/management/ 200 - 89.557 ms
Fri Aug 29 2025 17:40:22 [SERVER-NAME] info: [31mA user disconnect[39m
Fri Aug 29 2025 17:40:23 [SERVER-NAME] info: 10.10.7.48 - OPTIONS /api/v1/subscription/check-access 204 - 0.841 ms
Fri Aug 29 2025 17:40:23 [SERVER-NAME] info: 10.10.7.48 - GET /api/v1/subscription/check-access 304 - 48.243 ms
Fri Aug 29 2025 17:40:23 [SERVER-NAME] info: 10.10.7.48 - OPTIONS /api/v1/users/profile 204 - 0.048 ms
Fri Aug 29 2025 17:40:23 [SERVER-NAME] info: 10.10.7.48 - OPTIONS /api/v1/notifications?page=1&limit=30 204 - 0.043 ms
Fri Aug 29 2025 17:40:23 [SERVER-NAME] info: 10.10.7.48 - OPTIONS /api/v1/subcategory/get-videos/68ad347d8fd1dbd4b43bb76d 204 - 0.038 ms
Fri Aug 29 2025 17:40:23 [SERVER-NAME] info: 10.10.7.48 - GET /api/v1/users/profile 304 - 8.100 ms
Fri Aug 29 2025 17:40:23 [SERVER-NAME] info: 10.10.7.48 - GET /api/v1/notifications?page=1&limit=30 304 - 35.155 ms
Fri Aug 29 2025 17:40:23 [SERVER-NAME] info: 10.10.7.48 - GET /api/v1/subcategory/get-videos/68ad347d8fd1dbd4b43bb76d 304 - 36.175 ms
Fri Aug 29 2025 17:40:23 [SERVER-NAME] info: 10.10.7.48 - GET //image/young-woman-doing-yoga-in-nature-video-1756444315398.jpg 200 - 2.066 ms
Fri Aug 29 2025 17:40:23 [SERVER-NAME] info: [34mA user connected[39m
Fri Aug 29 2025 17:40:32 [SERVER-NAME] info: [31mA user disconnect[39m
Fri Aug 29 2025 17:40:33 [SERVER-NAME] info: 10.10.7.48 - OPTIONS /api/v1/subscription/check-access 204 - 0.065 ms
Fri Aug 29 2025 17:40:33 [SERVER-NAME] info: 10.10.7.48 - GET /api/v1/subscription/check-access 304 - 8.117 ms
Fri Aug 29 2025 17:40:33 [SERVER-NAME] info: 10.10.7.48 - OPTIONS /api/v1/users/profile 204 - 0.075 ms
Fri Aug 29 2025 17:40:33 [SERVER-NAME] info: 10.10.7.48 - OPTIONS /api/v1/notifications?page=1&limit=30 204 - 0.067 ms
Fri Aug 29 2025 17:40:33 [SERVER-NAME] info: 10.10.7.48 - OPTIONS /api/v1/subcategory/get-videos/68ad347d8fd1dbd4b43bb76d 204 - 0.098 ms
Fri Aug 29 2025 17:40:33 [SERVER-NAME] info: 10.10.7.48 - GET /api/v1/users/profile 304 - 11.208 ms
Fri Aug 29 2025 17:40:33 [SERVER-NAME] info: 10.10.7.48 - GET /api/v1/notifications?page=1&limit=30 304 - 20.947 ms
Fri Aug 29 2025 17:40:33 [SERVER-NAME] info: 10.10.7.48 - GET /api/v1/subcategory/get-videos/68ad347d8fd1dbd4b43bb76d 304 - 25.630 ms
Fri Aug 29 2025 17:40:33 [SERVER-NAME] info: [34mA user connected[39m
Fri Aug 29 2025 17:41:41 [SERVER-NAME] info: [31mA user disconnect[39m
Fri Aug 29 2025 17:41:45 [SERVER-NAME] info: 10.10.7.48 - OPTIONS /api/v1/subscription/check-access 204 - 0.061 ms
Fri Aug 29 2025 17:41:45 [SERVER-NAME] info: 10.10.7.48 - GET /api/v1/subscription/check-access 304 - 6.612 ms
Fri Aug 29 2025 17:41:49 [SERVER-NAME] info: 10.10.7.48 - OPTIONS /api/v1/users/profile 204 - 0.127 ms
Fri Aug 29 2025 17:41:49 [SERVER-NAME] info: 10.10.7.48 - OPTIONS /api/v1/notifications?page=1&limit=30 204 - 0.044 ms
Fri Aug 29 2025 17:41:49 [SERVER-NAME] info: 10.10.7.48 - OPTIONS /api/v1/subcategory/get-videos/68ad347d8fd1dbd4b43bb76d 204 - 0.037 ms
Fri Aug 29 2025 17:41:49 [SERVER-NAME] info: 10.10.7.48 - GET /api/v1/users/profile 304 - 8.475 ms
Fri Aug 29 2025 17:41:49 [SERVER-NAME] info: 10.10.7.48 - GET /api/v1/notifications?page=1&limit=30 304 - 15.325 ms
Fri Aug 29 2025 17:41:49 [SERVER-NAME] info: 10.10.7.48 - GET /api/v1/subcategory/get-videos/68ad347d8fd1dbd4b43bb76d 304 - 18.023 ms
Fri Aug 29 2025 17:41:49 [SERVER-NAME] info: 10.10.7.48 - GET //image/young-woman-doing-yoga-in-nature-video-1756444315398.jpg 200 - 1.343 ms
Fri Aug 29 2025 17:41:49 [SERVER-NAME] info: [34mA user connected[39m
Fri Aug 29 2025 17:42:49 [SERVER-NAME] info: [31mA user disconnect[39m
Fri Aug 29 2025 17:42:50 [SERVER-NAME] info: 10.10.7.48 - OPTIONS /api/v1/subscription/check-access 204 - 0.172 ms
Fri Aug 29 2025 17:42:50 [SERVER-NAME] info: 10.10.7.48 - GET /api/v1/subscription/check-access 304 - 6.298 ms
Fri Aug 29 2025 17:42:53 [SERVER-NAME] info: 10.10.7.48 - OPTIONS /api/v1/users/profile 204 - 0.074 ms
Fri Aug 29 2025 17:42:53 [SERVER-NAME] info: 10.10.7.48 - OPTIONS /api/v1/notifications?page=1&limit=30 204 - 0.050 ms
Fri Aug 29 2025 17:42:53 [SERVER-NAME] info: 10.10.7.48 - OPTIONS /api/v1/subcategory/get-videos/68ad347d8fd1dbd4b43bb76d 204 - 0.037 ms
Fri Aug 29 2025 17:42:53 [SERVER-NAME] info: 10.10.7.48 - GET /api/v1/users/profile 304 - 6.750 ms
Fri Aug 29 2025 17:42:53 [SERVER-NAME] info: 10.10.7.48 - GET /api/v1/notifications?page=1&limit=30 304 - 14.031 ms
Fri Aug 29 2025 17:42:53 [SERVER-NAME] info: 10.10.7.48 - GET /api/v1/subcategory/get-videos/68ad347d8fd1dbd4b43bb76d 304 - 16.332 ms
Fri Aug 29 2025 17:42:53 [SERVER-NAME] info: 10.10.7.48 - GET //image/young-woman-doing-yoga-in-nature-video-1756444315398.jpg 200 - 0.520 ms
Fri Aug 29 2025 17:42:53 [SERVER-NAME] info: [34mA user connected[39m
Fri Aug 29 2025 17:43:10 [SERVER-NAME] info: 10.10.7.48 - OPTIONS /api/v1/challenge/mark-video-watched/68aecc63a4a145e702f5d6f2 204 - 0.065 ms
Fri Aug 29 2025 17:47:39 [SERVER-NAME] info: [31mA user disconnect[39m
Fri Aug 29 2025 17:47:42 [SERVER-NAME] info: 10.10.7.48 - GET //image/young-woman-doing-yoga-in-nature-video-1756444315398.jpg 200 - 3.596 ms
Fri Aug 29 2025 17:47:43 [SERVER-NAME] info: 10.10.7.48 - OPTIONS /api/v1/subscription/check-access 204 - 0.086 ms
Fri Aug 29 2025 17:47:43 [SERVER-NAME] info: 10.10.7.48 - GET /api/v1/subscription/check-access 304 - 36.588 ms
Fri Aug 29 2025 17:47:50 [SERVER-NAME] info: 10.10.7.48 - OPTIONS /api/v1/users/profile 204 - 0.208 ms
Fri Aug 29 2025 17:47:50 [SERVER-NAME] info: 10.10.7.48 - OPTIONS /api/v1/notifications?page=1&limit=30 204 - 0.069 ms
Fri Aug 29 2025 17:47:50 [SERVER-NAME] info: 10.10.7.48 - OPTIONS /api/v1/subcategory/get-videos/68ad347d8fd1dbd4b43bb76d 204 - 0.069 ms
Fri Aug 29 2025 17:47:50 [SERVER-NAME] info: 10.10.7.48 - GET /api/v1/users/profile 304 - 8.432 ms
Fri Aug 29 2025 17:47:50 [SERVER-NAME] info: 10.10.7.48 - GET /api/v1/notifications?page=1&limit=30 304 - 29.326 ms
Fri Aug 29 2025 17:47:50 [SERVER-NAME] info: 10.10.7.48 - GET /api/v1/subcategory/get-videos/68ad347d8fd1dbd4b43bb76d 304 - 31.873 ms
Fri Aug 29 2025 17:47:50 [SERVER-NAME] info: [34mA user connected[39m
Fri Aug 29 2025 17:47:58 [SERVER-NAME] info: 10.10.7.48 - OPTIONS /api/v1/videos/mark-video-watched/68aecc63a4a145e702f5d6f2 204 - 0.049 ms
Fri Aug 29 2025 17:47:58 [SERVER-NAME] info: 10.10.7.48 - POST /api/v1/videos/mark-video-watched/68aecc63a4a145e702f5d6f2 200 - 35.954 ms
Fri Aug 29 2025 17:47:58 [SERVER-NAME] info: 10.10.7.48 - OPTIONS /api/v1/subcategory/get-videos/68ad347d8fd1dbd4b43bb76d 204 - 0.042 ms
Fri Aug 29 2025 17:47:58 [SERVER-NAME] info: 10.10.7.48 - GET /api/v1/subcategory/get-videos/68ad347d8fd1dbd4b43bb76d 200 - 9.044 ms
Fri Aug 29 2025 17:50:25 [SERVER-NAME] info: 10.10.7.48 - OPTIONS /api/v1/quotation 204 - 0.192 ms
Fri Aug 29 2025 17:50:25 [SERVER-NAME] info: 10.10.7.48 - OPTIONS /api/v1/today 204 - 0.062 ms
Fri Aug 29 2025 17:50:25 [SERVER-NAME] info: 10.10.7.48 - OPTIONS /api/v1/comingSoon/latest 204 - 0.060 ms
Fri Aug 29 2025 17:50:25 [SERVER-NAME] info: 10.10.7.48 - OPTIONS /api/v1/dailyInspiration/letest 204 - 0.053 ms
Fri Aug 29 2025 17:50:25 [SERVER-NAME] info: 10.10.7.48 - OPTIONS /api/v1/category 204 - 0.071 ms
Fri Aug 29 2025 17:50:25 [SERVER-NAME] info: 10.10.7.48 - OPTIONS /api/v1/admin/challenge-category/get-all-challenge-category-for-user 204 - 0.039 ms
Fri Aug 29 2025 17:50:25 [SERVER-NAME] info: 10.10.7.48 - GET /api/v1/quotation 304 - 19.148 ms
Fri Aug 29 2025 17:50:25 [SERVER-NAME] info: 10.10.7.48 - GET /api/v1/today 304 - 24.817 ms
Fri Aug 29 2025 17:50:25 [SERVER-NAME] info: 10.10.7.48 - GET /api/v1/dailyInspiration/letest 304 - 23.395 ms
Fri Aug 29 2025 17:50:25 [SERVER-NAME] info: 10.10.7.48 - GET /api/v1/admin/challenge-category/get-all-challenge-category-for-user 304 - 26.783 ms
Fri Aug 29 2025 17:50:25 [SERVER-NAME] info: 10.10.7.48 - GET /api/v1/comingSoon/latest 304 - 28.736 ms
Fri Aug 29 2025 17:50:25 [SERVER-NAME] info: 10.10.7.48 - GET /api/v1/category 304 - 32.154 ms
Fri Aug 29 2025 17:50:25 [SERVER-NAME] info: 10.10.7.48 - GET //image/videoblocks-v1-0011_20221110-as-semenov-sport-in-the-morning-2-outdoor00000000_heeiyvvr2j_thumbnail-180_07-1756181438957.jpg 200 - 1.998 ms
Fri Aug 29 2025 17:50:25 [SERVER-NAME] info: 10.10.7.48 - GET //image/young-woman-doing-yoga-in-nature-video-1756208892126.jpg 200 - 5.416 ms
Fri Aug 29 2025 17:50:25 [SERVER-NAME] info: 10.10.7.48 - GET //thumbnail/videoblocks-v1-0011_20221110-as-semenov-sport-in-the-morning-2-outdoor00000000_heeiyvvr2j_thumbnail-180_07-1756297485078.jpg 200 - 5.537 ms
Fri Aug 29 2025 17:50:25 [SERVER-NAME] info: 10.10.7.48 - GET //thumbnail/link---zoanthids-%C3%A2%C2%86%C2%92-coralstashicon2.png-1754911760194.png 200 - 6.053 ms
Fri Aug 29 2025 17:50:25 [SERVER-NAME] info: 10.10.7.48 - GET //thumbnail/yellow-2708363-1755692741197.jpg 200 - 8.400 ms
Fri Aug 29 2025 17:51:37 [SERVER-NAME] info: 10.10.7.48 - OPTIONS /api/v1/quotation 204 - 0.183 ms
Fri Aug 29 2025 17:51:37 [SERVER-NAME] info: 10.10.7.48 - OPTIONS /api/v1/comingSoon/latest 204 - 0.038 ms
Fri Aug 29 2025 17:51:37 [SERVER-NAME] info: 10.10.7.48 - OPTIONS /api/v1/dailyInspiration/letest 204 - 0.050 ms
Fri Aug 29 2025 17:51:37 [SERVER-NAME] info: 10.10.7.48 - OPTIONS /api/v1/category 204 - 0.075 ms
Fri Aug 29 2025 17:51:37 [SERVER-NAME] info: 10.10.7.48 - OPTIONS /api/v1/admin/challenge-category/get-all-challenge-category-for-user 204 - 0.032 ms
Fri Aug 29 2025 17:51:37 [SERVER-NAME] info: 10.10.7.48 - GET /api/v1/quotation 304 - 5.829 ms
Fri Aug 29 2025 17:51:37 [SERVER-NAME] info: 10.10.7.48 - GET /api/v1/comingSoon/latest 304 - 7.734 ms
Fri Aug 29 2025 17:51:37 [SERVER-NAME] info: 10.10.7.48 - GET /api/v1/dailyInspiration/letest 304 - 12.069 ms
Fri Aug 29 2025 17:51:37 [SERVER-NAME] info: 10.10.7.48 - GET /api/v1/admin/challenge-category/get-all-challenge-category-for-user 304 - 14.346 ms
Fri Aug 29 2025 17:51:37 [SERVER-NAME] info: 10.10.7.48 - GET /api/v1/category 304 - 15.615 ms
Fri Aug 29 2025 17:51:38 [SERVER-NAME] info: 10.10.7.48 - GET //thumbnail/videoblocks-v1-0011_20221110-as-semenov-sport-in-the-morning-2-outdoor00000000_heeiyvvr2j_thumbnail-180_07-1756297485078.jpg 200 - 1.664 ms
Fri Aug 29 2025 17:51:38 [SERVER-NAME] info: 10.10.7.48 - GET //image/young-woman-doing-yoga-in-nature-video-1756208892126.jpg 200 - 0.969 ms
Fri Aug 29 2025 17:51:38 [SERVER-NAME] info: 10.10.7.48 - GET //image/videoblocks-v1-0011_20221110-as-semenov-sport-in-the-morning-2-outdoor00000000_heeiyvvr2j_thumbnail-180_07-1756181438957.jpg 200 - 1.295 ms
Fri Aug 29 2025 17:51:38 [SERVER-NAME] info: 10.10.7.48 - GET //thumbnail/link---zoanthids-%C3%A2%C2%86%C2%92-coralstashicon2.png-1754911760194.png 200 - 0.995 ms
Fri Aug 29 2025 17:51:38 [SERVER-NAME] info: 10.10.7.48 - GET //thumbnail/yellow-2708363-1755692741197.jpg 200 - 2.207 ms
Fri Aug 29 2025 17:51:53 [SERVER-NAME] info: 10.10.7.48 - OPTIONS /api/v1/category/subcategory/68a5bec52148500c7998bb15 204 - 0.091 ms
Fri Aug 29 2025 17:51:53 [SERVER-NAME] info: 10.10.7.48 - OPTIONS /api/v1/category/get-videos/68a5bec52148500c7998bb15 204 - 0.045 ms
Fri Aug 29 2025 17:51:53 [SERVER-NAME] info: 10.10.7.48 - GET /api/v1/category/subcategory/68a5bec52148500c7998bb15 304 - 9.623 ms
Fri Aug 29 2025 17:51:53 [SERVER-NAME] info: 10.10.7.48 - GET /api/v1/category/get-videos/68a5bec52148500c7998bb15 304 - 14.250 ms
Fri Aug 29 2025 17:51:53 [SERVER-NAME] info: 10.10.7.48 - GET /thumbnail/young-woman-doing-yoga-in-nature-video-1756181629922.jpg 200 - 2.607 ms
Fri Aug 29 2025 17:51:59 [SERVER-NAME] info: 10.10.7.48 - OPTIONS /api/v1/videos/68aed0d11d30a2dc486cefc5 204 - 0.140 ms
Fri Aug 29 2025 17:51:59 [SERVER-NAME] info: 10.10.7.48 - OPTIONS /api/v1/videos/comments/68aed0d11d30a2dc486cefc5 204 - 0.063 ms
Fri Aug 29 2025 17:51:59 [SERVER-NAME] info: 10.10.7.48 - GET /api/v1/videos/68aed0d11d30a2dc486cefc5 200 - 19.823 ms
Fri Aug 29 2025 17:51:59 [SERVER-NAME] info: 10.10.7.48 - GET /api/v1/videos/comments/68aed0d11d30a2dc486cefc5 304 - 20.628 ms
Fri Aug 29 2025 17:52:9 [SERVER-NAME] info: 10.10.7.48 - OPTIONS /api/v1/subcategory/get-videos/68ad347d8fd1dbd4b43bb76d 204 - 0.147 ms
Fri Aug 29 2025 17:52:9 [SERVER-NAME] info: 10.10.7.48 - GET /api/v1/subcategory/get-videos/68ad347d8fd1dbd4b43bb76d 304 - 10.275 ms
Fri Aug 29 2025 17:52:42 [SERVER-NAME] info: 10.10.7.48 - OPTIONS /api/v1/videos/68aed0431d30a2dc486cef61 204 - 0.078 ms
Fri Aug 29 2025 17:52:42 [SERVER-NAME] info: 10.10.7.48 - OPTIONS /api/v1/videos/comments/68aed0431d30a2dc486cef61 204 - 0.048 ms
Fri Aug 29 2025 17:52:42 [SERVER-NAME] info: 10.10.7.48 - GET /api/v1/videos/68aed0431d30a2dc486cef61 200 - 8.877 ms
Fri Aug 29 2025 17:52:42 [SERVER-NAME] info: 10.10.7.48 - GET /api/v1/videos/comments/68aed0431d30a2dc486cef61 304 - 7.768 ms
Fri Aug 29 2025 17:52:48 [SERVER-NAME] info: 10.10.7.48 - GET //thumbnail/videoblocks-v1-0011_20221110-as-semenov-sport-in-the-morning-2-outdoor00000000_heeiyvvr2j_thumbnail-180_07-1756297485078.jpg 200 - 1.195 ms
Fri Aug 29 2025 17:52:48 [SERVER-NAME] info: 10.10.7.48 - GET //thumbnail/link---zoanthids-%C3%A2%C2%86%C2%92-coralstashicon2.png-1754911760194.png 200 - 1.345 ms
Fri Aug 29 2025 17:52:48 [SERVER-NAME] info: 10.10.7.48 - GET //thumbnail/yellow-2708363-1755692741197.jpg 200 - 1.298 ms
Fri Aug 29 2025 17:52:49 [SERVER-NAME] info: 10.10.7.48 - OPTIONS /api/v1/favorite 204 - 0.052 ms
Fri Aug 29 2025 17:52:49 [SERVER-NAME] info: 10.10.7.48 - GET /api/v1/favorite 304 - 15.738 ms
Fri Aug 29 2025 17:54:24 [SERVER-NAME] info: 10.10.7.48 - OPTIONS /api/v1/quotation 204 - 0.114 ms
Fri Aug 29 2025 17:54:24 [SERVER-NAME] info: 10.10.7.48 - OPTIONS /api/v1/today 204 - 0.101 ms
Fri Aug 29 2025 17:54:24 [SERVER-NAME] info: 10.10.7.48 - OPTIONS /api/v1/comingSoon/latest 204 - 0.131 ms
Fri Aug 29 2025 17:54:24 [SERVER-NAME] info: 10.10.7.48 - OPTIONS /api/v1/dailyInspiration/letest 204 - 0.060 ms
Fri Aug 29 2025 17:54:24 [SERVER-NAME] info: 10.10.7.48 - OPTIONS /api/v1/category 204 - 0.087 ms
Fri Aug 29 2025 17:54:24 [SERVER-NAME] info: 10.10.7.48 - OPTIONS /api/v1/admin/challenge-category/get-all-challenge-category-for-user 204 - 0.032 ms
Fri Aug 29 2025 17:54:24 [SERVER-NAME] info: 10.10.7.48 - GET /api/v1/quotation 304 - 14.687 ms
Fri Aug 29 2025 17:54:24 [SERVER-NAME] info: 10.10.7.48 - GET /api/v1/today 304 - 14.981 ms
Fri Aug 29 2025 17:54:24 [SERVER-NAME] info: 10.10.7.48 - GET /api/v1/dailyInspiration/letest 304 - 18.117 ms
Fri Aug 29 2025 17:54:24 [SERVER-NAME] info: 10.10.7.48 - GET /api/v1/comingSoon/latest 304 - 19.011 ms
Fri Aug 29 2025 17:54:24 [SERVER-NAME] info: 10.10.7.48 - GET /api/v1/admin/challenge-category/get-all-challenge-category-for-user 304 - 14.884 ms
Fri Aug 29 2025 17:54:24 [SERVER-NAME] info: 10.10.7.48 - GET /api/v1/category 304 - 16.349 ms
Fri Aug 29 2025 17:54:24 [SERVER-NAME] info: 10.10.7.48 - GET //thumbnail/videoblocks-v1-0011_20221110-as-semenov-sport-in-the-morning-2-outdoor00000000_heeiyvvr2j_thumbnail-180_07-1756297485078.jpg 200 - 1.829 ms
Fri Aug 29 2025 17:54:24 [SERVER-NAME] info: 10.10.7.48 - GET //thumbnail/link---zoanthids-%C3%A2%C2%86%C2%92-coralstashicon2.png-1754911760194.png 200 - 1.532 ms
Fri Aug 29 2025 17:54:24 [SERVER-NAME] info: 10.10.7.48 - GET //thumbnail/yellow-2708363-1755692741197.jpg 200 - 2.169 ms
Fri Aug 29 2025 17:54:25 [SERVER-NAME] info: 10.10.7.48 - GET //image/videoblocks-v1-0011_20221110-as-semenov-sport-in-the-morning-2-outdoor00000000_heeiyvvr2j_thumbnail-180_07-1756181438957.jpg 200 - 2.498 ms
Fri Aug 29 2025 17:54:25 [SERVER-NAME] info: 10.10.7.48 - GET //image/young-woman-doing-yoga-in-nature-video-1756208892126.jpg 200 - 2.754 ms
Fri Aug 29 2025 17:54:30 [SERVER-NAME] info: 10.10.7.48 - OPTIONS /api/v1/category/subcategory/6899d4100319393bfdd4f42e 204 - 0.136 ms
Fri Aug 29 2025 17:54:30 [SERVER-NAME] info: 10.10.7.48 - OPTIONS /api/v1/category/get-videos/6899d4100319393bfdd4f42e 204 - 0.049 ms
Fri Aug 29 2025 17:54:30 [SERVER-NAME] info: 10.10.7.48 - GET /api/v1/category/subcategory/6899d4100319393bfdd4f42e 200 - 10.087 ms
Fri Aug 29 2025 17:54:30 [SERVER-NAME] info: 10.10.7.48 - GET /api/v1/category/get-videos/6899d4100319393bfdd4f42e 200 - 9.454 ms
Fri Aug 29 2025 17:54:31 [SERVER-NAME] info: 10.10.7.48 - OPTIONS /api/v1/videos/68ad4ca86d7a746eb2b83e68 204 - 0.087 ms
Fri Aug 29 2025 17:54:31 [SERVER-NAME] info: 10.10.7.48 - OPTIONS /api/v1/videos/comments/68ad4ca86d7a746eb2b83e68 204 - 0.060 ms
Fri Aug 29 2025 17:54:32 [SERVER-NAME] info: 10.10.7.48 - GET /api/v1/videos/68ad4ca86d7a746eb2b83e68 200 - 10.162 ms
Fri Aug 29 2025 17:54:32 [SERVER-NAME] info: 10.10.7.48 - GET /api/v1/videos/comments/68ad4ca86d7a746eb2b83e68 200 - 14.913 ms
Fri Aug 29 2025 17:59:27 [SERVER-NAME] info: [31mA user disconnect[39m
Fri Aug 29 2025 17:59:32 [SERVER-NAME] info: 10.10.7.48 - OPTIONS /api/v1/subscription/check-access 204 - 0.072 ms
Fri Aug 29 2025 17:59:32 [SERVER-NAME] info: 10.10.7.48 - GET /api/v1/subscription/check-access 304 - 26.633 ms
Fri Aug 29 2025 17:59:38 [SERVER-NAME] info: 10.10.7.48 - OPTIONS /api/v1/users/profile 204 - 0.064 ms
Fri Aug 29 2025 17:59:38 [SERVER-NAME] info: 10.10.7.48 - OPTIONS /api/v1/notifications?page=1&limit=30 204 - 0.037 ms
Fri Aug 29 2025 17:59:38 [SERVER-NAME] info: 10.10.7.48 - OPTIONS /api/v1/videos/68ad4ca86d7a746eb2b83e68 204 - 0.030 ms
Fri Aug 29 2025 17:59:38 [SERVER-NAME] info: 10.10.7.48 - OPTIONS /api/v1/videos/comments/68ad4ca86d7a746eb2b83e68 204 - 0.026 ms
Fri Aug 29 2025 17:59:38 [SERVER-NAME] info: 10.10.7.48 - GET /api/v1/users/profile 200 - 13.851 ms
Fri Aug 29 2025 17:59:38 [SERVER-NAME] info: 10.10.7.48 - GET /api/v1/videos/68ad4ca86d7a746eb2b83e68 304 - 22.177 ms
Fri Aug 29 2025 17:59:38 [SERVER-NAME] info: 10.10.7.48 - GET /api/v1/videos/comments/68ad4ca86d7a746eb2b83e68 304 - 34.111 ms
Fri Aug 29 2025 17:59:38 [SERVER-NAME] info: 10.10.7.48 - GET /api/v1/notifications?page=1&limit=30 304 - 39.076 ms
Fri Aug 29 2025 17:59:38 [SERVER-NAME] info: 10.10.7.48 - GET //image/young-woman-doing-yoga-in-nature-video-1756444315398.jpg 200 - 1.692 ms
Fri Aug 29 2025 17:59:38 [SERVER-NAME] info: [34mA user connected[39m
