Sat Aug 30 2025 16:0:7 [SERVER-NAME] info: [34mWorker 36708 started[39m
Sat Aug 30 2025 16:0:7 [SERVER-NAME] info: [32mConfig validation successful.[39m
Sat Aug 30 2025 16:0:7 [SERVER-NAME] info: [34mWorker 21516 started[39m
Sat Aug 30 2025 16:0:7 [SERVER-NAME] info: [32mConfig validation successful.[39m
Sat Aug 30 2025 16:0:7 [SERVER-NAME] info: [34mWorker 3420 started[39m
Sat Aug 30 2025 16:0:7 [SERVER-NAME] info: [32mConfig validation successful.[39m
Sat Aug 30 2025 16:0:7 [SERVER-NAME] info: [34mWorker 45572 started[39m
Sat Aug 30 2025 16:0:7 [SERVER-NAME] info: [32mConfig validation successful.[39m
Sat Aug 30 2025 16:0:7 [SERVER-NAME] info: [34mWorker 49360 started[39m
Sat Aug 30 2025 16:0:7 [SERVER-NAME] info: [34mWorker 8556 started[39m
Sat Aug 30 2025 16:0:7 [SERVER-NAME] info: [32mConfig validation successful.[39m
Sat Aug 30 2025 16:0:7 [SERVER-NAME] info: [32mConfig validation successful.[39m
Sat Aug 30 2025 16:0:7 [SERVER-NAME] info: [34mWorker 24792 started[39m
Sat Aug 30 2025 16:0:7 [SERVER-NAME] info: [32mConfig validation successful.[39m
Sat Aug 30 2025 16:0:7 [SERVER-NAME] info: [34mWorker 43540 started[39m
Sat Aug 30 2025 16:0:7 [SERVER-NAME] info: [32mConfig validation successful.[39m
Sat Aug 30 2025 16:0:7 [SERVER-NAME] info: [34mWorker 39700 started[39m
Sat Aug 30 2025 16:0:7 [SERVER-NAME] info: [32mConfig validation successful.[39m
Sat Aug 30 2025 16:0:7 [SERVER-NAME] info: [34mWorker 50004 started[39m
Sat Aug 30 2025 16:0:7 [SERVER-NAME] info: [32mConfig validation successful.[39m
Sat Aug 30 2025 16:0:8 [SERVER-NAME] info: [32m🚀 Database connected successfully[39m
Sat Aug 30 2025 16:0:8 [SERVER-NAME] info: [32m🚀 Database connected successfully[39m
Sat Aug 30 2025 16:0:8 [SERVER-NAME] info: [33m♻️  Socket is listening on same port 7000[39m
Sat Aug 30 2025 16:0:8 [SERVER-NAME] info: [32m🚀 Database connected successfully[39m
Sat Aug 30 2025 16:0:8 [SERVER-NAME] info: [33m♻️  Socket is listening on same port 7000[39m
Sat Aug 30 2025 16:0:8 [SERVER-NAME] info: [32m🚀 Database connected successfully[39m
Sat Aug 30 2025 16:0:8 [SERVER-NAME] info: [33m♻️  Socket is listening on same port 7000[39m
Sat Aug 30 2025 16:0:8 [SERVER-NAME] info: [34mWorker 29408 started[39m
Sat Aug 30 2025 16:0:8 [SERVER-NAME] info: [32mConfig validation successful.[39m
Sat Aug 30 2025 16:0:8 [SERVER-NAME] info: [33m♻️  Socket is listening on same port 7000[39m
Sat Aug 30 2025 16:0:8 [SERVER-NAME] info: [32m🚀 Database connected successfully[39m
Sat Aug 30 2025 16:0:8 [SERVER-NAME] info: [33m♻️  Socket is listening on same port 7000[39m
Sat Aug 30 2025 16:0:8 [SERVER-NAME] info: [32m🚀 Database connected successfully[39m
Sat Aug 30 2025 16:0:8 [SERVER-NAME] info: [32m🚀 Database connected successfully[39m
Sat Aug 30 2025 16:0:8 [SERVER-NAME] info: [32m🚀 Database connected successfully[39m
Sat Aug 30 2025 16:0:8 [SERVER-NAME] info: [33m♻️  Socket is listening on same port 7000[39m
Sat Aug 30 2025 16:0:8 [SERVER-NAME] info: [33m♻️  Socket is listening on same port 7000[39m
Sat Aug 30 2025 16:0:8 [SERVER-NAME] info: [33m♻️  Socket is listening on same port 7000[39m
Sat Aug 30 2025 16:0:8 [SERVER-NAME] info: [32m🚀 Database connected successfully[39m
Sat Aug 30 2025 16:0:8 [SERVER-NAME] info: [32m🚀 Database connected successfully[39m
Sat Aug 30 2025 16:0:8 [SERVER-NAME] info: [33m♻️  Socket is listening on same port 7000[39m
Sat Aug 30 2025 16:0:8 [SERVER-NAME] info: [32m🚀 Database connected successfully[39m
Sat Aug 30 2025 16:0:8 [SERVER-NAME] info: [33m♻️  Socket is listening on same port 7000[39m
Sat Aug 30 2025 16:0:8 [SERVER-NAME] info: [33m♻️  Socket is listening on same port 7000[39m
Sat Aug 30 2025 16:0:8 [SERVER-NAME] info: [34mWorker 60260 started[39m
Sat Aug 30 2025 16:0:8 [SERVER-NAME] info: [32mConfig validation successful.[39m
Sat Aug 30 2025 16:0:8 [SERVER-NAME] info: [32m🚀 Database connected successfully[39m
Sat Aug 30 2025 16:0:8 [SERVER-NAME] info: [33m♻️  Socket is listening on same port 7000[39m
Sat Aug 30 2025 16:0:9 [SERVER-NAME] info: [32mWorker 36708 is ready to accept connections[39m
Sat Aug 30 2025 16:0:9 [SERVER-NAME] info: [32mWorker 43540 is ready to accept connections[39m
Sat Aug 30 2025 16:0:9 [SERVER-NAME] info: [32mWorker 45572 is ready to accept connections[39m
Sat Aug 30 2025 16:0:9 [SERVER-NAME] info: [32mWorker 21516 is ready to accept connections[39m
Sat Aug 30 2025 16:0:9 [SERVER-NAME] info: [32mWorker 60260 is ready to accept connections[39m
Sat Aug 30 2025 16:0:9 [SERVER-NAME] info: [32mWorker 24792 is ready to accept connections[39m
Sat Aug 30 2025 16:0:9 [SERVER-NAME] info: [32mWorker 39700 is ready to accept connections[39m
Sat Aug 30 2025 16:0:9 [SERVER-NAME] info: [32mWorker 49360 is ready to accept connections[39m
Sat Aug 30 2025 16:0:9 [SERVER-NAME] info: [32mWorker 3420 is ready to accept connections[39m
Sat Aug 30 2025 16:0:9 [SERVER-NAME] info: [32mWorker 50004 is ready to accept connections[39m
Sat Aug 30 2025 16:0:9 [SERVER-NAME] info: [32mWorker 29408 is ready to accept connections[39m
Sat Aug 30 2025 16:0:9 [SERVER-NAME] info: [32mWorker 8556 is ready to accept connections[39m
Sat Aug 30 2025 16:0:10 [SERVER-NAME] warn: [33mWorker 45572 exited with error code: 1[39m
Sat Aug 30 2025 16:0:10 [SERVER-NAME] info: [34mRestarting worker 45572 in 10000ms (attempt 2)[39m
Sat Aug 30 2025 16:0:10 [SERVER-NAME] warn: [33mWorker 36708 exited with error code: 1[39m
Sat Aug 30 2025 16:0:10 [SERVER-NAME] info: [34mRestarting worker 36708 in 10000ms (attempt 2)[39m
Sat Aug 30 2025 16:0:10 [SERVER-NAME] warn: [33mWorker 43540 exited with error code: 1[39m
Sat Aug 30 2025 16:0:10 [SERVER-NAME] info: [34mRestarting worker 43540 in 10000ms (attempt 2)[39m
Sat Aug 30 2025 16:0:10 [SERVER-NAME] warn: [33mWorker 21516 exited with error code: 1[39m
Sat Aug 30 2025 16:0:10 [SERVER-NAME] info: [34mRestarting worker 21516 in 10000ms (attempt 2)[39m
Sat Aug 30 2025 16:0:10 [SERVER-NAME] warn: [33mWorker 24792 exited with error code: 1[39m
Sat Aug 30 2025 16:0:10 [SERVER-NAME] info: [34mRestarting worker 24792 in 10000ms (attempt 2)[39m
Sat Aug 30 2025 16:0:10 [SERVER-NAME] warn: [33mWorker 60260 exited with error code: 1[39m
Sat Aug 30 2025 16:0:10 [SERVER-NAME] info: [34mRestarting worker 60260 in 10000ms (attempt 2)[39m
Sat Aug 30 2025 16:0:10 [SERVER-NAME] warn: [33mWorker 39700 exited with error code: 1[39m
Sat Aug 30 2025 16:0:10 [SERVER-NAME] info: [34mRestarting worker 39700 in 10000ms (attempt 2)[39m
Sat Aug 30 2025 16:0:10 [SERVER-NAME] warn: [33mWorker 49360 exited with error code: 1[39m
Sat Aug 30 2025 16:0:10 [SERVER-NAME] info: [34mRestarting worker 49360 in 10000ms (attempt 2)[39m
Sat Aug 30 2025 16:0:10 [SERVER-NAME] warn: [33mWorker 3420 exited with error code: 1[39m
Sat Aug 30 2025 16:0:10 [SERVER-NAME] info: [34mRestarting worker 3420 in 10000ms (attempt 2)[39m
Sat Aug 30 2025 16:0:10 [SERVER-NAME] warn: [33mWorker 8556 exited with error code: 1[39m
Sat Aug 30 2025 16:0:10 [SERVER-NAME] info: [34mRestarting worker 8556 in 10000ms (attempt 2)[39m
Sat Aug 30 2025 16:0:10 [SERVER-NAME] warn: [33mWorker 29408 exited with error code: 1[39m
Sat Aug 30 2025 16:0:10 [SERVER-NAME] info: [34mRestarting worker 29408 in 10000ms (attempt 2)[39m
Sat Aug 30 2025 16:0:10 [SERVER-NAME] warn: [33mWorker 50004 exited with error code: 1[39m
Sat Aug 30 2025 16:0:10 [SERVER-NAME] info: [34mRestarting worker 50004 in 10000ms (attempt 2)[39m
Sat Aug 30 2025 16:0:23 [SERVER-NAME] info: [34mWorker 44876 started[39m
Sat Aug 30 2025 16:0:23 [SERVER-NAME] info: [32mConfig validation successful.[39m
Sat Aug 30 2025 16:0:23 [SERVER-NAME] info: [34mWorker 60228 started[39m
Sat Aug 30 2025 16:0:23 [SERVER-NAME] info: [32mConfig validation successful.[39m
Sat Aug 30 2025 16:0:23 [SERVER-NAME] info: [34mWorker 7400 started[39m
Sat Aug 30 2025 16:0:23 [SERVER-NAME] info: [32mConfig validation successful.[39m
Sat Aug 30 2025 16:0:23 [SERVER-NAME] info: [34mWorker 55724 started[39m
Sat Aug 30 2025 16:0:23 [SERVER-NAME] info: [32mConfig validation successful.[39m
Sat Aug 30 2025 16:0:23 [SERVER-NAME] info: [34mWorker 51064 started[39m
Sat Aug 30 2025 16:0:23 [SERVER-NAME] info: [32mConfig validation successful.[39m
Sat Aug 30 2025 16:0:23 [SERVER-NAME] info: [34mWorker 43820 started[39m
Sat Aug 30 2025 16:0:23 [SERVER-NAME] info: [32mConfig validation successful.[39m
Sat Aug 30 2025 16:0:23 [SERVER-NAME] info: [34mWorker 17484 started[39m
Sat Aug 30 2025 16:0:23 [SERVER-NAME] info: [32mConfig validation successful.[39m
Sat Aug 30 2025 16:0:23 [SERVER-NAME] info: [34mWorker 53196 started[39m
Sat Aug 30 2025 16:0:23 [SERVER-NAME] info: [32mConfig validation successful.[39m
Sat Aug 30 2025 16:0:23 [SERVER-NAME] info: [34mWorker 53324 started[39m
Sat Aug 30 2025 16:0:23 [SERVER-NAME] info: [32mConfig validation successful.[39m
Sat Aug 30 2025 16:0:23 [SERVER-NAME] info: [34mWorker 47168 started[39m
Sat Aug 30 2025 16:0:23 [SERVER-NAME] info: [32mConfig validation successful.[39m
Sat Aug 30 2025 16:0:23 [SERVER-NAME] info: [32m🚀 Database connected successfully[39m
Sat Aug 30 2025 16:0:23 [SERVER-NAME] info: [32m🚀 Database connected successfully[39m
Sat Aug 30 2025 16:0:23 [SERVER-NAME] info: [34mWorker 59656 started[39m
Sat Aug 30 2025 16:0:23 [SERVER-NAME] info: [32mConfig validation successful.[39m
Sat Aug 30 2025 16:0:23 [SERVER-NAME] info: [34mWorker 52476 started[39m
Sat Aug 30 2025 16:0:23 [SERVER-NAME] info: [32mConfig validation successful.[39m
Sat Aug 30 2025 16:0:23 [SERVER-NAME] info: [33m♻️  Socket is listening on same port 7000[39m
Sat Aug 30 2025 16:0:23 [SERVER-NAME] info: [33m♻️  Socket is listening on same port 7000[39m
Sat Aug 30 2025 16:0:23 [SERVER-NAME] info: [32m🚀 Database connected successfully[39m
Sat Aug 30 2025 16:0:23 [SERVER-NAME] info: [32m🚀 Database connected successfully[39m
Sat Aug 30 2025 16:0:23 [SERVER-NAME] info: [33m♻️  Socket is listening on same port 7000[39m
Sat Aug 30 2025 16:0:23 [SERVER-NAME] info: [32m🚀 Database connected successfully[39m
Sat Aug 30 2025 16:0:23 [SERVER-NAME] info: [33m♻️  Socket is listening on same port 7000[39m
Sat Aug 30 2025 16:0:23 [SERVER-NAME] info: [32m🚀 Database connected successfully[39m
Sat Aug 30 2025 16:0:23 [SERVER-NAME] info: [32m🚀 Database connected successfully[39m
Sat Aug 30 2025 16:0:23 [SERVER-NAME] info: [32m🚀 Database connected successfully[39m
Sat Aug 30 2025 16:0:23 [SERVER-NAME] info: [32m🚀 Database connected successfully[39m
Sat Aug 30 2025 16:0:23 [SERVER-NAME] info: [32m🚀 Database connected successfully[39m
Sat Aug 30 2025 16:0:23 [SERVER-NAME] info: [33m♻️  Socket is listening on same port 7000[39m
Sat Aug 30 2025 16:0:23 [SERVER-NAME] info: [33m♻️  Socket is listening on same port 7000[39m
Sat Aug 30 2025 16:0:23 [SERVER-NAME] info: [33m♻️  Socket is listening on same port 7000[39m
Sat Aug 30 2025 16:0:23 [SERVER-NAME] info: [33m♻️  Socket is listening on same port 7000[39m
Sat Aug 30 2025 16:0:23 [SERVER-NAME] info: [33m♻️  Socket is listening on same port 7000[39m
Sat Aug 30 2025 16:0:23 [SERVER-NAME] info: [32m🚀 Database connected successfully[39m
Sat Aug 30 2025 16:0:23 [SERVER-NAME] info: [33m♻️  Socket is listening on same port 7000[39m
Sat Aug 30 2025 16:0:23 [SERVER-NAME] info: [32m🚀 Database connected successfully[39m
Sat Aug 30 2025 16:0:23 [SERVER-NAME] info: [33m♻️  Socket is listening on same port 7000[39m
Sat Aug 30 2025 16:0:23 [SERVER-NAME] info: [33m♻️  Socket is listening on same port 7000[39m
Sat Aug 30 2025 16:0:24 [SERVER-NAME] info: [32mWorker 53324 is ready to accept connections[39m
Sat Aug 30 2025 16:0:24 [SERVER-NAME] info: [32mWorker 51064 is ready to accept connections[39m
Sat Aug 30 2025 16:0:24 [SERVER-NAME] info: [32mWorker 17484 is ready to accept connections[39m
Sat Aug 30 2025 16:0:24 [SERVER-NAME] info: [32mWorker 44876 is ready to accept connections[39m
Sat Aug 30 2025 16:0:24 [SERVER-NAME] info: [32mWorker 43820 is ready to accept connections[39m
Sat Aug 30 2025 16:0:24 [SERVER-NAME] info: [32mWorker 52476 is ready to accept connections[39m
Sat Aug 30 2025 16:0:24 [SERVER-NAME] info: [32mWorker 59656 is ready to accept connections[39m
Sat Aug 30 2025 16:0:24 [SERVER-NAME] info: [32mWorker 55724 is ready to accept connections[39m
Sat Aug 30 2025 16:0:24 [SERVER-NAME] info: [32mWorker 60228 is ready to accept connections[39m
Sat Aug 30 2025 16:0:24 [SERVER-NAME] info: [32mWorker 47168 is ready to accept connections[39m
Sat Aug 30 2025 16:0:24 [SERVER-NAME] info: [32mWorker 7400 is ready to accept connections[39m
Sat Aug 30 2025 16:0:24 [SERVER-NAME] info: [32mWorker 53196 is ready to accept connections[39m
Sat Aug 30 2025 16:0:25 [SERVER-NAME] warn: [33mWorker 52476 exited with error code: 1[39m
Sat Aug 30 2025 16:0:25 [SERVER-NAME] info: [34mRestarting worker 52476 in 20000ms (attempt 3)[39m
Sat Aug 30 2025 16:0:25 [SERVER-NAME] warn: [33mWorker 7400 exited with error code: 1[39m
Sat Aug 30 2025 16:0:25 [SERVER-NAME] info: [34mRestarting worker 7400 in 20000ms (attempt 3)[39m
Sat Aug 30 2025 16:0:25 [SERVER-NAME] warn: [33mWorker 43820 exited with error code: 1[39m
Sat Aug 30 2025 16:0:25 [SERVER-NAME] info: [34mRestarting worker 43820 in 20000ms (attempt 3)[39m
Sat Aug 30 2025 16:0:25 [SERVER-NAME] warn: [33mWorker 17484 exited with error code: 1[39m
Sat Aug 30 2025 16:0:25 [SERVER-NAME] info: [34mRestarting worker 17484 in 20000ms (attempt 3)[39m
Sat Aug 30 2025 16:0:25 [SERVER-NAME] warn: [33mWorker 51064 exited with error code: 1[39m
Sat Aug 30 2025 16:0:25 [SERVER-NAME] info: [34mRestarting worker 51064 in 20000ms (attempt 3)[39m
Sat Aug 30 2025 16:0:25 [SERVER-NAME] warn: [33mWorker 59656 exited with error code: 1[39m
Sat Aug 30 2025 16:0:25 [SERVER-NAME] info: [34mRestarting worker 59656 in 20000ms (attempt 3)[39m
Sat Aug 30 2025 16:0:25 [SERVER-NAME] warn: [33mWorker 60228 exited with error code: 1[39m
Sat Aug 30 2025 16:0:25 [SERVER-NAME] info: [34mRestarting worker 60228 in 20000ms (attempt 3)[39m
Sat Aug 30 2025 16:0:25 [SERVER-NAME] warn: [33mWorker 55724 exited with error code: 1[39m
Sat Aug 30 2025 16:0:25 [SERVER-NAME] info: [34mRestarting worker 55724 in 20000ms (attempt 3)[39m
Sat Aug 30 2025 16:0:25 [SERVER-NAME] warn: [33mWorker 53324 exited with error code: 1[39m
Sat Aug 30 2025 16:0:25 [SERVER-NAME] info: [34mRestarting worker 53324 in 20000ms (attempt 3)[39m
Sat Aug 30 2025 16:0:25 [SERVER-NAME] warn: [33mWorker 44876 exited with error code: 1[39m
Sat Aug 30 2025 16:0:25 [SERVER-NAME] info: [34mRestarting worker 44876 in 20000ms (attempt 3)[39m
Sat Aug 30 2025 16:0:25 [SERVER-NAME] warn: [33mWorker 53196 exited with error code: 1[39m
Sat Aug 30 2025 16:0:25 [SERVER-NAME] info: [34mRestarting worker 53196 in 20000ms (attempt 3)[39m
Sat Aug 30 2025 16:0:25 [SERVER-NAME] warn: [33mWorker 47168 exited with error code: 1[39m
Sat Aug 30 2025 16:0:25 [SERVER-NAME] info: [34mRestarting worker 47168 in 20000ms (attempt 3)[39m
Sat Aug 30 2025 16:0:48 [SERVER-NAME] info: [34mWorker 22908 started[39m
Sat Aug 30 2025 16:0:49 [SERVER-NAME] info: [32mConfig validation successful.[39m
Sat Aug 30 2025 16:0:48 [SERVER-NAME] info: [34mWorker 55936 started[39m
Sat Aug 30 2025 16:0:49 [SERVER-NAME] info: [32mConfig validation successful.[39m
Sat Aug 30 2025 16:0:48 [SERVER-NAME] info: [34mWorker 34864 started[39m
Sat Aug 30 2025 16:0:49 [SERVER-NAME] info: [32mConfig validation successful.[39m
Sat Aug 30 2025 16:0:48 [SERVER-NAME] info: [34mWorker 39840 started[39m
Sat Aug 30 2025 16:0:49 [SERVER-NAME] info: [32mConfig validation successful.[39m
Sat Aug 30 2025 16:0:48 [SERVER-NAME] info: [34mWorker 39928 started[39m
Sat Aug 30 2025 16:0:49 [SERVER-NAME] info: [32mConfig validation successful.[39m
Sat Aug 30 2025 16:0:48 [SERVER-NAME] info: [34mWorker 50956 started[39m
Sat Aug 30 2025 16:0:49 [SERVER-NAME] info: [32mConfig validation successful.[39m
Sat Aug 30 2025 16:0:49 [SERVER-NAME] info: [34mWorker 18928 started[39m
Sat Aug 30 2025 16:0:49 [SERVER-NAME] info: [32mConfig validation successful.[39m
Sat Aug 30 2025 16:0:49 [SERVER-NAME] info: [34mWorker 18388 started[39m
Sat Aug 30 2025 16:0:49 [SERVER-NAME] info: [32mConfig validation successful.[39m
Sat Aug 30 2025 16:0:48 [SERVER-NAME] info: [34mWorker 39580 started[39m
Sat Aug 30 2025 16:0:49 [SERVER-NAME] info: [32mConfig validation successful.[39m
Sat Aug 30 2025 16:0:49 [SERVER-NAME] info: [34mWorker 57564 started[39m
Sat Aug 30 2025 16:0:49 [SERVER-NAME] info: [32mConfig validation successful.[39m
Sat Aug 30 2025 16:0:48 [SERVER-NAME] info: [34mWorker 15772 started[39m
Sat Aug 30 2025 16:0:49 [SERVER-NAME] info: [32mConfig validation successful.[39m
Sat Aug 30 2025 16:0:48 [SERVER-NAME] info: [34mWorker 13420 started[39m
Sat Aug 30 2025 16:0:49 [SERVER-NAME] info: [32mConfig validation successful.[39m
Sat Aug 30 2025 16:0:49 [SERVER-NAME] info: [32m🚀 Database connected successfully[39m
Sat Aug 30 2025 16:0:49 [SERVER-NAME] info: [32m🚀 Database connected successfully[39m
Sat Aug 30 2025 16:0:49 [SERVER-NAME] info: [32m🚀 Database connected successfully[39m
Sat Aug 30 2025 16:0:49 [SERVER-NAME] info: [32m🚀 Database connected successfully[39m
Sat Aug 30 2025 16:0:49 [SERVER-NAME] info: [33m♻️  Socket is listening on same port 7000[39m
Sat Aug 30 2025 16:0:49 [SERVER-NAME] info: [33m♻️  Socket is listening on same port 7000[39m
Sat Aug 30 2025 16:0:49 [SERVER-NAME] info: [33m♻️  Socket is listening on same port 7000[39m
Sat Aug 30 2025 16:0:49 [SERVER-NAME] info: [33m♻️  Socket is listening on same port 7000[39m
Sat Aug 30 2025 16:0:49 [SERVER-NAME] info: [32m🚀 Database connected successfully[39m
Sat Aug 30 2025 16:0:49 [SERVER-NAME] info: [32m🚀 Database connected successfully[39m
Sat Aug 30 2025 16:0:49 [SERVER-NAME] info: [33m♻️  Socket is listening on same port 7000[39m
Sat Aug 30 2025 16:0:49 [SERVER-NAME] info: [33m♻️  Socket is listening on same port 7000[39m
Sat Aug 30 2025 16:0:49 [SERVER-NAME] info: [32m🚀 Database connected successfully[39m
Sat Aug 30 2025 16:0:49 [SERVER-NAME] info: [32m🚀 Database connected successfully[39m
Sat Aug 30 2025 16:0:49 [SERVER-NAME] info: [32m🚀 Database connected successfully[39m
Sat Aug 30 2025 16:0:49 [SERVER-NAME] info: [33m♻️  Socket is listening on same port 7000[39m
Sat Aug 30 2025 16:0:49 [SERVER-NAME] info: [33m♻️  Socket is listening on same port 7000[39m
Sat Aug 30 2025 16:0:49 [SERVER-NAME] info: [33m♻️  Socket is listening on same port 7000[39m
Sat Aug 30 2025 16:0:49 [SERVER-NAME] info: [32m🚀 Database connected successfully[39m
Sat Aug 30 2025 16:0:49 [SERVER-NAME] info: [32m🚀 Database connected successfully[39m
Sat Aug 30 2025 16:0:49 [SERVER-NAME] info: [32m🚀 Database connected successfully[39m
Sat Aug 30 2025 16:0:49 [SERVER-NAME] info: [33m♻️  Socket is listening on same port 7000[39m
Sat Aug 30 2025 16:0:49 [SERVER-NAME] info: [33m♻️  Socket is listening on same port 7000[39m
Sat Aug 30 2025 16:0:49 [SERVER-NAME] info: [33m♻️  Socket is listening on same port 7000[39m
Sat Aug 30 2025 16:0:50 [SERVER-NAME] info: [32mWorker 18928 is ready to accept connections[39m
Sat Aug 30 2025 16:0:50 [SERVER-NAME] info: [32mWorker 15772 is ready to accept connections[39m
Sat Aug 30 2025 16:0:50 [SERVER-NAME] info: [32mWorker 18388 is ready to accept connections[39m
Sat Aug 30 2025 16:0:50 [SERVER-NAME] info: [32mWorker 39840 is ready to accept connections[39m
Sat Aug 30 2025 16:0:50 [SERVER-NAME] info: [32mWorker 39580 is ready to accept connections[39m
Sat Aug 30 2025 16:0:50 [SERVER-NAME] info: [32mWorker 22908 is ready to accept connections[39m
Sat Aug 30 2025 16:0:50 [SERVER-NAME] info: [32mWorker 55936 is ready to accept connections[39m
Sat Aug 30 2025 16:0:50 [SERVER-NAME] info: [32mWorker 34864 is ready to accept connections[39m
Sat Aug 30 2025 16:0:50 [SERVER-NAME] info: [32mWorker 57564 is ready to accept connections[39m
Sat Aug 30 2025 16:0:50 [SERVER-NAME] info: [32mWorker 39928 is ready to accept connections[39m
Sat Aug 30 2025 16:0:50 [SERVER-NAME] info: [32mWorker 13420 is ready to accept connections[39m
Sat Aug 30 2025 16:0:50 [SERVER-NAME] info: [32mWorker 50956 is ready to accept connections[39m
Sat Aug 30 2025 16:0:51 [SERVER-NAME] warn: [33mWorker 39840 exited with error code: 1[39m
Sat Aug 30 2025 16:0:51 [SERVER-NAME] info: [34mRestarting worker 39840 in 40000ms (attempt 4)[39m
Sat Aug 30 2025 16:0:51 [SERVER-NAME] warn: [33mWorker 18388 exited with error code: 1[39m
Sat Aug 30 2025 16:0:51 [SERVER-NAME] info: [34mRestarting worker 18388 in 40000ms (attempt 4)[39m
Sat Aug 30 2025 16:0:51 [SERVER-NAME] warn: [33mWorker 18928 exited with error code: 1[39m
Sat Aug 30 2025 16:0:51 [SERVER-NAME] info: [34mRestarting worker 18928 in 40000ms (attempt 4)[39m
Sat Aug 30 2025 16:0:51 [SERVER-NAME] warn: [33mWorker 15772 exited with error code: 1[39m
Sat Aug 30 2025 16:0:51 [SERVER-NAME] info: [34mRestarting worker 15772 in 40000ms (attempt 4)[39m
Sat Aug 30 2025 16:0:51 [SERVER-NAME] warn: [33mWorker 22908 exited with error code: 1[39m
