Tue Jul 15 2025 12:0:6 [SERVER-NAME] error: Email Data command failed: 550-5.4.5 Daily user sending limit exceeded. For more information on Gmail
550-5.4.5 sending limits go to
550 5.4.5  https://support.google.com/a/answer/166852 d9443c01a7336-23de43227b7sm101318335ad.106 - gsmtp
Tue Jul 15 2025 12:0:15 [SERVER-NAME] error: POST /api/v1/auth/login 400 - 6.949 ms
Tue Jul 15 2025 12:0:17 [SERVER-NAME] error: POST /api/v1/auth/login 400 - 4.768 ms
Tue Jul 15 2025 12:0:19 [SERVER-NAME] error: POST /api/v1/auth/login 400 - 2.992 ms
Tue Jul 15 2025 12:0:20 [SERVER-NAME] error: POST /api/v1/auth/login 400 - 2.929 ms
Tue Jul 15 2025 12:0:20 [SERVER-NAME] error: POST /api/v1/auth/login 400 - 3.803 ms
Tue Jul 15 2025 12:0:20 [SERVER-NAME] error: POST /api/v1/auth/login 400 - 5.287 ms
Tue Jul 15 2025 12:0:20 [SERVER-NAME] error: POST /api/v1/auth/login 400 - 2.101 ms
Tue Jul 15 2025 12:1:5 [SERVER-NAME] error: Email Data command failed: 550-5.4.5 Daily user sending limit exceeded. For more information on Gmail
550-5.4.5 sending limits go to
550 5.4.5  https://support.google.com/a/answer/166852 41be03b00d2f7-b3bbe6c5891sm11264453a12.41 - gsmtp
Tue Jul 15 2025 12:2:6 [SERVER-NAME] error: Email Data command failed: 550-5.4.5 Daily user sending limit exceeded. For more information on Gmail
550-5.4.5 sending limits go to
550 5.4.5  https://support.google.com/a/answer/166852 d2e1a72fcca58-74eb9f1a851sm11286454b3a.82 - gsmtp
Tue Jul 15 2025 12:2:23 [SERVER-NAME] error: GET /api/v1/challenge/letest 403 - 21.029 ms
Tue Jul 15 2025 12:3:5 [SERVER-NAME] error: Email Data command failed: 550-5.4.5 Daily user sending limit exceeded. For more information on Gmail
550-5.4.5 sending limits go to
550 5.4.5  https://support.google.com/a/answer/166852 98e67ed59e1d1-31c3eb45c71sm11766200a91.28 - gsmtp
Tue Jul 15 2025 12:4:6 [SERVER-NAME] error: Email Data command failed: 550-5.4.5 Daily user sending limit exceeded. For more information on Gmail
550-5.4.5 sending limits go to
550 5.4.5  https://support.google.com/a/answer/166852 98e67ed59e1d1-31c923bd7d0sm440089a91.1 - gsmtp
Tue Jul 15 2025 12:4:29 [SERVER-NAME] error: GET /api/v1/challenge/letest 403 - 16.006 ms
Tue Jul 15 2025 12:5:5 [SERVER-NAME] error: Email Data command failed: 550-5.4.5 Daily user sending limit exceeded. For more information on Gmail
550-5.4.5 sending limits go to
550 5.4.5  https://support.google.com/a/answer/166852 d9443c01a7336-23de434d6b0sm106320695ad.203 - gsmtp
Tue Jul 15 2025 12:5:40 [SERVER-NAME] error: GET /api/v1/challenge/letest 403 - 12.981 ms
Tue Jul 15 2025 12:5:49 [SERVER-NAME] error: GET /api/v1/challenge/letest 403 - 2.483 ms
Tue Jul 15 2025 12:5:56 [SERVER-NAME] error: GET /api/v1/challenge/letest 403 - 3.527 ms
Tue Jul 15 2025 12:6:5 [SERVER-NAME] error: Email Data command failed: 550-5.4.5 Daily user sending limit exceeded. For more information on Gmail
550-5.4.5 sending limits go to
550 5.4.5  https://support.google.com/a/answer/166852 d2e1a72fcca58-74eb9f1b708sm11947817b3a.75 - gsmtp
Tue Jul 15 2025 12:6:5 [SERVER-NAME] error: GET /api/v1/challenge/letest 403 - 4.451 ms
Tue Jul 15 2025 12:7:5 [SERVER-NAME] error: Email Data command failed: 550-5.4.5 Daily user sending limit exceeded. For more information on Gmail
550-5.4.5 sending limits go to
550 5.4.5  https://support.google.com/a/answer/166852 d2e1a72fcca58-74eb9f90d66sm11421597b3a.173 - gsmtp
Tue Jul 15 2025 12:8:5 [SERVER-NAME] error: Email Data command failed: 550-5.4.5 Daily user sending limit exceeded. For more information on Gmail
550-5.4.5 sending limits go to
550 5.4.5  https://support.google.com/a/answer/166852 98e67ed59e1d1-31c3003f96dsm14323903a91.2 - gsmtp
Tue Jul 15 2025 12:9:6 [SERVER-NAME] error: Email Data command failed: 550-5.4.5 Daily user sending limit exceeded. For more information on Gmail
550-5.4.5 sending limits go to
550 5.4.5  https://support.google.com/a/answer/166852 d9443c01a7336-23de4322f15sm103274845ad.130 - gsmtp
Tue Jul 15 2025 12:10:2 [SERVER-NAME] error: GET /api/v1/challenge/letest 403 - 9.832 ms
Tue Jul 15 2025 12:10:5 [SERVER-NAME] error: Email Data command failed: 550-5.4.5 Daily user sending limit exceeded. For more information on Gmail
550-5.4.5 sending limits go to
550 5.4.5  https://support.google.com/a/answer/166852 98e67ed59e1d1-31c3eb7f237sm11993845a91.45 - gsmtp
Tue Jul 15 2025 12:10:11 [SERVER-NAME] error: GET /api/v1/challenge/letest 403 - 3.281 ms
Tue Jul 15 2025 12:11:5 [SERVER-NAME] error: Email Data command failed: 550-5.4.5 Daily user sending limit exceeded. For more information on Gmail
550-5.4.5 sending limits go to
550 5.4.5  https://support.google.com/a/answer/166852 d9443c01a7336-23de4367debsm102937425ad.252 - gsmtp
Tue Jul 15 2025 12:11:16 [SERVER-NAME] error: GET /api/v1/challenge/letest 403 - 18.599 ms
Tue Jul 15 2025 12:11:17 [SERVER-NAME] error: GET /api/v1/challenge/letest 403 - 12.875 ms
Tue Jul 15 2025 12:12:5 [SERVER-NAME] error: Email Data command failed: 550-5.4.5 Daily user sending limit exceeded. For more information on Gmail
550-5.4.5 sending limits go to
550 5.4.5  https://support.google.com/a/answer/166852 d2e1a72fcca58-74eb9e06b0esm11397824b3a.60 - gsmtp
Tue Jul 15 2025 12:13:6 [SERVER-NAME] error: Email Data command failed: 550-5.4.5 Daily user sending limit exceeded. For more information on Gmail
550-5.4.5 sending limits go to
550 5.4.5  https://support.google.com/a/answer/166852 d9443c01a7336-23de428b06bsm101172755ad.41 - gsmtp
Tue Jul 15 2025 12:14:5 [SERVER-NAME] error: Email Data command failed: 550-5.4.5 Daily user sending limit exceeded. For more information on Gmail
550-5.4.5 sending limits go to
550 5.4.5  https://support.google.com/a/answer/166852 d9443c01a7336-23de4323f57sm102655135ad.140 - gsmtp
Tue Jul 15 2025 12:14:8 [SERVER-NAME] error: GET /api/v1/challenge/letest 403 - 17.092 ms
Tue Jul 15 2025 12:14:24 [SERVER-NAME] error: GET /api/v1/challenge/letest 403 - 4.821 ms
Tue Jul 15 2025 12:14:31 [SERVER-NAME] error: GET /api/v1/challenge/letest 403 - 11.143 ms
Tue Jul 15 2025 12:14:36 [SERVER-NAME] error: GET /api/v1/challenge/letest 403 - 4.753 ms
Tue Jul 15 2025 12:14:38 [SERVER-NAME] error: GET /api/v1/challenge/letest 403 - 14.083 ms
Tue Jul 15 2025 12:15:5 [SERVER-NAME] error: Email Data command failed: 550-5.4.5 Daily user sending limit exceeded. For more information on Gmail
550-5.4.5 sending limits go to
550 5.4.5  https://support.google.com/a/answer/166852 d2e1a72fcca58-74eb9f4b3b5sm11540870b3a.123 - gsmtp
Tue Jul 15 2025 12:15:17 [SERVER-NAME] error: GET /api/v1/challenge/letest 403 - 10.788 ms
Tue Jul 15 2025 12:15:21 [SERVER-NAME] error: GET /api/v1/challenge/letest 403 - 14.220 ms
Tue Jul 15 2025 12:15:25 [SERVER-NAME] error: GET /api/v1/challenge/letest 403 - 13.650 ms
Tue Jul 15 2025 12:15:29 [SERVER-NAME] error: GET /api/v1/challenge/letest 403 - 8.315 ms
Tue Jul 15 2025 12:15:43 [SERVER-NAME] error: GET /api/v1/challenge/letest 403 - 11.717 ms
Tue Jul 15 2025 12:16:5 [SERVER-NAME] error: Email Data command failed: 550-5.4.5 Daily user sending limit exceeded. For more information on Gmail
550-5.4.5 sending limits go to
550 5.4.5  https://support.google.com/a/answer/166852 d2e1a72fcca58-74eb9e07649sm11591914b3a.71 - gsmtp
Tue Jul 15 2025 12:16:15 [SERVER-NAME] error: GET /api/v1/challenge/letest 403 - 13.080 ms
Tue Jul 15 2025 12:17:5 [SERVER-NAME] error: Email Data command failed: 550-5.4.5 Daily user sending limit exceeded. For more information on Gmail
550-5.4.5 sending limits go to
550 5.4.5  https://support.google.com/a/answer/166852 d2e1a72fcca58-74ebfd2d26asm9807217b3a.76 - gsmtp
Tue Jul 15 2025 12:18:3 [SERVER-NAME] error: Email Data command failed: 550-5.4.5 Daily user sending limit exceeded. For more information on Gmail
550-5.4.5 sending limits go to
550 5.4.5  https://support.google.com/a/answer/166852 d2e1a72fcca58-74eb9f4e156sm12104417b3a.140 - gsmtp
Tue Jul 15 2025 12:22:39 [SERVER-NAME] error: GET /api/v1/challenge/letest 403 - 14.229 ms
Tue Jul 15 2025 12:22:49 [SERVER-NAME] error: GET /api/v1/challenge/letest 403 - 10.962 ms
Tue Jul 15 2025 12:24:41 [SERVER-NAME] error: GET /api/v1/challenge/letest 403 - 12.267 ms
Tue Jul 15 2025 12:31:6 [SERVER-NAME] error: Email Data command failed: 550-5.4.5 Daily user sending limit exceeded. For more information on Gmail
550-5.4.5 sending limits go to
550 5.4.5  https://support.google.com/a/answer/166852 d2e1a72fcca58-74eb9f9c0b2sm12006359b3a.179 - gsmtp
Tue Jul 15 2025 12:32:6 [SERVER-NAME] error: Email Data command failed: 550-5.4.5 Daily user sending limit exceeded. For more information on Gmail
550-5.4.5 sending limits go to
550 5.4.5  https://support.google.com/a/answer/166852 d2e1a72fcca58-74eb9dd7384sm11692108b3a.35 - gsmtp
Tue Jul 15 2025 12:32:55 [SERVER-NAME] error: GET /api/v1/challenge/letest 403 - 11.314 ms
Tue Jul 15 2025 12:33:5 [SERVER-NAME] error: Email Data command failed: 550-5.4.5 Daily user sending limit exceeded. For more information on Gmail
550-5.4.5 sending limits go to
550 5.4.5  https://support.google.com/a/answer/166852 d2e1a72fcca58-74eb9e069e3sm12094158b3a.53 - gsmtp
Tue Jul 15 2025 12:33:7 [SERVER-NAME] error: GET /api/v1/challenge/letest 403 - 12.280 ms
Tue Jul 15 2025 12:33:43 [SERVER-NAME] error: GET /api/v1/challenge/letest 403 - 14.428 ms
Tue Jul 15 2025 12:34:5 [SERVER-NAME] error: Email Data command failed: 550-5.4.5 Daily user sending limit exceeded. For more information on Gmail
550-5.4.5 sending limits go to
550 5.4.5  https://support.google.com/a/answer/166852 d9443c01a7336-23de4322df2sm103286085ad.111 - gsmtp
Tue Jul 15 2025 12:35:5 [SERVER-NAME] error: Email Data command failed: 550-5.4.5 Daily user sending limit exceeded. For more information on Gmail
550-5.4.5 sending limits go to
550 5.4.5  https://support.google.com/a/answer/166852 d9443c01a7336-23de4322b17sm107433695ad.103 - gsmtp
Tue Jul 15 2025 12:36:5 [SERVER-NAME] error: Email Data command failed: 550-5.4.5 Daily user sending limit exceeded. For more information on Gmail
550-5.4.5 sending limits go to
550 5.4.5  https://support.google.com/a/answer/166852 d9443c01a7336-23de435b75fsm103461785ad.214 - gsmtp
Tue Jul 15 2025 12:37:5 [SERVER-NAME] error: Email Data command failed: 550-5.4.5 Daily user sending limit exceeded. For more information on Gmail
550-5.4.5 sending limits go to
550 5.4.5  https://support.google.com/a/answer/166852 d9443c01a7336-23de4322b22sm101675605ad.98 - gsmtp
Tue Jul 15 2025 12:38:7 [SERVER-NAME] error: Email Data command failed: 550-5.4.5 Daily user sending limit exceeded. For more information on Gmail
550-5.4.5 sending limits go to
550 5.4.5  https://support.google.com/a/answer/166852 d2e1a72fcca58-74eb9f4cb57sm11971124b3a.136 - gsmtp
Tue Jul 15 2025 12:39:5 [SERVER-NAME] error: Email Data command failed: 550-5.4.5 Daily user sending limit exceeded. For more information on Gmail
550-5.4.5 sending limits go to
550 5.4.5  https://support.google.com/a/answer/166852 d9443c01a7336-23de4322b65sm102999585ad.109 - gsmtp
Tue Jul 15 2025 12:40:5 [SERVER-NAME] error: Email Data command failed: 550-5.4.5 Daily user sending limit exceeded. For more information on Gmail
550-5.4.5 sending limits go to
550 5.4.5  https://support.google.com/a/answer/166852 d2e1a72fcca58-74eb9f4b6absm10987486b3a.125 - gsmtp
Tue Jul 15 2025 12:41:5 [SERVER-NAME] error: Email Data command failed: 550-5.4.5 Daily user sending limit exceeded. For more information on Gmail
550-5.4.5 sending limits go to
550 5.4.5  https://support.google.com/a/answer/166852 d9443c01a7336-23de4322e92sm108912715ad.128 - gsmtp
Tue Jul 15 2025 12:42:7 [SERVER-NAME] error: Email Data command failed: 550-5.4.5 Daily user sending limit exceeded. For more information on Gmail
550-5.4.5 sending limits go to
550 5.4.5  https://support.google.com/a/answer/166852 d9443c01a7336-23de42849absm109445165ad.18 - gsmtp
Tue Jul 15 2025 12:43:6 [SERVER-NAME] error: Email Data command failed: 550-5.4.5 Daily user sending limit exceeded. For more information on Gmail
550-5.4.5 sending limits go to
550 5.4.5  https://support.google.com/a/answer/166852 98e67ed59e1d1-31c5d8e133fsm6105768a91.24 - gsmtp
Tue Jul 15 2025 12:44:5 [SERVER-NAME] error: Email Data command failed: 550-5.4.5 Daily user sending limit exceeded. For more information on Gmail
550-5.4.5 sending limits go to
550 5.4.5  https://support.google.com/a/answer/166852 d9443c01a7336-23de432278csm107789185ad.121 - gsmtp
Tue Jul 15 2025 12:45:6 [SERVER-NAME] error: Email Data command failed: 550-5.4.5 Daily user sending limit exceeded. For more information on Gmail
550-5.4.5 sending limits go to
550 5.4.5  https://support.google.com/a/answer/166852 d9443c01a7336-23de4323db9sm102592595ad.129 - gsmtp
Tue Jul 15 2025 12:46:3 [SERVER-NAME] error: GET /api/v1/challenge/letest 403 - 18.190 ms
Tue Jul 15 2025 12:46:5 [SERVER-NAME] error: Email Data command failed: 550-5.4.5 Daily user sending limit exceeded. For more information on Gmail
550-5.4.5 sending limits go to
550 5.4.5  https://support.google.com/a/answer/166852 98e67ed59e1d1-31c3eb7e357sm12316284a91.47 - gsmtp
Tue Jul 15 2025 12:46:54 [SERVER-NAME] error: GET /api/v1/challenge/letest 403 - 7.297 ms
Tue Jul 15 2025 12:47:6 [SERVER-NAME] error: Email Data command failed: 550-5.4.5 Daily user sending limit exceeded. For more information on Gmail
550-5.4.5 sending limits go to
550 5.4.5  https://support.google.com/a/answer/166852 d2e1a72fcca58-74eb9f96e79sm11692860b3a.175 - gsmtp
Tue Jul 15 2025 12:47:44 [SERVER-NAME] error: GET /api/v1/challenge/letest 403 - 10.024 ms
Tue Jul 15 2025 12:48:5 [SERVER-NAME] error: Email Data command failed: 550-5.4.5 Daily user sending limit exceeded. For more information on Gmail
550-5.4.5 sending limits go to
550 5.4.5  https://support.google.com/a/answer/166852 d2e1a72fcca58-74eb9f90d66sm11499010b3a.173 - gsmtp
Tue Jul 15 2025 12:49:5 [SERVER-NAME] error: Email Data command failed: 550-5.4.5 Daily user sending limit exceeded. For more information on Gmail
550-5.4.5 sending limits go to
550 5.4.5  https://support.google.com/a/answer/166852 98e67ed59e1d1-31c92056be7sm694593a91.29 - gsmtp
Tue Jul 15 2025 12:50:5 [SERVER-NAME] error: Email Data command failed: 550-5.4.5 Daily user sending limit exceeded. For more information on Gmail
550-5.4.5 sending limits go to
550 5.4.5  https://support.google.com/a/answer/166852 d2e1a72fcca58-74eb9f99d37sm11649877b3a.178 - gsmtp
Tue Jul 15 2025 12:50:54 [SERVER-NAME] error: GET /api/v1/challenge/letest 403 - 14.834 ms
Tue Jul 15 2025 12:51:4 [SERVER-NAME] error: Email Data command failed: 550-5.4.5 Daily user sending limit exceeded. For more information on Gmail
550-5.4.5 sending limits go to
550 5.4.5  https://support.google.com/a/answer/166852 d9443c01a7336-23de43313d3sm111105425ad.144 - gsmtp
Tue Jul 15 2025 12:51:12 [SERVER-NAME] error: GET /api/v1/challenge/letest 403 - 17.034 ms
Tue Jul 15 2025 12:51:14 [SERVER-NAME] error: GET /api/v1/challenge/letest 403 - 13.926 ms
Tue Jul 15 2025 12:52:5 [SERVER-NAME] error: Email Data command failed: 550-5.4.5 Daily user sending limit exceeded. For more information on Gmail
550-5.4.5 sending limits go to
550 5.4.5  https://support.google.com/a/answer/166852 d2e1a72fcca58-74eb9e069a1sm11733885b3a.46 - gsmtp
Tue Jul 15 2025 12:52:13 [SERVER-NAME] error: GET /api/v1/challenge/letest 403 - 14.644 ms
Tue Jul 15 2025 12:52:14 [SERVER-NAME] error: GET /api/v1/challenge/letest 403 - 11.876 ms
Tue Jul 15 2025 12:52:29 [SERVER-NAME] error: GET /api/v1/challenge/letest 403 - 5.529 ms
Tue Jul 15 2025 12:52:39 [SERVER-NAME] error: GET /api/v1/challenge/letest 403 - 4.382 ms
Tue Jul 15 2025 12:53:5 [SERVER-NAME] error: Email Data command failed: 550-5.4.5 Daily user sending limit exceeded. For more information on Gmail
550-5.4.5 sending limits go to
550 5.4.5  https://support.google.com/a/answer/166852 98e67ed59e1d1-31c3e958150sm12162764a91.4 - gsmtp
Tue Jul 15 2025 12:54:5 [SERVER-NAME] error: Email Data command failed: 550-5.4.5 Daily user sending limit exceeded. For more information on Gmail
550-5.4.5 sending limits go to
550 5.4.5  https://support.google.com/a/answer/166852 d2e1a72fcca58-74fd6c1023asm6744631b3a.61 - gsmtp
Tue Jul 15 2025 12:54:14 [SERVER-NAME] error: GET /api/v1/challenge/letest 403 - 4.434 ms
Tue Jul 15 2025 12:54:14 [SERVER-NAME] error: GET /api/v1/challenge/letest 403 - 15.653 ms
Tue Jul 15 2025 12:54:42 [SERVER-NAME] error: GET /api/v1/challenge/letest 403 - 10.441 ms
Tue Jul 15 2025 12:55:5 [SERVER-NAME] error: Email Data command failed: 550-5.4.5 Daily user sending limit exceeded. For more information on Gmail
550-5.4.5 sending limits go to
550 5.4.5  https://support.google.com/a/answer/166852 d9443c01a7336-23de42864a8sm104595745ad.42 - gsmtp
Tue Jul 15 2025 12:56:6 [SERVER-NAME] error: Email Data command failed: 550-5.4.5 Daily user sending limit exceeded. For more information on Gmail
550-5.4.5 sending limits go to
550 5.4.5  https://support.google.com/a/answer/166852 d2e1a72fcca58-74eb9dd5ab5sm11865640b3a.30 - gsmtp
Tue Jul 15 2025 12:57:5 [SERVER-NAME] error: Email Data command failed: 550-5.4.5 Daily user sending limit exceeded. For more information on Gmail
550-5.4.5 sending limits go to
550 5.4.5  https://support.google.com/a/answer/166852 98e67ed59e1d1-31c5d8e133fsm6130770a91.24 - gsmtp
Tue Jul 15 2025 12:58:6 [SERVER-NAME] error: Email Data command failed: 550-5.4.5 Daily user sending limit exceeded. For more information on Gmail
550-5.4.5 sending limits go to
550 5.4.5  https://support.google.com/a/answer/166852 d2e1a72fcca58-74eb9f4caa9sm11616117b3a.111 - gsmtp
Tue Jul 15 2025 12:59:5 [SERVER-NAME] error: Email Data command failed: 550-5.4.5 Daily user sending limit exceeded. For more information on Gmail
550-5.4.5 sending limits go to
550 5.4.5  https://support.google.com/a/answer/166852 41be03b00d2f7-b3bbe6c5891sm11378614a12.41 - gsmtp
