Tue Jul 15 2025 11:0:7 [SERVER-NAME] error: Email Data command failed: 550-5.4.5 Daily user sending limit exceeded. For more information on Gmail
550-5.4.5 sending limits go to
550 5.4.5  https://support.google.com/a/answer/166852 98e67ed59e1d1-31c3eb7e9ecsm11892998a91.42 - gsmtp
Tue Jul 15 2025 11:2:6 [SERVER-NAME] error: Email Data command failed: 550-5.4.5 Daily user sending limit exceeded. For more information on Gmail
550-5.4.5 sending limits go to
550 5.4.5  https://support.google.com/a/answer/166852 41be03b00d2f7-b3bbe71a40csm11224760a12.64 - gsmtp
Tue Jul 15 2025 11:3:5 [SERVER-NAME] error: Email Data command failed: 550-5.4.5 Daily user sending limit exceeded. For more information on Gmail
550-5.4.5 sending limits go to
550 5.4.5  https://support.google.com/a/answer/166852 41be03b00d2f7-b3bbe6c44b3sm11302604a12.42 - gsmtp
Tue Jul 15 2025 11:4:6 [SERVER-NAME] error: Email Data command failed: 550-5.4.5 Daily user sending limit exceeded. For more information on Gmail
550-5.4.5 sending limits go to
550 5.4.5  https://support.google.com/a/answer/166852 41be03b00d2f7-b3bbe57c03fsm11242331a12.20 - gsmtp
Tue Jul 15 2025 11:7:5 [SERVER-NAME] error: Email Data command failed: 550-5.4.5 Daily user sending limit exceeded. For more information on Gmail
550-5.4.5 sending limits go to
550 5.4.5  https://support.google.com/a/answer/166852 d2e1a72fcca58-74eb9e06883sm12045220b3a.63 - gsmtp
Tue Jul 15 2025 11:8:6 [SERVER-NAME] error: Email Data command failed: 550-5.4.5 Daily user sending limit exceeded. For more information on Gmail
550-5.4.5 sending limits go to
550 5.4.5  https://support.google.com/a/answer/166852 d2e1a72fcca58-74eb9f4a023sm10860669b3a.121 - gsmtp
Tue Jul 15 2025 11:9:5 [SERVER-NAME] error: Email Data command failed: 550-5.4.5 Daily user sending limit exceeded. For more information on Gmail
550-5.4.5 sending limits go to
550 5.4.5  https://support.google.com/a/answer/166852 41be03b00d2f7-b3bbe728a99sm11200033a12.66 - gsmtp
Tue Jul 15 2025 11:10:6 [SERVER-NAME] error: Email Data command failed: 550-5.4.5 Daily user sending limit exceeded. For more information on Gmail
550-5.4.5 sending limits go to
550 5.4.5  https://support.google.com/a/answer/166852 41be03b00d2f7-b3bbe6bd8aasm11193828a12.37 - gsmtp
Tue Jul 15 2025 11:11:6 [SERVER-NAME] error: Email Data command failed: 550-5.4.5 Daily user sending limit exceeded. For more information on Gmail
550-5.4.5 sending limits go to
550 5.4.5  https://support.google.com/a/answer/166852 d9443c01a7336-23de435bb73sm102124815ad.229 - gsmtp
Tue Jul 15 2025 11:12:5 [SERVER-NAME] error: Email Data command failed: 550-5.4.5 Daily user sending limit exceeded. For more information on Gmail
550-5.4.5 sending limits go to
550 5.4.5  https://support.google.com/a/answer/166852 d2e1a72fcca58-74eb9f22d93sm11417950b3a.89 - gsmtp
Tue Jul 15 2025 11:13:5 [SERVER-NAME] error: Email Data command failed: 550-5.4.5 Daily user sending limit exceeded. For more information on Gmail
550-5.4.5 sending limits go to
550 5.4.5  https://support.google.com/a/answer/166852 d2e1a72fcca58-74eb9f4c989sm11868202b3a.130 - gsmtp
Tue Jul 15 2025 11:14:5 [SERVER-NAME] error: Email Data command failed: 550-5.4.5 Daily user sending limit exceeded. For more information on Gmail
550-5.4.5 sending limits go to
550 5.4.5  https://support.google.com/a/answer/166852 41be03b00d2f7-b3bbe728a99sm11208309a12.66 - gsmtp
Tue Jul 15 2025 11:15:5 [SERVER-NAME] error: Email Data command failed: 550-5.4.5 Daily user sending limit exceeded. For more information on Gmail
550-5.4.5 sending limits go to
550 5.4.5  https://support.google.com/a/answer/166852 d9443c01a7336-23de4341833sm101742385ad.173 - gsmtp
Tue Jul 15 2025 11:16:6 [SERVER-NAME] error: Email Data command failed: 550-5.4.5 Daily user sending limit exceeded. For more information on Gmail
550-5.4.5 sending limits go to
550 5.4.5  https://support.google.com/a/answer/166852 d9443c01a7336-23de4333d09sm107377045ad.155 - gsmtp
Tue Jul 15 2025 11:17:5 [SERVER-NAME] error: Email Data command failed: 550-5.4.5 Daily user sending limit exceeded. For more information on Gmail
550-5.4.5 sending limits go to
550 5.4.5  https://support.google.com/a/answer/166852 d2e1a72fcca58-74eb9f22d93sm11426161b3a.89 - gsmtp
Tue Jul 15 2025 11:17:10 [SERVER-NAME] error: POST /api/v1/admin/package/managment 400 - 984.094 ms
Tue Jul 15 2025 11:18:6 [SERVER-NAME] error: Email Data command failed: 550-5.4.5 Daily user sending limit exceeded. For more information on Gmail
550-5.4.5 sending limits go to
550 5.4.5  https://support.google.com/a/answer/166852 98e67ed59e1d1-31c3e957e02sm11913710a91.1 - gsmtp
Tue Jul 15 2025 11:28:6 [SERVER-NAME] error: POST /api/v1/admin/package/managment 400 - 908.862 ms
Tue Jul 15 2025 11:30:5 [SERVER-NAME] error: Email Data command failed: 550-5.4.5 Daily user sending limit exceeded. For more information on Gmail
550-5.4.5 sending limits go to
550 5.4.5  https://support.google.com/a/answer/166852 41be03b00d2f7-b3bbe52ba7asm11152945a12.13 - gsmtp
Tue Jul 15 2025 11:32:4 [SERVER-NAME] error: Email Data command failed: 550-5.4.5 Daily user sending limit exceeded. For more information on Gmail
550-5.4.5 sending limits go to
550 5.4.5  https://support.google.com/a/answer/166852 98e67ed59e1d1-31c3019f1d1sm14903150a91.35 - gsmtp
Tue Jul 15 2025 11:32:6 [SERVER-NAME] error: DELETE /api/v1/admin/package/managment/6875e4f16360cd60c7acc01f 404 - 4.486 ms
Tue Jul 15 2025 11:33:5 [SERVER-NAME] error: Email Data command failed: 550-5.4.5 Daily user sending limit exceeded. For more information on Gmail
550-5.4.5 sending limits go to
550 5.4.5  https://support.google.com/a/answer/166852 d9443c01a7336-23de42aef79sm101786775ad.68 - gsmtp
Tue Jul 15 2025 11:34:5 [SERVER-NAME] error: Email Data command failed: 550-5.4.5 Daily user sending limit exceeded. For more information on Gmail
550-5.4.5 sending limits go to
550 5.4.5  https://support.google.com/a/answer/166852 d9443c01a7336-23de435bb1asm102636825ad.217 - gsmtp
Tue Jul 15 2025 11:36:5 [SERVER-NAME] error: Email Data command failed: 550-5.4.5 Daily user sending limit exceeded. For more information on Gmail
550-5.4.5 sending limits go to
550 5.4.5  https://support.google.com/a/answer/166852 d2e1a72fcca58-74eb9f22c01sm12055198b3a.101 - gsmtp
Tue Jul 15 2025 11:37:6 [SERVER-NAME] error: Email Data command failed: 550-5.4.5 Daily user sending limit exceeded. For more information on Gmail
550-5.4.5 sending limits go to
550 5.4.5  https://support.google.com/a/answer/166852 41be03b00d2f7-b3bbe57dc09sm11101731a12.26 - gsmtp
Tue Jul 15 2025 11:38:6 [SERVER-NAME] error: Email Data command failed: 550-5.4.5 Daily user sending limit exceeded. For more information on Gmail
550-5.4.5 sending limits go to
550 5.4.5  https://support.google.com/a/answer/166852 d9443c01a7336-23de4322af6sm102430885ad.90 - gsmtp
Tue Jul 15 2025 11:39:6 [SERVER-NAME] error: Email Data command failed: 550-5.4.5 Daily user sending limit exceeded. For more information on Gmail
550-5.4.5 sending limits go to
550 5.4.5  https://support.google.com/a/answer/166852 d9443c01a7336-23de4323df7sm101886245ad.134 - gsmtp
Tue Jul 15 2025 11:40:6 [SERVER-NAME] error: Email Data command failed: 550-5.4.5 Daily user sending limit exceeded. For more information on Gmail
550-5.4.5 sending limits go to
550 5.4.5  https://support.google.com/a/answer/166852 d2e1a72fcca58-74fd6c1023asm6607320b3a.61 - gsmtp
Tue Jul 15 2025 11:41:6 [SERVER-NAME] error: Email Data command failed: 550-5.4.5 Daily user sending limit exceeded. For more information on Gmail
550-5.4.5 sending limits go to
550 5.4.5  https://support.google.com/a/answer/166852 d9443c01a7336-23de4286512sm101518735ad.40 - gsmtp
Tue Jul 15 2025 11:42:5 [SERVER-NAME] error: Email Data command failed: 550-5.4.5 Daily user sending limit exceeded. For more information on Gmail
550-5.4.5 sending limits go to
550 5.4.5  https://support.google.com/a/answer/166852 d2e1a72fcca58-74eb9e06883sm12106490b3a.63 - gsmtp
Tue Jul 15 2025 11:43:6 [SERVER-NAME] error: Email Data command failed: 550-5.4.5 Daily user sending limit exceeded. For more information on Gmail
550-5.4.5 sending limits go to
550 5.4.5  https://support.google.com/a/answer/166852 d9443c01a7336-23de42ad3c6sm109641325ad.75 - gsmtp
Tue Jul 15 2025 11:44:5 [SERVER-NAME] error: Email Data command failed: 550-5.4.5 Daily user sending limit exceeded. For more information on Gmail
550-5.4.5 sending limits go to
550 5.4.5  https://support.google.com/a/answer/166852 d2e1a72fcca58-74eb9f24412sm12067965b3a.103 - gsmtp
Tue Jul 15 2025 11:45:6 [SERVER-NAME] error: Email Data command failed: 550-5.4.5 Daily user sending limit exceeded. For more information on Gmail
550-5.4.5 sending limits go to
550 5.4.5  https://support.google.com/a/answer/166852 d9443c01a7336-23de4323e2asm101324555ad.110 - gsmtp
Tue Jul 15 2025 11:46:6 [SERVER-NAME] error: Email Data command failed: 550-5.4.5 Daily user sending limit exceeded. For more information on Gmail
550-5.4.5 sending limits go to
550 5.4.5  https://support.google.com/a/answer/166852 98e67ed59e1d1-31c3e972298sm11391087a91.11 - gsmtp
Tue Jul 15 2025 11:47:5 [SERVER-NAME] error: Email Data command failed: 550-5.4.5 Daily user sending limit exceeded. For more information on Gmail
550-5.4.5 sending limits go to
550 5.4.5  https://support.google.com/a/answer/166852 d9443c01a7336-23de43346e2sm104182875ad.160 - gsmtp
Tue Jul 15 2025 11:48:6 [SERVER-NAME] error: Email Data command failed: 550-5.4.5 Daily user sending limit exceeded. For more information on Gmail
550-5.4.5 sending limits go to
550 5.4.5  https://support.google.com/a/answer/166852 d2e1a72fcca58-74eb9f1b540sm11215640b3a.74 - gsmtp
Tue Jul 15 2025 11:49:4 [SERVER-NAME] error: Email Data command failed: 550-5.4.5 Daily user sending limit exceeded. For more information on Gmail
550-5.4.5 sending limits go to
550 5.4.5  https://support.google.com/a/answer/166852 d9443c01a7336-23de4341d13sm106305495ad.182 - gsmtp
Tue Jul 15 2025 11:50:5 [SERVER-NAME] error: Email Data command failed: 550-5.4.5 Daily user sending limit exceeded. For more information on Gmail
550-5.4.5 sending limits go to
550 5.4.5  https://support.google.com/a/answer/166852 d2e1a72fcca58-74eb9e06c72sm11944476b3a.66 - gsmtp
Tue Jul 15 2025 11:51:4 [SERVER-NAME] error: Email Data command failed: 550-5.4.5 Daily user sending limit exceeded. For more information on Gmail
550-5.4.5 sending limits go to
550 5.4.5  https://support.google.com/a/answer/166852 d9443c01a7336-23de433e4acsm102479525ad.183 - gsmtp
Tue Jul 15 2025 11:52:5 [SERVER-NAME] error: Email Data command failed: 550-5.4.5 Daily user sending limit exceeded. For more information on Gmail
550-5.4.5 sending limits go to
550 5.4.5  https://support.google.com/a/answer/166852 41be03b00d2f7-b3bbe52edd5sm11344574a12.3 - gsmtp
Tue Jul 15 2025 11:53:5 [SERVER-NAME] error: Email Data command failed: 550-5.4.5 Daily user sending limit exceeded. For more information on Gmail
550-5.4.5 sending limits go to
550 5.4.5  https://support.google.com/a/answer/166852 d2e1a72fcca58-74eb9f4d599sm11375870b3a.139 - gsmtp
Tue Jul 15 2025 11:54:5 [SERVER-NAME] error: Email Data command failed: 550-5.4.5 Daily user sending limit exceeded. For more information on Gmail
550-5.4.5 sending limits go to
550 5.4.5  https://support.google.com/a/answer/166852 98e67ed59e1d1-31c3003f96dsm14297272a91.2 - gsmtp
Tue Jul 15 2025 11:55:5 [SERVER-NAME] error: Email Data command failed: 550-5.4.5 Daily user sending limit exceeded. For more information on Gmail
550-5.4.5 sending limits go to
550 5.4.5  https://support.google.com/a/answer/166852 d2e1a72fcca58-74eb9f8f3a9sm11358104b3a.162 - gsmtp
Tue Jul 15 2025 11:56:5 [SERVER-NAME] error: Email Data command failed: 550-5.4.5 Daily user sending limit exceeded. For more information on Gmail
550-5.4.5 sending limits go to
550 5.4.5  https://support.google.com/a/answer/166852 98e67ed59e1d1-31c30068d50sm14317150a91.15 - gsmtp
Tue Jul 15 2025 11:57:5 [SERVER-NAME] error: Email Data command failed: 550-5.4.5 Daily user sending limit exceeded. For more information on Gmail
550-5.4.5 sending limits go to
550 5.4.5  https://support.google.com/a/answer/166852 98e67ed59e1d1-31c3008a610sm14205728a91.20 - gsmtp
Tue Jul 15 2025 11:58:5 [SERVER-NAME] error: Email Data command failed: 550-5.4.5 Daily user sending limit exceeded. For more information on Gmail
550-5.4.5 sending limits go to
550 5.4.5  https://support.google.com/a/answer/166852 98e67ed59e1d1-31c3eb62ef8sm11386072a91.37 - gsmtp
Tue Jul 15 2025 11:58:6 [SERVER-NAME] error: GET /api/v1/notifications?page=1&limit=30 401 - 24.574 ms
Tue Jul 15 2025 11:58:6 [SERVER-NAME] error: GET /api/v1/comingSoon/latest 401 - 20.703 ms
Tue Jul 15 2025 11:58:6 [SERVER-NAME] error: GET /api/v1/category 401 - 21.817 ms
Tue Jul 15 2025 11:58:6 [SERVER-NAME] error: GET /api/v1/users/profile 401 - 22.848 ms
Tue Jul 15 2025 11:58:6 [SERVER-NAME] error: GET /api/v1/challenge/letest 401 - 2.042 ms
Tue Jul 15 2025 11:58:6 [SERVER-NAME] error: GET /api/v1/comingSoon/latest 401 - 1.134 ms
Tue Jul 15 2025 11:58:46 [SERVER-NAME] error: POST /api/v1/users 409 - 13.150 ms
Tue Jul 15 2025 11:59:5 [SERVER-NAME] error: Email Data command failed: 550-5.4.5 Daily user sending limit exceeded. For more information on Gmail
550-5.4.5 sending limits go to
550 5.4.5  https://support.google.com/a/answer/166852 d2e1a72fcca58-74eb9f4d599sm11386415b3a.139 - gsmtp
