Tue Jul 15 2025 17:6:5 [SERVER-NAME] error: Email Data command failed: 550-5.4.5 Daily user sending limit exceeded. For more information on Gmail
550-5.4.5 sending limits go to
550 5.4.5  https://support.google.com/a/answer/166852 d9443c01a7336-23de435ba4dsm106213005ad.222 - gsmtp
Tue Jul 15 2025 17:7:5 [SERVER-NAME] error: Email Data command failed: 550-5.4.5 Daily user sending limit exceeded. For more information on Gmail
550-5.4.5 sending limits go to
550 5.4.5  https://support.google.com/a/answer/166852 d9443c01a7336-23de4332d24sm108640065ad.146 - gsmtp
Tue Jul 15 2025 17:8:5 [SERVER-NAME] error: Email Data command failed: 550-5.4.5 Daily user sending limit exceeded. For more information on Gmail
550-5.4.5 sending limits go to
550 5.4.5  https://support.google.com/a/answer/166852 d9443c01a7336-23de42ad268sm107738135ad.77 - gsmtp
Tue Jul 15 2025 17:9:5 [SERVER-NAME] error: Email Data command failed: 550-5.4.5 Daily user sending limit exceeded. For more information on Gmail
550-5.4.5 sending limits go to
550 5.4.5  https://support.google.com/a/answer/166852 d9443c01a7336-23de43228a6sm105152315ad.91 - gsmtp
Tue Jul 15 2025 17:10:5 [SERVER-NAME] error: Email Data command failed: 550-5.4.5 Daily user sending limit exceeded. For more information on Gmail
550-5.4.5 sending limits go to
550 5.4.5  https://support.google.com/a/answer/166852 d9443c01a7336-23de4284727sm112469815ad.50 - gsmtp
Tue Jul 15 2025 17:11:5 [SERVER-NAME] error: Email Data command failed: 550-5.4.5 Daily user sending limit exceeded. For more information on Gmail
550-5.4.5 sending limits go to
550 5.4.5  https://support.google.com/a/answer/166852 d2e1a72fcca58-74eb9f8cee7sm12279792b3a.158 - gsmtp
Tue Jul 15 2025 17:12:5 [SERVER-NAME] error: Email Data command failed: 550-5.4.5 Daily user sending limit exceeded. For more information on Gmail
550-5.4.5 sending limits go to
550 5.4.5  https://support.google.com/a/answer/166852 d9443c01a7336-23de4344a51sm112801445ad.191 - gsmtp
Tue Jul 15 2025 17:13:5 [SERVER-NAME] error: Email Data command failed: 550-5.4.5 Daily user sending limit exceeded. For more information on Gmail
550-5.4.5 sending limits go to
550 5.4.5  https://support.google.com/a/answer/166852 d9443c01a7336-23de4283a81sm106578335ad.27 - gsmtp
Tue Jul 15 2025 17:14:5 [SERVER-NAME] error: Email Data command failed: 550-5.4.5 Daily user sending limit exceeded. For more information on Gmail
550-5.4.5 sending limits go to
550 5.4.5  https://support.google.com/a/answer/166852 d9443c01a7336-23de4322af6sm107793005ad.90 - gsmtp
Tue Jul 15 2025 17:15:5 [SERVER-NAME] error: Email Data command failed: 550-5.4.5 Daily user sending limit exceeded. For more information on Gmail
550-5.4.5 sending limits go to
550 5.4.5  https://support.google.com/a/answer/166852 41be03b00d2f7-b3bbe72f8a9sm11590245a12.74 - gsmtp
Tue Jul 15 2025 17:16:5 [SERVER-NAME] error: Email Data command failed: 550-5.4.5 Daily user sending limit exceeded. For more information on Gmail
550-5.4.5 sending limits go to
550 5.4.5  https://support.google.com/a/answer/166852 d2e1a72fcca58-74eb9f4a050sm11820596b3a.119 - gsmtp
Tue Jul 15 2025 17:17:5 [SERVER-NAME] error: Email Data command failed: 550-5.4.5 Daily user sending limit exceeded. For more information on Gmail
550-5.4.5 sending limits go to
550 5.4.5  https://support.google.com/a/answer/166852 d9443c01a7336-23de4284727sm112572985ad.50 - gsmtp
Tue Jul 15 2025 17:18:5 [SERVER-NAME] error: Email Data command failed: 550-5.4.5 Daily user sending limit exceeded. For more information on Gmail
550-5.4.5 sending limits go to
550 5.4.5  https://support.google.com/a/answer/166852 d2e1a72fcca58-74eb9f4ca28sm12644831b3a.134 - gsmtp
Tue Jul 15 2025 17:31:5 [SERVER-NAME] error: Email Data command failed: 550-5.4.5 Daily user sending limit exceeded. For more information on Gmail
550-5.4.5 sending limits go to
550 5.4.5  https://support.google.com/a/answer/166852 d9443c01a7336-23de4332cdcsm107643635ad.145 - gsmtp
Tue Jul 15 2025 17:32:5 [SERVER-NAME] error: Email Data command failed: 550-5.4.5 Daily user sending limit exceeded. For more information on Gmail
550-5.4.5 sending limits go to
550 5.4.5  https://support.google.com/a/answer/166852 d9443c01a7336-23de4322776sm108955815ad.132 - gsmtp
Tue Jul 15 2025 17:33:5 [SERVER-NAME] error: Email Data command failed: 550-5.4.5 Daily user sending limit exceeded. For more information on Gmail
550-5.4.5 sending limits go to
550 5.4.5  https://support.google.com/a/answer/166852 d9443c01a7336-23de43411c8sm108715185ad.184 - gsmtp
Tue Jul 15 2025 17:34:5 [SERVER-NAME] error: Email Data command failed: 550-5.4.5 Daily user sending limit exceeded. For more information on Gmail
550-5.4.5 sending limits go to
550 5.4.5  https://support.google.com/a/answer/166852 41be03b00d2f7-b3bbe52cdaesm12053424a12.10 - gsmtp
Tue Jul 15 2025 17:35:5 [SERVER-NAME] error: Email Data command failed: 550-5.4.5 Daily user sending limit exceeded. For more information on Gmail
550-5.4.5 sending limits go to
550 5.4.5  https://support.google.com/a/answer/166852 98e67ed59e1d1-31c3e957bdbsm11470410a91.10 - gsmtp
Tue Jul 15 2025 17:36:5 [SERVER-NAME] error: Email Data command failed: 550-5.4.5 Daily user sending limit exceeded. For more information on Gmail
550-5.4.5 sending limits go to
550 5.4.5  https://support.google.com/a/answer/166852 d9443c01a7336-23de4347c5bsm109229605ad.198 - gsmtp
Tue Jul 15 2025 17:37:5 [SERVER-NAME] error: Email Data command failed: 550-5.4.5 Daily user sending limit exceeded. For more information on Gmail
550-5.4.5 sending limits go to
550 5.4.5  https://support.google.com/a/answer/166852 41be03b00d2f7-b3bbe7297bcsm11700757a12.73 - gsmtp
Tue Jul 15 2025 17:38:5 [SERVER-NAME] error: Email Data command failed: 550-5.4.5 Daily user sending limit exceeded. For more information on Gmail
550-5.4.5 sending limits go to
550 5.4.5  https://support.google.com/a/answer/166852 d2e1a72fcca58-74eb9f8f3a9sm11967298b3a.162 - gsmtp
Tue Jul 15 2025 17:39:5 [SERVER-NAME] error: Email Data command failed: 550-5.4.5 Daily user sending limit exceeded. For more information on Gmail
550-5.4.5 sending limits go to
550 5.4.5  https://support.google.com/a/answer/166852 d2e1a72fcca58-74eb9f4b16fsm11639612b3a.120 - gsmtp
Tue Jul 15 2025 17:40:5 [SERVER-NAME] error: Email Data command failed: 550-5.4.5 Daily user sending limit exceeded. For more information on Gmail
550-5.4.5 sending limits go to
550 5.4.5  https://support.google.com/a/answer/166852 41be03b00d2f7-b3bbe6f201dsm11888611a12.62 - gsmtp
Tue Jul 15 2025 17:41:5 [SERVER-NAME] error: Email Data command failed: 550-5.4.5 Daily user sending limit exceeded. For more information on Gmail
550-5.4.5 sending limits go to
550 5.4.5  https://support.google.com/a/answer/166852 d9443c01a7336-23de42847casm113328385ad.14 - gsmtp
Tue Jul 15 2025 17:42:5 [SERVER-NAME] error: Email Data command failed: 550-5.4.5 Daily user sending limit exceeded. For more information on Gmail
550-5.4.5 sending limits go to
550 5.4.5  https://support.google.com/a/answer/166852 98e67ed59e1d1-31c3e973e80sm11968024a91.15 - gsmtp
Tue Jul 15 2025 17:43:5 [SERVER-NAME] error: Email Data command failed: 550-5.4.5 Daily user sending limit exceeded. For more information on Gmail
550-5.4.5 sending limits go to
550 5.4.5  https://support.google.com/a/answer/166852 d2e1a72fcca58-74eb9dd7134sm12800335b3a.19 - gsmtp
Tue Jul 15 2025 17:44:6 [SERVER-NAME] error: Email Data command failed: 550-5.4.5 Daily user sending limit exceeded. For more information on Gmail
550-5.4.5 sending limits go to
550 5.4.5  https://support.google.com/a/answer/166852 41be03b00d2f7-b3bbe6bd903sm11985188a12.49 - gsmtp
Tue Jul 15 2025 17:45:5 [SERVER-NAME] error: Email Data command failed: 550-5.4.5 Daily user sending limit exceeded. For more information on Gmail
550-5.4.5 sending limits go to
550 5.4.5  https://support.google.com/a/answer/166852 d2e1a72fcca58-74eb9dd59f1sm11773136b3a.3 - gsmtp
Tue Jul 15 2025 17:46:5 [SERVER-NAME] error: Email Data command failed: 550-5.4.5 Daily user sending limit exceeded. For more information on Gmail
550-5.4.5 sending limits go to
550 5.4.5  https://support.google.com/a/answer/166852 d2e1a72fcca58-74eb9dd59f1sm11774767b3a.3 - gsmtp
Tue Jul 15 2025 17:46:26 [SERVER-NAME] error: 10.10.7.104 - GET /api/v1/admin/dailyInspiration/scheduled 400 - 29.907 ms
Tue Jul 15 2025 17:46:31 [SERVER-NAME] error: 10.10.7.104 - GET /api/v1/admin/dailyInspiration/scheduled 400 - 12.715 ms
Tue Jul 15 2025 17:46:40 [SERVER-NAME] error: 10.10.7.104 - POST /api/v1/admin/dailyInspiration/schedule-create 404 - 22.301 ms
Tue Jul 15 2025 17:47:5 [SERVER-NAME] error: Email Data command failed: 550-5.4.5 Daily user sending limit exceeded. For more information on Gmail
550-5.4.5 sending limits go to
550 5.4.5  https://support.google.com/a/answer/166852 d9443c01a7336-23de4285dc7sm109371295ad.36 - gsmtp
Tue Jul 15 2025 17:48:5 [SERVER-NAME] error: Email Data command failed: 550-5.4.5 Daily user sending limit exceeded. For more information on Gmail
550-5.4.5 sending limits go to
550 5.4.5  https://support.google.com/a/answer/166852 d9443c01a7336-23de433e160sm107785485ad.172 - gsmtp
Tue Jul 15 2025 17:49:4 [SERVER-NAME] error: Email Data command failed: 550-5.4.5 Daily user sending limit exceeded. For more information on Gmail
550-5.4.5 sending limits go to
550 5.4.5  https://support.google.com/a/answer/166852 41be03b00d2f7-b3bbe7297bcsm11718563a12.73 - gsmtp
Tue Jul 15 2025 17:49:39 [SERVER-NAME] error: 10.10.7.37 - GET //thumbnail/low-section-woman-sitting-floor_1048944-9671867-1752203894204.jpg 404 - 5.037 ms
Tue Jul 15 2025 17:49:39 [SERVER-NAME] error: 10.10.7.37 - GET //thumbnail/physical-activity-yoga-exercises-beautiful-260nw-2610377843-1752204444556.jpg 404 - 6.108 ms
Tue Jul 15 2025 17:50:5 [SERVER-NAME] error: Email Data command failed: 550-5.4.5 Daily user sending limit exceeded. For more information on Gmail
550-5.4.5 sending limits go to
550 5.4.5  https://support.google.com/a/answer/166852 d2e1a72fcca58-74eb9dd5fc9sm12282196b3a.2 - gsmtp
Tue Jul 15 2025 17:51:4 [SERVER-NAME] error: Email Data command failed: 550-5.4.5 Daily user sending limit exceeded. For more information on Gmail
550-5.4.5 sending limits go to
550 5.4.5  https://support.google.com/a/answer/166852 d2e1a72fcca58-74eb9dd602dsm12332743b3a.16 - gsmtp
Tue Jul 15 2025 17:52:5 [SERVER-NAME] error: Email Data command failed: 550-5.4.5 Daily user sending limit exceeded. For more information on Gmail
550-5.4.5 sending limits go to
550 5.4.5  https://support.google.com/a/answer/166852 d9443c01a7336-23de4323daesm107794885ad.139 - gsmtp
Tue Jul 15 2025 17:53:5 [SERVER-NAME] error: Email Data command failed: 550-5.4.5 Daily user sending limit exceeded. For more information on Gmail
550-5.4.5 sending limits go to
550 5.4.5  https://support.google.com/a/answer/166852 d9443c01a7336-23de435bb73sm108459495ad.229 - gsmtp
Tue Jul 15 2025 17:54:0 [SERVER-NAME] error: 10.10.7.104 - GET /api/v1/admin/dailyInspiration/scheduled 400 - 12.680 ms
Tue Jul 15 2025 17:54:5 [SERVER-NAME] error: Email Data command failed: 550-5.4.5 Daily user sending limit exceeded. For more information on Gmail
550-5.4.5 sending limits go to
550 5.4.5  https://support.google.com/a/answer/166852 d9443c01a7336-23de4286daesm108611665ad.20 - gsmtp
Tue Jul 15 2025 17:54:15 [SERVER-NAME] error: 10.10.7.104 - POST /api/v1/admin/dailyInspiration/schedule-create 404 - 4.601 ms
Tue Jul 15 2025 17:54:37 [SERVER-NAME] error: 10.10.7.104 - GET /api/v1/admin/dailyInspiration/scheduled 400 - 13.716 ms
Tue Jul 15 2025 17:54:49 [SERVER-NAME] error: 10.10.7.104 - POST /api/v1/admin/dailyInspiration/schedule-create 404 - 4.606 ms
