Tue Jul 15 2025 10:0:6 [SERVER-NAME] error: Email Data command failed: 550-5.4.5 Daily user sending limit exceeded. For more information on Gmail
550-5.4.5 sending limits go to
550 5.4.5  https://support.google.com/a/answer/166852 d9443c01a7336-23de433e160sm100522965ad.172 - gsmtp
Tue Jul 15 2025 10:1:6 [SERVER-NAME] error: Email Data command failed: 550-5.4.5 Daily user sending limit exceeded. For more information on Gmail
550-5.4.5 sending limits go to
550 5.4.5  https://support.google.com/a/answer/166852 d9443c01a7336-23de4322e23sm103374785ad.104 - gsmtp
Tue Jul 15 2025 10:2:6 [SERVER-NAME] error: Email Data command failed: 550-5.4.5 Daily user sending limit exceeded. For more information on Gmail
550-5.4.5 sending limits go to
550 5.4.5  https://support.google.com/a/answer/166852 d2e1a72fcca58-74f5d768221sm7640310b3a.131 - gsmtp
Tue Jul 15 2025 10:3:6 [SERVER-NAME] error: Email Data command failed: 550-5.4.5 Daily user sending limit exceeded. For more information on Gmail
550-5.4.5 sending limits go to
550 5.4.5  https://support.google.com/a/answer/166852 d2e1a72fcca58-74eb9e0697esm11424550b3a.59 - gsmtp
Tue Jul 15 2025 10:4:5 [SERVER-NAME] error: Email Data command failed: 550-5.4.5 Daily user sending limit exceeded. For more information on Gmail
550-5.4.5 sending limits go to
550 5.4.5  https://support.google.com/a/answer/166852 d2e1a72fcca58-74eb9dd73d1sm11350646b3a.10 - gsmtp
Tue Jul 15 2025 10:4:18 [SERVER-NAME] error: GET /api/v1/admin/dailyInspiration/scheduled 400 - 4.669 ms
Tue Jul 15 2025 10:4:45 [SERVER-NAME] error: GET //thumbnail/physical-activity-yoga-exercises-beautiful-260nw-2610377843-1752204444556.jpg 404 - 1.662 ms
Tue Jul 15 2025 10:4:45 [SERVER-NAME] error: GET //thumbnail/low-section-woman-sitting-floor_1048944-9671867-1752203894204.jpg 404 - 2.884 ms
Tue Jul 15 2025 10:5:7 [SERVER-NAME] error: Email Data command failed: 550-5.4.5 Daily user sending limit exceeded. For more information on Gmail
550-5.4.5 sending limits go to
550 5.4.5  https://support.google.com/a/answer/166852 d2e1a72fcca58-74eb9f8cee7sm11533053b3a.158 - gsmtp
Tue Jul 15 2025 10:6:6 [SERVER-NAME] error: Email Data command failed: 550-5.4.5 Daily user sending limit exceeded. For more information on Gmail
550-5.4.5 sending limits go to
550 5.4.5  https://support.google.com/a/answer/166852 d9443c01a7336-23de42853c0sm99355945ad.28 - gsmtp
Tue Jul 15 2025 10:7:6 [SERVER-NAME] error: Email Data command failed: 550-5.4.5 Daily user sending limit exceeded. For more information on Gmail
550-5.4.5 sending limits go to
550 5.4.5  https://support.google.com/a/answer/166852 d9443c01a7336-23de4323cd5sm100804365ad.126 - gsmtp
Tue Jul 15 2025 10:8:6 [SERVER-NAME] error: Email Data command failed: 550-5.4.5 Daily user sending limit exceeded. For more information on Gmail
550-5.4.5 sending limits go to
550 5.4.5  https://support.google.com/a/answer/166852 d9443c01a7336-23de43655fbsm98341025ad.239 - gsmtp
Tue Jul 15 2025 10:9:6 [SERVER-NAME] error: Email Data command failed: 550-5.4.5 Daily user sending limit exceeded. For more information on Gmail
550-5.4.5 sending limits go to
550 5.4.5  https://support.google.com/a/answer/166852 d9443c01a7336-23de4332d3asm105208085ad.152 - gsmtp
Tue Jul 15 2025 10:10:6 [SERVER-NAME] error: Email Data command failed: 550-5.4.5 Daily user sending limit exceeded. For more information on Gmail
550-5.4.5 sending limits go to
550 5.4.5  https://support.google.com/a/answer/166852 98e67ed59e1d1-31c3e978c75sm11680406a91.19 - gsmtp
Tue Jul 15 2025 10:11:5 [SERVER-NAME] error: Email Data command failed: 550-5.4.5 Daily user sending limit exceeded. For more information on Gmail
550-5.4.5 sending limits go to
550 5.4.5  https://support.google.com/a/answer/166852 d9443c01a7336-23de43637dasm100054045ad.243 - gsmtp
Tue Jul 15 2025 10:12:6 [SERVER-NAME] error: Email Data command failed: 550-5.4.5 Daily user sending limit exceeded. For more information on Gmail
550-5.4.5 sending limits go to
550 5.4.5  https://support.google.com/a/answer/166852 d9443c01a7336-23de434c264sm102862955ad.201 - gsmtp
Tue Jul 15 2025 10:13:5 [SERVER-NAME] error: Email Data command failed: 550-5.4.5 Daily user sending limit exceeded. For more information on Gmail
550-5.4.5 sending limits go to
550 5.4.5  https://support.google.com/a/answer/166852 98e67ed59e1d1-31c3eb7f237sm11797479a91.45 - gsmtp
Tue Jul 15 2025 10:14:6 [SERVER-NAME] error: Email Data command failed: 550-5.4.5 Daily user sending limit exceeded. For more information on Gmail
550-5.4.5 sending limits go to
550 5.4.5  https://support.google.com/a/answer/166852 d2e1a72fcca58-74eb9e07793sm11250130b3a.69 - gsmtp
Tue Jul 15 2025 10:15:5 [SERVER-NAME] error: Email Data command failed: 550-5.4.5 Daily user sending limit exceeded. For more information on Gmail
550-5.4.5 sending limits go to
550 5.4.5  https://support.google.com/a/answer/166852 d9443c01a7336-23de4332b0csm100051245ad.149 - gsmtp
Tue Jul 15 2025 10:15:11 [SERVER-NAME] error: GET /api/v1/admin/dailyInspiration/scheduled 400 - 3.395 ms
Tue Jul 15 2025 10:15:15 [SERVER-NAME] error: GET //thumbnail/physical-activity-yoga-exercises-beautiful-260nw-2610377843-1752204444556.jpg 404 - 1.499 ms
Tue Jul 15 2025 10:15:15 [SERVER-NAME] error: GET //thumbnail/low-section-woman-sitting-floor_1048944-9671867-1752203894204.jpg 404 - 1.176 ms
Tue Jul 15 2025 10:16:6 [SERVER-NAME] error: Email Data command failed: 550-5.4.5 Daily user sending limit exceeded. For more information on Gmail
550-5.4.5 sending limits go to
550 5.4.5  https://support.google.com/a/answer/166852 d2e1a72fcca58-74eb9f22c01sm11923113b3a.101 - gsmtp
Tue Jul 15 2025 10:17:6 [SERVER-NAME] error: Email Data command failed: 550-5.4.5 Daily user sending limit exceeded. For more information on Gmail
550-5.4.5 sending limits go to
550 5.4.5  https://support.google.com/a/answer/166852 d9443c01a7336-23de42ad9efsm106597505ad.58 - gsmtp
Tue Jul 15 2025 10:18:5 [SERVER-NAME] error: Email Data command failed: 550-5.4.5 Daily user sending limit exceeded. For more information on Gmail
550-5.4.5 sending limits go to
550 5.4.5  https://support.google.com/a/answer/166852 d9443c01a7336-23de4365b10sm101519885ad.240 - gsmtp
Tue Jul 15 2025 10:20:49 [SERVER-NAME] error: GET /api/v1/admin/dailyInspiration/scheduled 400 - 3.571 ms
Tue Jul 15 2025 10:22:0 [SERVER-NAME] error: GET //thumbnail/physical-activity-yoga-exercises-beautiful-260nw-2610377843-1752204444556.jpg 404 - 2.890 ms
Tue Jul 15 2025 10:22:0 [SERVER-NAME] error: GET //thumbnail/low-section-woman-sitting-floor_1048944-9671867-1752203894204.jpg 404 - 3.451 ms
Tue Jul 15 2025 10:22:6 [SERVER-NAME] error: GET //thumbnail/physical-activity-yoga-exercises-beautiful-260nw-2610377843-1752204444556.jpg 404 - 4.084 ms
Tue Jul 15 2025 10:22:6 [SERVER-NAME] error: GET //thumbnail/low-section-woman-sitting-floor_1048944-9671867-1752203894204.jpg 404 - 4.507 ms
Tue Jul 15 2025 10:22:14 [SERVER-NAME] error: GET //thumbnail/physical-activity-yoga-exercises-beautiful-260nw-2610377843-1752204444556.jpg 404 - 1.584 ms
Tue Jul 15 2025 10:22:14 [SERVER-NAME] error: GET //thumbnail/low-section-woman-sitting-floor_1048944-9671867-1752203894204.jpg 404 - 1.932 ms
Tue Jul 15 2025 10:22:18 [SERVER-NAME] error: GET //thumbnail/physical-activity-yoga-exercises-beautiful-260nw-2610377843-1752204444556.jpg 404 - 3.664 ms
Tue Jul 15 2025 10:22:18 [SERVER-NAME] error: GET //thumbnail/low-section-woman-sitting-floor_1048944-9671867-1752203894204.jpg 404 - 4.676 ms
Tue Jul 15 2025 10:23:40 [SERVER-NAME] error: POST /api/v1/admin/package/managment 400 - 451.742 ms
Tue Jul 15 2025 10:28:6 [SERVER-NAME] error: Email Data command failed: 550-5.4.5 Daily user sending limit exceeded. For more information on Gmail
550-5.4.5 sending limits go to
550 5.4.5  https://support.google.com/a/answer/166852 d2e1a72fcca58-74eb9f8f76asm10998493b3a.163 - gsmtp
Tue Jul 15 2025 10:29:5 [SERVER-NAME] error: Email Data command failed: 550-5.4.5 Daily user sending limit exceeded. For more information on Gmail
550-5.4.5 sending limits go to
550 5.4.5  https://support.google.com/a/answer/166852 d2e1a72fcca58-74eb9f49502sm10510859b3a.115 - gsmtp
Tue Jul 15 2025 10:30:4 [SERVER-NAME] error: Email Data command failed: 550-5.4.5 Daily user sending limit exceeded. For more information on Gmail
550-5.4.5 sending limits go to
550 5.4.5  https://support.google.com/a/answer/166852 d9443c01a7336-23de435b6c2sm102272915ad.216 - gsmtp
Tue Jul 15 2025 10:31:5 [SERVER-NAME] error: Email Data command failed: 550-5.4.5 Daily user sending limit exceeded. For more information on Gmail
550-5.4.5 sending limits go to
550 5.4.5  https://support.google.com/a/answer/166852 d9443c01a7336-23de4287217sm100651515ad.9 - gsmtp
Tue Jul 15 2025 10:31:23 [SERVER-NAME] error: POST /api/v1/admin/package/managment 400 - 458.834 ms
Tue Jul 15 2025 10:31:35 [SERVER-NAME] error: POST /api/v1/admin/package/managment 400 - 277.016 ms
Tue Jul 15 2025 10:32:4 [SERVER-NAME] error: Email Data command failed: 550-5.4.5 Daily user sending limit exceeded. For more information on Gmail
550-5.4.5 sending limits go to
550 5.4.5  https://support.google.com/a/answer/166852 d2e1a72fcca58-74eb9f1b540sm11089397b3a.74 - gsmtp
Tue Jul 15 2025 10:33:6 [SERVER-NAME] error: Email Data command failed: 550-5.4.5 Daily user sending limit exceeded. For more information on Gmail
550-5.4.5 sending limits go to
550 5.4.5  https://support.google.com/a/answer/166852 98e67ed59e1d1-31c3e958090sm11097215a91.7 - gsmtp
Tue Jul 15 2025 10:33:35 [SERVER-NAME] error: POST /api/v1/admin/package/managment 400 - 412.910 ms
Tue Jul 15 2025 10:34:5 [SERVER-NAME] error: Email Data command failed: 550-5.4.5 Daily user sending limit exceeded. For more information on Gmail
550-5.4.5 sending limits go to
550 5.4.5  https://support.google.com/a/answer/166852 41be03b00d2f7-b3bbe71a40csm11182322a12.64 - gsmtp
Tue Jul 15 2025 10:35:5 [SERVER-NAME] error: Email Data command failed: 550-5.4.5 Daily user sending limit exceeded. For more information on Gmail
550-5.4.5 sending limits go to
550 5.4.5  https://support.google.com/a/answer/166852 d9443c01a7336-23de4359aa9sm106738775ad.208 - gsmtp
Tue Jul 15 2025 10:36:6 [SERVER-NAME] error: Email Data command failed: 550-5.4.5 Daily user sending limit exceeded. For more information on Gmail
550-5.4.5 sending limits go to
550 5.4.5  https://support.google.com/a/answer/166852 d9443c01a7336-23de4322a8bsm106333155ad.95 - gsmtp
Tue Jul 15 2025 10:37:5 [SERVER-NAME] error: Email Data command failed: 550-5.4.5 Daily user sending limit exceeded. For more information on Gmail
550-5.4.5 sending limits go to
550 5.4.5  https://support.google.com/a/answer/166852 d9443c01a7336-23de4345e6bsm99890135ad.192 - gsmtp
Tue Jul 15 2025 10:38:7 [SERVER-NAME] error: Email Data command failed: 550-5.4.5 Daily user sending limit exceeded. For more information on Gmail
550-5.4.5 sending limits go to
550 5.4.5  https://support.google.com/a/answer/166852 d2e1a72fcca58-74eb9dd603asm11836926b3a.12 - gsmtp
Tue Jul 15 2025 10:38:37 [SERVER-NAME] error: POST /api/v1/admin/package/managment 400 - 1786.392 ms
Tue Jul 15 2025 10:39:6 [SERVER-NAME] error: Email Data command failed: 550-5.4.5 Daily user sending limit exceeded. For more information on Gmail
550-5.4.5 sending limits go to
550 5.4.5  https://support.google.com/a/answer/166852 41be03b00d2f7-b3bbe52f0bbsm11063963a12.16 - gsmtp
Tue Jul 15 2025 10:40:6 [SERVER-NAME] error: Email Data command failed: 550-5.4.5 Daily user sending limit exceeded. For more information on Gmail
550-5.4.5 sending limits go to
550 5.4.5  https://support.google.com/a/answer/166852 41be03b00d2f7-b3bbe6c5f29sm11017286a12.46 - gsmtp
Tue Jul 15 2025 10:41:5 [SERVER-NAME] error: Email Data command failed: 550-5.4.5 Daily user sending limit exceeded. For more information on Gmail
550-5.4.5 sending limits go to
550 5.4.5  https://support.google.com/a/answer/166852 d9443c01a7336-23de43227b7sm100096765ad.106 - gsmtp
Tue Jul 15 2025 10:42:6 [SERVER-NAME] error: Email Data command failed: 550-5.4.5 Daily user sending limit exceeded. For more information on Gmail
550-5.4.5 sending limits go to
550 5.4.5  https://support.google.com/a/answer/166852 41be03b00d2f7-b3bbe6f86e7sm10247835a12.61 - gsmtp
Tue Jul 15 2025 10:43:5 [SERVER-NAME] error: Email Data command failed: 550-5.4.5 Daily user sending limit exceeded. For more information on Gmail
550-5.4.5 sending limits go to
550 5.4.5  https://support.google.com/a/answer/166852 d2e1a72fcca58-74eb9f8f3a9sm11238327b3a.162 - gsmtp
Tue Jul 15 2025 10:44:5 [SERVER-NAME] error: Email Data command failed: 550-5.4.5 Daily user sending limit exceeded. For more information on Gmail
550-5.4.5 sending limits go to
550 5.4.5  https://support.google.com/a/answer/166852 d9443c01a7336-23de4322754sm101358795ad.120 - gsmtp
Tue Jul 15 2025 10:45:4 [SERVER-NAME] error: Email Data command failed: 550-5.4.5 Daily user sending limit exceeded. For more information on Gmail
550-5.4.5 sending limits go to
550 5.4.5  https://support.google.com/a/answer/166852 d2e1a72fcca58-74eb9e075e2sm11715044b3a.52 - gsmtp
Tue Jul 15 2025 10:46:5 [SERVER-NAME] error: Email Data command failed: 550-5.4.5 Daily user sending limit exceeded. For more information on Gmail
550-5.4.5 sending limits go to
550 5.4.5  https://support.google.com/a/answer/166852 d2e1a72fcca58-74eb9f1b29asm10467959b3a.87 - gsmtp
Tue Jul 15 2025 10:47:4 [SERVER-NAME] error: Email Data command failed: 550-5.4.5 Daily user sending limit exceeded. For more information on Gmail
550-5.4.5 sending limits go to
550 5.4.5  https://support.google.com/a/answer/166852 41be03b00d2f7-b3bbe52cc46sm11179467a12.11 - gsmtp
Tue Jul 15 2025 10:48:5 [SERVER-NAME] error: Email Data command failed: 550-5.4.5 Daily user sending limit exceeded. For more information on Gmail
550-5.4.5 sending limits go to
550 5.4.5  https://support.google.com/a/answer/166852 98e67ed59e1d1-31c368240ccsm13477007a91.30 - gsmtp
Tue Jul 15 2025 10:49:6 [SERVER-NAME] error: Email Data command failed: 550-5.4.5 Daily user sending limit exceeded. For more information on Gmail
550-5.4.5 sending limits go to
550 5.4.5  https://support.google.com/a/answer/166852 d9443c01a7336-23de435c2e3sm102604135ad.226 - gsmtp
Tue Jul 15 2025 10:50:5 [SERVER-NAME] error: Email Data command failed: 550-5.4.5 Daily user sending limit exceeded. For more information on Gmail
550-5.4.5 sending limits go to
550 5.4.5  https://support.google.com/a/answer/166852 98e67ed59e1d1-31c3eb45b0dsm11059610a91.32 - gsmtp
Tue Jul 15 2025 10:51:6 [SERVER-NAME] error: Email Data command failed: 550-5.4.5 Daily user sending limit exceeded. For more information on Gmail
550-5.4.5 sending limits go to
550 5.4.5  https://support.google.com/a/answer/166852 d2e1a72fcca58-74f5d768221sm7716027b3a.131 - gsmtp
Tue Jul 15 2025 10:52:6 [SERVER-NAME] error: Email Data command failed: 550-5.4.5 Daily user sending limit exceeded. For more information on Gmail
550-5.4.5 sending limits go to
550 5.4.5  https://support.google.com/a/answer/166852 d9443c01a7336-23de433e05asm101628805ad.178 - gsmtp
Tue Jul 15 2025 10:53:6 [SERVER-NAME] error: Email Data command failed: 550-5.4.5 Daily user sending limit exceeded. For more information on Gmail
550-5.4.5 sending limits go to
550 5.4.5  https://support.google.com/a/answer/166852 98e67ed59e1d1-31c3e957bdbsm10770558a91.10 - gsmtp
Tue Jul 15 2025 10:54:8 [SERVER-NAME] error: Email Data command failed: 550-5.4.5 Daily user sending limit exceeded. For more information on Gmail
550-5.4.5 sending limits go to
550 5.4.5  https://support.google.com/a/answer/166852 d9443c01a7336-23de436839bsm100453525ad.253 - gsmtp
Tue Jul 15 2025 10:55:5 [SERVER-NAME] error: Email Data command failed: 550-5.4.5 Daily user sending limit exceeded. For more information on Gmail
550-5.4.5 sending limits go to
550 5.4.5  https://support.google.com/a/answer/166852 d9443c01a7336-23de43346e2sm103377355ad.160 - gsmtp
Tue Jul 15 2025 10:56:6 [SERVER-NAME] error: Email Data command failed: 550-5.4.5 Daily user sending limit exceeded. For more information on Gmail
550-5.4.5 sending limits go to
550 5.4.5  https://support.google.com/a/answer/166852 d2e1a72fcca58-74eb9f5c7f7sm12006576b3a.142 - gsmtp
Tue Jul 15 2025 10:57:5 [SERVER-NAME] error: Email Data command failed: 550-5.4.5 Daily user sending limit exceeded. For more information on Gmail
550-5.4.5 sending limits go to
550 5.4.5  https://support.google.com/a/answer/166852 d2e1a72fcca58-74eb9dd7140sm11478202b3a.24 - gsmtp
Tue Jul 15 2025 10:58:6 [SERVER-NAME] error: Email Data command failed: 550-5.4.5 Daily user sending limit exceeded. For more information on Gmail
550-5.4.5 sending limits go to
550 5.4.5  https://support.google.com/a/answer/166852 d9443c01a7336-23de4323cd5sm101477775ad.126 - gsmtp
Tue Jul 15 2025 10:59:5 [SERVER-NAME] error: Email Data command failed: 550-5.4.5 Daily user sending limit exceeded. For more information on Gmail
550-5.4.5 sending limits go to
550 5.4.5  https://support.google.com/a/answer/166852 41be03b00d2f7-b3bbe57c03fsm11234129a12.20 - gsmtp
