Wed Jul 16 2025 9:0:6 [SERVER-NAME] error: Email Data command failed: 550-5.4.5 Daily user sending limit exceeded. For more information on Gmail
550-5.4.5 sending limits go to
550 5.4.5  https://support.google.com/a/answer/166852 d2e1a72fcca58-74eb9f8b954sm12876918b3a.151 - gsmtp
Wed Jul 16 2025 9:1:5 [SERVER-NAME] error: Email Data command failed: 550-5.4.5 Daily user sending limit exceeded. For more information on Gmail
550-5.4.5 sending limits go to
550 5.4.5  https://support.google.com/a/answer/166852 98e67ed59e1d1-31c9f29e313sm332632a91.35 - gsmtp
Wed Jul 16 2025 9:2:5 [SERVER-NAME] error: Email Data command failed: 550-5.4.5 Daily user sending limit exceeded. For more information on Gmail
550-5.4.5 sending limits go to
550 5.4.5  https://support.google.com/a/answer/166852 d9443c01a7336-23de42869aesm120910035ad.17 - gsmtp
Wed Jul 16 2025 9:3:5 [SERVER-NAME] error: Email Data command failed: 550-5.4.5 Daily user sending limit exceeded. For more information on Gmail
550-5.4.5 sending limits go to
550 5.4.5  https://support.google.com/a/answer/166852 41be03b00d2f7-b3f15c28bf4sm218056a12.26 - gsmtp
Wed Jul 16 2025 9:4:5 [SERVER-NAME] error: Email Data command failed: 550-5.4.5 Daily user sending limit exceeded. For more information on Gmail
550-5.4.5 sending limits go to
550 5.4.5  https://support.google.com/a/answer/166852 d9443c01a7336-23de4359a86sm119778705ad.210 - gsmtp
Wed Jul 16 2025 9:5:5 [SERVER-NAME] error: Email Data command failed: 550-5.4.5 Daily user sending limit exceeded. For more information on Gmail
550-5.4.5 sending limits go to
550 5.4.5  https://support.google.com/a/answer/166852 d9443c01a7336-23de4323cd5sm116101515ad.126 - gsmtp
Wed Jul 16 2025 9:6:6 [SERVER-NAME] error: Email Data command failed: 550-5.4.5 Daily user sending limit exceeded. For more information on Gmail
550-5.4.5 sending limits go to
550 5.4.5  https://support.google.com/a/answer/166852 41be03b00d2f7-b3bbe6f1fd0sm12513364a12.53 - gsmtp
Wed Jul 16 2025 9:7:5 [SERVER-NAME] error: Email Data command failed: 550-5.4.5 Daily user sending limit exceeded. For more information on Gmail
550-5.4.5 sending limits go to
550 5.4.5  https://support.google.com/a/answer/166852 d9443c01a7336-23de4333c90sm116242865ad.157 - gsmtp
Wed Jul 16 2025 9:8:5 [SERVER-NAME] error: Email Data command failed: 550-5.4.5 Daily user sending limit exceeded. For more information on Gmail
550-5.4.5 sending limits go to
550 5.4.5  https://support.google.com/a/answer/166852 d2e1a72fcca58-74eb9dd598csm13903452b3a.17 - gsmtp
Wed Jul 16 2025 9:9:5 [SERVER-NAME] error: Email Data command failed: 550-5.4.5 Daily user sending limit exceeded. For more information on Gmail
550-5.4.5 sending limits go to
550 5.4.5  https://support.google.com/a/answer/166852 98e67ed59e1d1-31c9f1e6a68sm389025a91.19 - gsmtp
Wed Jul 16 2025 9:10:5 [SERVER-NAME] error: Email Data command failed: 550-5.4.5 Daily user sending limit exceeded. For more information on Gmail
550-5.4.5 sending limits go to
550 5.4.5  https://support.google.com/a/answer/166852 41be03b00d2f7-b3bbe52ecdcsm12493948a12.14 - gsmtp
Wed Jul 16 2025 9:11:4 [SERVER-NAME] error: Email Data command failed: 550-5.4.5 Daily user sending limit exceeded. For more information on Gmail
550-5.4.5 sending limits go to
550 5.4.5  https://support.google.com/a/answer/166852 d9443c01a7336-23de4347c24sm114744355ad.196 - gsmtp
Wed Jul 16 2025 9:12:5 [SERVER-NAME] error: Email Data command failed: 550-5.4.5 Daily user sending limit exceeded. For more information on Gmail
550-5.4.5 sending limits go to
550 5.4.5  https://support.google.com/a/answer/166852 d9443c01a7336-23e264f9e3bsm2401995ad.152 - gsmtp
Wed Jul 16 2025 9:13:5 [SERVER-NAME] error: Email Data command failed: 550-5.4.5 Daily user sending limit exceeded. For more information on Gmail
550-5.4.5 sending limits go to
550 5.4.5  https://support.google.com/a/answer/166852 d9443c01a7336-23de4323e2asm115258695ad.110 - gsmtp
Wed Jul 16 2025 9:14:5 [SERVER-NAME] error: Email Data command failed: 550-5.4.5 Daily user sending limit exceeded. For more information on Gmail
550-5.4.5 sending limits go to
550 5.4.5  https://support.google.com/a/answer/166852 98e67ed59e1d1-31c9f1e61d2sm354955a91.11 - gsmtp
Wed Jul 16 2025 9:15:5 [SERVER-NAME] error: Email Data command failed: 550-5.4.5 Daily user sending limit exceeded. For more information on Gmail
550-5.4.5 sending limits go to
550 5.4.5  https://support.google.com/a/answer/166852 d9443c01a7336-23de4323ccasm116246115ad.119 - gsmtp
Wed Jul 16 2025 9:16:5 [SERVER-NAME] error: Email Data command failed: 550-5.4.5 Daily user sending limit exceeded. For more information on Gmail
550-5.4.5 sending limits go to
550 5.4.5  https://support.google.com/a/answer/166852 d9443c01a7336-23de4341833sm116233755ad.173 - gsmtp
Wed Jul 16 2025 9:17:5 [SERVER-NAME] error: Email Data command failed: 550-5.4.5 Daily user sending limit exceeded. For more information on Gmail
550-5.4.5 sending limits go to
550 5.4.5  https://support.google.com/a/answer/166852 98e67ed59e1d1-31c9f29ddcbsm352762a91.36 - gsmtp
Wed Jul 16 2025 9:18:9 [SERVER-NAME] error: Email Data command failed: 550-5.4.5 Daily user sending limit exceeded. For more information on Gmail
550-5.4.5 sending limits go to
550 5.4.5  https://support.google.com/a/answer/166852 d2e1a72fcca58-74eb9dd6022sm13310887b3a.8 - gsmtp
Wed Jul 16 2025 9:19:5 [SERVER-NAME] error: Email Data command failed: 550-5.4.5 Daily user sending limit exceeded. For more information on Gmail
550-5.4.5 sending limits go to
550 5.4.5  https://support.google.com/a/answer/166852 d9443c01a7336-23de4286daesm116759925ad.20 - gsmtp
Wed Jul 16 2025 9:20:6 [SERVER-NAME] error: Email Data command failed: 550-5.4.5 Daily user sending limit exceeded. For more information on Gmail
550-5.4.5 sending limits go to
550 5.4.5  https://support.google.com/a/answer/166852 98e67ed59e1d1-31c9f1e684csm400819a91.12 - gsmtp
Wed Jul 16 2025 9:21:6 [SERVER-NAME] error: Email Data command failed: 550-5.4.5 Daily user sending limit exceeded. For more information on Gmail
550-5.4.5 sending limits go to
550 5.4.5  https://support.google.com/a/answer/166852 98e67ed59e1d1-31c9248d466sm873162a91.2 - gsmtp
Wed Jul 16 2025 9:22:5 [SERVER-NAME] error: Email Data command failed: 550-5.4.5 Daily user sending limit exceeded. For more information on Gmail
550-5.4.5 sending limits go to
550 5.4.5  https://support.google.com/a/answer/166852 98e67ed59e1d1-31c9f28807csm351382a91.26 - gsmtp
Wed Jul 16 2025 9:23:5 [SERVER-NAME] error: Email Data command failed: 550-5.4.5 Daily user sending limit exceeded. For more information on Gmail
550-5.4.5 sending limits go to
550 5.4.5  https://support.google.com/a/answer/166852 d2e1a72fcca58-74eb9e07585sm13575115b3a.65 - gsmtp
Wed Jul 16 2025 9:24:5 [SERVER-NAME] error: Email Data command failed: 550-5.4.5 Daily user sending limit exceeded. For more information on Gmail
550-5.4.5 sending limits go to
550 5.4.5  https://support.google.com/a/answer/166852 d2e1a72fcca58-74eb9e063b3sm13719655b3a.54 - gsmtp
Wed Jul 16 2025 9:25:4 [SERVER-NAME] error: Email Data command failed: 550-5.4.5 Daily user sending limit exceeded. For more information on Gmail
550-5.4.5 sending limits go to
550 5.4.5  https://support.google.com/a/answer/166852 98e67ed59e1d1-31c9f288071sm354014a91.29 - gsmtp
Wed Jul 16 2025 9:26:7 [SERVER-NAME] error: Email Data command failed: 550-5.4.5 Daily user sending limit exceeded. For more information on Gmail
550-5.4.5 sending limits go to
550 5.4.5  https://support.google.com/a/answer/166852 d9443c01a7336-23de4359b22sm112809695ad.209 - gsmtp
Wed Jul 16 2025 9:27:7 [SERVER-NAME] error: Email Data command failed: 550-5.4.5 Daily user sending limit exceeded. For more information on Gmail
550-5.4.5 sending limits go to
550 5.4.5  https://support.google.com/a/answer/166852 d9443c01a7336-23de42849absm122507085ad.18 - gsmtp
Wed Jul 16 2025 9:28:7 [SERVER-NAME] error: Email Data command failed: 550-5.4.5 Daily user sending limit exceeded. For more information on Gmail
550-5.4.5 sending limits go to
550 5.4.5  https://support.google.com/a/answer/166852 d2e1a72fcca58-74eb9dd5fc9sm13204083b3a.2 - gsmtp
Wed Jul 16 2025 9:29:7 [SERVER-NAME] error: Email Data command failed: 550-5.4.5 Daily user sending limit exceeded. For more information on Gmail
550-5.4.5 sending limits go to
550 5.4.5  https://support.google.com/a/answer/166852 d9443c01a7336-23de433d4a8sm117707215ad.169 - gsmtp
Wed Jul 16 2025 9:30:6 [SERVER-NAME] error: Email Data command failed: 550-5.4.5 Daily user sending limit exceeded. For more information on Gmail
550-5.4.5 sending limits go to
550 5.4.5  https://support.google.com/a/answer/166852 41be03b00d2f7-b3bbe58125bsm12947743a12.27 - gsmtp
Wed Jul 16 2025 9:31:6 [SERVER-NAME] error: Email Data command failed: 550-5.4.5 Daily user sending limit exceeded. For more information on Gmail
550-5.4.5 sending limits go to
550 5.4.5  https://support.google.com/a/answer/166852 d2e1a72fcca58-74eb9f25269sm13173582b3a.107 - gsmtp
Wed Jul 16 2025 9:32:7 [SERVER-NAME] error: Email Data command failed: 550-5.4.5 Daily user sending limit exceeded. For more information on Gmail
550-5.4.5 sending limits go to
550 5.4.5  https://support.google.com/a/answer/166852 d9443c01a7336-23de4322754sm116357645ad.120 - gsmtp
Wed Jul 16 2025 9:33:6 [SERVER-NAME] error: Email Data command failed: 550-5.4.5 Daily user sending limit exceeded. For more information on Gmail
550-5.4.5 sending limits go to
550 5.4.5  https://support.google.com/a/answer/166852 d9443c01a7336-23de4333d09sm122010325ad.155 - gsmtp
Wed Jul 16 2025 9:34:6 [SERVER-NAME] error: Email Data command failed: 550-5.4.5 Daily user sending limit exceeded. For more information on Gmail
550-5.4.5 sending limits go to
550 5.4.5  https://support.google.com/a/answer/166852 d9443c01a7336-23de42b3c3fsm123306225ad.88 - gsmtp
Wed Jul 16 2025 9:35:6 [SERVER-NAME] error: Email Data command failed: 550-5.4.5 Daily user sending limit exceeded. For more information on Gmail
550-5.4.5 sending limits go to
550 5.4.5  https://support.google.com/a/answer/166852 d9443c01a7336-23de4148f6esm116067515ad.0 - gsmtp
Wed Jul 16 2025 9:36:6 [SERVER-NAME] error: Email Data command failed: 550-5.4.5 Daily user sending limit exceeded. For more information on Gmail
550-5.4.5 sending limits go to
550 5.4.5  https://support.google.com/a/answer/166852 98e67ed59e1d1-31c9f1e6fdfsm374465a91.17 - gsmtp
Wed Jul 16 2025 9:37:6 [SERVER-NAME] error: Email Data command failed: 550-5.4.5 Daily user sending limit exceeded. For more information on Gmail
550-5.4.5 sending limits go to
550 5.4.5  https://support.google.com/a/answer/166852 d9443c01a7336-23e2226d19csm9215305ad.47 - gsmtp
Wed Jul 16 2025 9:38:5 [SERVER-NAME] error: Email Data command failed: 550-5.4.5 Daily user sending limit exceeded. For more information on Gmail
550-5.4.5 sending limits go to
550 5.4.5  https://support.google.com/a/answer/166852 98e67ed59e1d1-31c9f1ba600sm386234a91.6 - gsmtp
Wed Jul 16 2025 9:39:5 [SERVER-NAME] error: Email Data command failed: 550-5.4.5 Daily user sending limit exceeded. For more information on Gmail
550-5.4.5 sending limits go to
550 5.4.5  https://support.google.com/a/answer/166852 d2e1a72fcca58-74eb9f64c73sm13425515b3a.141 - gsmtp
Wed Jul 16 2025 9:40:6 [SERVER-NAME] error: Email Data command failed: 550-5.4.5 Daily user sending limit exceeded. For more information on Gmail
550-5.4.5 sending limits go to
550 5.4.5  https://support.google.com/a/answer/166852 98e67ed59e1d1-31c9f1ba568sm378866a91.6 - gsmtp
Wed Jul 16 2025 9:41:5 [SERVER-NAME] error: Email Data command failed: 550-5.4.5 Daily user sending limit exceeded. For more information on Gmail
550-5.4.5 sending limits go to
550 5.4.5  https://support.google.com/a/answer/166852 d2e1a72fcca58-74eb9f22d93sm13061504b3a.89 - gsmtp
Wed Jul 16 2025 9:42:5 [SERVER-NAME] error: Email Data command failed: 550-5.4.5 Daily user sending limit exceeded. For more information on Gmail
550-5.4.5 sending limits go to
550 5.4.5  https://support.google.com/a/answer/166852 d2e1a72fcca58-74eb9f4b16fsm12601443b3a.120 - gsmtp
Wed Jul 16 2025 9:43:5 [SERVER-NAME] error: Email Data command failed: 550-5.4.5 Daily user sending limit exceeded. For more information on Gmail
550-5.4.5 sending limits go to
550 5.4.5  https://support.google.com/a/answer/166852 d2e1a72fcca58-74eb9f53903sm12158194b3a.128 - gsmtp
Wed Jul 16 2025 9:44:6 [SERVER-NAME] error: Email Data command failed: 550-5.4.5 Daily user sending limit exceeded. For more information on Gmail
550-5.4.5 sending limits go to
550 5.4.5  https://support.google.com/a/answer/166852 41be03b00d2f7-b3bbe52cc6esm12898217a12.1 - gsmtp
Wed Jul 16 2025 9:45:5 [SERVER-NAME] error: Email Data command failed: 550-5.4.5 Daily user sending limit exceeded. For more information on Gmail
550-5.4.5 sending limits go to
550 5.4.5  https://support.google.com/a/answer/166852 d9443c01a7336-23de4322b65sm116334965ad.109 - gsmtp
Wed Jul 16 2025 9:46:5 [SERVER-NAME] error: Email Data command failed: 550-5.4.5 Daily user sending limit exceeded. For more information on Gmail
550-5.4.5 sending limits go to
550 5.4.5  https://support.google.com/a/answer/166852 41be03b00d2f7-b3bce529689sm9814220a12.52 - gsmtp
Wed Jul 16 2025 9:47:5 [SERVER-NAME] error: Email Data command failed: 550-5.4.5 Daily user sending limit exceeded. For more information on Gmail
550-5.4.5 sending limits go to
550 5.4.5  https://support.google.com/a/answer/166852 d2e1a72fcca58-74eb9dd5fbcsm13198644b3a.33 - gsmtp
Wed Jul 16 2025 9:48:6 [SERVER-NAME] error: Email Data command failed: 550-5.4.5 Daily user sending limit exceeded. For more information on Gmail
550-5.4.5 sending limits go to
550 5.4.5  https://support.google.com/a/answer/166852 d9443c01a7336-23de4322a8bsm121593755ad.95 - gsmtp
Wed Jul 16 2025 9:49:5 [SERVER-NAME] error: Email Data command failed: 550-5.4.5 Daily user sending limit exceeded. For more information on Gmail
550-5.4.5 sending limits go to
550 5.4.5  https://support.google.com/a/answer/166852 d2e1a72fcca58-74eb9f1b29asm12126203b3a.87 - gsmtp
Wed Jul 16 2025 9:50:5 [SERVER-NAME] error: Email Data command failed: 550-5.4.5 Daily user sending limit exceeded. For more information on Gmail
550-5.4.5 sending limits go to
550 5.4.5  https://support.google.com/a/answer/166852 d9443c01a7336-23de4322890sm121690205ad.136 - gsmtp
Wed Jul 16 2025 9:51:6 [SERVER-NAME] error: Email Data command failed: 550-5.4.5 Daily user sending limit exceeded. For more information on Gmail
550-5.4.5 sending limits go to
550 5.4.5  https://support.google.com/a/answer/166852 98e67ed59e1d1-31c9f1ba600sm402632a91.6 - gsmtp
Wed Jul 16 2025 9:52:6 [SERVER-NAME] error: Email Data command failed: 550-5.4.5 Daily user sending limit exceeded. For more information on Gmail
550-5.4.5 sending limits go to
550 5.4.5  https://support.google.com/a/answer/166852 d9443c01a7336-23de435f371sm115053185ad.237 - gsmtp
Wed Jul 16 2025 9:53:5 [SERVER-NAME] error: Email Data command failed: 550-5.4.5 Daily user sending limit exceeded. For more information on Gmail
550-5.4.5 sending limits go to
550 5.4.5  https://support.google.com/a/answer/166852 d2e1a72fcca58-74eb9f8b96bsm13188314b3a.154 - gsmtp
Wed Jul 16 2025 9:54:5 [SERVER-NAME] error: Email Data command failed: 550-5.4.5 Daily user sending limit exceeded. For more information on Gmail
550-5.4.5 sending limits go to
550 5.4.5  https://support.google.com/a/answer/166852 41be03b00d2f7-b3bbe727e33sm13015517a12.68 - gsmtp
Wed Jul 16 2025 9:55:10 [SERVER-NAME] error: Email Data command failed: 550-5.4.5 Daily user sending limit exceeded. For more information on Gmail
550-5.4.5 sending limits go to
550 5.4.5  https://support.google.com/a/answer/166852 98e67ed59e1d1-31c91537255sm975683a91.0 - gsmtp
Wed Jul 16 2025 9:56:6 [SERVER-NAME] error: Email Data command failed: 550-5.4.5 Daily user sending limit exceeded. For more information on Gmail
550-5.4.5 sending limits go to
550 5.4.5  https://support.google.com/a/answer/166852 d9443c01a7336-23de433d4a8sm117988105ad.169 - gsmtp
Wed Jul 16 2025 9:57:5 [SERVER-NAME] error: Email Data command failed: 550-5.4.5 Daily user sending limit exceeded. For more information on Gmail
550-5.4.5 sending limits go to
550 5.4.5  https://support.google.com/a/answer/166852 98e67ed59e1d1-31c9f29e313sm399616a91.35 - gsmtp
Wed Jul 16 2025 9:58:5 [SERVER-NAME] error: Email Data command failed: 550-5.4.5 Daily user sending limit exceeded. For more information on Gmail
550-5.4.5 sending limits go to
550 5.4.5  https://support.google.com/a/answer/166852 d9443c01a7336-23de42864b9sm116962855ad.30 - gsmtp
Wed Jul 16 2025 9:58:56 [SERVER-NAME] error: 10.10.7.104 - GET //thumbnail/physical-activity-yoga-exercises-beautiful-260nw-2610377843-1752204444556.jpg 404 - 3.144 ms
Wed Jul 16 2025 9:58:56 [SERVER-NAME] error: 10.10.7.104 - GET //thumbnail/low-section-woman-sitting-floor_1048944-9671867-1752203894204.jpg 404 - 0.869 ms
Wed Jul 16 2025 9:59:5 [SERVER-NAME] error: Email Data command failed: 550-5.4.5 Daily user sending limit exceeded. For more information on Gmail
550-5.4.5 sending limits go to
550 5.4.5  https://support.google.com/a/answer/166852 98e67ed59e1d1-31c9f1fb916sm405300a91.25 - gsmtp
